<?xml version="1.0" encoding="UTF-8"?>
<!-- Generated by org.testng.reporters.JUnitXMLReporter -->
<testsuite ignored="18" hostname="C02HF63LQ6L5" failures="3" tests="15" name="CreditCardCaptue" time="4719.504" errors="0" timestamp="2024-09-20T13:58:37 IST">
  <testcase classname="com.cybersource.test.woocommerce.CreditCard" name="executeAuthCapture" time="575.52">
    <skipped/>
  </testcase> <!-- executeAuthCapture -->
  <testcase classname="com.cybersource.test.woocommerce.CreditCard" name="executeAuthCapture" time="107.082">
    <skipped/>
  </testcase> <!-- executeAuthCapture -->
  <testcase classname="com.cybersource.test.woocommerce.CreditCard" name="executeAuthCapture" time="558.027">
    <skipped/>
  </testcase> <!-- executeAuthCapture -->
  <testcase classname="com.cybersource.test.woocommerce.CreditCard" name="executeAuthCapture" time="588.359">
    <skipped/>
  </testcase> <!-- executeAuthCapture -->
  <testcase classname="com.cybersource.test.woocommerce.CreditCard" name="executeAuthCapture" time="605.972">
    <failure type="org.openqa.selenium.JavascriptException" message="javascript error: Cannot read properties of null (reading &amp;apos;click&amp;apos;)
  (Session info: chrome=129.0.6668.59)
Build info: version: &amp;apos;4.1.2&amp;apos;, revision: &amp;apos;9a5a329c5a&amp;apos;
System info: host: &amp;apos;C02HF63LQ6L5&amp;apos;, ip: &amp;apos;fe80:0:0:0:1003:81f0:33e2:f752%en0&amp;apos;, os.name: &amp;apos;Mac OS X&amp;apos;, os.arch: &amp;apos;x86_64&amp;apos;, os.version: &amp;apos;10.16&amp;apos;, java.version: &amp;apos;15.0.2&amp;apos;
Driver info: org.openqa.selenium.chrome.ChromeDriver
Command: [5e102eb2937737a5135baed08b63b000, executeScript {script=arguments[0].click();, args=[null]}]
Capabilities {acceptInsecureCerts: false, browserName: chrome, browserVersion: 129.0.6668.59, chrome: {chromedriverVersion: 129.0.6668.58 (81a06fb873a9..., userDataDir: /var/folders/25/16fzy7t11dn...}, fedcm:accounts: true, goog:chromeOptions: {debuggerAddress: localhost:57499}, javascriptEnabled: true, networkConnectionEnabled: false, pageLoadStrategy: normal, platform: MAC, platformName: MAC, proxy: Proxy(), se:cdp: ws://localhost:57499/devtoo..., se:cdpVersion: 129.0.6668.59, setWindowRect: true, strictFileInteractability: false, timeouts: {implicit: 0, pageLoad: 300000, script: 30000}, unhandledPromptBehavior: dismiss and notify, webauthn:extension:credBlob: true, webauthn:extension:largeBlob: true, webauthn:extension:minPinLength: true, webauthn:extension:prf: true, webauthn:virtualAuthenticators: true}
Session ID: 5e102eb2937737a5135baed08b63b000">
      <![CDATA[org.openqa.selenium.JavascriptException: javascript error: Cannot read properties of null (reading 'click')
  (Session info: chrome=129.0.6668.59)
Build info: version: '4.1.2', revision: '9a5a329c5a'
System info: host: 'C02HF63LQ6L5', ip: 'fe80:0:0:0:1003:81f0:33e2:f752%en0', os.name: 'Mac OS X', os.arch: 'x86_64', os.version: '10.16', java.version: '15.0.2'
Driver info: org.openqa.selenium.chrome.ChromeDriver
Command: [5e102eb2937737a5135baed08b63b000, executeScript {script=arguments[0].click();, args=[null]}]
Capabilities {acceptInsecureCerts: false, browserName: chrome, browserVersion: 129.0.6668.59, chrome: {chromedriverVersion: 129.0.6668.58 (81a06fb873a9..., userDataDir: /var/folders/25/16fzy7t11dn...}, fedcm:accounts: true, goog:chromeOptions: {debuggerAddress: localhost:57499}, javascriptEnabled: true, networkConnectionEnabled: false, pageLoadStrategy: normal, platform: MAC, platformName: MAC, proxy: Proxy(), se:cdp: ws://localhost:57499/devtoo..., se:cdpVersion: 129.0.6668.59, setWindowRect: true, strictFileInteractability: false, timeouts: {implicit: 0, pageLoad: 300000, script: 30000}, unhandledPromptBehavior: dismiss and notify, webauthn:extension:credBlob: true, webauthn:extension:largeBlob: true, webauthn:extension:minPinLength: true, webauthn:extension:prf: true, webauthn:virtualAuthenticators: true}
Session ID: 5e102eb2937737a5135baed08b63b000
at org.openqa.selenium.remote.codec.w3c.W3CHttpResponseCodec.createException(W3CHttpResponseCodec.java:200)
at org.openqa.selenium.remote.codec.w3c.W3CHttpResponseCodec.decode(W3CHttpResponseCodec.java:133)
at org.openqa.selenium.remote.codec.w3c.W3CHttpResponseCodec.decode(W3CHttpResponseCodec.java:53)
at org.openqa.selenium.remote.HttpCommandExecutor.execute(HttpCommandExecutor.java:184)
at org.openqa.selenium.remote.service.DriverCommandExecutor.invokeExecute(DriverCommandExecutor.java:167)
at org.openqa.selenium.remote.service.DriverCommandExecutor.execute(DriverCommandExecutor.java:142)
at org.openqa.selenium.remote.RemoteWebDriver.execute(RemoteWebDriver.java:558)
at org.openqa.selenium.remote.RemoteWebDriver.executeScript(RemoteWebDriver.java:492)
at com.cybersource.test.util.CommonUtil.executeCapture(CommonUtil.java:1919)
at com.cybersource.test.woocommerce.CreditCard.executeAuthCapture(CreditCard.java:172)
at java.base/java.util.ArrayList.forEach(ArrayList.java:1511)
... Removed 32 stack frames]]>
    </failure>
  </testcase> <!-- executeAuthCapture -->
  <testcase classname="com.cybersource.test.woocommerce.CreditCard" name="executeAuthCapture" time="151.565">
    <skipped/>
  </testcase> <!-- executeAuthCapture -->
  <testcase classname="com.cybersource.test.woocommerce.CreditCard" name="executeAuthCapture" time="285.755">
    <skipped/>
  </testcase> <!-- executeAuthCapture -->
  <testcase classname="com.cybersource.test.woocommerce.CreditCard" name="executeAuthCapture" time="306.03">
    <skipped/>
  </testcase> <!-- executeAuthCapture -->
  <testcase classname="com.cybersource.test.woocommerce.CreditCard" name="executeAuthCapture" time="140.797">
    <skipped/>
  </testcase> <!-- executeAuthCapture -->
  <testcase classname="com.cybersource.test.woocommerce.CreditCard" name="executeAuthCapture" time="154.157">
    <failure type="org.openqa.selenium.NoSuchElementException" message="no such element: Unable to locate element: {&amp;quot;method&amp;quot;:&amp;quot;css selector&amp;quot;,&amp;quot;selector&amp;quot;:&amp;quot;#mce&amp;quot;}
  (Session info: chrome=129.0.6668.59)
For documentation on this error, please visit: https://selenium.dev/exceptions/#no_such_element
Build info: version: &amp;apos;4.1.2&amp;apos;, revision: &amp;apos;9a5a329c5a&amp;apos;
System info: host: &amp;apos;C02HF63LQ6L5&amp;apos;, ip: &amp;apos;fe80:0:0:0:1003:81f0:33e2:f752%en0&amp;apos;, os.name: &amp;apos;Mac OS X&amp;apos;, os.arch: &amp;apos;x86_64&amp;apos;, os.version: &amp;apos;10.16&amp;apos;, java.version: &amp;apos;15.0.2&amp;apos;
Driver info: org.openqa.selenium.chrome.ChromeDriver
Command: [5e102eb2937737a5135baed08b63b000, findElement {using=id, value=mce}]
Capabilities {acceptInsecureCerts: false, browserName: chrome, browserVersion: 129.0.6668.59, chrome: {chromedriverVersion: 129.0.6668.58 (81a06fb873a9..., userDataDir: /var/folders/25/16fzy7t11dn...}, fedcm:accounts: true, goog:chromeOptions: {debuggerAddress: localhost:57499}, javascriptEnabled: true, networkConnectionEnabled: false, pageLoadStrategy: normal, platform: MAC, platformName: MAC, proxy: Proxy(), se:cdp: ws://localhost:57499/devtoo..., se:cdpVersion: 129.0.6668.59, setWindowRect: true, strictFileInteractability: false, timeouts: {implicit: 0, pageLoad: 300000, script: 30000}, unhandledPromptBehavior: dismiss and notify, webauthn:extension:credBlob: true, webauthn:extension:largeBlob: true, webauthn:extension:minPinLength: true, webauthn:extension:prf: true, webauthn:virtualAuthenticators: true}
Session ID: 5e102eb2937737a5135baed08b63b000">
      <![CDATA[org.openqa.selenium.NoSuchElementException: no such element: Unable to locate element: {"method":"css selector","selector":"#mce"}
  (Session info: chrome=129.0.6668.59)
For documentation on this error, please visit: https://selenium.dev/exceptions/#no_such_element
Build info: version: '4.1.2', revision: '9a5a329c5a'
System info: host: 'C02HF63LQ6L5', ip: 'fe80:0:0:0:1003:81f0:33e2:f752%en0', os.name: 'Mac OS X', os.arch: 'x86_64', os.version: '10.16', java.version: '15.0.2'
Driver info: org.openqa.selenium.chrome.ChromeDriver
Command: [5e102eb2937737a5135baed08b63b000, findElement {using=id, value=mce}]
Capabilities {acceptInsecureCerts: false, browserName: chrome, browserVersion: 129.0.6668.59, chrome: {chromedriverVersion: 129.0.6668.58 (81a06fb873a9..., userDataDir: /var/folders/25/16fzy7t11dn...}, fedcm:accounts: true, goog:chromeOptions: {debuggerAddress: localhost:57499}, javascriptEnabled: true, networkConnectionEnabled: false, pageLoadStrategy: normal, platform: MAC, platformName: MAC, proxy: Proxy(), se:cdp: ws://localhost:57499/devtoo..., se:cdpVersion: 129.0.6668.59, setWindowRect: true, strictFileInteractability: false, timeouts: {implicit: 0, pageLoad: 300000, script: 30000}, unhandledPromptBehavior: dismiss and notify, webauthn:extension:credBlob: true, webauthn:extension:largeBlob: true, webauthn:extension:minPinLength: true, webauthn:extension:prf: true, webauthn:virtualAuthenticators: true}
Session ID: 5e102eb2937737a5135baed08b63b000
at org.openqa.selenium.remote.codec.w3c.W3CHttpResponseCodec.createException(W3CHttpResponseCodec.java:200)
at org.openqa.selenium.remote.codec.w3c.W3CHttpResponseCodec.decode(W3CHttpResponseCodec.java:133)
at org.openqa.selenium.remote.codec.w3c.W3CHttpResponseCodec.decode(W3CHttpResponseCodec.java:53)
at org.openqa.selenium.remote.HttpCommandExecutor.execute(HttpCommandExecutor.java:184)
at org.openqa.selenium.remote.service.DriverCommandExecutor.invokeExecute(DriverCommandExecutor.java:167)
at org.openqa.selenium.remote.service.DriverCommandExecutor.execute(DriverCommandExecutor.java:142)
at org.openqa.selenium.remote.RemoteWebDriver.execute(RemoteWebDriver.java:558)
at org.openqa.selenium.remote.ElementLocation$ElementFinder$2.findElement(ElementLocation.java:162)
at org.openqa.selenium.remote.ElementLocation.findElement(ElementLocation.java:60)
at org.openqa.selenium.remote.RemoteWebDriver.findElement(RemoteWebDriver.java:382)
at org.openqa.selenium.remote.RemoteWebDriver.findElement(RemoteWebDriver.java:374)
at com.cybersource.test.util.CommonUtil.unifiedCheckoutAddNewCard(CommonUtil.java:1645)
at com.cybersource.test.woocommerce.CreditCard.executeAuth(CreditCard.java:508)
at com.cybersource.test.woocommerce.CreditCard.executeAuthCapture(CreditCard.java:167)
at java.base/java.util.ArrayList.forEach(ArrayList.java:1511)
... Removed 32 stack frames]]>
    </failure>
  </testcase> <!-- executeAuthCapture -->
  <testcase classname="com.cybersource.test.woocommerce.CreditCard" name="executeAuthCapture" time="263.766">
    <skipped/>
  </testcase> <!-- executeAuthCapture -->
  <testcase classname="com.cybersource.test.woocommerce.CreditCard" name="executeAuthCapture" time="265.564">
    <skipped/>
  </testcase> <!-- executeAuthCapture -->
  <testcase classname="com.cybersource.test.woocommerce.CreditCard" name="executeAuthCapture" time="166.089">
    <skipped/>
  </testcase> <!-- executeAuthCapture -->
  <testcase classname="com.cybersource.test.woocommerce.CreditCard" name="executeAuthCapture" time="266.586">
    <skipped/>
  </testcase> <!-- executeAuthCapture -->
  <testcase classname="com.cybersource.test.woocommerce.CreditCard" name="executeAuthCapture" time="280.155">
    <failure type="java.lang.NullPointerException" message="Cannot invoke &amp;quot;org.openqa.selenium.WebElement.getText()&amp;quot; because &amp;quot;orderConfirmationNumber&amp;quot; is null">
      <![CDATA[java.lang.NullPointerException: Cannot invoke "org.openqa.selenium.WebElement.getText()" because "orderConfirmationNumber" is null
at com.cybersource.test.util.CommonUtil.orderConfirmationPageForCreditCard(CommonUtil.java:1329)
at com.cybersource.test.woocommerce.CreditCard.executeAuth(CreditCard.java:522)
at com.cybersource.test.woocommerce.CreditCard.executeAuthCapture(CreditCard.java:167)
at java.base/java.util.ArrayList.forEach(ArrayList.java:1511)
... Removed 27 stack frames]]>
    </failure>
  </testcase> <!-- executeAuthCapture -->
  <testcase classname="com.cybersource.test.woocommerce.CreditCard" name="executeTaxes" time="0.0">
    <ignored/>
  </testcase> <!-- executeTaxes -->
  <testcase classname="com.cybersource.test.woocommerce.CreditCard" name="executeDecisionManager" time="0.0">
    <ignored/>
  </testcase> <!-- executeDecisionManager -->
  <testcase classname="com.cybersource.test.woocommerce.CreditCard" name="executeDiffCurrencies" time="0.0">
    <ignored/>
  </testcase> <!-- executeDiffCurrencies -->
  <testcase classname="com.cybersource.test.woocommerce.CreditCard" name="executeMyAccountAddCard" time="0.0">
    <ignored/>
  </testcase> <!-- executeMyAccountAddCard -->
  <testcase classname="com.cybersource.test.woocommerce.CreditCard" name="executeTokenization" time="0.0">
    <ignored/>
  </testcase> <!-- executeTokenization -->
  <testcase classname="com.cybersource.test.woocommerce.CreditCard" name="executeAuthAuthReversal" time="0.0">
    <ignored/>
  </testcase> <!-- executeAuthAuthReversal -->
  <testcase classname="com.cybersource.test.woocommerce.CreditCard" name="executeAuthCapRefund" time="0.0">
    <ignored/>
  </testcase> <!-- executeAuthCapRefund -->
  <testcase classname="com.cybersource.test.woocommerce.CreditCard" name="executeCoupons" time="0.0">
    <ignored/>
  </testcase> <!-- executeCoupons -->
  <testcase classname="com.cybersource.test.woocommerce.CreditCard" name="CreditCardConfiguration" time="0.0">
    <ignored/>
  </testcase> <!-- CreditCardConfiguration -->
  <testcase classname="com.cybersource.test.woocommerce.CreditCard" name="executeShippingMethod" time="0.0">
    <ignored/>
  </testcase> <!-- executeShippingMethod -->
  <testcase classname="com.cybersource.test.woocommerce.CreditCard" name="executeSaleParRefund" time="0.0">
    <ignored/>
  </testcase> <!-- executeSaleParRefund -->
  <testcase classname="com.cybersource.test.woocommerce.CreditCard" name="executeAuth" time="0.0">
    <ignored/>
  </testcase> <!-- executeAuth -->
  <testcase classname="com.cybersource.test.woocommerce.CreditCard" name="executePayerAuth" time="0.0">
    <ignored/>
  </testcase> <!-- executePayerAuth -->
  <testcase classname="com.cybersource.test.woocommerce.CreditCard" name="executeSaleRefund" time="0.0">
    <ignored/>
  </testcase> <!-- executeSaleRefund -->
  <testcase classname="com.cybersource.test.woocommerce.CreditCard" name="executeSale" time="0.0">
    <ignored/>
  </testcase> <!-- executeSale -->
  <testcase classname="com.cybersource.test.woocommerce.CreditCard" name="executeAuthCapParRefund" time="0.0">
    <ignored/>
  </testcase> <!-- executeAuthCapParRefund -->
  <testcase classname="com.cybersource.test.woocommerce.CreditCard" name="executeNullInvalidScenarioCase" time="0.0">
    <ignored/>
  </testcase> <!-- executeNullInvalidScenarioCase -->
  <testcase classname="com.cybersource.test.woocommerce.CreditCard" name="executeMyAccountDeleteCard" time="0.0">
    <ignored/>
  </testcase> <!-- executeMyAccountDeleteCard -->
</testsuite> <!-- CreditCardCaptue -->
