<?xml version="1.0" encoding="UTF-8"?>
<!-- Generated by org.testng.reporters.JUnitXMLReporter -->
<testsuite ignored="18" hostname="C02HF1XGQ6L5" failures="5" tests="26" name="CreditCardShippingMethod" time="594.401" errors="0" timestamp="2024-08-09T12:02:34 IST">
  <testcase classname="com.cybersource.test.woocommerce.CreditCard" name="executeShippingMethod" time="545.2"/>
  <testcase classname="com.cybersource.test.woocommerce.CreditCard" name="executeShippingMethod" time="33.138">
    <skipped/>
  </testcase> <!-- executeShippingMethod -->
  <testcase classname="com.cybersource.test.woocommerce.CreditCard" name="executeShippingMethod" time="0.012">
    <skipped/>
  </testcase> <!-- executeShippingMethod -->
  <testcase classname="com.cybersource.test.woocommerce.CreditCard" name="executeShippingMethod" time="0.013">
    <skipped/>
  </testcase> <!-- executeShippingMethod -->
  <testcase classname="com.cybersource.test.woocommerce.CreditCard" name="executeShippingMethod" time="0.011">
    <skipped/>
  </testcase> <!-- executeShippingMethod -->
  <testcase classname="com.cybersource.test.woocommerce.CreditCard" name="executeShippingMethod" time="0.012">
    <failure type="org.openqa.selenium.NoSuchWindowException" message="no such window: target window already closed
from unknown error: web view not found
  (Session info: chrome=127.0.6533.90)
Build info: version: &amp;apos;4.1.2&amp;apos;, revision: &amp;apos;9a5a329c5a&amp;apos;
System info: host: &amp;apos;C02HF1XGQ6L5&amp;apos;, ip: &amp;apos;2409:4072:394:e8fb:600e:ff6c:333e:428c%en0&amp;apos;, os.name: &amp;apos;Mac OS X&amp;apos;, os.arch: &amp;apos;x86_64&amp;apos;, os.version: &amp;apos;14.6&amp;apos;, java.version: &amp;apos;17.0.3&amp;apos;
Driver info: org.openqa.selenium.chrome.ChromeDriver
Command: [5ace1fb430ee697b779512c531adfd89, deleteAllCookies {}]
Capabilities {acceptInsecureCerts: false, browserName: chrome, browserVersion: 127.0.6533.90, chrome: {chromedriverVersion: 127.0.6533.72 (9755e24ca85a..., userDataDir: /var/folders/fs/9c9cy8vj3zq...}, fedcm:accounts: true, goog:chromeOptions: {debuggerAddress: localhost:59646}, javascriptEnabled: true, networkConnectionEnabled: false, pageLoadStrategy: normal, platform: MAC, platformName: MAC, proxy: Proxy(), se:cdp: ws://localhost:59646/devtoo..., se:cdpVersion: 127.0.6533.90, setWindowRect: true, strictFileInteractability: false, timeouts: {implicit: 0, pageLoad: 300000, script: 30000}, unhandledPromptBehavior: dismiss and notify, webauthn:extension:credBlob: true, webauthn:extension:largeBlob: true, webauthn:extension:minPinLength: true, webauthn:extension:prf: true, webauthn:virtualAuthenticators: true}
Session ID: 5ace1fb430ee697b779512c531adfd89">
      <![CDATA[org.openqa.selenium.NoSuchWindowException: no such window: target window already closed
from unknown error: web view not found
  (Session info: chrome=127.0.6533.90)
Build info: version: '4.1.2', revision: '9a5a329c5a'
System info: host: 'C02HF1XGQ6L5', ip: '2409:4072:394:e8fb:600e:ff6c:333e:428c%en0', os.name: 'Mac OS X', os.arch: 'x86_64', os.version: '14.6', java.version: '17.0.3'
Driver info: org.openqa.selenium.chrome.ChromeDriver
Command: [5ace1fb430ee697b779512c531adfd89, deleteAllCookies {}]
Capabilities {acceptInsecureCerts: false, browserName: chrome, browserVersion: 127.0.6533.90, chrome: {chromedriverVersion: 127.0.6533.72 (9755e24ca85a..., userDataDir: /var/folders/fs/9c9cy8vj3zq...}, fedcm:accounts: true, goog:chromeOptions: {debuggerAddress: localhost:59646}, javascriptEnabled: true, networkConnectionEnabled: false, pageLoadStrategy: normal, platform: MAC, platformName: MAC, proxy: Proxy(), se:cdp: ws://localhost:59646/devtoo..., se:cdpVersion: 127.0.6533.90, setWindowRect: true, strictFileInteractability: false, timeouts: {implicit: 0, pageLoad: 300000, script: 30000}, unhandledPromptBehavior: dismiss and notify, webauthn:extension:credBlob: true, webauthn:extension:largeBlob: true, webauthn:extension:minPinLength: true, webauthn:extension:prf: true, webauthn:virtualAuthenticators: true}
Session ID: 5ace1fb430ee697b779512c531adfd89
at org.openqa.selenium.remote.codec.w3c.W3CHttpResponseCodec.createException(W3CHttpResponseCodec.java:200)
at org.openqa.selenium.remote.codec.w3c.W3CHttpResponseCodec.decode(W3CHttpResponseCodec.java:133)
at org.openqa.selenium.remote.codec.w3c.W3CHttpResponseCodec.decode(W3CHttpResponseCodec.java:53)
at org.openqa.selenium.remote.HttpCommandExecutor.execute(HttpCommandExecutor.java:184)
at org.openqa.selenium.remote.service.DriverCommandExecutor.invokeExecute(DriverCommandExecutor.java:167)
at org.openqa.selenium.remote.service.DriverCommandExecutor.execute(DriverCommandExecutor.java:142)
at org.openqa.selenium.remote.RemoteWebDriver.execute(RemoteWebDriver.java:558)
at org.openqa.selenium.remote.RemoteWebDriver.execute(RemoteWebDriver.java:613)
at org.openqa.selenium.remote.RemoteWebDriver.execute(RemoteWebDriver.java:617)
at org.openqa.selenium.remote.RemoteWebDriver$RemoteWebDriverOptions.deleteAllCookies(RemoteWebDriver.java:778)
at com.cybersource.test.util.CommonUtil.configureDriver(CommonUtil.java:541)
at com.cybersource.test.util.CommonUtil.setupDriver(CommonUtil.java:473)
at com.cybersource.test.woocommerce.CreditCard.executeShippingMethod(CreditCard.java:537)
at java.base/java.util.ArrayList.forEach(ArrayList.java:1511)
... Removed 32 stack frames]]>
    </failure>
  </testcase> <!-- executeShippingMethod -->
  <testcase classname="com.cybersource.test.woocommerce.CreditCard" name="executeShippingMethod" time="0.025">
    <skipped/>
  </testcase> <!-- executeShippingMethod -->
  <testcase classname="com.cybersource.test.woocommerce.CreditCard" name="executeShippingMethod" time="0.017">
    <skipped/>
  </testcase> <!-- executeShippingMethod -->
  <testcase classname="com.cybersource.test.woocommerce.CreditCard" name="executeShippingMethod" time="0.01">
    <skipped/>
  </testcase> <!-- executeShippingMethod -->
  <testcase classname="com.cybersource.test.woocommerce.CreditCard" name="executeShippingMethod" time="0.023">
    <skipped/>
  </testcase> <!-- executeShippingMethod -->
  <testcase classname="com.cybersource.test.woocommerce.CreditCard" name="executeShippingMethod" time="0.011">
    <failure type="org.openqa.selenium.NoSuchWindowException" message="no such window: target window already closed
from unknown error: web view not found
  (Session info: chrome=127.0.6533.90)
Build info: version: &amp;apos;4.1.2&amp;apos;, revision: &amp;apos;9a5a329c5a&amp;apos;
System info: host: &amp;apos;C02HF1XGQ6L5&amp;apos;, ip: &amp;apos;2409:4072:394:e8fb:600e:ff6c:333e:428c%en0&amp;apos;, os.name: &amp;apos;Mac OS X&amp;apos;, os.arch: &amp;apos;x86_64&amp;apos;, os.version: &amp;apos;14.6&amp;apos;, java.version: &amp;apos;17.0.3&amp;apos;
Driver info: org.openqa.selenium.chrome.ChromeDriver
Command: [5ace1fb430ee697b779512c531adfd89, deleteAllCookies {}]
Capabilities {acceptInsecureCerts: false, browserName: chrome, browserVersion: 127.0.6533.90, chrome: {chromedriverVersion: 127.0.6533.72 (9755e24ca85a..., userDataDir: /var/folders/fs/9c9cy8vj3zq...}, fedcm:accounts: true, goog:chromeOptions: {debuggerAddress: localhost:59646}, javascriptEnabled: true, networkConnectionEnabled: false, pageLoadStrategy: normal, platform: MAC, platformName: MAC, proxy: Proxy(), se:cdp: ws://localhost:59646/devtoo..., se:cdpVersion: 127.0.6533.90, setWindowRect: true, strictFileInteractability: false, timeouts: {implicit: 0, pageLoad: 300000, script: 30000}, unhandledPromptBehavior: dismiss and notify, webauthn:extension:credBlob: true, webauthn:extension:largeBlob: true, webauthn:extension:minPinLength: true, webauthn:extension:prf: true, webauthn:virtualAuthenticators: true}
Session ID: 5ace1fb430ee697b779512c531adfd89">
      <![CDATA[org.openqa.selenium.NoSuchWindowException: no such window: target window already closed
from unknown error: web view not found
  (Session info: chrome=127.0.6533.90)
Build info: version: '4.1.2', revision: '9a5a329c5a'
System info: host: 'C02HF1XGQ6L5', ip: '2409:4072:394:e8fb:600e:ff6c:333e:428c%en0', os.name: 'Mac OS X', os.arch: 'x86_64', os.version: '14.6', java.version: '17.0.3'
Driver info: org.openqa.selenium.chrome.ChromeDriver
Command: [5ace1fb430ee697b779512c531adfd89, deleteAllCookies {}]
Capabilities {acceptInsecureCerts: false, browserName: chrome, browserVersion: 127.0.6533.90, chrome: {chromedriverVersion: 127.0.6533.72 (9755e24ca85a..., userDataDir: /var/folders/fs/9c9cy8vj3zq...}, fedcm:accounts: true, goog:chromeOptions: {debuggerAddress: localhost:59646}, javascriptEnabled: true, networkConnectionEnabled: false, pageLoadStrategy: normal, platform: MAC, platformName: MAC, proxy: Proxy(), se:cdp: ws://localhost:59646/devtoo..., se:cdpVersion: 127.0.6533.90, setWindowRect: true, strictFileInteractability: false, timeouts: {implicit: 0, pageLoad: 300000, script: 30000}, unhandledPromptBehavior: dismiss and notify, webauthn:extension:credBlob: true, webauthn:extension:largeBlob: true, webauthn:extension:minPinLength: true, webauthn:extension:prf: true, webauthn:virtualAuthenticators: true}
Session ID: 5ace1fb430ee697b779512c531adfd89
at org.openqa.selenium.remote.codec.w3c.W3CHttpResponseCodec.createException(W3CHttpResponseCodec.java:200)
at org.openqa.selenium.remote.codec.w3c.W3CHttpResponseCodec.decode(W3CHttpResponseCodec.java:133)
at org.openqa.selenium.remote.codec.w3c.W3CHttpResponseCodec.decode(W3CHttpResponseCodec.java:53)
at org.openqa.selenium.remote.HttpCommandExecutor.execute(HttpCommandExecutor.java:184)
at org.openqa.selenium.remote.service.DriverCommandExecutor.invokeExecute(DriverCommandExecutor.java:167)
at org.openqa.selenium.remote.service.DriverCommandExecutor.execute(DriverCommandExecutor.java:142)
at org.openqa.selenium.remote.RemoteWebDriver.execute(RemoteWebDriver.java:558)
at org.openqa.selenium.remote.RemoteWebDriver.execute(RemoteWebDriver.java:613)
at org.openqa.selenium.remote.RemoteWebDriver.execute(RemoteWebDriver.java:617)
at org.openqa.selenium.remote.RemoteWebDriver$RemoteWebDriverOptions.deleteAllCookies(RemoteWebDriver.java:778)
at com.cybersource.test.util.CommonUtil.configureDriver(CommonUtil.java:541)
at com.cybersource.test.util.CommonUtil.setupDriver(CommonUtil.java:473)
at com.cybersource.test.woocommerce.CreditCard.executeShippingMethod(CreditCard.java:537)
at java.base/java.util.ArrayList.forEach(ArrayList.java:1511)
... Removed 32 stack frames]]>
    </failure>
  </testcase> <!-- executeShippingMethod -->
  <testcase classname="com.cybersource.test.woocommerce.CreditCard" name="executeShippingMethod" time="0.011">
    <skipped/>
  </testcase> <!-- executeShippingMethod -->
  <testcase classname="com.cybersource.test.woocommerce.CreditCard" name="executeShippingMethod" time="0.01">
    <skipped/>
  </testcase> <!-- executeShippingMethod -->
  <testcase classname="com.cybersource.test.woocommerce.CreditCard" name="executeShippingMethod" time="0.011">
    <skipped/>
  </testcase> <!-- executeShippingMethod -->
  <testcase classname="com.cybersource.test.woocommerce.CreditCard" name="executeShippingMethod" time="0.008">
    <skipped/>
  </testcase> <!-- executeShippingMethod -->
  <testcase classname="com.cybersource.test.woocommerce.CreditCard" name="executeShippingMethod" time="0.007">
    <failure type="org.openqa.selenium.NoSuchWindowException" message="no such window: target window already closed
from unknown error: web view not found
  (Session info: chrome=127.0.6533.90)
Build info: version: &amp;apos;4.1.2&amp;apos;, revision: &amp;apos;9a5a329c5a&amp;apos;
System info: host: &amp;apos;C02HF1XGQ6L5&amp;apos;, ip: &amp;apos;2409:4072:394:e8fb:600e:ff6c:333e:428c%en0&amp;apos;, os.name: &amp;apos;Mac OS X&amp;apos;, os.arch: &amp;apos;x86_64&amp;apos;, os.version: &amp;apos;14.6&amp;apos;, java.version: &amp;apos;17.0.3&amp;apos;
Driver info: org.openqa.selenium.chrome.ChromeDriver
Command: [5ace1fb430ee697b779512c531adfd89, deleteAllCookies {}]
Capabilities {acceptInsecureCerts: false, browserName: chrome, browserVersion: 127.0.6533.90, chrome: {chromedriverVersion: 127.0.6533.72 (9755e24ca85a..., userDataDir: /var/folders/fs/9c9cy8vj3zq...}, fedcm:accounts: true, goog:chromeOptions: {debuggerAddress: localhost:59646}, javascriptEnabled: true, networkConnectionEnabled: false, pageLoadStrategy: normal, platform: MAC, platformName: MAC, proxy: Proxy(), se:cdp: ws://localhost:59646/devtoo..., se:cdpVersion: 127.0.6533.90, setWindowRect: true, strictFileInteractability: false, timeouts: {implicit: 0, pageLoad: 300000, script: 30000}, unhandledPromptBehavior: dismiss and notify, webauthn:extension:credBlob: true, webauthn:extension:largeBlob: true, webauthn:extension:minPinLength: true, webauthn:extension:prf: true, webauthn:virtualAuthenticators: true}
Session ID: 5ace1fb430ee697b779512c531adfd89">
      <![CDATA[org.openqa.selenium.NoSuchWindowException: no such window: target window already closed
from unknown error: web view not found
  (Session info: chrome=127.0.6533.90)
Build info: version: '4.1.2', revision: '9a5a329c5a'
System info: host: 'C02HF1XGQ6L5', ip: '2409:4072:394:e8fb:600e:ff6c:333e:428c%en0', os.name: 'Mac OS X', os.arch: 'x86_64', os.version: '14.6', java.version: '17.0.3'
Driver info: org.openqa.selenium.chrome.ChromeDriver
Command: [5ace1fb430ee697b779512c531adfd89, deleteAllCookies {}]
Capabilities {acceptInsecureCerts: false, browserName: chrome, browserVersion: 127.0.6533.90, chrome: {chromedriverVersion: 127.0.6533.72 (9755e24ca85a..., userDataDir: /var/folders/fs/9c9cy8vj3zq...}, fedcm:accounts: true, goog:chromeOptions: {debuggerAddress: localhost:59646}, javascriptEnabled: true, networkConnectionEnabled: false, pageLoadStrategy: normal, platform: MAC, platformName: MAC, proxy: Proxy(), se:cdp: ws://localhost:59646/devtoo..., se:cdpVersion: 127.0.6533.90, setWindowRect: true, strictFileInteractability: false, timeouts: {implicit: 0, pageLoad: 300000, script: 30000}, unhandledPromptBehavior: dismiss and notify, webauthn:extension:credBlob: true, webauthn:extension:largeBlob: true, webauthn:extension:minPinLength: true, webauthn:extension:prf: true, webauthn:virtualAuthenticators: true}
Session ID: 5ace1fb430ee697b779512c531adfd89
at org.openqa.selenium.remote.codec.w3c.W3CHttpResponseCodec.createException(W3CHttpResponseCodec.java:200)
at org.openqa.selenium.remote.codec.w3c.W3CHttpResponseCodec.decode(W3CHttpResponseCodec.java:133)
at org.openqa.selenium.remote.codec.w3c.W3CHttpResponseCodec.decode(W3CHttpResponseCodec.java:53)
at org.openqa.selenium.remote.HttpCommandExecutor.execute(HttpCommandExecutor.java:184)
at org.openqa.selenium.remote.service.DriverCommandExecutor.invokeExecute(DriverCommandExecutor.java:167)
at org.openqa.selenium.remote.service.DriverCommandExecutor.execute(DriverCommandExecutor.java:142)
at org.openqa.selenium.remote.RemoteWebDriver.execute(RemoteWebDriver.java:558)
at org.openqa.selenium.remote.RemoteWebDriver.execute(RemoteWebDriver.java:613)
at org.openqa.selenium.remote.RemoteWebDriver.execute(RemoteWebDriver.java:617)
at org.openqa.selenium.remote.RemoteWebDriver$RemoteWebDriverOptions.deleteAllCookies(RemoteWebDriver.java:778)
at com.cybersource.test.util.CommonUtil.configureDriver(CommonUtil.java:541)
at com.cybersource.test.util.CommonUtil.setupDriver(CommonUtil.java:473)
at com.cybersource.test.woocommerce.CreditCard.executeShippingMethod(CreditCard.java:537)
at java.base/java.util.ArrayList.forEach(ArrayList.java:1511)
... Removed 32 stack frames]]>
    </failure>
  </testcase> <!-- executeShippingMethod -->
  <testcase classname="com.cybersource.test.woocommerce.CreditCard" name="executeShippingMethod" time="0.013">
    <skipped/>
  </testcase> <!-- executeShippingMethod -->
  <testcase classname="com.cybersource.test.woocommerce.CreditCard" name="executeShippingMethod" time="0.008">
    <skipped/>
  </testcase> <!-- executeShippingMethod -->
  <testcase classname="com.cybersource.test.woocommerce.CreditCard" name="executeShippingMethod" time="0.015">
    <skipped/>
  </testcase> <!-- executeShippingMethod -->
  <testcase classname="com.cybersource.test.woocommerce.CreditCard" name="executeShippingMethod" time="0.007">
    <skipped/>
  </testcase> <!-- executeShippingMethod -->
  <testcase classname="com.cybersource.test.woocommerce.CreditCard" name="executeShippingMethod" time="0.009">
    <failure type="org.openqa.selenium.NoSuchWindowException" message="no such window: target window already closed
from unknown error: web view not found
  (Session info: chrome=127.0.6533.90)
Build info: version: &amp;apos;4.1.2&amp;apos;, revision: &amp;apos;9a5a329c5a&amp;apos;
System info: host: &amp;apos;C02HF1XGQ6L5&amp;apos;, ip: &amp;apos;2409:4072:394:e8fb:600e:ff6c:333e:428c%en0&amp;apos;, os.name: &amp;apos;Mac OS X&amp;apos;, os.arch: &amp;apos;x86_64&amp;apos;, os.version: &amp;apos;14.6&amp;apos;, java.version: &amp;apos;17.0.3&amp;apos;
Driver info: org.openqa.selenium.chrome.ChromeDriver
Command: [5ace1fb430ee697b779512c531adfd89, deleteAllCookies {}]
Capabilities {acceptInsecureCerts: false, browserName: chrome, browserVersion: 127.0.6533.90, chrome: {chromedriverVersion: 127.0.6533.72 (9755e24ca85a..., userDataDir: /var/folders/fs/9c9cy8vj3zq...}, fedcm:accounts: true, goog:chromeOptions: {debuggerAddress: localhost:59646}, javascriptEnabled: true, networkConnectionEnabled: false, pageLoadStrategy: normal, platform: MAC, platformName: MAC, proxy: Proxy(), se:cdp: ws://localhost:59646/devtoo..., se:cdpVersion: 127.0.6533.90, setWindowRect: true, strictFileInteractability: false, timeouts: {implicit: 0, pageLoad: 300000, script: 30000}, unhandledPromptBehavior: dismiss and notify, webauthn:extension:credBlob: true, webauthn:extension:largeBlob: true, webauthn:extension:minPinLength: true, webauthn:extension:prf: true, webauthn:virtualAuthenticators: true}
Session ID: 5ace1fb430ee697b779512c531adfd89">
      <![CDATA[org.openqa.selenium.NoSuchWindowException: no such window: target window already closed
from unknown error: web view not found
  (Session info: chrome=127.0.6533.90)
Build info: version: '4.1.2', revision: '9a5a329c5a'
System info: host: 'C02HF1XGQ6L5', ip: '2409:4072:394:e8fb:600e:ff6c:333e:428c%en0', os.name: 'Mac OS X', os.arch: 'x86_64', os.version: '14.6', java.version: '17.0.3'
Driver info: org.openqa.selenium.chrome.ChromeDriver
Command: [5ace1fb430ee697b779512c531adfd89, deleteAllCookies {}]
Capabilities {acceptInsecureCerts: false, browserName: chrome, browserVersion: 127.0.6533.90, chrome: {chromedriverVersion: 127.0.6533.72 (9755e24ca85a..., userDataDir: /var/folders/fs/9c9cy8vj3zq...}, fedcm:accounts: true, goog:chromeOptions: {debuggerAddress: localhost:59646}, javascriptEnabled: true, networkConnectionEnabled: false, pageLoadStrategy: normal, platform: MAC, platformName: MAC, proxy: Proxy(), se:cdp: ws://localhost:59646/devtoo..., se:cdpVersion: 127.0.6533.90, setWindowRect: true, strictFileInteractability: false, timeouts: {implicit: 0, pageLoad: 300000, script: 30000}, unhandledPromptBehavior: dismiss and notify, webauthn:extension:credBlob: true, webauthn:extension:largeBlob: true, webauthn:extension:minPinLength: true, webauthn:extension:prf: true, webauthn:virtualAuthenticators: true}
Session ID: 5ace1fb430ee697b779512c531adfd89
at org.openqa.selenium.remote.codec.w3c.W3CHttpResponseCodec.createException(W3CHttpResponseCodec.java:200)
at org.openqa.selenium.remote.codec.w3c.W3CHttpResponseCodec.decode(W3CHttpResponseCodec.java:133)
at org.openqa.selenium.remote.codec.w3c.W3CHttpResponseCodec.decode(W3CHttpResponseCodec.java:53)
at org.openqa.selenium.remote.HttpCommandExecutor.execute(HttpCommandExecutor.java:184)
at org.openqa.selenium.remote.service.DriverCommandExecutor.invokeExecute(DriverCommandExecutor.java:167)
at org.openqa.selenium.remote.service.DriverCommandExecutor.execute(DriverCommandExecutor.java:142)
at org.openqa.selenium.remote.RemoteWebDriver.execute(RemoteWebDriver.java:558)
at org.openqa.selenium.remote.RemoteWebDriver.execute(RemoteWebDriver.java:613)
at org.openqa.selenium.remote.RemoteWebDriver.execute(RemoteWebDriver.java:617)
at org.openqa.selenium.remote.RemoteWebDriver$RemoteWebDriverOptions.deleteAllCookies(RemoteWebDriver.java:778)
at com.cybersource.test.util.CommonUtil.configureDriver(CommonUtil.java:541)
at com.cybersource.test.util.CommonUtil.setupDriver(CommonUtil.java:473)
at com.cybersource.test.woocommerce.CreditCard.executeShippingMethod(CreditCard.java:537)
at java.base/java.util.ArrayList.forEach(ArrayList.java:1511)
... Removed 30 stack frames]]>
    </failure>
  </testcase> <!-- executeShippingMethod -->
  <testcase classname="com.cybersource.test.woocommerce.CreditCard" name="executeShippingMethod" time="0.016">
    <skipped/>
  </testcase> <!-- executeShippingMethod -->
  <testcase classname="com.cybersource.test.woocommerce.CreditCard" name="executeShippingMethod" time="0.005">
    <skipped/>
  </testcase> <!-- executeShippingMethod -->
  <testcase classname="com.cybersource.test.woocommerce.CreditCard" name="executeShippingMethod" time="0.016">
    <skipped/>
  </testcase> <!-- executeShippingMethod -->
  <testcase classname="com.cybersource.test.woocommerce.CreditCard" name="executeShippingMethod" time="0.015">
    <skipped/>
  </testcase> <!-- executeShippingMethod -->
  <testcase classname="com.cybersource.test.woocommerce.CreditCard" name="executeShippingMethod" time="0.024">
    <failure type="org.openqa.selenium.NoSuchWindowException" message="no such window: target window already closed
from unknown error: web view not found
  (Session info: chrome=127.0.6533.90)
Build info: version: &amp;apos;4.1.2&amp;apos;, revision: &amp;apos;9a5a329c5a&amp;apos;
System info: host: &amp;apos;C02HF1XGQ6L5&amp;apos;, ip: &amp;apos;2409:4072:394:e8fb:600e:ff6c:333e:428c%en0&amp;apos;, os.name: &amp;apos;Mac OS X&amp;apos;, os.arch: &amp;apos;x86_64&amp;apos;, os.version: &amp;apos;14.6&amp;apos;, java.version: &amp;apos;17.0.3&amp;apos;
Driver info: org.openqa.selenium.chrome.ChromeDriver
Command: [5ace1fb430ee697b779512c531adfd89, deleteAllCookies {}]
Capabilities {acceptInsecureCerts: false, browserName: chrome, browserVersion: 127.0.6533.90, chrome: {chromedriverVersion: 127.0.6533.72 (9755e24ca85a..., userDataDir: /var/folders/fs/9c9cy8vj3zq...}, fedcm:accounts: true, goog:chromeOptions: {debuggerAddress: localhost:59646}, javascriptEnabled: true, networkConnectionEnabled: false, pageLoadStrategy: normal, platform: MAC, platformName: MAC, proxy: Proxy(), se:cdp: ws://localhost:59646/devtoo..., se:cdpVersion: 127.0.6533.90, setWindowRect: true, strictFileInteractability: false, timeouts: {implicit: 0, pageLoad: 300000, script: 30000}, unhandledPromptBehavior: dismiss and notify, webauthn:extension:credBlob: true, webauthn:extension:largeBlob: true, webauthn:extension:minPinLength: true, webauthn:extension:prf: true, webauthn:virtualAuthenticators: true}
Session ID: 5ace1fb430ee697b779512c531adfd89">
      <![CDATA[org.openqa.selenium.NoSuchWindowException: no such window: target window already closed
from unknown error: web view not found
  (Session info: chrome=127.0.6533.90)
Build info: version: '4.1.2', revision: '9a5a329c5a'
System info: host: 'C02HF1XGQ6L5', ip: '2409:4072:394:e8fb:600e:ff6c:333e:428c%en0', os.name: 'Mac OS X', os.arch: 'x86_64', os.version: '14.6', java.version: '17.0.3'
Driver info: org.openqa.selenium.chrome.ChromeDriver
Command: [5ace1fb430ee697b779512c531adfd89, deleteAllCookies {}]
Capabilities {acceptInsecureCerts: false, browserName: chrome, browserVersion: 127.0.6533.90, chrome: {chromedriverVersion: 127.0.6533.72 (9755e24ca85a..., userDataDir: /var/folders/fs/9c9cy8vj3zq...}, fedcm:accounts: true, goog:chromeOptions: {debuggerAddress: localhost:59646}, javascriptEnabled: true, networkConnectionEnabled: false, pageLoadStrategy: normal, platform: MAC, platformName: MAC, proxy: Proxy(), se:cdp: ws://localhost:59646/devtoo..., se:cdpVersion: 127.0.6533.90, setWindowRect: true, strictFileInteractability: false, timeouts: {implicit: 0, pageLoad: 300000, script: 30000}, unhandledPromptBehavior: dismiss and notify, webauthn:extension:credBlob: true, webauthn:extension:largeBlob: true, webauthn:extension:minPinLength: true, webauthn:extension:prf: true, webauthn:virtualAuthenticators: true}
Session ID: 5ace1fb430ee697b779512c531adfd89
at org.openqa.selenium.remote.codec.w3c.W3CHttpResponseCodec.createException(W3CHttpResponseCodec.java:200)
at org.openqa.selenium.remote.codec.w3c.W3CHttpResponseCodec.decode(W3CHttpResponseCodec.java:133)
at org.openqa.selenium.remote.codec.w3c.W3CHttpResponseCodec.decode(W3CHttpResponseCodec.java:53)
at org.openqa.selenium.remote.HttpCommandExecutor.execute(HttpCommandExecutor.java:184)
at org.openqa.selenium.remote.service.DriverCommandExecutor.invokeExecute(DriverCommandExecutor.java:167)
at org.openqa.selenium.remote.service.DriverCommandExecutor.execute(DriverCommandExecutor.java:142)
at org.openqa.selenium.remote.RemoteWebDriver.execute(RemoteWebDriver.java:558)
at org.openqa.selenium.remote.RemoteWebDriver.execute(RemoteWebDriver.java:613)
at org.openqa.selenium.remote.RemoteWebDriver.execute(RemoteWebDriver.java:617)
at org.openqa.selenium.remote.RemoteWebDriver$RemoteWebDriverOptions.deleteAllCookies(RemoteWebDriver.java:778)
at com.cybersource.test.util.CommonUtil.configureDriver(CommonUtil.java:541)
at com.cybersource.test.util.CommonUtil.setupDriver(CommonUtil.java:473)
at com.cybersource.test.woocommerce.CreditCard.executeShippingMethod(CreditCard.java:537)
at java.base/java.util.ArrayList.forEach(ArrayList.java:1511)
... Removed 30 stack frames]]>
    </failure>
  </testcase> <!-- executeShippingMethod -->
  <testcase classname="com.cybersource.test.woocommerce.CreditCard" name="executeSaleParRefund" time="0.0">
    <ignored/>
  </testcase> <!-- executeSaleParRefund -->
  <testcase classname="com.cybersource.test.woocommerce.CreditCard" name="executeAuthCapRefund" time="0.0">
    <ignored/>
  </testcase> <!-- executeAuthCapRefund -->
  <testcase classname="com.cybersource.test.woocommerce.CreditCard" name="executeSale" time="0.0">
    <ignored/>
  </testcase> <!-- executeSale -->
  <testcase classname="com.cybersource.test.woocommerce.CreditCard" name="CreditCardConfiguration" time="0.0">
    <ignored/>
  </testcase> <!-- CreditCardConfiguration -->
  <testcase classname="com.cybersource.test.woocommerce.CreditCard" name="executeAuth" time="0.0">
    <ignored/>
  </testcase> <!-- executeAuth -->
  <testcase classname="com.cybersource.test.woocommerce.CreditCard" name="executeAuthCapture" time="0.0">
    <ignored/>
  </testcase> <!-- executeAuthCapture -->
  <testcase classname="com.cybersource.test.woocommerce.CreditCard" name="executeDiffCurrencies" time="0.0">
    <ignored/>
  </testcase> <!-- executeDiffCurrencies -->
  <testcase classname="com.cybersource.test.woocommerce.CreditCard" name="executeTokenization" time="0.0">
    <ignored/>
  </testcase> <!-- executeTokenization -->
  <testcase classname="com.cybersource.test.woocommerce.CreditCard" name="executePayerAuth" time="0.0">
    <ignored/>
  </testcase> <!-- executePayerAuth -->
  <testcase classname="com.cybersource.test.woocommerce.CreditCard" name="executeDecisionManager" time="0.0">
    <ignored/>
  </testcase> <!-- executeDecisionManager -->
  <testcase classname="com.cybersource.test.woocommerce.CreditCard" name="executeMyAccountDeleteCard" time="0.0">
    <ignored/>
  </testcase> <!-- executeMyAccountDeleteCard -->
  <testcase classname="com.cybersource.test.woocommerce.CreditCard" name="executeCoupons" time="0.0">
    <ignored/>
  </testcase> <!-- executeCoupons -->
  <testcase classname="com.cybersource.test.woocommerce.CreditCard" name="executeAuthAuthReversal" time="0.0">
    <ignored/>
  </testcase> <!-- executeAuthAuthReversal -->
  <testcase classname="com.cybersource.test.woocommerce.CreditCard" name="executeTaxes" time="0.0">
    <ignored/>
  </testcase> <!-- executeTaxes -->
  <testcase classname="com.cybersource.test.woocommerce.CreditCard" name="executeAuthCapParRefund" time="0.0">
    <ignored/>
  </testcase> <!-- executeAuthCapParRefund -->
  <testcase classname="com.cybersource.test.woocommerce.CreditCard" name="executeSaleRefund" time="0.0">
    <ignored/>
  </testcase> <!-- executeSaleRefund -->
  <testcase classname="com.cybersource.test.woocommerce.CreditCard" name="executeNullInvalidScenarioCase" time="0.0">
    <ignored/>
  </testcase> <!-- executeNullInvalidScenarioCase -->
  <testcase classname="com.cybersource.test.woocommerce.CreditCard" name="executeMyAccountAddCard" time="0.0">
    <ignored/>
  </testcase> <!-- executeMyAccountAddCard -->
</testsuite> <!-- CreditCardShippingMethod -->
