<html>
<head>
<title>TestNG:  CreditCardAuth</title>
<link href="../testng.css" rel="stylesheet" type="text/css" />
<link href="../my-testng.css" rel="stylesheet" type="text/css" />

<style type="text/css">
.log { display: none;} 
.stack-trace { display: none;} 
</style>
<script type="text/javascript">
<!--
function flip(e) {
  current = e.style.display;
  if (current == 'block') {
    e.style.display = 'none';
    return 0;
  }
  else {
    e.style.display = 'block';
    return 1;
  }
}

function toggleBox(szDivId, elem, msg1, msg2)
{
  var res = -1;  if (document.getElementById) {
    res = flip(document.getElementById(szDivId));
  }
  else if (document.all) {
    // this is the way old msie versions work
    res = flip(document.all[szDivId]);
  }
  if(elem) {
    if(res == 0) elem.innerHTML = msg1; else elem.innerHTML = msg2;
  }

}

function toggleAllBoxes() {
  if (document.getElementsByTagName) {
    d = document.getElementsByTagName('div');
    for (i = 0; i < d.length; i++) {
      if (d[i].className == 'log') {
        flip(d[i]);
      }
    }
  }
}

// -->
</script>

</head>
<body>
<h2 align='center'>CreditCardAuth</h2><table border='1' align="center">
<tr>
<td>Tests passed/Failed/Skipped:</td><td>0/4/0</td>
</tr><tr>
<td>Started on:</td><td>Thu May 18 18:17:09 IST 2023</td>
</tr>
<tr><td>Total time:</td><td>43 seconds (43312 ms)</td>
</tr><tr>
<td>Included groups:</td><td></td>
</tr><tr>
<td>Excluded groups:</td><td></td>
</tr>
</table><p/>
<small><i>(Hover the method name to see the test class name)</i></small><p/>
<table width='100%' border='1' class='invocation-failed'>
<tr><td colspan='4' align='center'><b>FAILED TESTS</b></td></tr>
<tr><td><b>Test method</b></td>
<td width="30%"><b>Exception</b></td>
<td width="10%"><b>Time (seconds)</b></td>
<td><b>Instance</b></td>
</tr>
<tr>
<td title='com.cybersource.test.woocommerce.CreditCard.executeAuth()'><b>executeAuth</b><br>Test class: com.cybersource.test.woocommerce.CreditCard<br>Parameters: admin, admin, No, No, 1, Kumari, Kumari, United States (US), 1295 Charleston road, Mountain view, California, 94340, 7036346568, test@email.com, test@email.com, Mountain view, California, 03, 2024, 7036346568, Auth, No, wiproltd, AuthReversal, No<br/>
<a href="#Output-469923619" onClick='toggleBox("Output-469923619", this, "Show output", "Hide output");'>Show output</a>

<a href="#Output-469923619" onClick="toggleAllBoxes();">Show all outputs</a>
<div class='log' id="Output-469923619">
executeAuth starts<br/>
executeAuth failed<br/>
</div>
</td>
<td><div><pre>java.lang.NullPointerException: Cannot invoke &quot;org.openqa.selenium.WebDriver.findElement(org.openqa.selenium.By)&quot; because &quot;driver&quot; is null
	at com.cybersource.test.util.CommonUtil.findElementById(CommonUtil.java:1231)
	at com.cybersource.test.util.CommonUtil.setElementValueById(CommonUtil.java:207)
	at com.cybersource.test.woocommerce.CreditCard.frontOfficeLogin(CreditCard.java:312)
	at com.cybersource.test.woocommerce.CreditCard.executeAuth(CreditCard.java:392)
	at java.base/java.util.ArrayList.forEach(ArrayList.java:1511)
	at java.base/java.util.concurrent.FutureTask.run(FutureTask.java:264)
	at java.base/java.util.concurrent.ThreadPoolExecutor.runWorker(ThreadPoolExecutor.java:1136)
	at java.base/java.util.concurrent.ThreadPoolExecutor$Worker.run(ThreadPoolExecutor.java:635)
	at java.base/java.lang.Thread.run(Thread.java:833)
... Removed 18 stack frames</pre></div><a href='#' onClick='toggleBox("stack-trace469923619", this, "Click to show all stack frames", "Click to hide stack frames")'>Click to show all stack frames</a>
<div class='stack-trace' id='stack-trace469923619'><pre>java.lang.NullPointerException: Cannot invoke &quot;org.openqa.selenium.WebDriver.findElement(org.openqa.selenium.By)&quot; because &quot;driver&quot; is null
	at com.cybersource.test.util.CommonUtil.findElementById(CommonUtil.java:1231)
	at com.cybersource.test.util.CommonUtil.setElementValueById(CommonUtil.java:207)
	at com.cybersource.test.woocommerce.CreditCard.frontOfficeLogin(CreditCard.java:312)
	at com.cybersource.test.woocommerce.CreditCard.executeAuth(CreditCard.java:392)
	at java.base/jdk.internal.reflect.NativeMethodAccessorImpl.invoke0(Native Method)
	at java.base/jdk.internal.reflect.NativeMethodAccessorImpl.invoke(NativeMethodAccessorImpl.java:77)
	at java.base/jdk.internal.reflect.DelegatingMethodAccessorImpl.invoke(DelegatingMethodAccessorImpl.java:43)
	at java.base/java.lang.reflect.Method.invoke(Method.java:568)
	at org.testng.internal.MethodInvocationHelper.invokeMethod(MethodInvocationHelper.java:133)
	at org.testng.internal.TestInvoker.invokeMethod(TestInvoker.java:598)
	at org.testng.internal.TestInvoker.invokeTestMethod(TestInvoker.java:173)
	at org.testng.internal.MethodRunner.runInSequence(MethodRunner.java:46)
	at org.testng.internal.TestInvoker$MethodInvocationAgent.invoke(TestInvoker.java:824)
	at org.testng.internal.TestInvoker.invokeTestMethods(TestInvoker.java:146)
	at org.testng.internal.TestMethodWorker.invokeTestMethods(TestMethodWorker.java:146)
	at org.testng.internal.TestMethodWorker.run(TestMethodWorker.java:128)
	at java.base/java.util.ArrayList.forEach(ArrayList.java:1511)
	at org.testng.TestRunner.privateRun(TestRunner.java:794)
	at org.testng.TestRunner.run(TestRunner.java:596)
	at org.testng.SuiteRunner.runTest(SuiteRunner.java:377)
	at org.testng.SuiteRunner.access$000(SuiteRunner.java:28)
	at org.testng.SuiteRunner$SuiteWorker.run(SuiteRunner.java:418)
	at org.testng.internal.thread.ThreadUtil.lambda$execute$0(ThreadUtil.java:64)
	at java.base/java.util.concurrent.FutureTask.run(FutureTask.java:264)
	at java.base/java.util.concurrent.ThreadPoolExecutor.runWorker(ThreadPoolExecutor.java:1136)
	at java.base/java.util.concurrent.ThreadPoolExecutor$Worker.run(ThreadPoolExecutor.java:635)
	at java.base/java.lang.Thread.run(Thread.java:833)
</pre></div></td>
<td>6</td>
<td>com.cybersource.test.woocommerce.CreditCard@78452606</td></tr>
<tr>
<td title='com.cybersource.test.woocommerce.CreditCard.executeAuth()'><b>executeAuth</b><br>Test class: com.cybersource.test.woocommerce.CreditCard<br>Parameters: !Tester464, nimda, No, Hoodie, 2, Priya, Kumari, United States (US), 1295 Charleston road, Mountain view, California, 94340, 7036346568, test@email.com, Yes, 4111111111111111, 123, 03, 2024, No, Auth, No, wiproltd, madhan123, !Tester464<br/>
<a href="#Output-2081652705" onClick='toggleBox("Output-2081652705", this, "Show output", "Hide output");'>Show output</a>

<a href="#Output-2081652705" onClick="toggleAllBoxes();">Show all outputs</a>
<div class='log' id="Output-2081652705">
executeAuth starts<br/>
executeAuth failed<br/>
</div>
</td>
<td><div><pre>java.lang.NullPointerException: Cannot invoke &quot;org.openqa.selenium.WebDriver.findElement(org.openqa.selenium.By)&quot; because &quot;driver&quot; is null
	at com.cybersource.test.util.CommonUtil.findElementById(CommonUtil.java:1231)
	at com.cybersource.test.util.CommonUtil.setElementValueById(CommonUtil.java:207)
	at com.cybersource.test.woocommerce.CreditCard.frontOfficeLogin(CreditCard.java:312)
	at com.cybersource.test.woocommerce.CreditCard.executeAuth(CreditCard.java:392)
	at java.base/java.util.ArrayList.forEach(ArrayList.java:1511)
	at java.base/java.util.concurrent.FutureTask.run(FutureTask.java:264)
	at java.base/java.util.concurrent.ThreadPoolExecutor.runWorker(ThreadPoolExecutor.java:1136)
	at java.base/java.util.concurrent.ThreadPoolExecutor$Worker.run(ThreadPoolExecutor.java:635)
	at java.base/java.lang.Thread.run(Thread.java:833)
... Removed 18 stack frames</pre></div><a href='#' onClick='toggleBox("stack-trace2081652705", this, "Click to show all stack frames", "Click to hide stack frames")'>Click to show all stack frames</a>
<div class='stack-trace' id='stack-trace2081652705'><pre>java.lang.NullPointerException: Cannot invoke &quot;org.openqa.selenium.WebDriver.findElement(org.openqa.selenium.By)&quot; because &quot;driver&quot; is null
	at com.cybersource.test.util.CommonUtil.findElementById(CommonUtil.java:1231)
	at com.cybersource.test.util.CommonUtil.setElementValueById(CommonUtil.java:207)
	at com.cybersource.test.woocommerce.CreditCard.frontOfficeLogin(CreditCard.java:312)
	at com.cybersource.test.woocommerce.CreditCard.executeAuth(CreditCard.java:392)
	at java.base/jdk.internal.reflect.NativeMethodAccessorImpl.invoke0(Native Method)
	at java.base/jdk.internal.reflect.NativeMethodAccessorImpl.invoke(NativeMethodAccessorImpl.java:77)
	at java.base/jdk.internal.reflect.DelegatingMethodAccessorImpl.invoke(DelegatingMethodAccessorImpl.java:43)
	at java.base/java.lang.reflect.Method.invoke(Method.java:568)
	at org.testng.internal.MethodInvocationHelper.invokeMethod(MethodInvocationHelper.java:133)
	at org.testng.internal.TestInvoker.invokeMethod(TestInvoker.java:598)
	at org.testng.internal.TestInvoker.invokeTestMethod(TestInvoker.java:173)
	at org.testng.internal.MethodRunner.runInSequence(MethodRunner.java:46)
	at org.testng.internal.TestInvoker$MethodInvocationAgent.invoke(TestInvoker.java:824)
	at org.testng.internal.TestInvoker.invokeTestMethods(TestInvoker.java:146)
	at org.testng.internal.TestMethodWorker.invokeTestMethods(TestMethodWorker.java:146)
	at org.testng.internal.TestMethodWorker.run(TestMethodWorker.java:128)
	at java.base/java.util.ArrayList.forEach(ArrayList.java:1511)
	at org.testng.TestRunner.privateRun(TestRunner.java:794)
	at org.testng.TestRunner.run(TestRunner.java:596)
	at org.testng.SuiteRunner.runTest(SuiteRunner.java:377)
	at org.testng.SuiteRunner.access$000(SuiteRunner.java:28)
	at org.testng.SuiteRunner$SuiteWorker.run(SuiteRunner.java:418)
	at org.testng.internal.thread.ThreadUtil.lambda$execute$0(ThreadUtil.java:64)
	at java.base/java.util.concurrent.FutureTask.run(FutureTask.java:264)
	at java.base/java.util.concurrent.ThreadPoolExecutor.runWorker(ThreadPoolExecutor.java:1136)
	at java.base/java.util.concurrent.ThreadPoolExecutor$Worker.run(ThreadPoolExecutor.java:635)
	at java.base/java.lang.Thread.run(Thread.java:833)
</pre></div></td>
<td>0</td>
<td>com.cybersource.test.woocommerce.CreditCard@78452606</td></tr>
<tr>
<td title='com.cybersource.test.woocommerce.CreditCard.executeAuth()'><b>executeAuth</b><br>Test class: com.cybersource.test.woocommerce.CreditCard<br>Parameters: admin, nimda, No, Hoodie,Music Album, 2,4, Priya, Kumari, United States (US), 1295 Charleston road, Mountain view, California, 94340, 7036346568, test@email.com, Yes, 4111111111111111, 123, 03, 2024, No, Auth, No, wiproltd, madhan123, !Tester464<br/>
<a href="#Output-1352851800" onClick='toggleBox("Output-1352851800", this, "Show output", "Hide output");'>Show output</a>

<a href="#Output-1352851800" onClick="toggleAllBoxes();">Show all outputs</a>
<div class='log' id="Output-1352851800">
executeAuth starts<br/>
executeAuth failed<br/>
</div>
</td>
<td><div><pre>java.lang.NullPointerException: Cannot invoke &quot;org.openqa.selenium.WebDriver.findElement(org.openqa.selenium.By)&quot; because &quot;driver&quot; is null
	at com.cybersource.test.util.CommonUtil.findElementById(CommonUtil.java:1231)
	at com.cybersource.test.util.CommonUtil.setElementValueById(CommonUtil.java:207)
	at com.cybersource.test.woocommerce.CreditCard.frontOfficeLogin(CreditCard.java:312)
	at com.cybersource.test.woocommerce.CreditCard.executeAuth(CreditCard.java:392)
	at java.base/java.util.ArrayList.forEach(ArrayList.java:1511)
	at java.base/java.util.concurrent.FutureTask.run(FutureTask.java:264)
	at java.base/java.util.concurrent.ThreadPoolExecutor.runWorker(ThreadPoolExecutor.java:1136)
	at java.base/java.util.concurrent.ThreadPoolExecutor$Worker.run(ThreadPoolExecutor.java:635)
	at java.base/java.lang.Thread.run(Thread.java:833)
... Removed 18 stack frames</pre></div><a href='#' onClick='toggleBox("stack-trace1352851800", this, "Click to show all stack frames", "Click to hide stack frames")'>Click to show all stack frames</a>
<div class='stack-trace' id='stack-trace1352851800'><pre>java.lang.NullPointerException: Cannot invoke &quot;org.openqa.selenium.WebDriver.findElement(org.openqa.selenium.By)&quot; because &quot;driver&quot; is null
	at com.cybersource.test.util.CommonUtil.findElementById(CommonUtil.java:1231)
	at com.cybersource.test.util.CommonUtil.setElementValueById(CommonUtil.java:207)
	at com.cybersource.test.woocommerce.CreditCard.frontOfficeLogin(CreditCard.java:312)
	at com.cybersource.test.woocommerce.CreditCard.executeAuth(CreditCard.java:392)
	at java.base/jdk.internal.reflect.NativeMethodAccessorImpl.invoke0(Native Method)
	at java.base/jdk.internal.reflect.NativeMethodAccessorImpl.invoke(NativeMethodAccessorImpl.java:77)
	at java.base/jdk.internal.reflect.DelegatingMethodAccessorImpl.invoke(DelegatingMethodAccessorImpl.java:43)
	at java.base/java.lang.reflect.Method.invoke(Method.java:568)
	at org.testng.internal.MethodInvocationHelper.invokeMethod(MethodInvocationHelper.java:133)
	at org.testng.internal.TestInvoker.invokeMethod(TestInvoker.java:598)
	at org.testng.internal.TestInvoker.invokeTestMethod(TestInvoker.java:173)
	at org.testng.internal.MethodRunner.runInSequence(MethodRunner.java:46)
	at org.testng.internal.TestInvoker$MethodInvocationAgent.invoke(TestInvoker.java:824)
	at org.testng.internal.TestInvoker.invokeTestMethods(TestInvoker.java:146)
	at org.testng.internal.TestMethodWorker.invokeTestMethods(TestMethodWorker.java:146)
	at org.testng.internal.TestMethodWorker.run(TestMethodWorker.java:128)
	at java.base/java.util.ArrayList.forEach(ArrayList.java:1511)
	at org.testng.TestRunner.privateRun(TestRunner.java:794)
	at org.testng.TestRunner.run(TestRunner.java:596)
	at org.testng.SuiteRunner.runTest(SuiteRunner.java:377)
	at org.testng.SuiteRunner.access$000(SuiteRunner.java:28)
	at org.testng.SuiteRunner$SuiteWorker.run(SuiteRunner.java:418)
	at org.testng.internal.thread.ThreadUtil.lambda$execute$0(ThreadUtil.java:64)
	at java.base/java.util.concurrent.FutureTask.run(FutureTask.java:264)
	at java.base/java.util.concurrent.ThreadPoolExecutor.runWorker(ThreadPoolExecutor.java:1136)
	at java.base/java.util.concurrent.ThreadPoolExecutor$Worker.run(ThreadPoolExecutor.java:635)
	at java.base/java.lang.Thread.run(Thread.java:833)
</pre></div></td>
<td>11</td>
<td>com.cybersource.test.woocommerce.CreditCard@78452606</td></tr>
<tr>
<td title='com.cybersource.test.woocommerce.CreditCard.executeAuth()'><b>executeAuth</b><br>Test class: com.cybersource.test.woocommerce.CreditCard<br>Parameters: admin, nimda, No, Hoodie,Music Album, 1,1, Priya, Kumari, United States (US), 1295 Charleston road, Mountain view, California, 94340, 7036346568, test@email.com, Yes, 4111111111111111, 123, 03, 2024, No, Auth, No, wiproltd, madhan123, !Tester464<br/>
<a href="#Output-300989918" onClick='toggleBox("Output-300989918", this, "Show output", "Hide output");'>Show output</a>

<a href="#Output-300989918" onClick="toggleAllBoxes();">Show all outputs</a>
<div class='log' id="Output-300989918">
executeAuth starts<br/>
executeAuth failed<br/>
</div>
</td>
<td><div><pre>java.lang.NullPointerException: Cannot invoke &quot;org.openqa.selenium.WebDriver.findElement(org.openqa.selenium.By)&quot; because &quot;driver&quot; is null
	at com.cybersource.test.util.CommonUtil.findElementById(CommonUtil.java:1231)
	at com.cybersource.test.util.CommonUtil.setElementValueById(CommonUtil.java:207)
	at com.cybersource.test.woocommerce.CreditCard.frontOfficeLogin(CreditCard.java:312)
	at com.cybersource.test.woocommerce.CreditCard.executeAuth(CreditCard.java:392)
	at java.base/java.util.ArrayList.forEach(ArrayList.java:1511)
	at java.base/java.util.concurrent.FutureTask.run(FutureTask.java:264)
	at java.base/java.util.concurrent.ThreadPoolExecutor.runWorker(ThreadPoolExecutor.java:1136)
	at java.base/java.util.concurrent.ThreadPoolExecutor$Worker.run(ThreadPoolExecutor.java:635)
	at java.base/java.lang.Thread.run(Thread.java:833)
... Removed 18 stack frames</pre></div><a href='#' onClick='toggleBox("stack-trace300989918", this, "Click to show all stack frames", "Click to hide stack frames")'>Click to show all stack frames</a>
<div class='stack-trace' id='stack-trace300989918'><pre>java.lang.NullPointerException: Cannot invoke &quot;org.openqa.selenium.WebDriver.findElement(org.openqa.selenium.By)&quot; because &quot;driver&quot; is null
	at com.cybersource.test.util.CommonUtil.findElementById(CommonUtil.java:1231)
	at com.cybersource.test.util.CommonUtil.setElementValueById(CommonUtil.java:207)
	at com.cybersource.test.woocommerce.CreditCard.frontOfficeLogin(CreditCard.java:312)
	at com.cybersource.test.woocommerce.CreditCard.executeAuth(CreditCard.java:392)
	at java.base/jdk.internal.reflect.NativeMethodAccessorImpl.invoke0(Native Method)
	at java.base/jdk.internal.reflect.NativeMethodAccessorImpl.invoke(NativeMethodAccessorImpl.java:77)
	at java.base/jdk.internal.reflect.DelegatingMethodAccessorImpl.invoke(DelegatingMethodAccessorImpl.java:43)
	at java.base/java.lang.reflect.Method.invoke(Method.java:568)
	at org.testng.internal.MethodInvocationHelper.invokeMethod(MethodInvocationHelper.java:133)
	at org.testng.internal.TestInvoker.invokeMethod(TestInvoker.java:598)
	at org.testng.internal.TestInvoker.invokeTestMethod(TestInvoker.java:173)
	at org.testng.internal.MethodRunner.runInSequence(MethodRunner.java:46)
	at org.testng.internal.TestInvoker$MethodInvocationAgent.invoke(TestInvoker.java:824)
	at org.testng.internal.TestInvoker.invokeTestMethods(TestInvoker.java:146)
	at org.testng.internal.TestMethodWorker.invokeTestMethods(TestMethodWorker.java:146)
	at org.testng.internal.TestMethodWorker.run(TestMethodWorker.java:128)
	at java.base/java.util.ArrayList.forEach(ArrayList.java:1511)
	at org.testng.TestRunner.privateRun(TestRunner.java:794)
	at org.testng.TestRunner.run(TestRunner.java:596)
	at org.testng.SuiteRunner.runTest(SuiteRunner.java:377)
	at org.testng.SuiteRunner.access$000(SuiteRunner.java:28)
	at org.testng.SuiteRunner$SuiteWorker.run(SuiteRunner.java:418)
	at org.testng.internal.thread.ThreadUtil.lambda$execute$0(ThreadUtil.java:64)
	at java.base/java.util.concurrent.FutureTask.run(FutureTask.java:264)
	at java.base/java.util.concurrent.ThreadPoolExecutor.runWorker(ThreadPoolExecutor.java:1136)
	at java.base/java.util.concurrent.ThreadPoolExecutor$Worker.run(ThreadPoolExecutor.java:635)
	at java.base/java.lang.Thread.run(Thread.java:833)
</pre></div></td>
<td>23</td>
<td>com.cybersource.test.woocommerce.CreditCard@78452606</td></tr>
</table><p>
</body>
</html>