<?xml version="1.0" encoding="UTF-8"?>
<!-- Generated by org.testng.reporters.JUnitXMLReporter -->
<testsuite ignored="9" hostname="L-356047061" failures="1" tests="1" name="CreditCardSaleRefund" time="11.443" errors="0" timestamp="2023-05-18T18:17:52 IST">
  <testcase classname="com.cybersource.test.woocommerce.CreditCard" name="executeSaleRefund" time="11.181">
    <failure type="java.lang.NullPointerException" message="Cannot invoke &amp;quot;org.openqa.selenium.WebDriver.findElement(org.openqa.selenium.By)&amp;quot; because &amp;quot;driver&amp;quot; is null">
      <![CDATA[java.lang.NullPointerException: Cannot invoke "org.openqa.selenium.WebDriver.findElement(org.openqa.selenium.By)" because "driver" is null
at com.cybersource.test.util.CommonUtil.findElementById(CommonUtil.java:1231)
at com.cybersource.test.util.CommonUtil.setElementValueById(CommonUtil.java:207)
at com.cybersource.test.woocommerce.CreditCard.adminLogin(CreditCard.java:531)
at com.cybersource.test.woocommerce.CreditCard.saleConfiguration(CreditCard.java:142)
at com.cybersource.test.woocommerce.CreditCard.executeSaleRefund(CreditCard.java:268)
at java.base/java.util.ArrayList.forEach(ArrayList.java:1511)
at java.base/java.util.concurrent.FutureTask.run(FutureTask.java:264)
at java.base/java.util.concurrent.ThreadPoolExecutor.runWorker(ThreadPoolExecutor.java:1136)
at java.base/java.util.concurrent.ThreadPoolExecutor$Worker.run(ThreadPoolExecutor.java:635)
at java.base/java.lang.Thread.run(Thread.java:833)
... Removed 18 stack frames]]>
    </failure>
  </testcase> <!-- executeSaleRefund -->
  <testcase classname="com.cybersource.test.woocommerce.CreditCard" name="executeAuth" time="0.0">
    <ignored/>
  </testcase> <!-- executeAuth -->
  <testcase classname="com.cybersource.test.woocommerce.CreditCard" name="executeDecisionManager" time="0.0">
    <ignored/>
  </testcase> <!-- executeDecisionManager -->
  <testcase classname="com.cybersource.test.woocommerce.CreditCard" name="executeSale" time="0.0">
    <ignored/>
  </testcase> <!-- executeSale -->
  <testcase classname="com.cybersource.test.woocommerce.CreditCard" name="executeMyAccountAddCard" time="0.0">
    <ignored/>
  </testcase> <!-- executeMyAccountAddCard -->
  <testcase classname="com.cybersource.test.woocommerce.CreditCard" name="executeAuthAuthReversal" time="0.0">
    <ignored/>
  </testcase> <!-- executeAuthAuthReversal -->
  <testcase classname="com.cybersource.test.woocommerce.CreditCard" name="executeMyAccountDeleteCard" time="0.0">
    <ignored/>
  </testcase> <!-- executeMyAccountDeleteCard -->
  <testcase classname="com.cybersource.test.woocommerce.CreditCard" name="executeAuthCapRefund" time="0.0">
    <ignored/>
  </testcase> <!-- executeAuthCapRefund -->
  <testcase classname="com.cybersource.test.woocommerce.CreditCard" name="executeAuthCapture" time="0.0">
    <ignored/>
  </testcase> <!-- executeAuthCapture -->
  <testcase classname="com.cybersource.test.woocommerce.CreditCard" name="CreditCardConfiguration" time="0.0">
    <ignored/>
  </testcase> <!-- CreditCardConfiguration -->
</testsuite> <!-- CreditCardSaleRefund -->
