<!DOCTYPE html>

<html>
  <head>
  <meta charset='utf-8'>
  <title>TestNG reports</title>

    <link type="text/css" href="testng-reports1.css" rel="stylesheet" id="ultra" />
    <link type="text/css" href="testng-reports.css" rel="stylesheet" id="retro" disabled="false"/>
    <script type="text/javascript" src="jquery.min.js"></script>
    <script type="text/javascript" src="testng-reports.js"></script>
    <script type="text/javascript" src="https://www.google.com/jsapi"></script>
    <script type='text/javascript'>
      google.load('visualization', '1', {packages:['table']});
      google.setOnLoadCallback(drawTable);
      var suiteTableInitFunctions = new Array();
      var suiteTableData = new Array();
    </script>
    <!--
      <script type="text/javascript" src="jquery-ui/js/jquery-ui-1.8.16.custom.min.js"></script>
     -->
  </head>

  <body>
    <div class="top-banner-root">
      <span class="top-banner-title-font">Test results</span>
      <button id="button" class="button">Switch Retro Theme</button> <!-- button -->
      <br/>
      <span class="top-banner-font-1">1 suite, 4 failed tests</span>
    </div> <!-- top-banner-root -->
    <div class="navigator-root">
      <div class="navigator-suite-header">
        <span>All suites</span>
        <a href="#" title="Collapse/expand all the suites" class="collapse-all-link">
          <img src="collapseall.gif" class="collapse-all-icon">
          </img> <!-- collapse-all-icon -->
        </a> <!-- collapse-all-link -->
      </div> <!-- navigator-suite-header -->
      <div class="suite">
        <div class="rounded-window">
          <div class="suite-header light-rounded-window-top">
            <a href="#" panel-name="suite-CreditCardSanity" class="navigator-link">
              <span class="suite-name border-failed">CreditCardSanity</span>
            </a> <!-- navigator-link -->
          </div> <!-- suite-header light-rounded-window-top -->
          <div class="navigator-suite-content">
            <div class="suite-section-title">
              <span>Info</span>
            </div> <!-- suite-section-title -->
            <div class="suite-section-content">
              <ul>
                <li>
                  <a href="#" panel-name="test-xml-CreditCardSanity" class="navigator-link ">
                    <span>CreditCardSanity.xml</span>
                  </a> <!-- navigator-link  -->
                </li>
                <li>
                  <a href="#" panel-name="testlist-CreditCardSanity" class="navigator-link ">
                    <span class="test-stats">2 tests</span>
                  </a> <!-- navigator-link  -->
                </li>
                <li>
                  <a href="#" panel-name="group-CreditCardSanity" class="navigator-link ">
                    <span>0 groups</span>
                  </a> <!-- navigator-link  -->
                </li>
                <li>
                  <a href="#" panel-name="times-CreditCardSanity" class="navigator-link ">
                    <span>Times</span>
                  </a> <!-- navigator-link  -->
                </li>
                <li>
                  <a href="#" panel-name="reporter-CreditCardSanity" class="navigator-link ">
                    <span>Reporter output</span>
                  </a> <!-- navigator-link  -->
                </li>
                <li>
                  <a href="#" panel-name="ignored-methods-CreditCardSanity" class="navigator-link ">
                    <span>Ignored methods</span>
                  </a> <!-- navigator-link  -->
                </li>
                <li>
                  <a href="#" panel-name="chronological-CreditCardSanity" class="navigator-link ">
                    <span>Chronological view</span>
                  </a> <!-- navigator-link  -->
                </li>
              </ul>
            </div> <!-- suite-section-content -->
            <div class="result-section">
              <div class="suite-section-title">
                <span>Results</span>
              </div> <!-- suite-section-title -->
              <div class="suite-section-content">
                <ul>
                  <li>
                    <span class="method-stats">20 methods, 4 failed,  16 skipped,  </span>
                  </li>
                  <li>
                    <span class="method-list-title failed">Failed methods</span>
                    <span class="show-or-hide-methods failed">
                      <a href="#" panel-name="suite-CreditCardSanity" class="hide-methods failed suite-CreditCardSanity"> (hide)</a> <!-- hide-methods failed suite-CreditCardSanity -->
                      <a href="#" panel-name="suite-CreditCardSanity" class="show-methods failed suite-CreditCardSanity"> (show)</a> <!-- show-methods failed suite-CreditCardSanity -->
                    </span>
                    <div class="method-list-content failed suite-CreditCardSanity">
                      <span>
                        <img src="failed.png" width="3%"/>
                        <a href="#" panel-name="suite-CreditCardSanity" title="com.cybersource.test.woocommerce.CreditCard" class="method navigator-link" hash-for-method="executeAuth(Preethi, PreeThi_7, No, Hoodie, 1, Preethi, S , United States (US), 1295 Charleston road, Mountain v...)">executeAuth(Preethi, PreeThi_7, No, Hoodie, 1, Preethi, S , United States (US), 1295 Charleston road, Mountain v...)</a> <!-- method navigator-link -->
                      </span>
                      <br/>
                      <span>
                        <img src="failed.png" width="3%"/>
                        <a href="#" panel-name="suite-CreditCardSanity" title="com.cybersource.test.woocommerce.CreditCard" class="method navigator-link" hash-for-method="executeAuth(Preethi, PreeThi_7, No, Hoodie, 1, Preethi, S , United States (US), 1295 Charleston road, Mountain v...)">executeAuth(Preethi, PreeThi_7, No, Hoodie, 1, Preethi, S , United States (US), 1295 Charleston road, Mountain v...)</a> <!-- method navigator-link -->
                      </span>
                      <br/>
                      <span>
                        <img src="failed.png" width="3%"/>
                        <a href="#" panel-name="suite-CreditCardSanity" title="com.cybersource.test.woocommerce.CreditCard" class="method navigator-link" hash-for-method="executeAuthCapture(Preethi, PreeThi_7, No, Hoodie, 1, Preethi, S , United States (US), 1295 Charleston road, Mountain v...)">executeAuthCapture(Preethi, PreeThi_7, No, Hoodie, 1, Preethi, S , United States (US), 1295 Charleston road, Mountain v...)</a> <!-- method navigator-link -->
                      </span>
                      <br/>
                      <span>
                        <img src="failed.png" width="3%"/>
                        <a href="#" panel-name="suite-CreditCardSanity" title="com.cybersource.test.woocommerce.CreditCard" class="method navigator-link" hash-for-method="executeAuthCapture(Preethi, PreeThi_7, No, Hoodie, 1, Preethi, S , United States (US), 1295 Charleston road, Mountain v...)">executeAuthCapture(Preethi, PreeThi_7, No, Hoodie, 1, Preethi, S , United States (US), 1295 Charleston road, Mountain v...)</a> <!-- method navigator-link -->
                      </span>
                      <br/>
                    </div> <!-- method-list-content failed suite-CreditCardSanity -->
                  </li>
                  <li>
                    <span class="method-list-title skipped">Retried methods</span>
                    <span class="show-or-hide-methods skipped">
                      <a href="#" panel-name="suite-CreditCardSanity" class="hide-methods skipped suite-CreditCardSanity"> (hide)</a> <!-- hide-methods skipped suite-CreditCardSanity -->
                      <a href="#" panel-name="suite-CreditCardSanity" class="show-methods skipped suite-CreditCardSanity"> (show)</a> <!-- show-methods skipped suite-CreditCardSanity -->
                    </span>
                    <div class="method-list-content skipped suite-CreditCardSanity">
                      <span>
                        <img src="skipped.png" width="3%"/>
                        <a href="#" panel-name="suite-CreditCardSanity" title="com.cybersource.test.woocommerce.CreditCard" class="method navigator-link" hash-for-method="executeAuth(Preethi, PreeThi_7, No, Hoodie, 1, Preethi, S , United States (US), 1295 Charleston road, Mountain v...)">executeAuth(Preethi, PreeThi_7, No, Hoodie, 1, Preethi, S , United States (US), 1295 Charleston road, Mountain v...)</a> <!-- method navigator-link -->
                      </span>
                      <br/>
                      <span>
                        <img src="skipped.png" width="3%"/>
                        <a href="#" panel-name="suite-CreditCardSanity" title="com.cybersource.test.woocommerce.CreditCard" class="method navigator-link" hash-for-method="executeAuth(Preethi, PreeThi_7, No, Hoodie, 1, Preethi, S , United States (US), 1295 Charleston road, Mountain v...)">executeAuth(Preethi, PreeThi_7, No, Hoodie, 1, Preethi, S , United States (US), 1295 Charleston road, Mountain v...)</a> <!-- method navigator-link -->
                      </span>
                      <br/>
                      <span>
                        <img src="skipped.png" width="3%"/>
                        <a href="#" panel-name="suite-CreditCardSanity" title="com.cybersource.test.woocommerce.CreditCard" class="method navigator-link" hash-for-method="executeAuth(Preethi, PreeThi_7, No, Hoodie, 1, Preethi, S , United States (US), 1295 Charleston road, Mountain v...)">executeAuth(Preethi, PreeThi_7, No, Hoodie, 1, Preethi, S , United States (US), 1295 Charleston road, Mountain v...)</a> <!-- method navigator-link -->
                      </span>
                      <br/>
                      <span>
                        <img src="skipped.png" width="3%"/>
                        <a href="#" panel-name="suite-CreditCardSanity" title="com.cybersource.test.woocommerce.CreditCard" class="method navigator-link" hash-for-method="executeAuth(Preethi, PreeThi_7, No, Hoodie, 1, Preethi, S , United States (US), 1295 Charleston road, Mountain v...)">executeAuth(Preethi, PreeThi_7, No, Hoodie, 1, Preethi, S , United States (US), 1295 Charleston road, Mountain v...)</a> <!-- method navigator-link -->
                      </span>
                      <br/>
                      <span>
                        <img src="skipped.png" width="3%"/>
                        <a href="#" panel-name="suite-CreditCardSanity" title="com.cybersource.test.woocommerce.CreditCard" class="method navigator-link" hash-for-method="executeAuth(Preethi, PreeThi_7, No, Hoodie, 1, Preethi, S , United States (US), 1295 Charleston road, Mountain v...)">executeAuth(Preethi, PreeThi_7, No, Hoodie, 1, Preethi, S , United States (US), 1295 Charleston road, Mountain v...)</a> <!-- method navigator-link -->
                      </span>
                      <br/>
                      <span>
                        <img src="skipped.png" width="3%"/>
                        <a href="#" panel-name="suite-CreditCardSanity" title="com.cybersource.test.woocommerce.CreditCard" class="method navigator-link" hash-for-method="executeAuth(Preethi, PreeThi_7, No, Hoodie, 1, Preethi, S , United States (US), 1295 Charleston road, Mountain v...)">executeAuth(Preethi, PreeThi_7, No, Hoodie, 1, Preethi, S , United States (US), 1295 Charleston road, Mountain v...)</a> <!-- method navigator-link -->
                      </span>
                      <br/>
                      <span>
                        <img src="skipped.png" width="3%"/>
                        <a href="#" panel-name="suite-CreditCardSanity" title="com.cybersource.test.woocommerce.CreditCard" class="method navigator-link" hash-for-method="executeAuth(Preethi, PreeThi_7, No, Hoodie, 1, Preethi, S , United States (US), 1295 Charleston road, Mountain v...)">executeAuth(Preethi, PreeThi_7, No, Hoodie, 1, Preethi, S , United States (US), 1295 Charleston road, Mountain v...)</a> <!-- method navigator-link -->
                      </span>
                      <br/>
                      <span>
                        <img src="skipped.png" width="3%"/>
                        <a href="#" panel-name="suite-CreditCardSanity" title="com.cybersource.test.woocommerce.CreditCard" class="method navigator-link" hash-for-method="executeAuth(Preethi, PreeThi_7, No, Hoodie, 1, Preethi, S , United States (US), 1295 Charleston road, Mountain v...)">executeAuth(Preethi, PreeThi_7, No, Hoodie, 1, Preethi, S , United States (US), 1295 Charleston road, Mountain v...)</a> <!-- method navigator-link -->
                      </span>
                      <br/>
                      <span>
                        <img src="skipped.png" width="3%"/>
                        <a href="#" panel-name="suite-CreditCardSanity" title="com.cybersource.test.woocommerce.CreditCard" class="method navigator-link" hash-for-method="executeAuthCapture(Preethi, PreeThi_7, No, Hoodie, 1, Preethi, S , United States (US), 1295 Charleston road, Mountain v...)">executeAuthCapture(Preethi, PreeThi_7, No, Hoodie, 1, Preethi, S , United States (US), 1295 Charleston road, Mountain v...)</a> <!-- method navigator-link -->
                      </span>
                      <br/>
                      <span>
                        <img src="skipped.png" width="3%"/>
                        <a href="#" panel-name="suite-CreditCardSanity" title="com.cybersource.test.woocommerce.CreditCard" class="method navigator-link" hash-for-method="executeAuthCapture(Preethi, PreeThi_7, No, Hoodie, 1, Preethi, S , United States (US), 1295 Charleston road, Mountain v...)">executeAuthCapture(Preethi, PreeThi_7, No, Hoodie, 1, Preethi, S , United States (US), 1295 Charleston road, Mountain v...)</a> <!-- method navigator-link -->
                      </span>
                      <br/>
                      <span>
                        <img src="skipped.png" width="3%"/>
                        <a href="#" panel-name="suite-CreditCardSanity" title="com.cybersource.test.woocommerce.CreditCard" class="method navigator-link" hash-for-method="executeAuthCapture(Preethi, PreeThi_7, No, Hoodie, 1, Preethi, S , United States (US), 1295 Charleston road, Mountain v...)">executeAuthCapture(Preethi, PreeThi_7, No, Hoodie, 1, Preethi, S , United States (US), 1295 Charleston road, Mountain v...)</a> <!-- method navigator-link -->
                      </span>
                      <br/>
                      <span>
                        <img src="skipped.png" width="3%"/>
                        <a href="#" panel-name="suite-CreditCardSanity" title="com.cybersource.test.woocommerce.CreditCard" class="method navigator-link" hash-for-method="executeAuthCapture(Preethi, PreeThi_7, No, Hoodie, 1, Preethi, S , United States (US), 1295 Charleston road, Mountain v...)">executeAuthCapture(Preethi, PreeThi_7, No, Hoodie, 1, Preethi, S , United States (US), 1295 Charleston road, Mountain v...)</a> <!-- method navigator-link -->
                      </span>
                      <br/>
                      <span>
                        <img src="skipped.png" width="3%"/>
                        <a href="#" panel-name="suite-CreditCardSanity" title="com.cybersource.test.woocommerce.CreditCard" class="method navigator-link" hash-for-method="executeAuthCapture(Preethi, PreeThi_7, No, Hoodie, 1, Preethi, S , United States (US), 1295 Charleston road, Mountain v...)">executeAuthCapture(Preethi, PreeThi_7, No, Hoodie, 1, Preethi, S , United States (US), 1295 Charleston road, Mountain v...)</a> <!-- method navigator-link -->
                      </span>
                      <br/>
                      <span>
                        <img src="skipped.png" width="3%"/>
                        <a href="#" panel-name="suite-CreditCardSanity" title="com.cybersource.test.woocommerce.CreditCard" class="method navigator-link" hash-for-method="executeAuthCapture(Preethi, PreeThi_7, No, Hoodie, 1, Preethi, S , United States (US), 1295 Charleston road, Mountain v...)">executeAuthCapture(Preethi, PreeThi_7, No, Hoodie, 1, Preethi, S , United States (US), 1295 Charleston road, Mountain v...)</a> <!-- method navigator-link -->
                      </span>
                      <br/>
                      <span>
                        <img src="skipped.png" width="3%"/>
                        <a href="#" panel-name="suite-CreditCardSanity" title="com.cybersource.test.woocommerce.CreditCard" class="method navigator-link" hash-for-method="executeAuthCapture(Preethi, PreeThi_7, No, Hoodie, 1, Preethi, S , United States (US), 1295 Charleston road, Mountain v...)">executeAuthCapture(Preethi, PreeThi_7, No, Hoodie, 1, Preethi, S , United States (US), 1295 Charleston road, Mountain v...)</a> <!-- method navigator-link -->
                      </span>
                      <br/>
                      <span>
                        <img src="skipped.png" width="3%"/>
                        <a href="#" panel-name="suite-CreditCardSanity" title="com.cybersource.test.woocommerce.CreditCard" class="method navigator-link" hash-for-method="executeAuthCapture(Preethi, PreeThi_7, No, Hoodie, 1, Preethi, S , United States (US), 1295 Charleston road, Mountain v...)">executeAuthCapture(Preethi, PreeThi_7, No, Hoodie, 1, Preethi, S , United States (US), 1295 Charleston road, Mountain v...)</a> <!-- method navigator-link -->
                      </span>
                      <br/>
                    </div> <!-- method-list-content skipped suite-CreditCardSanity -->
                  </li>
                </ul>
              </div> <!-- suite-section-content -->
            </div> <!-- result-section -->
          </div> <!-- navigator-suite-content -->
        </div> <!-- rounded-window -->
      </div> <!-- suite -->
    </div> <!-- navigator-root -->
    <div class="wrapper">
      <div class="main-panel-root">
        <div panel-name="suite-CreditCardSanity" class="panel CreditCardSanity">
          <div class="suite-CreditCardSanity-class-failed">
            <div class="main-panel-header rounded-window-top">
              <img src="failed.png"/>
              <span class="class-name">com.cybersource.test.woocommerce.CreditCard</span>
            </div> <!-- main-panel-header rounded-window-top -->
            <div class="main-panel-content rounded-window-bottom">
              <div class="method">
                <div class="method-content">
                  <a name="executeAuth(Preethi, PreeThi_7, No, Hoodie, 1, Preethi, S , United States (US), 1295 Charleston road, Mountain v...)">
                  </a> <!-- executeAuth(Preethi, PreeThi_7, No, Hoodie, 1, Preethi, S , United States (US), 1295 Charleston road, Mountain v...) -->
                  <span class="method-name">executeAuth</span>
                  <span class="parameters">(Preethi, PreeThi_7, No, Hoodie, 1, Preethi, S , United States (US), 1295 Charleston road, Mountain view, California, 94340, 7036346568, test@email.com, No, Preethi, S , United Kingdom (UK), 123 KV Road, Mountain View, WF12 0DE, 4111111111111111, 123, 03, 25, Capture, No, wiproltd, madhan123, !Tester464)</span>
                  <div class="stack-trace">org.openqa.selenium.NoSuchElementException: no such element: Unable to locate element: {&quot;method&quot;:&quot;css selector&quot;,&quot;selector&quot;:&quot;#billing_first_name&quot;}
  (Session info: chrome=129.0.6668.59)
For documentation on this error, please visit: https://selenium.dev/exceptions/#no_such_element
Build info: version: &apos;4.1.2&apos;, revision: &apos;9a5a329c5a&apos;
System info: host: &apos;C02HF63LQ6L5&apos;, ip: &apos;fe80:0:0:0:1003:81f0:33e2:f752%en0&apos;, os.name: &apos;Mac OS X&apos;, os.arch: &apos;x86_64&apos;, os.version: &apos;10.16&apos;, java.version: &apos;15.0.2&apos;
Driver info: org.openqa.selenium.chrome.ChromeDriver
Command: [4dcc2c1a58b8b7eb4f94ca03a85b9c52, findElement {using=id, value=billing_first_name}]
Capabilities {acceptInsecureCerts: false, browserName: chrome, browserVersion: 129.0.6668.59, chrome: {chromedriverVersion: 129.0.6668.58 (81a06fb873a9..., userDataDir: /var/folders/25/16fzy7t11dn...}, fedcm:accounts: true, goog:chromeOptions: {debuggerAddress: localhost:59474}, javascriptEnabled: true, networkConnectionEnabled: false, pageLoadStrategy: normal, platform: MAC, platformName: MAC, proxy: Proxy(), se:cdp: ws://localhost:59474/devtoo..., se:cdpVersion: 129.0.6668.59, setWindowRect: true, strictFileInteractability: false, timeouts: {implicit: 0, pageLoad: 300000, script: 30000}, unhandledPromptBehavior: dismiss and notify, webauthn:extension:credBlob: true, webauthn:extension:largeBlob: true, webauthn:extension:minPinLength: true, webauthn:extension:prf: true, webauthn:virtualAuthenticators: true}
Session ID: 4dcc2c1a58b8b7eb4f94ca03a85b9c52
	at org.openqa.selenium.remote.codec.w3c.W3CHttpResponseCodec.createException(W3CHttpResponseCodec.java:200)
	at org.openqa.selenium.remote.codec.w3c.W3CHttpResponseCodec.decode(W3CHttpResponseCodec.java:133)
	at org.openqa.selenium.remote.codec.w3c.W3CHttpResponseCodec.decode(W3CHttpResponseCodec.java:53)
	at org.openqa.selenium.remote.HttpCommandExecutor.execute(HttpCommandExecutor.java:184)
	at org.openqa.selenium.remote.service.DriverCommandExecutor.invokeExecute(DriverCommandExecutor.java:167)
	at org.openqa.selenium.remote.service.DriverCommandExecutor.execute(DriverCommandExecutor.java:142)
	at org.openqa.selenium.remote.RemoteWebDriver.execute(RemoteWebDriver.java:558)
	at org.openqa.selenium.remote.ElementLocation$ElementFinder$2.findElement(ElementLocation.java:162)
	at org.openqa.selenium.remote.ElementLocation.findElement(ElementLocation.java:60)
	at org.openqa.selenium.remote.RemoteWebDriver.findElement(RemoteWebDriver.java:382)
	at org.openqa.selenium.remote.RemoteWebDriver.findElement(RemoteWebDriver.java:374)
	at com.cybersource.test.util.CommonUtil.findElementById(CommonUtil.java:1018)
	at com.cybersource.test.util.CommonUtil.frontOfficeBillingAddress(CommonUtil.java:2382)
	at com.cybersource.test.woocommerce.CreditCard.executeAuth(CreditCard.java:499)
	at java.base/java.util.ArrayList.forEach(ArrayList.java:1511)
... Removed 32 stack frames
</div> <!-- stack-trace -->
                </div> <!-- method-content -->
              </div> <!-- method -->
              <div class="method">
                <div class="method-content">
                  <a name="executeAuth(Preethi, PreeThi_7, No, Hoodie, 1, Preethi, S , United States (US), 1295 Charleston road, Mountain v...)">
                  </a> <!-- executeAuth(Preethi, PreeThi_7, No, Hoodie, 1, Preethi, S , United States (US), 1295 Charleston road, Mountain v...) -->
                  <span class="method-name">executeAuth</span>
                  <span class="parameters">(Preethi, PreeThi_7, No, Hoodie, 1, Preethi, S , United States (US), 1295 Charleston road, Mountain view, California, 94340, 7036346568, test@email.com, No, Preethi, S , United Kingdom (UK), 123 KV Road, Mountain View, WF12 0DE, 4111111111111111, 123, 03, 25, Auth, No, wiproltd, madhan123, !Tester464)</span>
                  <div class="stack-trace">org.openqa.selenium.NoSuchElementException: no such element: Unable to locate element: {&quot;method&quot;:&quot;css selector&quot;,&quot;selector&quot;:&quot;#billing_first_name&quot;}
  (Session info: chrome=129.0.6668.59)
For documentation on this error, please visit: https://selenium.dev/exceptions/#no_such_element
Build info: version: &apos;4.1.2&apos;, revision: &apos;9a5a329c5a&apos;
System info: host: &apos;C02HF63LQ6L5&apos;, ip: &apos;fe80:0:0:0:1003:81f0:33e2:f752%en0&apos;, os.name: &apos;Mac OS X&apos;, os.arch: &apos;x86_64&apos;, os.version: &apos;10.16&apos;, java.version: &apos;15.0.2&apos;
Driver info: org.openqa.selenium.chrome.ChromeDriver
Command: [4dcc2c1a58b8b7eb4f94ca03a85b9c52, findElement {using=id, value=billing_first_name}]
Capabilities {acceptInsecureCerts: false, browserName: chrome, browserVersion: 129.0.6668.59, chrome: {chromedriverVersion: 129.0.6668.58 (81a06fb873a9..., userDataDir: /var/folders/25/16fzy7t11dn...}, fedcm:accounts: true, goog:chromeOptions: {debuggerAddress: localhost:59474}, javascriptEnabled: true, networkConnectionEnabled: false, pageLoadStrategy: normal, platform: MAC, platformName: MAC, proxy: Proxy(), se:cdp: ws://localhost:59474/devtoo..., se:cdpVersion: 129.0.6668.59, setWindowRect: true, strictFileInteractability: false, timeouts: {implicit: 0, pageLoad: 300000, script: 30000}, unhandledPromptBehavior: dismiss and notify, webauthn:extension:credBlob: true, webauthn:extension:largeBlob: true, webauthn:extension:minPinLength: true, webauthn:extension:prf: true, webauthn:virtualAuthenticators: true}
Session ID: 4dcc2c1a58b8b7eb4f94ca03a85b9c52
	at org.openqa.selenium.remote.codec.w3c.W3CHttpResponseCodec.createException(W3CHttpResponseCodec.java:200)
	at org.openqa.selenium.remote.codec.w3c.W3CHttpResponseCodec.decode(W3CHttpResponseCodec.java:133)
	at org.openqa.selenium.remote.codec.w3c.W3CHttpResponseCodec.decode(W3CHttpResponseCodec.java:53)
	at org.openqa.selenium.remote.HttpCommandExecutor.execute(HttpCommandExecutor.java:184)
	at org.openqa.selenium.remote.service.DriverCommandExecutor.invokeExecute(DriverCommandExecutor.java:167)
	at org.openqa.selenium.remote.service.DriverCommandExecutor.execute(DriverCommandExecutor.java:142)
	at org.openqa.selenium.remote.RemoteWebDriver.execute(RemoteWebDriver.java:558)
	at org.openqa.selenium.remote.ElementLocation$ElementFinder$2.findElement(ElementLocation.java:162)
	at org.openqa.selenium.remote.ElementLocation.findElement(ElementLocation.java:60)
	at org.openqa.selenium.remote.RemoteWebDriver.findElement(RemoteWebDriver.java:382)
	at org.openqa.selenium.remote.RemoteWebDriver.findElement(RemoteWebDriver.java:374)
	at com.cybersource.test.util.CommonUtil.findElementById(CommonUtil.java:1018)
	at com.cybersource.test.util.CommonUtil.frontOfficeBillingAddress(CommonUtil.java:2382)
	at com.cybersource.test.woocommerce.CreditCard.executeAuth(CreditCard.java:499)
	at java.base/java.util.ArrayList.forEach(ArrayList.java:1511)
... Removed 32 stack frames
</div> <!-- stack-trace -->
                </div> <!-- method-content -->
              </div> <!-- method -->
              <div class="method">
                <div class="method-content">
                  <a name="executeAuthCapture(Preethi, PreeThi_7, No, Hoodie, 1, Preethi, S , United States (US), 1295 Charleston road, Mountain v...)">
                  </a> <!-- executeAuthCapture(Preethi, PreeThi_7, No, Hoodie, 1, Preethi, S , United States (US), 1295 Charleston road, Mountain v...) -->
                  <span class="method-name">executeAuthCapture</span>
                  <span class="parameters">(Preethi, PreeThi_7, No, Hoodie, 1, Preethi, S , United States (US), 1295 Charleston road, Mountain view, California, 94340, 7036346568, test@email.com, No, Preethi, S , United Kingdom (UK), 123 KV Road, Mountain View, WF12 0DE, 4111111111111111, 123, 03, 25, Capture, No, wiproltd, madhan123, !Tester464)</span>
                  <div class="stack-trace">org.openqa.selenium.NoSuchElementException: no such element: Unable to locate element: {&quot;method&quot;:&quot;css selector&quot;,&quot;selector&quot;:&quot;#billing_first_name&quot;}
  (Session info: chrome=129.0.6668.59)
For documentation on this error, please visit: https://selenium.dev/exceptions/#no_such_element
Build info: version: &apos;4.1.2&apos;, revision: &apos;9a5a329c5a&apos;
System info: host: &apos;C02HF63LQ6L5&apos;, ip: &apos;fe80:0:0:0:1003:81f0:33e2:f752%en0&apos;, os.name: &apos;Mac OS X&apos;, os.arch: &apos;x86_64&apos;, os.version: &apos;10.16&apos;, java.version: &apos;15.0.2&apos;
Driver info: org.openqa.selenium.chrome.ChromeDriver
Command: [4dcc2c1a58b8b7eb4f94ca03a85b9c52, findElement {using=id, value=billing_first_name}]
Capabilities {acceptInsecureCerts: false, browserName: chrome, browserVersion: 129.0.6668.59, chrome: {chromedriverVersion: 129.0.6668.58 (81a06fb873a9..., userDataDir: /var/folders/25/16fzy7t11dn...}, fedcm:accounts: true, goog:chromeOptions: {debuggerAddress: localhost:59474}, javascriptEnabled: true, networkConnectionEnabled: false, pageLoadStrategy: normal, platform: MAC, platformName: MAC, proxy: Proxy(), se:cdp: ws://localhost:59474/devtoo..., se:cdpVersion: 129.0.6668.59, setWindowRect: true, strictFileInteractability: false, timeouts: {implicit: 0, pageLoad: 300000, script: 30000}, unhandledPromptBehavior: dismiss and notify, webauthn:extension:credBlob: true, webauthn:extension:largeBlob: true, webauthn:extension:minPinLength: true, webauthn:extension:prf: true, webauthn:virtualAuthenticators: true}
Session ID: 4dcc2c1a58b8b7eb4f94ca03a85b9c52
	at org.openqa.selenium.remote.codec.w3c.W3CHttpResponseCodec.createException(W3CHttpResponseCodec.java:200)
	at org.openqa.selenium.remote.codec.w3c.W3CHttpResponseCodec.decode(W3CHttpResponseCodec.java:133)
	at org.openqa.selenium.remote.codec.w3c.W3CHttpResponseCodec.decode(W3CHttpResponseCodec.java:53)
	at org.openqa.selenium.remote.HttpCommandExecutor.execute(HttpCommandExecutor.java:184)
	at org.openqa.selenium.remote.service.DriverCommandExecutor.invokeExecute(DriverCommandExecutor.java:167)
	at org.openqa.selenium.remote.service.DriverCommandExecutor.execute(DriverCommandExecutor.java:142)
	at org.openqa.selenium.remote.RemoteWebDriver.execute(RemoteWebDriver.java:558)
	at org.openqa.selenium.remote.ElementLocation$ElementFinder$2.findElement(ElementLocation.java:162)
	at org.openqa.selenium.remote.ElementLocation.findElement(ElementLocation.java:60)
	at org.openqa.selenium.remote.RemoteWebDriver.findElement(RemoteWebDriver.java:382)
	at org.openqa.selenium.remote.RemoteWebDriver.findElement(RemoteWebDriver.java:374)
	at com.cybersource.test.util.CommonUtil.findElementById(CommonUtil.java:1018)
	at com.cybersource.test.util.CommonUtil.frontOfficeBillingAddress(CommonUtil.java:2382)
	at com.cybersource.test.woocommerce.CreditCard.executeAuth(CreditCard.java:499)
	at com.cybersource.test.woocommerce.CreditCard.executeAuthCapture(CreditCard.java:167)
	at java.base/java.util.ArrayList.forEach(ArrayList.java:1511)
... Removed 31 stack frames
</div> <!-- stack-trace -->
                </div> <!-- method-content -->
              </div> <!-- method -->
              <div class="method">
                <div class="method-content">
                  <a name="executeAuthCapture(Preethi, PreeThi_7, No, Hoodie, 1, Preethi, S , United States (US), 1295 Charleston road, Mountain v...)">
                  </a> <!-- executeAuthCapture(Preethi, PreeThi_7, No, Hoodie, 1, Preethi, S , United States (US), 1295 Charleston road, Mountain v...) -->
                  <span class="method-name">executeAuthCapture</span>
                  <span class="parameters">(Preethi, PreeThi_7, No, Hoodie, 1, Preethi, S , United States (US), 1295 Charleston road, Mountain view, California, 94340, 7036346568, test@email.com, No, Preethi, S , United Kingdom (UK), 123 KV Road, Mountain View, WF12 0DE, 4111111111111111, 123, 03, 25, Auth, No, wiproltd, madhan123, !Tester464)</span>
                  <div class="stack-trace">org.openqa.selenium.NoSuchElementException: no such element: Unable to locate element: {&quot;method&quot;:&quot;css selector&quot;,&quot;selector&quot;:&quot;#billing_first_name&quot;}
  (Session info: chrome=129.0.6668.59)
For documentation on this error, please visit: https://selenium.dev/exceptions/#no_such_element
Build info: version: &apos;4.1.2&apos;, revision: &apos;9a5a329c5a&apos;
System info: host: &apos;C02HF63LQ6L5&apos;, ip: &apos;fe80:0:0:0:1003:81f0:33e2:f752%en0&apos;, os.name: &apos;Mac OS X&apos;, os.arch: &apos;x86_64&apos;, os.version: &apos;10.16&apos;, java.version: &apos;15.0.2&apos;
Driver info: org.openqa.selenium.chrome.ChromeDriver
Command: [4dcc2c1a58b8b7eb4f94ca03a85b9c52, findElement {using=id, value=billing_first_name}]
Capabilities {acceptInsecureCerts: false, browserName: chrome, browserVersion: 129.0.6668.59, chrome: {chromedriverVersion: 129.0.6668.58 (81a06fb873a9..., userDataDir: /var/folders/25/16fzy7t11dn...}, fedcm:accounts: true, goog:chromeOptions: {debuggerAddress: localhost:59474}, javascriptEnabled: true, networkConnectionEnabled: false, pageLoadStrategy: normal, platform: MAC, platformName: MAC, proxy: Proxy(), se:cdp: ws://localhost:59474/devtoo..., se:cdpVersion: 129.0.6668.59, setWindowRect: true, strictFileInteractability: false, timeouts: {implicit: 0, pageLoad: 300000, script: 30000}, unhandledPromptBehavior: dismiss and notify, webauthn:extension:credBlob: true, webauthn:extension:largeBlob: true, webauthn:extension:minPinLength: true, webauthn:extension:prf: true, webauthn:virtualAuthenticators: true}
Session ID: 4dcc2c1a58b8b7eb4f94ca03a85b9c52
	at org.openqa.selenium.remote.codec.w3c.W3CHttpResponseCodec.createException(W3CHttpResponseCodec.java:200)
	at org.openqa.selenium.remote.codec.w3c.W3CHttpResponseCodec.decode(W3CHttpResponseCodec.java:133)
	at org.openqa.selenium.remote.codec.w3c.W3CHttpResponseCodec.decode(W3CHttpResponseCodec.java:53)
	at org.openqa.selenium.remote.HttpCommandExecutor.execute(HttpCommandExecutor.java:184)
	at org.openqa.selenium.remote.service.DriverCommandExecutor.invokeExecute(DriverCommandExecutor.java:167)
	at org.openqa.selenium.remote.service.DriverCommandExecutor.execute(DriverCommandExecutor.java:142)
	at org.openqa.selenium.remote.RemoteWebDriver.execute(RemoteWebDriver.java:558)
	at org.openqa.selenium.remote.ElementLocation$ElementFinder$2.findElement(ElementLocation.java:162)
	at org.openqa.selenium.remote.ElementLocation.findElement(ElementLocation.java:60)
	at org.openqa.selenium.remote.RemoteWebDriver.findElement(RemoteWebDriver.java:382)
	at org.openqa.selenium.remote.RemoteWebDriver.findElement(RemoteWebDriver.java:374)
	at com.cybersource.test.util.CommonUtil.findElementById(CommonUtil.java:1018)
	at com.cybersource.test.util.CommonUtil.frontOfficeBillingAddress(CommonUtil.java:2382)
	at com.cybersource.test.woocommerce.CreditCard.executeAuth(CreditCard.java:499)
	at com.cybersource.test.woocommerce.CreditCard.executeAuthCapture(CreditCard.java:167)
	at java.base/java.util.ArrayList.forEach(ArrayList.java:1511)
... Removed 32 stack frames
</div> <!-- stack-trace -->
                </div> <!-- method-content -->
              </div> <!-- method -->
            </div> <!-- main-panel-content rounded-window-bottom -->
          </div> <!-- suite-CreditCardSanity-class-failed -->
          <div class="suite-CreditCardSanity-class-skipped">
            <div class="main-panel-header rounded-window-top">
              <img src="skipped.png"/>
              <span class="class-name">com.cybersource.test.woocommerce.CreditCard</span>
            </div> <!-- main-panel-header rounded-window-top -->
            <div class="main-panel-content rounded-window-bottom">
              <div class="method">
                <div class="method-content">
                  <a name="executeAuth(Preethi, PreeThi_7, No, Hoodie, 1, Preethi, S , United States (US), 1295 Charleston road, Mountain v...)">
                  </a> <!-- executeAuth(Preethi, PreeThi_7, No, Hoodie, 1, Preethi, S , United States (US), 1295 Charleston road, Mountain v...) -->
                  <span class="method-name">executeAuth</span>
                  <span class="parameters">(Preethi, PreeThi_7, No, Hoodie, 1, Preethi, S , United States (US), 1295 Charleston road, Mountain view, California, 94340, 7036346568, test@email.com, No, Preethi, S , United Kingdom (UK), 123 KV Road, Mountain View, WF12 0DE, 4111111111111111, 123, 03, 25, Auth, No, wiproltd, madhan123, !Tester464)</span>
                  <div class="stack-trace">org.openqa.selenium.NoSuchElementException: no such element: Unable to locate element: {&quot;method&quot;:&quot;css selector&quot;,&quot;selector&quot;:&quot;#billing_first_name&quot;}
  (Session info: chrome=129.0.6668.59)
For documentation on this error, please visit: https://selenium.dev/exceptions/#no_such_element
Build info: version: &apos;4.1.2&apos;, revision: &apos;9a5a329c5a&apos;
System info: host: &apos;C02HF63LQ6L5&apos;, ip: &apos;fe80:0:0:0:1003:81f0:33e2:f752%en0&apos;, os.name: &apos;Mac OS X&apos;, os.arch: &apos;x86_64&apos;, os.version: &apos;10.16&apos;, java.version: &apos;15.0.2&apos;
Driver info: org.openqa.selenium.chrome.ChromeDriver
Command: [4dcc2c1a58b8b7eb4f94ca03a85b9c52, findElement {using=id, value=billing_first_name}]
Capabilities {acceptInsecureCerts: false, browserName: chrome, browserVersion: 129.0.6668.59, chrome: {chromedriverVersion: 129.0.6668.58 (81a06fb873a9..., userDataDir: /var/folders/25/16fzy7t11dn...}, fedcm:accounts: true, goog:chromeOptions: {debuggerAddress: localhost:59474}, javascriptEnabled: true, networkConnectionEnabled: false, pageLoadStrategy: normal, platform: MAC, platformName: MAC, proxy: Proxy(), se:cdp: ws://localhost:59474/devtoo..., se:cdpVersion: 129.0.6668.59, setWindowRect: true, strictFileInteractability: false, timeouts: {implicit: 0, pageLoad: 300000, script: 30000}, unhandledPromptBehavior: dismiss and notify, webauthn:extension:credBlob: true, webauthn:extension:largeBlob: true, webauthn:extension:minPinLength: true, webauthn:extension:prf: true, webauthn:virtualAuthenticators: true}
Session ID: 4dcc2c1a58b8b7eb4f94ca03a85b9c52
	at org.openqa.selenium.remote.codec.w3c.W3CHttpResponseCodec.createException(W3CHttpResponseCodec.java:200)
	at org.openqa.selenium.remote.codec.w3c.W3CHttpResponseCodec.decode(W3CHttpResponseCodec.java:133)
	at org.openqa.selenium.remote.codec.w3c.W3CHttpResponseCodec.decode(W3CHttpResponseCodec.java:53)
	at org.openqa.selenium.remote.HttpCommandExecutor.execute(HttpCommandExecutor.java:184)
	at org.openqa.selenium.remote.service.DriverCommandExecutor.invokeExecute(DriverCommandExecutor.java:167)
	at org.openqa.selenium.remote.service.DriverCommandExecutor.execute(DriverCommandExecutor.java:142)
	at org.openqa.selenium.remote.RemoteWebDriver.execute(RemoteWebDriver.java:558)
	at org.openqa.selenium.remote.ElementLocation$ElementFinder$2.findElement(ElementLocation.java:162)
	at org.openqa.selenium.remote.ElementLocation.findElement(ElementLocation.java:60)
	at org.openqa.selenium.remote.RemoteWebDriver.findElement(RemoteWebDriver.java:382)
	at org.openqa.selenium.remote.RemoteWebDriver.findElement(RemoteWebDriver.java:374)
	at com.cybersource.test.util.CommonUtil.findElementById(CommonUtil.java:1018)
	at com.cybersource.test.util.CommonUtil.frontOfficeBillingAddress(CommonUtil.java:2382)
	at com.cybersource.test.woocommerce.CreditCard.executeAuth(CreditCard.java:499)
	at java.base/java.util.ArrayList.forEach(ArrayList.java:1511)
... Removed 32 stack frames
</div> <!-- stack-trace -->
                </div> <!-- method-content -->
              </div> <!-- method -->
              <div class="method">
                <div class="method-content">
                  <a name="executeAuth(Preethi, PreeThi_7, No, Hoodie, 1, Preethi, S , United States (US), 1295 Charleston road, Mountain v...)">
                  </a> <!-- executeAuth(Preethi, PreeThi_7, No, Hoodie, 1, Preethi, S , United States (US), 1295 Charleston road, Mountain v...) -->
                  <span class="method-name">executeAuth</span>
                  <span class="parameters">(Preethi, PreeThi_7, No, Hoodie, 1, Preethi, S , United States (US), 1295 Charleston road, Mountain view, California, 94340, 7036346568, test@email.com, No, Preethi, S , United Kingdom (UK), 123 KV Road, Mountain View, WF12 0DE, 4111111111111111, 123, 03, 25, Capture, No, wiproltd, madhan123, !Tester464)</span>
                  <div class="stack-trace">org.openqa.selenium.NoSuchElementException: no such element: Unable to locate element: {&quot;method&quot;:&quot;css selector&quot;,&quot;selector&quot;:&quot;#billing_first_name&quot;}
  (Session info: chrome=129.0.6668.59)
For documentation on this error, please visit: https://selenium.dev/exceptions/#no_such_element
Build info: version: &apos;4.1.2&apos;, revision: &apos;9a5a329c5a&apos;
System info: host: &apos;C02HF63LQ6L5&apos;, ip: &apos;fe80:0:0:0:1003:81f0:33e2:f752%en0&apos;, os.name: &apos;Mac OS X&apos;, os.arch: &apos;x86_64&apos;, os.version: &apos;10.16&apos;, java.version: &apos;15.0.2&apos;
Driver info: org.openqa.selenium.chrome.ChromeDriver
Command: [4dcc2c1a58b8b7eb4f94ca03a85b9c52, findElement {using=id, value=billing_first_name}]
Capabilities {acceptInsecureCerts: false, browserName: chrome, browserVersion: 129.0.6668.59, chrome: {chromedriverVersion: 129.0.6668.58 (81a06fb873a9..., userDataDir: /var/folders/25/16fzy7t11dn...}, fedcm:accounts: true, goog:chromeOptions: {debuggerAddress: localhost:59474}, javascriptEnabled: true, networkConnectionEnabled: false, pageLoadStrategy: normal, platform: MAC, platformName: MAC, proxy: Proxy(), se:cdp: ws://localhost:59474/devtoo..., se:cdpVersion: 129.0.6668.59, setWindowRect: true, strictFileInteractability: false, timeouts: {implicit: 0, pageLoad: 300000, script: 30000}, unhandledPromptBehavior: dismiss and notify, webauthn:extension:credBlob: true, webauthn:extension:largeBlob: true, webauthn:extension:minPinLength: true, webauthn:extension:prf: true, webauthn:virtualAuthenticators: true}
Session ID: 4dcc2c1a58b8b7eb4f94ca03a85b9c52
	at org.openqa.selenium.remote.codec.w3c.W3CHttpResponseCodec.createException(W3CHttpResponseCodec.java:200)
	at org.openqa.selenium.remote.codec.w3c.W3CHttpResponseCodec.decode(W3CHttpResponseCodec.java:133)
	at org.openqa.selenium.remote.codec.w3c.W3CHttpResponseCodec.decode(W3CHttpResponseCodec.java:53)
	at org.openqa.selenium.remote.HttpCommandExecutor.execute(HttpCommandExecutor.java:184)
	at org.openqa.selenium.remote.service.DriverCommandExecutor.invokeExecute(DriverCommandExecutor.java:167)
	at org.openqa.selenium.remote.service.DriverCommandExecutor.execute(DriverCommandExecutor.java:142)
	at org.openqa.selenium.remote.RemoteWebDriver.execute(RemoteWebDriver.java:558)
	at org.openqa.selenium.remote.ElementLocation$ElementFinder$2.findElement(ElementLocation.java:162)
	at org.openqa.selenium.remote.ElementLocation.findElement(ElementLocation.java:60)
	at org.openqa.selenium.remote.RemoteWebDriver.findElement(RemoteWebDriver.java:382)
	at org.openqa.selenium.remote.RemoteWebDriver.findElement(RemoteWebDriver.java:374)
	at com.cybersource.test.util.CommonUtil.findElementById(CommonUtil.java:1018)
	at com.cybersource.test.util.CommonUtil.frontOfficeBillingAddress(CommonUtil.java:2382)
	at com.cybersource.test.woocommerce.CreditCard.executeAuth(CreditCard.java:499)
	at java.base/java.util.ArrayList.forEach(ArrayList.java:1511)
... Removed 32 stack frames
</div> <!-- stack-trace -->
                </div> <!-- method-content -->
              </div> <!-- method -->
              <div class="method">
                <div class="method-content">
                  <a name="executeAuth(Preethi, PreeThi_7, No, Hoodie, 1, Preethi, S , United States (US), 1295 Charleston road, Mountain v...)">
                  </a> <!-- executeAuth(Preethi, PreeThi_7, No, Hoodie, 1, Preethi, S , United States (US), 1295 Charleston road, Mountain v...) -->
                  <span class="method-name">executeAuth</span>
                  <span class="parameters">(Preethi, PreeThi_7, No, Hoodie, 1, Preethi, S , United States (US), 1295 Charleston road, Mountain view, California, 94340, 7036346568, test@email.com, No, Preethi, S , United Kingdom (UK), 123 KV Road, Mountain View, WF12 0DE, 4111111111111111, 123, 03, 25, Capture, No, wiproltd, madhan123, !Tester464)</span>
                  <div class="stack-trace">org.openqa.selenium.NoSuchElementException: no such element: Unable to locate element: {&quot;method&quot;:&quot;css selector&quot;,&quot;selector&quot;:&quot;#billing_first_name&quot;}
  (Session info: chrome=129.0.6668.59)
For documentation on this error, please visit: https://selenium.dev/exceptions/#no_such_element
Build info: version: &apos;4.1.2&apos;, revision: &apos;9a5a329c5a&apos;
System info: host: &apos;C02HF63LQ6L5&apos;, ip: &apos;fe80:0:0:0:1003:81f0:33e2:f752%en0&apos;, os.name: &apos;Mac OS X&apos;, os.arch: &apos;x86_64&apos;, os.version: &apos;10.16&apos;, java.version: &apos;15.0.2&apos;
Driver info: org.openqa.selenium.chrome.ChromeDriver
Command: [4dcc2c1a58b8b7eb4f94ca03a85b9c52, findElement {using=id, value=billing_first_name}]
Capabilities {acceptInsecureCerts: false, browserName: chrome, browserVersion: 129.0.6668.59, chrome: {chromedriverVersion: 129.0.6668.58 (81a06fb873a9..., userDataDir: /var/folders/25/16fzy7t11dn...}, fedcm:accounts: true, goog:chromeOptions: {debuggerAddress: localhost:59474}, javascriptEnabled: true, networkConnectionEnabled: false, pageLoadStrategy: normal, platform: MAC, platformName: MAC, proxy: Proxy(), se:cdp: ws://localhost:59474/devtoo..., se:cdpVersion: 129.0.6668.59, setWindowRect: true, strictFileInteractability: false, timeouts: {implicit: 0, pageLoad: 300000, script: 30000}, unhandledPromptBehavior: dismiss and notify, webauthn:extension:credBlob: true, webauthn:extension:largeBlob: true, webauthn:extension:minPinLength: true, webauthn:extension:prf: true, webauthn:virtualAuthenticators: true}
Session ID: 4dcc2c1a58b8b7eb4f94ca03a85b9c52
	at org.openqa.selenium.remote.codec.w3c.W3CHttpResponseCodec.createException(W3CHttpResponseCodec.java:200)
	at org.openqa.selenium.remote.codec.w3c.W3CHttpResponseCodec.decode(W3CHttpResponseCodec.java:133)
	at org.openqa.selenium.remote.codec.w3c.W3CHttpResponseCodec.decode(W3CHttpResponseCodec.java:53)
	at org.openqa.selenium.remote.HttpCommandExecutor.execute(HttpCommandExecutor.java:184)
	at org.openqa.selenium.remote.service.DriverCommandExecutor.invokeExecute(DriverCommandExecutor.java:167)
	at org.openqa.selenium.remote.service.DriverCommandExecutor.execute(DriverCommandExecutor.java:142)
	at org.openqa.selenium.remote.RemoteWebDriver.execute(RemoteWebDriver.java:558)
	at org.openqa.selenium.remote.ElementLocation$ElementFinder$2.findElement(ElementLocation.java:162)
	at org.openqa.selenium.remote.ElementLocation.findElement(ElementLocation.java:60)
	at org.openqa.selenium.remote.RemoteWebDriver.findElement(RemoteWebDriver.java:382)
	at org.openqa.selenium.remote.RemoteWebDriver.findElement(RemoteWebDriver.java:374)
	at com.cybersource.test.util.CommonUtil.findElementById(CommonUtil.java:1018)
	at com.cybersource.test.util.CommonUtil.frontOfficeBillingAddress(CommonUtil.java:2382)
	at com.cybersource.test.woocommerce.CreditCard.executeAuth(CreditCard.java:499)
	at java.base/java.util.ArrayList.forEach(ArrayList.java:1511)
... Removed 32 stack frames
</div> <!-- stack-trace -->
                </div> <!-- method-content -->
              </div> <!-- method -->
              <div class="method">
                <div class="method-content">
                  <a name="executeAuth(Preethi, PreeThi_7, No, Hoodie, 1, Preethi, S , United States (US), 1295 Charleston road, Mountain v...)">
                  </a> <!-- executeAuth(Preethi, PreeThi_7, No, Hoodie, 1, Preethi, S , United States (US), 1295 Charleston road, Mountain v...) -->
                  <span class="method-name">executeAuth</span>
                  <span class="parameters">(Preethi, PreeThi_7, No, Hoodie, 1, Preethi, S , United States (US), 1295 Charleston road, Mountain view, California, 94340, 7036346568, test@email.com, No, Preethi, S , United Kingdom (UK), 123 KV Road, Mountain View, WF12 0DE, 4111111111111111, 123, 03, 25, Capture, No, wiproltd, madhan123, !Tester464)</span>
                  <div class="stack-trace">org.openqa.selenium.NoSuchElementException: no such element: Unable to locate element: {&quot;method&quot;:&quot;css selector&quot;,&quot;selector&quot;:&quot;#billing_first_name&quot;}
  (Session info: chrome=129.0.6668.59)
For documentation on this error, please visit: https://selenium.dev/exceptions/#no_such_element
Build info: version: &apos;4.1.2&apos;, revision: &apos;9a5a329c5a&apos;
System info: host: &apos;C02HF63LQ6L5&apos;, ip: &apos;fe80:0:0:0:1003:81f0:33e2:f752%en0&apos;, os.name: &apos;Mac OS X&apos;, os.arch: &apos;x86_64&apos;, os.version: &apos;10.16&apos;, java.version: &apos;15.0.2&apos;
Driver info: org.openqa.selenium.chrome.ChromeDriver
Command: [4dcc2c1a58b8b7eb4f94ca03a85b9c52, findElement {using=id, value=billing_first_name}]
Capabilities {acceptInsecureCerts: false, browserName: chrome, browserVersion: 129.0.6668.59, chrome: {chromedriverVersion: 129.0.6668.58 (81a06fb873a9..., userDataDir: /var/folders/25/16fzy7t11dn...}, fedcm:accounts: true, goog:chromeOptions: {debuggerAddress: localhost:59474}, javascriptEnabled: true, networkConnectionEnabled: false, pageLoadStrategy: normal, platform: MAC, platformName: MAC, proxy: Proxy(), se:cdp: ws://localhost:59474/devtoo..., se:cdpVersion: 129.0.6668.59, setWindowRect: true, strictFileInteractability: false, timeouts: {implicit: 0, pageLoad: 300000, script: 30000}, unhandledPromptBehavior: dismiss and notify, webauthn:extension:credBlob: true, webauthn:extension:largeBlob: true, webauthn:extension:minPinLength: true, webauthn:extension:prf: true, webauthn:virtualAuthenticators: true}
Session ID: 4dcc2c1a58b8b7eb4f94ca03a85b9c52
	at org.openqa.selenium.remote.codec.w3c.W3CHttpResponseCodec.createException(W3CHttpResponseCodec.java:200)
	at org.openqa.selenium.remote.codec.w3c.W3CHttpResponseCodec.decode(W3CHttpResponseCodec.java:133)
	at org.openqa.selenium.remote.codec.w3c.W3CHttpResponseCodec.decode(W3CHttpResponseCodec.java:53)
	at org.openqa.selenium.remote.HttpCommandExecutor.execute(HttpCommandExecutor.java:184)
	at org.openqa.selenium.remote.service.DriverCommandExecutor.invokeExecute(DriverCommandExecutor.java:167)
	at org.openqa.selenium.remote.service.DriverCommandExecutor.execute(DriverCommandExecutor.java:142)
	at org.openqa.selenium.remote.RemoteWebDriver.execute(RemoteWebDriver.java:558)
	at org.openqa.selenium.remote.ElementLocation$ElementFinder$2.findElement(ElementLocation.java:162)
	at org.openqa.selenium.remote.ElementLocation.findElement(ElementLocation.java:60)
	at org.openqa.selenium.remote.RemoteWebDriver.findElement(RemoteWebDriver.java:382)
	at org.openqa.selenium.remote.RemoteWebDriver.findElement(RemoteWebDriver.java:374)
	at com.cybersource.test.util.CommonUtil.findElementById(CommonUtil.java:1018)
	at com.cybersource.test.util.CommonUtil.frontOfficeBillingAddress(CommonUtil.java:2382)
	at com.cybersource.test.woocommerce.CreditCard.executeAuth(CreditCard.java:499)
	at java.base/java.util.ArrayList.forEach(ArrayList.java:1511)
... Removed 32 stack frames
</div> <!-- stack-trace -->
                </div> <!-- method-content -->
              </div> <!-- method -->
              <div class="method">
                <div class="method-content">
                  <a name="executeAuth(Preethi, PreeThi_7, No, Hoodie, 1, Preethi, S , United States (US), 1295 Charleston road, Mountain v...)">
                  </a> <!-- executeAuth(Preethi, PreeThi_7, No, Hoodie, 1, Preethi, S , United States (US), 1295 Charleston road, Mountain v...) -->
                  <span class="method-name">executeAuth</span>
                  <span class="parameters">(Preethi, PreeThi_7, No, Hoodie, 1, Preethi, S , United States (US), 1295 Charleston road, Mountain view, California, 94340, 7036346568, test@email.com, No, Preethi, S , United Kingdom (UK), 123 KV Road, Mountain View, WF12 0DE, 4111111111111111, 123, 03, 25, Auth, No, wiproltd, madhan123, !Tester464)</span>
                  <div class="stack-trace">org.openqa.selenium.NoSuchElementException: no such element: Unable to locate element: {&quot;method&quot;:&quot;css selector&quot;,&quot;selector&quot;:&quot;#billing_first_name&quot;}
  (Session info: chrome=129.0.6668.59)
For documentation on this error, please visit: https://selenium.dev/exceptions/#no_such_element
Build info: version: &apos;4.1.2&apos;, revision: &apos;9a5a329c5a&apos;
System info: host: &apos;C02HF63LQ6L5&apos;, ip: &apos;fe80:0:0:0:1003:81f0:33e2:f752%en0&apos;, os.name: &apos;Mac OS X&apos;, os.arch: &apos;x86_64&apos;, os.version: &apos;10.16&apos;, java.version: &apos;15.0.2&apos;
Driver info: org.openqa.selenium.chrome.ChromeDriver
Command: [4dcc2c1a58b8b7eb4f94ca03a85b9c52, findElement {using=id, value=billing_first_name}]
Capabilities {acceptInsecureCerts: false, browserName: chrome, browserVersion: 129.0.6668.59, chrome: {chromedriverVersion: 129.0.6668.58 (81a06fb873a9..., userDataDir: /var/folders/25/16fzy7t11dn...}, fedcm:accounts: true, goog:chromeOptions: {debuggerAddress: localhost:59474}, javascriptEnabled: true, networkConnectionEnabled: false, pageLoadStrategy: normal, platform: MAC, platformName: MAC, proxy: Proxy(), se:cdp: ws://localhost:59474/devtoo..., se:cdpVersion: 129.0.6668.59, setWindowRect: true, strictFileInteractability: false, timeouts: {implicit: 0, pageLoad: 300000, script: 30000}, unhandledPromptBehavior: dismiss and notify, webauthn:extension:credBlob: true, webauthn:extension:largeBlob: true, webauthn:extension:minPinLength: true, webauthn:extension:prf: true, webauthn:virtualAuthenticators: true}
Session ID: 4dcc2c1a58b8b7eb4f94ca03a85b9c52
	at org.openqa.selenium.remote.codec.w3c.W3CHttpResponseCodec.createException(W3CHttpResponseCodec.java:200)
	at org.openqa.selenium.remote.codec.w3c.W3CHttpResponseCodec.decode(W3CHttpResponseCodec.java:133)
	at org.openqa.selenium.remote.codec.w3c.W3CHttpResponseCodec.decode(W3CHttpResponseCodec.java:53)
	at org.openqa.selenium.remote.HttpCommandExecutor.execute(HttpCommandExecutor.java:184)
	at org.openqa.selenium.remote.service.DriverCommandExecutor.invokeExecute(DriverCommandExecutor.java:167)
	at org.openqa.selenium.remote.service.DriverCommandExecutor.execute(DriverCommandExecutor.java:142)
	at org.openqa.selenium.remote.RemoteWebDriver.execute(RemoteWebDriver.java:558)
	at org.openqa.selenium.remote.ElementLocation$ElementFinder$2.findElement(ElementLocation.java:162)
	at org.openqa.selenium.remote.ElementLocation.findElement(ElementLocation.java:60)
	at org.openqa.selenium.remote.RemoteWebDriver.findElement(RemoteWebDriver.java:382)
	at org.openqa.selenium.remote.RemoteWebDriver.findElement(RemoteWebDriver.java:374)
	at com.cybersource.test.util.CommonUtil.findElementById(CommonUtil.java:1018)
	at com.cybersource.test.util.CommonUtil.frontOfficeBillingAddress(CommonUtil.java:2382)
	at com.cybersource.test.woocommerce.CreditCard.executeAuth(CreditCard.java:499)
	at java.base/java.util.ArrayList.forEach(ArrayList.java:1511)
... Removed 32 stack frames
</div> <!-- stack-trace -->
                </div> <!-- method-content -->
              </div> <!-- method -->
              <div class="method">
                <div class="method-content">
                  <a name="executeAuth(Preethi, PreeThi_7, No, Hoodie, 1, Preethi, S , United States (US), 1295 Charleston road, Mountain v...)">
                  </a> <!-- executeAuth(Preethi, PreeThi_7, No, Hoodie, 1, Preethi, S , United States (US), 1295 Charleston road, Mountain v...) -->
                  <span class="method-name">executeAuth</span>
                  <span class="parameters">(Preethi, PreeThi_7, No, Hoodie, 1, Preethi, S , United States (US), 1295 Charleston road, Mountain view, California, 94340, 7036346568, test@email.com, No, Preethi, S , United Kingdom (UK), 123 KV Road, Mountain View, WF12 0DE, 4111111111111111, 123, 03, 25, Auth, No, wiproltd, madhan123, !Tester464)</span>
                  <div class="stack-trace">org.openqa.selenium.NoSuchElementException: no such element: Unable to locate element: {&quot;method&quot;:&quot;css selector&quot;,&quot;selector&quot;:&quot;#billing_first_name&quot;}
  (Session info: chrome=129.0.6668.59)
For documentation on this error, please visit: https://selenium.dev/exceptions/#no_such_element
Build info: version: &apos;4.1.2&apos;, revision: &apos;9a5a329c5a&apos;
System info: host: &apos;C02HF63LQ6L5&apos;, ip: &apos;fe80:0:0:0:1003:81f0:33e2:f752%en0&apos;, os.name: &apos;Mac OS X&apos;, os.arch: &apos;x86_64&apos;, os.version: &apos;10.16&apos;, java.version: &apos;15.0.2&apos;
Driver info: org.openqa.selenium.chrome.ChromeDriver
Command: [4dcc2c1a58b8b7eb4f94ca03a85b9c52, findElement {using=id, value=billing_first_name}]
Capabilities {acceptInsecureCerts: false, browserName: chrome, browserVersion: 129.0.6668.59, chrome: {chromedriverVersion: 129.0.6668.58 (81a06fb873a9..., userDataDir: /var/folders/25/16fzy7t11dn...}, fedcm:accounts: true, goog:chromeOptions: {debuggerAddress: localhost:59474}, javascriptEnabled: true, networkConnectionEnabled: false, pageLoadStrategy: normal, platform: MAC, platformName: MAC, proxy: Proxy(), se:cdp: ws://localhost:59474/devtoo..., se:cdpVersion: 129.0.6668.59, setWindowRect: true, strictFileInteractability: false, timeouts: {implicit: 0, pageLoad: 300000, script: 30000}, unhandledPromptBehavior: dismiss and notify, webauthn:extension:credBlob: true, webauthn:extension:largeBlob: true, webauthn:extension:minPinLength: true, webauthn:extension:prf: true, webauthn:virtualAuthenticators: true}
Session ID: 4dcc2c1a58b8b7eb4f94ca03a85b9c52
	at org.openqa.selenium.remote.codec.w3c.W3CHttpResponseCodec.createException(W3CHttpResponseCodec.java:200)
	at org.openqa.selenium.remote.codec.w3c.W3CHttpResponseCodec.decode(W3CHttpResponseCodec.java:133)
	at org.openqa.selenium.remote.codec.w3c.W3CHttpResponseCodec.decode(W3CHttpResponseCodec.java:53)
	at org.openqa.selenium.remote.HttpCommandExecutor.execute(HttpCommandExecutor.java:184)
	at org.openqa.selenium.remote.service.DriverCommandExecutor.invokeExecute(DriverCommandExecutor.java:167)
	at org.openqa.selenium.remote.service.DriverCommandExecutor.execute(DriverCommandExecutor.java:142)
	at org.openqa.selenium.remote.RemoteWebDriver.execute(RemoteWebDriver.java:558)
	at org.openqa.selenium.remote.ElementLocation$ElementFinder$2.findElement(ElementLocation.java:162)
	at org.openqa.selenium.remote.ElementLocation.findElement(ElementLocation.java:60)
	at org.openqa.selenium.remote.RemoteWebDriver.findElement(RemoteWebDriver.java:382)
	at org.openqa.selenium.remote.RemoteWebDriver.findElement(RemoteWebDriver.java:374)
	at com.cybersource.test.util.CommonUtil.findElementById(CommonUtil.java:1018)
	at com.cybersource.test.util.CommonUtil.frontOfficeBillingAddress(CommonUtil.java:2382)
	at com.cybersource.test.woocommerce.CreditCard.executeAuth(CreditCard.java:499)
	at java.base/java.util.ArrayList.forEach(ArrayList.java:1511)
... Removed 32 stack frames
</div> <!-- stack-trace -->
                </div> <!-- method-content -->
              </div> <!-- method -->
              <div class="method">
                <div class="method-content">
                  <a name="executeAuth(Preethi, PreeThi_7, No, Hoodie, 1, Preethi, S , United States (US), 1295 Charleston road, Mountain v...)">
                  </a> <!-- executeAuth(Preethi, PreeThi_7, No, Hoodie, 1, Preethi, S , United States (US), 1295 Charleston road, Mountain v...) -->
                  <span class="method-name">executeAuth</span>
                  <span class="parameters">(Preethi, PreeThi_7, No, Hoodie, 1, Preethi, S , United States (US), 1295 Charleston road, Mountain view, California, 94340, 7036346568, test@email.com, No, Preethi, S , United Kingdom (UK), 123 KV Road, Mountain View, WF12 0DE, 4111111111111111, 123, 03, 25, Auth, No, wiproltd, madhan123, !Tester464)</span>
                  <div class="stack-trace">org.openqa.selenium.NoSuchElementException: no such element: Unable to locate element: {&quot;method&quot;:&quot;css selector&quot;,&quot;selector&quot;:&quot;#billing_first_name&quot;}
  (Session info: chrome=129.0.6668.59)
For documentation on this error, please visit: https://selenium.dev/exceptions/#no_such_element
Build info: version: &apos;4.1.2&apos;, revision: &apos;9a5a329c5a&apos;
System info: host: &apos;C02HF63LQ6L5&apos;, ip: &apos;fe80:0:0:0:1003:81f0:33e2:f752%en0&apos;, os.name: &apos;Mac OS X&apos;, os.arch: &apos;x86_64&apos;, os.version: &apos;10.16&apos;, java.version: &apos;15.0.2&apos;
Driver info: org.openqa.selenium.chrome.ChromeDriver
Command: [4dcc2c1a58b8b7eb4f94ca03a85b9c52, findElement {using=id, value=billing_first_name}]
Capabilities {acceptInsecureCerts: false, browserName: chrome, browserVersion: 129.0.6668.59, chrome: {chromedriverVersion: 129.0.6668.58 (81a06fb873a9..., userDataDir: /var/folders/25/16fzy7t11dn...}, fedcm:accounts: true, goog:chromeOptions: {debuggerAddress: localhost:59474}, javascriptEnabled: true, networkConnectionEnabled: false, pageLoadStrategy: normal, platform: MAC, platformName: MAC, proxy: Proxy(), se:cdp: ws://localhost:59474/devtoo..., se:cdpVersion: 129.0.6668.59, setWindowRect: true, strictFileInteractability: false, timeouts: {implicit: 0, pageLoad: 300000, script: 30000}, unhandledPromptBehavior: dismiss and notify, webauthn:extension:credBlob: true, webauthn:extension:largeBlob: true, webauthn:extension:minPinLength: true, webauthn:extension:prf: true, webauthn:virtualAuthenticators: true}
Session ID: 4dcc2c1a58b8b7eb4f94ca03a85b9c52
	at org.openqa.selenium.remote.codec.w3c.W3CHttpResponseCodec.createException(W3CHttpResponseCodec.java:200)
	at org.openqa.selenium.remote.codec.w3c.W3CHttpResponseCodec.decode(W3CHttpResponseCodec.java:133)
	at org.openqa.selenium.remote.codec.w3c.W3CHttpResponseCodec.decode(W3CHttpResponseCodec.java:53)
	at org.openqa.selenium.remote.HttpCommandExecutor.execute(HttpCommandExecutor.java:184)
	at org.openqa.selenium.remote.service.DriverCommandExecutor.invokeExecute(DriverCommandExecutor.java:167)
	at org.openqa.selenium.remote.service.DriverCommandExecutor.execute(DriverCommandExecutor.java:142)
	at org.openqa.selenium.remote.RemoteWebDriver.execute(RemoteWebDriver.java:558)
	at org.openqa.selenium.remote.ElementLocation$ElementFinder$2.findElement(ElementLocation.java:162)
	at org.openqa.selenium.remote.ElementLocation.findElement(ElementLocation.java:60)
	at org.openqa.selenium.remote.RemoteWebDriver.findElement(RemoteWebDriver.java:382)
	at org.openqa.selenium.remote.RemoteWebDriver.findElement(RemoteWebDriver.java:374)
	at com.cybersource.test.util.CommonUtil.findElementById(CommonUtil.java:1018)
	at com.cybersource.test.util.CommonUtil.frontOfficeBillingAddress(CommonUtil.java:2382)
	at com.cybersource.test.woocommerce.CreditCard.executeAuth(CreditCard.java:499)
	at java.base/java.util.ArrayList.forEach(ArrayList.java:1511)
... Removed 32 stack frames
</div> <!-- stack-trace -->
                </div> <!-- method-content -->
              </div> <!-- method -->
              <div class="method">
                <div class="method-content">
                  <a name="executeAuth(Preethi, PreeThi_7, No, Hoodie, 1, Preethi, S , United States (US), 1295 Charleston road, Mountain v...)">
                  </a> <!-- executeAuth(Preethi, PreeThi_7, No, Hoodie, 1, Preethi, S , United States (US), 1295 Charleston road, Mountain v...) -->
                  <span class="method-name">executeAuth</span>
                  <span class="parameters">(Preethi, PreeThi_7, No, Hoodie, 1, Preethi, S , United States (US), 1295 Charleston road, Mountain view, California, 94340, 7036346568, test@email.com, No, Preethi, S , United Kingdom (UK), 123 KV Road, Mountain View, WF12 0DE, 4111111111111111, 123, 03, 25, Capture, No, wiproltd, madhan123, !Tester464)</span>
                  <div class="stack-trace">org.openqa.selenium.NoSuchElementException: no such element: Unable to locate element: {&quot;method&quot;:&quot;css selector&quot;,&quot;selector&quot;:&quot;#billing_first_name&quot;}
  (Session info: chrome=129.0.6668.59)
For documentation on this error, please visit: https://selenium.dev/exceptions/#no_such_element
Build info: version: &apos;4.1.2&apos;, revision: &apos;9a5a329c5a&apos;
System info: host: &apos;C02HF63LQ6L5&apos;, ip: &apos;fe80:0:0:0:1003:81f0:33e2:f752%en0&apos;, os.name: &apos;Mac OS X&apos;, os.arch: &apos;x86_64&apos;, os.version: &apos;10.16&apos;, java.version: &apos;15.0.2&apos;
Driver info: org.openqa.selenium.chrome.ChromeDriver
Command: [4dcc2c1a58b8b7eb4f94ca03a85b9c52, findElement {using=id, value=billing_first_name}]
Capabilities {acceptInsecureCerts: false, browserName: chrome, browserVersion: 129.0.6668.59, chrome: {chromedriverVersion: 129.0.6668.58 (81a06fb873a9..., userDataDir: /var/folders/25/16fzy7t11dn...}, fedcm:accounts: true, goog:chromeOptions: {debuggerAddress: localhost:59474}, javascriptEnabled: true, networkConnectionEnabled: false, pageLoadStrategy: normal, platform: MAC, platformName: MAC, proxy: Proxy(), se:cdp: ws://localhost:59474/devtoo..., se:cdpVersion: 129.0.6668.59, setWindowRect: true, strictFileInteractability: false, timeouts: {implicit: 0, pageLoad: 300000, script: 30000}, unhandledPromptBehavior: dismiss and notify, webauthn:extension:credBlob: true, webauthn:extension:largeBlob: true, webauthn:extension:minPinLength: true, webauthn:extension:prf: true, webauthn:virtualAuthenticators: true}
Session ID: 4dcc2c1a58b8b7eb4f94ca03a85b9c52
	at org.openqa.selenium.remote.codec.w3c.W3CHttpResponseCodec.createException(W3CHttpResponseCodec.java:200)
	at org.openqa.selenium.remote.codec.w3c.W3CHttpResponseCodec.decode(W3CHttpResponseCodec.java:133)
	at org.openqa.selenium.remote.codec.w3c.W3CHttpResponseCodec.decode(W3CHttpResponseCodec.java:53)
	at org.openqa.selenium.remote.HttpCommandExecutor.execute(HttpCommandExecutor.java:184)
	at org.openqa.selenium.remote.service.DriverCommandExecutor.invokeExecute(DriverCommandExecutor.java:167)
	at org.openqa.selenium.remote.service.DriverCommandExecutor.execute(DriverCommandExecutor.java:142)
	at org.openqa.selenium.remote.RemoteWebDriver.execute(RemoteWebDriver.java:558)
	at org.openqa.selenium.remote.ElementLocation$ElementFinder$2.findElement(ElementLocation.java:162)
	at org.openqa.selenium.remote.ElementLocation.findElement(ElementLocation.java:60)
	at org.openqa.selenium.remote.RemoteWebDriver.findElement(RemoteWebDriver.java:382)
	at org.openqa.selenium.remote.RemoteWebDriver.findElement(RemoteWebDriver.java:374)
	at com.cybersource.test.util.CommonUtil.findElementById(CommonUtil.java:1018)
	at com.cybersource.test.util.CommonUtil.frontOfficeBillingAddress(CommonUtil.java:2382)
	at com.cybersource.test.woocommerce.CreditCard.executeAuth(CreditCard.java:499)
	at java.base/java.util.ArrayList.forEach(ArrayList.java:1511)
... Removed 32 stack frames
</div> <!-- stack-trace -->
                </div> <!-- method-content -->
              </div> <!-- method -->
              <div class="method">
                <div class="method-content">
                  <a name="executeAuthCapture(Preethi, PreeThi_7, No, Hoodie, 1, Preethi, S , United States (US), 1295 Charleston road, Mountain v...)">
                  </a> <!-- executeAuthCapture(Preethi, PreeThi_7, No, Hoodie, 1, Preethi, S , United States (US), 1295 Charleston road, Mountain v...) -->
                  <span class="method-name">executeAuthCapture</span>
                  <span class="parameters">(Preethi, PreeThi_7, No, Hoodie, 1, Preethi, S , United States (US), 1295 Charleston road, Mountain view, California, 94340, 7036346568, test@email.com, No, Preethi, S , United Kingdom (UK), 123 KV Road, Mountain View, WF12 0DE, 4111111111111111, 123, 03, 25, Auth, No, wiproltd, madhan123, !Tester464)</span>
                  <div class="stack-trace">org.openqa.selenium.NoSuchElementException: no such element: Unable to locate element: {&quot;method&quot;:&quot;css selector&quot;,&quot;selector&quot;:&quot;#billing_first_name&quot;}
  (Session info: chrome=129.0.6668.59)
For documentation on this error, please visit: https://selenium.dev/exceptions/#no_such_element
Build info: version: &apos;4.1.2&apos;, revision: &apos;9a5a329c5a&apos;
System info: host: &apos;C02HF63LQ6L5&apos;, ip: &apos;fe80:0:0:0:1003:81f0:33e2:f752%en0&apos;, os.name: &apos;Mac OS X&apos;, os.arch: &apos;x86_64&apos;, os.version: &apos;10.16&apos;, java.version: &apos;15.0.2&apos;
Driver info: org.openqa.selenium.chrome.ChromeDriver
Command: [4dcc2c1a58b8b7eb4f94ca03a85b9c52, findElement {using=id, value=billing_first_name}]
Capabilities {acceptInsecureCerts: false, browserName: chrome, browserVersion: 129.0.6668.59, chrome: {chromedriverVersion: 129.0.6668.58 (81a06fb873a9..., userDataDir: /var/folders/25/16fzy7t11dn...}, fedcm:accounts: true, goog:chromeOptions: {debuggerAddress: localhost:59474}, javascriptEnabled: true, networkConnectionEnabled: false, pageLoadStrategy: normal, platform: MAC, platformName: MAC, proxy: Proxy(), se:cdp: ws://localhost:59474/devtoo..., se:cdpVersion: 129.0.6668.59, setWindowRect: true, strictFileInteractability: false, timeouts: {implicit: 0, pageLoad: 300000, script: 30000}, unhandledPromptBehavior: dismiss and notify, webauthn:extension:credBlob: true, webauthn:extension:largeBlob: true, webauthn:extension:minPinLength: true, webauthn:extension:prf: true, webauthn:virtualAuthenticators: true}
Session ID: 4dcc2c1a58b8b7eb4f94ca03a85b9c52
	at org.openqa.selenium.remote.codec.w3c.W3CHttpResponseCodec.createException(W3CHttpResponseCodec.java:200)
	at org.openqa.selenium.remote.codec.w3c.W3CHttpResponseCodec.decode(W3CHttpResponseCodec.java:133)
	at org.openqa.selenium.remote.codec.w3c.W3CHttpResponseCodec.decode(W3CHttpResponseCodec.java:53)
	at org.openqa.selenium.remote.HttpCommandExecutor.execute(HttpCommandExecutor.java:184)
	at org.openqa.selenium.remote.service.DriverCommandExecutor.invokeExecute(DriverCommandExecutor.java:167)
	at org.openqa.selenium.remote.service.DriverCommandExecutor.execute(DriverCommandExecutor.java:142)
	at org.openqa.selenium.remote.RemoteWebDriver.execute(RemoteWebDriver.java:558)
	at org.openqa.selenium.remote.ElementLocation$ElementFinder$2.findElement(ElementLocation.java:162)
	at org.openqa.selenium.remote.ElementLocation.findElement(ElementLocation.java:60)
	at org.openqa.selenium.remote.RemoteWebDriver.findElement(RemoteWebDriver.java:382)
	at org.openqa.selenium.remote.RemoteWebDriver.findElement(RemoteWebDriver.java:374)
	at com.cybersource.test.util.CommonUtil.findElementById(CommonUtil.java:1018)
	at com.cybersource.test.util.CommonUtil.frontOfficeBillingAddress(CommonUtil.java:2382)
	at com.cybersource.test.woocommerce.CreditCard.executeAuth(CreditCard.java:499)
	at com.cybersource.test.woocommerce.CreditCard.executeAuthCapture(CreditCard.java:167)
	at java.base/java.util.ArrayList.forEach(ArrayList.java:1511)
... Removed 32 stack frames
</div> <!-- stack-trace -->
                </div> <!-- method-content -->
              </div> <!-- method -->
              <div class="method">
                <div class="method-content">
                  <a name="executeAuthCapture(Preethi, PreeThi_7, No, Hoodie, 1, Preethi, S , United States (US), 1295 Charleston road, Mountain v...)">
                  </a> <!-- executeAuthCapture(Preethi, PreeThi_7, No, Hoodie, 1, Preethi, S , United States (US), 1295 Charleston road, Mountain v...) -->
                  <span class="method-name">executeAuthCapture</span>
                  <span class="parameters">(Preethi, PreeThi_7, No, Hoodie, 1, Preethi, S , United States (US), 1295 Charleston road, Mountain view, California, 94340, 7036346568, test@email.com, No, Preethi, S , United Kingdom (UK), 123 KV Road, Mountain View, WF12 0DE, 4111111111111111, 123, 03, 25, Auth, No, wiproltd, madhan123, !Tester464)</span>
                  <div class="stack-trace">org.openqa.selenium.NoSuchElementException: no such element: Unable to locate element: {&quot;method&quot;:&quot;css selector&quot;,&quot;selector&quot;:&quot;#billing_first_name&quot;}
  (Session info: chrome=129.0.6668.59)
For documentation on this error, please visit: https://selenium.dev/exceptions/#no_such_element
Build info: version: &apos;4.1.2&apos;, revision: &apos;9a5a329c5a&apos;
System info: host: &apos;C02HF63LQ6L5&apos;, ip: &apos;fe80:0:0:0:1003:81f0:33e2:f752%en0&apos;, os.name: &apos;Mac OS X&apos;, os.arch: &apos;x86_64&apos;, os.version: &apos;10.16&apos;, java.version: &apos;15.0.2&apos;
Driver info: org.openqa.selenium.chrome.ChromeDriver
Command: [4dcc2c1a58b8b7eb4f94ca03a85b9c52, findElement {using=id, value=billing_first_name}]
Capabilities {acceptInsecureCerts: false, browserName: chrome, browserVersion: 129.0.6668.59, chrome: {chromedriverVersion: 129.0.6668.58 (81a06fb873a9..., userDataDir: /var/folders/25/16fzy7t11dn...}, fedcm:accounts: true, goog:chromeOptions: {debuggerAddress: localhost:59474}, javascriptEnabled: true, networkConnectionEnabled: false, pageLoadStrategy: normal, platform: MAC, platformName: MAC, proxy: Proxy(), se:cdp: ws://localhost:59474/devtoo..., se:cdpVersion: 129.0.6668.59, setWindowRect: true, strictFileInteractability: false, timeouts: {implicit: 0, pageLoad: 300000, script: 30000}, unhandledPromptBehavior: dismiss and notify, webauthn:extension:credBlob: true, webauthn:extension:largeBlob: true, webauthn:extension:minPinLength: true, webauthn:extension:prf: true, webauthn:virtualAuthenticators: true}
Session ID: 4dcc2c1a58b8b7eb4f94ca03a85b9c52
	at org.openqa.selenium.remote.codec.w3c.W3CHttpResponseCodec.createException(W3CHttpResponseCodec.java:200)
	at org.openqa.selenium.remote.codec.w3c.W3CHttpResponseCodec.decode(W3CHttpResponseCodec.java:133)
	at org.openqa.selenium.remote.codec.w3c.W3CHttpResponseCodec.decode(W3CHttpResponseCodec.java:53)
	at org.openqa.selenium.remote.HttpCommandExecutor.execute(HttpCommandExecutor.java:184)
	at org.openqa.selenium.remote.service.DriverCommandExecutor.invokeExecute(DriverCommandExecutor.java:167)
	at org.openqa.selenium.remote.service.DriverCommandExecutor.execute(DriverCommandExecutor.java:142)
	at org.openqa.selenium.remote.RemoteWebDriver.execute(RemoteWebDriver.java:558)
	at org.openqa.selenium.remote.ElementLocation$ElementFinder$2.findElement(ElementLocation.java:162)
	at org.openqa.selenium.remote.ElementLocation.findElement(ElementLocation.java:60)
	at org.openqa.selenium.remote.RemoteWebDriver.findElement(RemoteWebDriver.java:382)
	at org.openqa.selenium.remote.RemoteWebDriver.findElement(RemoteWebDriver.java:374)
	at com.cybersource.test.util.CommonUtil.findElementById(CommonUtil.java:1018)
	at com.cybersource.test.util.CommonUtil.frontOfficeBillingAddress(CommonUtil.java:2382)
	at com.cybersource.test.woocommerce.CreditCard.executeAuth(CreditCard.java:499)
	at com.cybersource.test.woocommerce.CreditCard.executeAuthCapture(CreditCard.java:167)
	at java.base/java.util.ArrayList.forEach(ArrayList.java:1511)
... Removed 32 stack frames
</div> <!-- stack-trace -->
                </div> <!-- method-content -->
              </div> <!-- method -->
              <div class="method">
                <div class="method-content">
                  <a name="executeAuthCapture(Preethi, PreeThi_7, No, Hoodie, 1, Preethi, S , United States (US), 1295 Charleston road, Mountain v...)">
                  </a> <!-- executeAuthCapture(Preethi, PreeThi_7, No, Hoodie, 1, Preethi, S , United States (US), 1295 Charleston road, Mountain v...) -->
                  <span class="method-name">executeAuthCapture</span>
                  <span class="parameters">(Preethi, PreeThi_7, No, Hoodie, 1, Preethi, S , United States (US), 1295 Charleston road, Mountain view, California, 94340, 7036346568, test@email.com, No, Preethi, S , United Kingdom (UK), 123 KV Road, Mountain View, WF12 0DE, 4111111111111111, 123, 03, 25, Auth, No, wiproltd, madhan123, !Tester464)</span>
                  <div class="stack-trace">org.openqa.selenium.NoSuchElementException: no such element: Unable to locate element: {&quot;method&quot;:&quot;css selector&quot;,&quot;selector&quot;:&quot;#billing_first_name&quot;}
  (Session info: chrome=129.0.6668.59)
For documentation on this error, please visit: https://selenium.dev/exceptions/#no_such_element
Build info: version: &apos;4.1.2&apos;, revision: &apos;9a5a329c5a&apos;
System info: host: &apos;C02HF63LQ6L5&apos;, ip: &apos;fe80:0:0:0:1003:81f0:33e2:f752%en0&apos;, os.name: &apos;Mac OS X&apos;, os.arch: &apos;x86_64&apos;, os.version: &apos;10.16&apos;, java.version: &apos;15.0.2&apos;
Driver info: org.openqa.selenium.chrome.ChromeDriver
Command: [4dcc2c1a58b8b7eb4f94ca03a85b9c52, findElement {using=id, value=billing_first_name}]
Capabilities {acceptInsecureCerts: false, browserName: chrome, browserVersion: 129.0.6668.59, chrome: {chromedriverVersion: 129.0.6668.58 (81a06fb873a9..., userDataDir: /var/folders/25/16fzy7t11dn...}, fedcm:accounts: true, goog:chromeOptions: {debuggerAddress: localhost:59474}, javascriptEnabled: true, networkConnectionEnabled: false, pageLoadStrategy: normal, platform: MAC, platformName: MAC, proxy: Proxy(), se:cdp: ws://localhost:59474/devtoo..., se:cdpVersion: 129.0.6668.59, setWindowRect: true, strictFileInteractability: false, timeouts: {implicit: 0, pageLoad: 300000, script: 30000}, unhandledPromptBehavior: dismiss and notify, webauthn:extension:credBlob: true, webauthn:extension:largeBlob: true, webauthn:extension:minPinLength: true, webauthn:extension:prf: true, webauthn:virtualAuthenticators: true}
Session ID: 4dcc2c1a58b8b7eb4f94ca03a85b9c52
	at org.openqa.selenium.remote.codec.w3c.W3CHttpResponseCodec.createException(W3CHttpResponseCodec.java:200)
	at org.openqa.selenium.remote.codec.w3c.W3CHttpResponseCodec.decode(W3CHttpResponseCodec.java:133)
	at org.openqa.selenium.remote.codec.w3c.W3CHttpResponseCodec.decode(W3CHttpResponseCodec.java:53)
	at org.openqa.selenium.remote.HttpCommandExecutor.execute(HttpCommandExecutor.java:184)
	at org.openqa.selenium.remote.service.DriverCommandExecutor.invokeExecute(DriverCommandExecutor.java:167)
	at org.openqa.selenium.remote.service.DriverCommandExecutor.execute(DriverCommandExecutor.java:142)
	at org.openqa.selenium.remote.RemoteWebDriver.execute(RemoteWebDriver.java:558)
	at org.openqa.selenium.remote.ElementLocation$ElementFinder$2.findElement(ElementLocation.java:162)
	at org.openqa.selenium.remote.ElementLocation.findElement(ElementLocation.java:60)
	at org.openqa.selenium.remote.RemoteWebDriver.findElement(RemoteWebDriver.java:382)
	at org.openqa.selenium.remote.RemoteWebDriver.findElement(RemoteWebDriver.java:374)
	at com.cybersource.test.util.CommonUtil.findElementById(CommonUtil.java:1018)
	at com.cybersource.test.util.CommonUtil.frontOfficeBillingAddress(CommonUtil.java:2382)
	at com.cybersource.test.woocommerce.CreditCard.executeAuth(CreditCard.java:499)
	at com.cybersource.test.woocommerce.CreditCard.executeAuthCapture(CreditCard.java:167)
	at java.base/java.util.ArrayList.forEach(ArrayList.java:1511)
... Removed 32 stack frames
</div> <!-- stack-trace -->
                </div> <!-- method-content -->
              </div> <!-- method -->
              <div class="method">
                <div class="method-content">
                  <a name="executeAuthCapture(Preethi, PreeThi_7, No, Hoodie, 1, Preethi, S , United States (US), 1295 Charleston road, Mountain v...)">
                  </a> <!-- executeAuthCapture(Preethi, PreeThi_7, No, Hoodie, 1, Preethi, S , United States (US), 1295 Charleston road, Mountain v...) -->
                  <span class="method-name">executeAuthCapture</span>
                  <span class="parameters">(Preethi, PreeThi_7, No, Hoodie, 1, Preethi, S , United States (US), 1295 Charleston road, Mountain view, California, 94340, 7036346568, test@email.com, No, Preethi, S , United Kingdom (UK), 123 KV Road, Mountain View, WF12 0DE, 4111111111111111, 123, 03, 25, Auth, No, wiproltd, madhan123, !Tester464)</span>
                  <div class="stack-trace">org.openqa.selenium.NoSuchElementException: no such element: Unable to locate element: {&quot;method&quot;:&quot;css selector&quot;,&quot;selector&quot;:&quot;#billing_first_name&quot;}
  (Session info: chrome=129.0.6668.59)
For documentation on this error, please visit: https://selenium.dev/exceptions/#no_such_element
Build info: version: &apos;4.1.2&apos;, revision: &apos;9a5a329c5a&apos;
System info: host: &apos;C02HF63LQ6L5&apos;, ip: &apos;fe80:0:0:0:1003:81f0:33e2:f752%en0&apos;, os.name: &apos;Mac OS X&apos;, os.arch: &apos;x86_64&apos;, os.version: &apos;10.16&apos;, java.version: &apos;15.0.2&apos;
Driver info: org.openqa.selenium.chrome.ChromeDriver
Command: [4dcc2c1a58b8b7eb4f94ca03a85b9c52, findElement {using=id, value=billing_first_name}]
Capabilities {acceptInsecureCerts: false, browserName: chrome, browserVersion: 129.0.6668.59, chrome: {chromedriverVersion: 129.0.6668.58 (81a06fb873a9..., userDataDir: /var/folders/25/16fzy7t11dn...}, fedcm:accounts: true, goog:chromeOptions: {debuggerAddress: localhost:59474}, javascriptEnabled: true, networkConnectionEnabled: false, pageLoadStrategy: normal, platform: MAC, platformName: MAC, proxy: Proxy(), se:cdp: ws://localhost:59474/devtoo..., se:cdpVersion: 129.0.6668.59, setWindowRect: true, strictFileInteractability: false, timeouts: {implicit: 0, pageLoad: 300000, script: 30000}, unhandledPromptBehavior: dismiss and notify, webauthn:extension:credBlob: true, webauthn:extension:largeBlob: true, webauthn:extension:minPinLength: true, webauthn:extension:prf: true, webauthn:virtualAuthenticators: true}
Session ID: 4dcc2c1a58b8b7eb4f94ca03a85b9c52
	at org.openqa.selenium.remote.codec.w3c.W3CHttpResponseCodec.createException(W3CHttpResponseCodec.java:200)
	at org.openqa.selenium.remote.codec.w3c.W3CHttpResponseCodec.decode(W3CHttpResponseCodec.java:133)
	at org.openqa.selenium.remote.codec.w3c.W3CHttpResponseCodec.decode(W3CHttpResponseCodec.java:53)
	at org.openqa.selenium.remote.HttpCommandExecutor.execute(HttpCommandExecutor.java:184)
	at org.openqa.selenium.remote.service.DriverCommandExecutor.invokeExecute(DriverCommandExecutor.java:167)
	at org.openqa.selenium.remote.service.DriverCommandExecutor.execute(DriverCommandExecutor.java:142)
	at org.openqa.selenium.remote.RemoteWebDriver.execute(RemoteWebDriver.java:558)
	at org.openqa.selenium.remote.ElementLocation$ElementFinder$2.findElement(ElementLocation.java:162)
	at org.openqa.selenium.remote.ElementLocation.findElement(ElementLocation.java:60)
	at org.openqa.selenium.remote.RemoteWebDriver.findElement(RemoteWebDriver.java:382)
	at org.openqa.selenium.remote.RemoteWebDriver.findElement(RemoteWebDriver.java:374)
	at com.cybersource.test.util.CommonUtil.findElementById(CommonUtil.java:1018)
	at com.cybersource.test.util.CommonUtil.frontOfficeBillingAddress(CommonUtil.java:2382)
	at com.cybersource.test.woocommerce.CreditCard.executeAuth(CreditCard.java:499)
	at com.cybersource.test.woocommerce.CreditCard.executeAuthCapture(CreditCard.java:167)
	at java.base/java.util.ArrayList.forEach(ArrayList.java:1511)
... Removed 32 stack frames
</div> <!-- stack-trace -->
                </div> <!-- method-content -->
              </div> <!-- method -->
              <div class="method">
                <div class="method-content">
                  <a name="executeAuthCapture(Preethi, PreeThi_7, No, Hoodie, 1, Preethi, S , United States (US), 1295 Charleston road, Mountain v...)">
                  </a> <!-- executeAuthCapture(Preethi, PreeThi_7, No, Hoodie, 1, Preethi, S , United States (US), 1295 Charleston road, Mountain v...) -->
                  <span class="method-name">executeAuthCapture</span>
                  <span class="parameters">(Preethi, PreeThi_7, No, Hoodie, 1, Preethi, S , United States (US), 1295 Charleston road, Mountain view, California, 94340, 7036346568, test@email.com, No, Preethi, S , United Kingdom (UK), 123 KV Road, Mountain View, WF12 0DE, 4111111111111111, 123, 03, 25, Capture, No, wiproltd, madhan123, !Tester464)</span>
                  <div class="stack-trace">org.openqa.selenium.NoSuchElementException: no such element: Unable to locate element: {&quot;method&quot;:&quot;css selector&quot;,&quot;selector&quot;:&quot;#billing_first_name&quot;}
  (Session info: chrome=129.0.6668.59)
For documentation on this error, please visit: https://selenium.dev/exceptions/#no_such_element
Build info: version: &apos;4.1.2&apos;, revision: &apos;9a5a329c5a&apos;
System info: host: &apos;C02HF63LQ6L5&apos;, ip: &apos;fe80:0:0:0:1003:81f0:33e2:f752%en0&apos;, os.name: &apos;Mac OS X&apos;, os.arch: &apos;x86_64&apos;, os.version: &apos;10.16&apos;, java.version: &apos;15.0.2&apos;
Driver info: org.openqa.selenium.chrome.ChromeDriver
Command: [4dcc2c1a58b8b7eb4f94ca03a85b9c52, findElement {using=id, value=billing_first_name}]
Capabilities {acceptInsecureCerts: false, browserName: chrome, browserVersion: 129.0.6668.59, chrome: {chromedriverVersion: 129.0.6668.58 (81a06fb873a9..., userDataDir: /var/folders/25/16fzy7t11dn...}, fedcm:accounts: true, goog:chromeOptions: {debuggerAddress: localhost:59474}, javascriptEnabled: true, networkConnectionEnabled: false, pageLoadStrategy: normal, platform: MAC, platformName: MAC, proxy: Proxy(), se:cdp: ws://localhost:59474/devtoo..., se:cdpVersion: 129.0.6668.59, setWindowRect: true, strictFileInteractability: false, timeouts: {implicit: 0, pageLoad: 300000, script: 30000}, unhandledPromptBehavior: dismiss and notify, webauthn:extension:credBlob: true, webauthn:extension:largeBlob: true, webauthn:extension:minPinLength: true, webauthn:extension:prf: true, webauthn:virtualAuthenticators: true}
Session ID: 4dcc2c1a58b8b7eb4f94ca03a85b9c52
	at org.openqa.selenium.remote.codec.w3c.W3CHttpResponseCodec.createException(W3CHttpResponseCodec.java:200)
	at org.openqa.selenium.remote.codec.w3c.W3CHttpResponseCodec.decode(W3CHttpResponseCodec.java:133)
	at org.openqa.selenium.remote.codec.w3c.W3CHttpResponseCodec.decode(W3CHttpResponseCodec.java:53)
	at org.openqa.selenium.remote.HttpCommandExecutor.execute(HttpCommandExecutor.java:184)
	at org.openqa.selenium.remote.service.DriverCommandExecutor.invokeExecute(DriverCommandExecutor.java:167)
	at org.openqa.selenium.remote.service.DriverCommandExecutor.execute(DriverCommandExecutor.java:142)
	at org.openqa.selenium.remote.RemoteWebDriver.execute(RemoteWebDriver.java:558)
	at org.openqa.selenium.remote.ElementLocation$ElementFinder$2.findElement(ElementLocation.java:162)
	at org.openqa.selenium.remote.ElementLocation.findElement(ElementLocation.java:60)
	at org.openqa.selenium.remote.RemoteWebDriver.findElement(RemoteWebDriver.java:382)
	at org.openqa.selenium.remote.RemoteWebDriver.findElement(RemoteWebDriver.java:374)
	at com.cybersource.test.util.CommonUtil.findElementById(CommonUtil.java:1018)
	at com.cybersource.test.util.CommonUtil.frontOfficeBillingAddress(CommonUtil.java:2382)
	at com.cybersource.test.woocommerce.CreditCard.executeAuth(CreditCard.java:499)
	at com.cybersource.test.woocommerce.CreditCard.executeAuthCapture(CreditCard.java:167)
	at java.base/java.util.ArrayList.forEach(ArrayList.java:1511)
... Removed 32 stack frames
</div> <!-- stack-trace -->
                </div> <!-- method-content -->
              </div> <!-- method -->
              <div class="method">
                <div class="method-content">
                  <a name="executeAuthCapture(Preethi, PreeThi_7, No, Hoodie, 1, Preethi, S , United States (US), 1295 Charleston road, Mountain v...)">
                  </a> <!-- executeAuthCapture(Preethi, PreeThi_7, No, Hoodie, 1, Preethi, S , United States (US), 1295 Charleston road, Mountain v...) -->
                  <span class="method-name">executeAuthCapture</span>
                  <span class="parameters">(Preethi, PreeThi_7, No, Hoodie, 1, Preethi, S , United States (US), 1295 Charleston road, Mountain view, California, 94340, 7036346568, test@email.com, No, Preethi, S , United Kingdom (UK), 123 KV Road, Mountain View, WF12 0DE, 4111111111111111, 123, 03, 25, Capture, No, wiproltd, madhan123, !Tester464)</span>
                  <div class="stack-trace">org.openqa.selenium.NoSuchElementException: no such element: Unable to locate element: {&quot;method&quot;:&quot;css selector&quot;,&quot;selector&quot;:&quot;#billing_first_name&quot;}
  (Session info: chrome=129.0.6668.59)
For documentation on this error, please visit: https://selenium.dev/exceptions/#no_such_element
Build info: version: &apos;4.1.2&apos;, revision: &apos;9a5a329c5a&apos;
System info: host: &apos;C02HF63LQ6L5&apos;, ip: &apos;fe80:0:0:0:1003:81f0:33e2:f752%en0&apos;, os.name: &apos;Mac OS X&apos;, os.arch: &apos;x86_64&apos;, os.version: &apos;10.16&apos;, java.version: &apos;15.0.2&apos;
Driver info: org.openqa.selenium.chrome.ChromeDriver
Command: [4dcc2c1a58b8b7eb4f94ca03a85b9c52, findElement {using=id, value=billing_first_name}]
Capabilities {acceptInsecureCerts: false, browserName: chrome, browserVersion: 129.0.6668.59, chrome: {chromedriverVersion: 129.0.6668.58 (81a06fb873a9..., userDataDir: /var/folders/25/16fzy7t11dn...}, fedcm:accounts: true, goog:chromeOptions: {debuggerAddress: localhost:59474}, javascriptEnabled: true, networkConnectionEnabled: false, pageLoadStrategy: normal, platform: MAC, platformName: MAC, proxy: Proxy(), se:cdp: ws://localhost:59474/devtoo..., se:cdpVersion: 129.0.6668.59, setWindowRect: true, strictFileInteractability: false, timeouts: {implicit: 0, pageLoad: 300000, script: 30000}, unhandledPromptBehavior: dismiss and notify, webauthn:extension:credBlob: true, webauthn:extension:largeBlob: true, webauthn:extension:minPinLength: true, webauthn:extension:prf: true, webauthn:virtualAuthenticators: true}
Session ID: 4dcc2c1a58b8b7eb4f94ca03a85b9c52
	at org.openqa.selenium.remote.codec.w3c.W3CHttpResponseCodec.createException(W3CHttpResponseCodec.java:200)
	at org.openqa.selenium.remote.codec.w3c.W3CHttpResponseCodec.decode(W3CHttpResponseCodec.java:133)
	at org.openqa.selenium.remote.codec.w3c.W3CHttpResponseCodec.decode(W3CHttpResponseCodec.java:53)
	at org.openqa.selenium.remote.HttpCommandExecutor.execute(HttpCommandExecutor.java:184)
	at org.openqa.selenium.remote.service.DriverCommandExecutor.invokeExecute(DriverCommandExecutor.java:167)
	at org.openqa.selenium.remote.service.DriverCommandExecutor.execute(DriverCommandExecutor.java:142)
	at org.openqa.selenium.remote.RemoteWebDriver.execute(RemoteWebDriver.java:558)
	at org.openqa.selenium.remote.ElementLocation$ElementFinder$2.findElement(ElementLocation.java:162)
	at org.openqa.selenium.remote.ElementLocation.findElement(ElementLocation.java:60)
	at org.openqa.selenium.remote.RemoteWebDriver.findElement(RemoteWebDriver.java:382)
	at org.openqa.selenium.remote.RemoteWebDriver.findElement(RemoteWebDriver.java:374)
	at com.cybersource.test.util.CommonUtil.findElementById(CommonUtil.java:1018)
	at com.cybersource.test.util.CommonUtil.frontOfficeBillingAddress(CommonUtil.java:2382)
	at com.cybersource.test.woocommerce.CreditCard.executeAuth(CreditCard.java:499)
	at com.cybersource.test.woocommerce.CreditCard.executeAuthCapture(CreditCard.java:167)
	at java.base/java.util.ArrayList.forEach(ArrayList.java:1511)
... Removed 31 stack frames
</div> <!-- stack-trace -->
                </div> <!-- method-content -->
              </div> <!-- method -->
              <div class="method">
                <div class="method-content">
                  <a name="executeAuthCapture(Preethi, PreeThi_7, No, Hoodie, 1, Preethi, S , United States (US), 1295 Charleston road, Mountain v...)">
                  </a> <!-- executeAuthCapture(Preethi, PreeThi_7, No, Hoodie, 1, Preethi, S , United States (US), 1295 Charleston road, Mountain v...) -->
                  <span class="method-name">executeAuthCapture</span>
                  <span class="parameters">(Preethi, PreeThi_7, No, Hoodie, 1, Preethi, S , United States (US), 1295 Charleston road, Mountain view, California, 94340, 7036346568, test@email.com, No, Preethi, S , United Kingdom (UK), 123 KV Road, Mountain View, WF12 0DE, 4111111111111111, 123, 03, 25, Capture, No, wiproltd, madhan123, !Tester464)</span>
                  <div class="stack-trace">org.openqa.selenium.NoSuchElementException: no such element: Unable to locate element: {&quot;method&quot;:&quot;css selector&quot;,&quot;selector&quot;:&quot;#billing_first_name&quot;}
  (Session info: chrome=129.0.6668.59)
For documentation on this error, please visit: https://selenium.dev/exceptions/#no_such_element
Build info: version: &apos;4.1.2&apos;, revision: &apos;9a5a329c5a&apos;
System info: host: &apos;C02HF63LQ6L5&apos;, ip: &apos;fe80:0:0:0:1003:81f0:33e2:f752%en0&apos;, os.name: &apos;Mac OS X&apos;, os.arch: &apos;x86_64&apos;, os.version: &apos;10.16&apos;, java.version: &apos;15.0.2&apos;
Driver info: org.openqa.selenium.chrome.ChromeDriver
Command: [4dcc2c1a58b8b7eb4f94ca03a85b9c52, findElement {using=id, value=billing_first_name}]
Capabilities {acceptInsecureCerts: false, browserName: chrome, browserVersion: 129.0.6668.59, chrome: {chromedriverVersion: 129.0.6668.58 (81a06fb873a9..., userDataDir: /var/folders/25/16fzy7t11dn...}, fedcm:accounts: true, goog:chromeOptions: {debuggerAddress: localhost:59474}, javascriptEnabled: true, networkConnectionEnabled: false, pageLoadStrategy: normal, platform: MAC, platformName: MAC, proxy: Proxy(), se:cdp: ws://localhost:59474/devtoo..., se:cdpVersion: 129.0.6668.59, setWindowRect: true, strictFileInteractability: false, timeouts: {implicit: 0, pageLoad: 300000, script: 30000}, unhandledPromptBehavior: dismiss and notify, webauthn:extension:credBlob: true, webauthn:extension:largeBlob: true, webauthn:extension:minPinLength: true, webauthn:extension:prf: true, webauthn:virtualAuthenticators: true}
Session ID: 4dcc2c1a58b8b7eb4f94ca03a85b9c52
	at org.openqa.selenium.remote.codec.w3c.W3CHttpResponseCodec.createException(W3CHttpResponseCodec.java:200)
	at org.openqa.selenium.remote.codec.w3c.W3CHttpResponseCodec.decode(W3CHttpResponseCodec.java:133)
	at org.openqa.selenium.remote.codec.w3c.W3CHttpResponseCodec.decode(W3CHttpResponseCodec.java:53)
	at org.openqa.selenium.remote.HttpCommandExecutor.execute(HttpCommandExecutor.java:184)
	at org.openqa.selenium.remote.service.DriverCommandExecutor.invokeExecute(DriverCommandExecutor.java:167)
	at org.openqa.selenium.remote.service.DriverCommandExecutor.execute(DriverCommandExecutor.java:142)
	at org.openqa.selenium.remote.RemoteWebDriver.execute(RemoteWebDriver.java:558)
	at org.openqa.selenium.remote.ElementLocation$ElementFinder$2.findElement(ElementLocation.java:162)
	at org.openqa.selenium.remote.ElementLocation.findElement(ElementLocation.java:60)
	at org.openqa.selenium.remote.RemoteWebDriver.findElement(RemoteWebDriver.java:382)
	at org.openqa.selenium.remote.RemoteWebDriver.findElement(RemoteWebDriver.java:374)
	at com.cybersource.test.util.CommonUtil.findElementById(CommonUtil.java:1018)
	at com.cybersource.test.util.CommonUtil.frontOfficeBillingAddress(CommonUtil.java:2382)
	at com.cybersource.test.woocommerce.CreditCard.executeAuth(CreditCard.java:499)
	at com.cybersource.test.woocommerce.CreditCard.executeAuthCapture(CreditCard.java:167)
	at java.base/java.util.ArrayList.forEach(ArrayList.java:1511)
... Removed 31 stack frames
</div> <!-- stack-trace -->
                </div> <!-- method-content -->
              </div> <!-- method -->
              <div class="method">
                <div class="method-content">
                  <a name="executeAuthCapture(Preethi, PreeThi_7, No, Hoodie, 1, Preethi, S , United States (US), 1295 Charleston road, Mountain v...)">
                  </a> <!-- executeAuthCapture(Preethi, PreeThi_7, No, Hoodie, 1, Preethi, S , United States (US), 1295 Charleston road, Mountain v...) -->
                  <span class="method-name">executeAuthCapture</span>
                  <span class="parameters">(Preethi, PreeThi_7, No, Hoodie, 1, Preethi, S , United States (US), 1295 Charleston road, Mountain view, California, 94340, 7036346568, test@email.com, No, Preethi, S , United Kingdom (UK), 123 KV Road, Mountain View, WF12 0DE, 4111111111111111, 123, 03, 25, Capture, No, wiproltd, madhan123, !Tester464)</span>
                  <div class="stack-trace">org.openqa.selenium.NoSuchElementException: no such element: Unable to locate element: {&quot;method&quot;:&quot;css selector&quot;,&quot;selector&quot;:&quot;#billing_first_name&quot;}
  (Session info: chrome=129.0.6668.59)
For documentation on this error, please visit: https://selenium.dev/exceptions/#no_such_element
Build info: version: &apos;4.1.2&apos;, revision: &apos;9a5a329c5a&apos;
System info: host: &apos;C02HF63LQ6L5&apos;, ip: &apos;fe80:0:0:0:1003:81f0:33e2:f752%en0&apos;, os.name: &apos;Mac OS X&apos;, os.arch: &apos;x86_64&apos;, os.version: &apos;10.16&apos;, java.version: &apos;15.0.2&apos;
Driver info: org.openqa.selenium.chrome.ChromeDriver
Command: [4dcc2c1a58b8b7eb4f94ca03a85b9c52, findElement {using=id, value=billing_first_name}]
Capabilities {acceptInsecureCerts: false, browserName: chrome, browserVersion: 129.0.6668.59, chrome: {chromedriverVersion: 129.0.6668.58 (81a06fb873a9..., userDataDir: /var/folders/25/16fzy7t11dn...}, fedcm:accounts: true, goog:chromeOptions: {debuggerAddress: localhost:59474}, javascriptEnabled: true, networkConnectionEnabled: false, pageLoadStrategy: normal, platform: MAC, platformName: MAC, proxy: Proxy(), se:cdp: ws://localhost:59474/devtoo..., se:cdpVersion: 129.0.6668.59, setWindowRect: true, strictFileInteractability: false, timeouts: {implicit: 0, pageLoad: 300000, script: 30000}, unhandledPromptBehavior: dismiss and notify, webauthn:extension:credBlob: true, webauthn:extension:largeBlob: true, webauthn:extension:minPinLength: true, webauthn:extension:prf: true, webauthn:virtualAuthenticators: true}
Session ID: 4dcc2c1a58b8b7eb4f94ca03a85b9c52
	at org.openqa.selenium.remote.codec.w3c.W3CHttpResponseCodec.createException(W3CHttpResponseCodec.java:200)
	at org.openqa.selenium.remote.codec.w3c.W3CHttpResponseCodec.decode(W3CHttpResponseCodec.java:133)
	at org.openqa.selenium.remote.codec.w3c.W3CHttpResponseCodec.decode(W3CHttpResponseCodec.java:53)
	at org.openqa.selenium.remote.HttpCommandExecutor.execute(HttpCommandExecutor.java:184)
	at org.openqa.selenium.remote.service.DriverCommandExecutor.invokeExecute(DriverCommandExecutor.java:167)
	at org.openqa.selenium.remote.service.DriverCommandExecutor.execute(DriverCommandExecutor.java:142)
	at org.openqa.selenium.remote.RemoteWebDriver.execute(RemoteWebDriver.java:558)
	at org.openqa.selenium.remote.ElementLocation$ElementFinder$2.findElement(ElementLocation.java:162)
	at org.openqa.selenium.remote.ElementLocation.findElement(ElementLocation.java:60)
	at org.openqa.selenium.remote.RemoteWebDriver.findElement(RemoteWebDriver.java:382)
	at org.openqa.selenium.remote.RemoteWebDriver.findElement(RemoteWebDriver.java:374)
	at com.cybersource.test.util.CommonUtil.findElementById(CommonUtil.java:1018)
	at com.cybersource.test.util.CommonUtil.frontOfficeBillingAddress(CommonUtil.java:2382)
	at com.cybersource.test.woocommerce.CreditCard.executeAuth(CreditCard.java:499)
	at com.cybersource.test.woocommerce.CreditCard.executeAuthCapture(CreditCard.java:167)
	at java.base/java.util.ArrayList.forEach(ArrayList.java:1511)
... Removed 31 stack frames
</div> <!-- stack-trace -->
                </div> <!-- method-content -->
              </div> <!-- method -->
            </div> <!-- main-panel-content rounded-window-bottom -->
          </div> <!-- suite-CreditCardSanity-class-skipped -->
        </div> <!-- panel CreditCardSanity -->
        <div panel-name="test-xml-CreditCardSanity" class="panel">
          <div class="main-panel-header rounded-window-top">
            <span class="header-content">/Users/PR20383023/Desktop/Automation/Sept 19(Nrml)/cybs-plugin-woocommerce-test-automation-normalcheckout/resources/testcases/woocommerce.test.xml/CreditCardSanity.xml</span>
          </div> <!-- main-panel-header rounded-window-top -->
          <div class="main-panel-content rounded-window-bottom">
            <pre>
&lt;?xml version=&quot;1.0&quot; encoding=&quot;UTF-8&quot;?&gt;
&lt;!DOCTYPE suite SYSTEM &quot;https://testng.org/testng-1.0.dtd&quot;&gt;
&lt;suite name=&quot;CreditCardSanity&quot;&gt;
  &lt;parameter name=&quot;tech&quot; value=&quot;woocommerce&quot;/&gt;
  &lt;parameter name=&quot;testscenario&quot; value=&quot;positive&quot;/&gt;
  &lt;test thread-count=&quot;5&quot; name=&quot;CreditCardAuth&quot;&gt;
    &lt;parameter name=&quot;prefix&quot; value=&quot;credit.card.sanity.auth.&quot;/&gt;
    &lt;classes&gt;
      &lt;class name=&quot;com.cybersource.test.woocommerce.CreditCard&quot;&gt;
        &lt;methods&gt;
          &lt;include name=&quot;executeAuth&quot;/&gt;
        &lt;/methods&gt;
      &lt;/class&gt; &lt;!-- com.cybersource.test.woocommerce.CreditCard --&gt;
    &lt;/classes&gt;
  &lt;/test&gt; &lt;!-- CreditCardAuth --&gt;
  &lt;test thread-count=&quot;5&quot; name=&quot;CreditCardCaptue&quot;&gt;
    &lt;parameter name=&quot;prefix&quot; value=&quot;credit.card.sanity.capture.&quot;/&gt;
    &lt;classes&gt;
      &lt;class name=&quot;com.cybersource.test.woocommerce.CreditCard&quot;&gt;
        &lt;methods&gt;
          &lt;include name=&quot;executeAuthCapture&quot;/&gt;
        &lt;/methods&gt;
      &lt;/class&gt; &lt;!-- com.cybersource.test.woocommerce.CreditCard --&gt;
    &lt;/classes&gt;
  &lt;/test&gt; &lt;!-- CreditCardCaptue --&gt;
&lt;/suite&gt; &lt;!-- CreditCardSanity --&gt;
            </pre>
          </div> <!-- main-panel-content rounded-window-bottom -->
        </div> <!-- panel -->
        <div panel-name="testlist-CreditCardSanity" class="panel">
          <div class="main-panel-header rounded-window-top">
            <span class="header-content">Tests for CreditCardSanity</span>
          </div> <!-- main-panel-header rounded-window-top -->
          <div class="main-panel-content rounded-window-bottom">
            <ul>
              <li>
                <span class="test-name">CreditCardAuth (1 class)</span>
              </li>
              <li>
                <span class="test-name">CreditCardCaptue (1 class)</span>
              </li>
            </ul>
          </div> <!-- main-panel-content rounded-window-bottom -->
        </div> <!-- panel -->
        <div panel-name="group-CreditCardSanity" class="panel">
          <div class="main-panel-header rounded-window-top">
            <span class="header-content">Groups for CreditCardSanity</span>
          </div> <!-- main-panel-header rounded-window-top -->
          <div class="main-panel-content rounded-window-bottom">
          </div> <!-- main-panel-content rounded-window-bottom -->
        </div> <!-- panel -->
        <div panel-name="times-CreditCardSanity" class="panel">
          <div class="main-panel-header rounded-window-top">
            <span class="header-content">Times for CreditCardSanity</span>
          </div> <!-- main-panel-header rounded-window-top -->
          <div class="main-panel-content rounded-window-bottom">
            <div class="times-div">
              <script type="text/javascript">
suiteTableInitFunctions.push('tableData_CreditCardSanity');
function tableData_CreditCardSanity() {
var data = new google.visualization.DataTable();
data.addColumn('number', 'Number');
data.addColumn('string', 'Method');
data.addColumn('string', 'Class');
data.addColumn('number', 'Time (ms)');
data.addRows(20);
data.setCell(0, 0, 0)
data.setCell(0, 1, 'executeAuth')
data.setCell(0, 2, 'com.cybersource.test.woocommerce.CreditCard')
data.setCell(0, 3, 46124);
data.setCell(1, 0, 1)
data.setCell(1, 1, 'executeAuth')
data.setCell(1, 2, 'com.cybersource.test.woocommerce.CreditCard')
data.setCell(1, 3, 19851);
data.setCell(2, 0, 2)
data.setCell(2, 1, 'executeAuth')
data.setCell(2, 2, 'com.cybersource.test.woocommerce.CreditCard')
data.setCell(2, 3, 14574);
data.setCell(3, 0, 3)
data.setCell(3, 1, 'executeAuthCapture')
data.setCell(3, 2, 'com.cybersource.test.woocommerce.CreditCard')
data.setCell(3, 3, 14413);
data.setCell(4, 0, 4)
data.setCell(4, 1, 'executeAuth')
data.setCell(4, 2, 'com.cybersource.test.woocommerce.CreditCard')
data.setCell(4, 3, 13586);
data.setCell(5, 0, 5)
data.setCell(5, 1, 'executeAuthCapture')
data.setCell(5, 2, 'com.cybersource.test.woocommerce.CreditCard')
data.setCell(5, 3, 13197);
data.setCell(6, 0, 6)
data.setCell(6, 1, 'executeAuthCapture')
data.setCell(6, 2, 'com.cybersource.test.woocommerce.CreditCard')
data.setCell(6, 3, 13179);
data.setCell(7, 0, 7)
data.setCell(7, 1, 'executeAuthCapture')
data.setCell(7, 2, 'com.cybersource.test.woocommerce.CreditCard')
data.setCell(7, 3, 13035);
data.setCell(8, 0, 8)
data.setCell(8, 1, 'executeAuth')
data.setCell(8, 2, 'com.cybersource.test.woocommerce.CreditCard')
data.setCell(8, 3, 12707);
data.setCell(9, 0, 9)
data.setCell(9, 1, 'executeAuth')
data.setCell(9, 2, 'com.cybersource.test.woocommerce.CreditCard')
data.setCell(9, 3, 12661);
data.setCell(10, 0, 10)
data.setCell(10, 1, 'executeAuth')
data.setCell(10, 2, 'com.cybersource.test.woocommerce.CreditCard')
data.setCell(10, 3, 12586);
data.setCell(11, 0, 11)
data.setCell(11, 1, 'executeAuth')
data.setCell(11, 2, 'com.cybersource.test.woocommerce.CreditCard')
data.setCell(11, 3, 12265);
data.setCell(12, 0, 12)
data.setCell(12, 1, 'executeAuthCapture')
data.setCell(12, 2, 'com.cybersource.test.woocommerce.CreditCard')
data.setCell(12, 3, 11927);
data.setCell(13, 0, 13)
data.setCell(13, 1, 'executeAuthCapture')
data.setCell(13, 2, 'com.cybersource.test.woocommerce.CreditCard')
data.setCell(13, 3, 11916);
data.setCell(14, 0, 14)
data.setCell(14, 1, 'executeAuthCapture')
data.setCell(14, 2, 'com.cybersource.test.woocommerce.CreditCard')
data.setCell(14, 3, 11582);
data.setCell(15, 0, 15)
data.setCell(15, 1, 'executeAuth')
data.setCell(15, 2, 'com.cybersource.test.woocommerce.CreditCard')
data.setCell(15, 3, 11513);
data.setCell(16, 0, 16)
data.setCell(16, 1, 'executeAuthCapture')
data.setCell(16, 2, 'com.cybersource.test.woocommerce.CreditCard')
data.setCell(16, 3, 11413);
data.setCell(17, 0, 17)
data.setCell(17, 1, 'executeAuth')
data.setCell(17, 2, 'com.cybersource.test.woocommerce.CreditCard')
data.setCell(17, 3, 11117);
data.setCell(18, 0, 18)
data.setCell(18, 1, 'executeAuthCapture')
data.setCell(18, 2, 'com.cybersource.test.woocommerce.CreditCard')
data.setCell(18, 3, 11071);
data.setCell(19, 0, 19)
data.setCell(19, 1, 'executeAuthCapture')
data.setCell(19, 2, 'com.cybersource.test.woocommerce.CreditCard')
data.setCell(19, 3, 11057);
window.suiteTableData['CreditCardSanity']= { tableData: data, tableDiv: 'times-div-CreditCardSanity'}
return data;
}
              </script>
              <span class="suite-total-time">Total running time: 4 minutes</span>
              <div id="times-div-CreditCardSanity">
              </div> <!-- times-div-CreditCardSanity -->
            </div> <!-- times-div -->
          </div> <!-- main-panel-content rounded-window-bottom -->
        </div> <!-- panel -->
        <div panel-name="reporter-CreditCardSanity" class="panel">
          <div class="main-panel-header rounded-window-top">
            <span class="header-content">Reporter output for CreditCardSanity</span>
          </div> <!-- main-panel-header rounded-window-top -->
          <div class="main-panel-content rounded-window-bottom">
            <div class="reporter-method-div">
              <span class="reporter-method-name">executeAuth(Preethi, PreeThi_7, No, Hoodie, 1, Preethi, S , United States (US), 1295 Charleston road, Mountain v...)</span>
              <div class="reporter-method-output-div">
                <span class="reporter-method-output">executeAuth starts</span>
                <span class="reporter-method-output">executeAuth failed</span>
              </div> <!-- reporter-method-output-div -->
            </div> <!-- reporter-method-div -->
            <div class="reporter-method-div">
              <span class="reporter-method-name">executeAuth(Preethi, PreeThi_7, No, Hoodie, 1, Preethi, S , United States (US), 1295 Charleston road, Mountain v...)</span>
              <div class="reporter-method-output-div">
                <span class="reporter-method-output">executeAuth starts</span>
                <span class="reporter-method-output">executeAuth failed</span>
              </div> <!-- reporter-method-output-div -->
            </div> <!-- reporter-method-div -->
            <div class="reporter-method-div">
              <span class="reporter-method-name">executeAuth(Preethi, PreeThi_7, No, Hoodie, 1, Preethi, S , United States (US), 1295 Charleston road, Mountain v...)</span>
              <div class="reporter-method-output-div">
                <span class="reporter-method-output">executeAuth starts</span>
              </div> <!-- reporter-method-output-div -->
            </div> <!-- reporter-method-div -->
            <div class="reporter-method-div">
              <span class="reporter-method-name">executeAuth(Preethi, PreeThi_7, No, Hoodie, 1, Preethi, S , United States (US), 1295 Charleston road, Mountain v...)</span>
              <div class="reporter-method-output-div">
                <span class="reporter-method-output">executeAuth starts</span>
              </div> <!-- reporter-method-output-div -->
            </div> <!-- reporter-method-div -->
            <div class="reporter-method-div">
              <span class="reporter-method-name">executeAuth(Preethi, PreeThi_7, No, Hoodie, 1, Preethi, S , United States (US), 1295 Charleston road, Mountain v...)</span>
              <div class="reporter-method-output-div">
                <span class="reporter-method-output">executeAuth starts</span>
              </div> <!-- reporter-method-output-div -->
            </div> <!-- reporter-method-div -->
            <div class="reporter-method-div">
              <span class="reporter-method-name">executeAuth(Preethi, PreeThi_7, No, Hoodie, 1, Preethi, S , United States (US), 1295 Charleston road, Mountain v...)</span>
              <div class="reporter-method-output-div">
                <span class="reporter-method-output">executeAuth starts</span>
              </div> <!-- reporter-method-output-div -->
            </div> <!-- reporter-method-div -->
            <div class="reporter-method-div">
              <span class="reporter-method-name">executeAuth(Preethi, PreeThi_7, No, Hoodie, 1, Preethi, S , United States (US), 1295 Charleston road, Mountain v...)</span>
              <div class="reporter-method-output-div">
                <span class="reporter-method-output">executeAuth starts</span>
              </div> <!-- reporter-method-output-div -->
            </div> <!-- reporter-method-div -->
            <div class="reporter-method-div">
              <span class="reporter-method-name">executeAuth(Preethi, PreeThi_7, No, Hoodie, 1, Preethi, S , United States (US), 1295 Charleston road, Mountain v...)</span>
              <div class="reporter-method-output-div">
                <span class="reporter-method-output">executeAuth starts</span>
              </div> <!-- reporter-method-output-div -->
            </div> <!-- reporter-method-div -->
            <div class="reporter-method-div">
              <span class="reporter-method-name">executeAuth(Preethi, PreeThi_7, No, Hoodie, 1, Preethi, S , United States (US), 1295 Charleston road, Mountain v...)</span>
              <div class="reporter-method-output-div">
                <span class="reporter-method-output">executeAuth starts</span>
              </div> <!-- reporter-method-output-div -->
            </div> <!-- reporter-method-div -->
            <div class="reporter-method-div">
              <span class="reporter-method-name">executeAuth(Preethi, PreeThi_7, No, Hoodie, 1, Preethi, S , United States (US), 1295 Charleston road, Mountain v...)</span>
              <div class="reporter-method-output-div">
                <span class="reporter-method-output">executeAuth starts</span>
              </div> <!-- reporter-method-output-div -->
            </div> <!-- reporter-method-div -->
            <div class="reporter-method-div">
              <span class="reporter-method-name">executeAuthCapture(Preethi, PreeThi_7, No, Hoodie, 1, Preethi, S , United States (US), 1295 Charleston road, Mountain v...)</span>
              <div class="reporter-method-output-div">
                <span class="reporter-method-output">executeAuthCapture starts</span>
                <span class="reporter-method-output">executeAuthCapture failed</span>
              </div> <!-- reporter-method-output-div -->
            </div> <!-- reporter-method-div -->
            <div class="reporter-method-div">
              <span class="reporter-method-name">executeAuthCapture(Preethi, PreeThi_7, No, Hoodie, 1, Preethi, S , United States (US), 1295 Charleston road, Mountain v...)</span>
              <div class="reporter-method-output-div">
                <span class="reporter-method-output">executeAuthCapture starts</span>
                <span class="reporter-method-output">executeAuthCapture failed</span>
              </div> <!-- reporter-method-output-div -->
            </div> <!-- reporter-method-div -->
            <div class="reporter-method-div">
              <span class="reporter-method-name">executeAuthCapture(Preethi, PreeThi_7, No, Hoodie, 1, Preethi, S , United States (US), 1295 Charleston road, Mountain v...)</span>
              <div class="reporter-method-output-div">
                <span class="reporter-method-output">executeAuthCapture starts</span>
              </div> <!-- reporter-method-output-div -->
            </div> <!-- reporter-method-div -->
            <div class="reporter-method-div">
              <span class="reporter-method-name">executeAuthCapture(Preethi, PreeThi_7, No, Hoodie, 1, Preethi, S , United States (US), 1295 Charleston road, Mountain v...)</span>
              <div class="reporter-method-output-div">
                <span class="reporter-method-output">executeAuthCapture starts</span>
              </div> <!-- reporter-method-output-div -->
            </div> <!-- reporter-method-div -->
            <div class="reporter-method-div">
              <span class="reporter-method-name">executeAuthCapture(Preethi, PreeThi_7, No, Hoodie, 1, Preethi, S , United States (US), 1295 Charleston road, Mountain v...)</span>
              <div class="reporter-method-output-div">
                <span class="reporter-method-output">executeAuthCapture starts</span>
              </div> <!-- reporter-method-output-div -->
            </div> <!-- reporter-method-div -->
            <div class="reporter-method-div">
              <span class="reporter-method-name">executeAuthCapture(Preethi, PreeThi_7, No, Hoodie, 1, Preethi, S , United States (US), 1295 Charleston road, Mountain v...)</span>
              <div class="reporter-method-output-div">
                <span class="reporter-method-output">executeAuthCapture starts</span>
              </div> <!-- reporter-method-output-div -->
            </div> <!-- reporter-method-div -->
            <div class="reporter-method-div">
              <span class="reporter-method-name">executeAuthCapture(Preethi, PreeThi_7, No, Hoodie, 1, Preethi, S , United States (US), 1295 Charleston road, Mountain v...)</span>
              <div class="reporter-method-output-div">
                <span class="reporter-method-output">executeAuthCapture starts</span>
              </div> <!-- reporter-method-output-div -->
            </div> <!-- reporter-method-div -->
            <div class="reporter-method-div">
              <span class="reporter-method-name">executeAuthCapture(Preethi, PreeThi_7, No, Hoodie, 1, Preethi, S , United States (US), 1295 Charleston road, Mountain v...)</span>
              <div class="reporter-method-output-div">
                <span class="reporter-method-output">executeAuthCapture starts</span>
              </div> <!-- reporter-method-output-div -->
            </div> <!-- reporter-method-div -->
            <div class="reporter-method-div">
              <span class="reporter-method-name">executeAuthCapture(Preethi, PreeThi_7, No, Hoodie, 1, Preethi, S , United States (US), 1295 Charleston road, Mountain v...)</span>
              <div class="reporter-method-output-div">
                <span class="reporter-method-output">executeAuthCapture starts</span>
              </div> <!-- reporter-method-output-div -->
            </div> <!-- reporter-method-div -->
            <div class="reporter-method-div">
              <span class="reporter-method-name">executeAuthCapture(Preethi, PreeThi_7, No, Hoodie, 1, Preethi, S , United States (US), 1295 Charleston road, Mountain v...)</span>
              <div class="reporter-method-output-div">
                <span class="reporter-method-output">executeAuthCapture starts</span>
              </div> <!-- reporter-method-output-div -->
            </div> <!-- reporter-method-div -->
          </div> <!-- main-panel-content rounded-window-bottom -->
        </div> <!-- panel -->
        <div panel-name="ignored-methods-CreditCardSanity" class="panel">
          <div class="main-panel-header rounded-window-top">
            <span class="header-content">36 ignored methods</span>
          </div> <!-- main-panel-header rounded-window-top -->
          <div class="main-panel-content rounded-window-bottom">
            <div class="ignored-class-div">
              <span class="ignored-class-name">com.cybersource.test.woocommerce.CreditCard</span>
              <div class="ignored-methods-div">
                <span class="ignored-method-name">executeTaxes</span>
                <br/>
                <span class="ignored-method-name">executeTaxes</span>
                <br/>
                <span class="ignored-method-name">executeDecisionManager</span>
                <br/>
                <span class="ignored-method-name">executeDecisionManager</span>
                <br/>
                <span class="ignored-method-name">executeDiffCurrencies</span>
                <br/>
                <span class="ignored-method-name">executeDiffCurrencies</span>
                <br/>
                <span class="ignored-method-name">executeTokenization</span>
                <br/>
                <span class="ignored-method-name">executeAuthAuthReversal</span>
                <br/>
                <span class="ignored-method-name">executeTokenization</span>
                <br/>
                <span class="ignored-method-name">executeAuthAuthReversal</span>
                <br/>
                <span class="ignored-method-name">executeAuthCapRefund</span>
                <br/>
                <span class="ignored-method-name">executeAuthCapRefund</span>
                <br/>
                <span class="ignored-method-name">executeCoupons</span>
                <br/>
                <span class="ignored-method-name">executeCoupons</span>
                <br/>
                <span class="ignored-method-name">executeShippingMethod</span>
                <br/>
                <span class="ignored-method-name">executeShippingMethod</span>
                <br/>
                <span class="ignored-method-name">executeAuth</span>
                <br/>
                <span class="ignored-method-name">executeSaleRefund</span>
                <br/>
                <span class="ignored-method-name">executeSaleRefund</span>
                <br/>
                <span class="ignored-method-name">executeMyAccountDeleteCard</span>
                <br/>
                <span class="ignored-method-name">executeMyAccountDeleteCard</span>
                <br/>
                <span class="ignored-method-name">executeAuthCapture</span>
                <br/>
                <span class="ignored-method-name">executeMyAccountAddCard</span>
                <br/>
                <span class="ignored-method-name">executeMyAccountAddCard</span>
                <br/>
                <span class="ignored-method-name">CreditCardConfiguration</span>
                <br/>
                <span class="ignored-method-name">CreditCardConfiguration</span>
                <br/>
                <span class="ignored-method-name">executeSaleParRefund</span>
                <br/>
                <span class="ignored-method-name">executeSaleParRefund</span>
                <br/>
                <span class="ignored-method-name">executePayerAuth</span>
                <br/>
                <span class="ignored-method-name">executePayerAuth</span>
                <br/>
                <span class="ignored-method-name">executeSale</span>
                <br/>
                <span class="ignored-method-name">executeSale</span>
                <br/>
                <span class="ignored-method-name">executeAuthCapParRefund</span>
                <br/>
                <span class="ignored-method-name">executeNullInvalidScenarioCase</span>
                <br/>
                <span class="ignored-method-name">executeAuthCapParRefund</span>
                <br/>
                <span class="ignored-method-name">executeNullInvalidScenarioCase</span>
                <br/>
              </div> <!-- ignored-methods-div -->
            </div> <!-- ignored-class-div -->
          </div> <!-- main-panel-content rounded-window-bottom -->
        </div> <!-- panel -->
        <div panel-name="chronological-CreditCardSanity" class="panel">
          <div class="main-panel-header rounded-window-top">
            <span class="header-content">Methods in chronological order</span>
          </div> <!-- main-panel-header rounded-window-top -->
          <div class="main-panel-content rounded-window-bottom">
            <div class="chronological-class">
              <div class="chronological-class-name">com.cybersource.test.woocommerce.CreditCard</div> <!-- chronological-class-name -->
              <div class="configuration-test before">
                <span class="method-name">init(org.testng.TestRunner@6294e4a6)</span>
                <span class="method-start">0 ms</span>
              </div> <!-- configuration-test before -->
              <div class="test-method">
                <span class="method-name">executeAuth(Preethi, PreeThi_7, No, Hoodie, 1, Preethi, S , United States (US), 1295 Charleston road, Mountain v...)</span>
                <span class="method-start">3280 ms</span>
              </div> <!-- test-method -->
              <div class="test-method">
                <span class="method-name">executeAuth(Preethi, PreeThi_7, No, Hoodie, 1, Preethi, S , United States (US), 1295 Charleston road, Mountain v...)</span>
                <span class="method-start">49523 ms</span>
              </div> <!-- test-method -->
              <div class="test-method">
                <span class="method-name">executeAuth(Preethi, PreeThi_7, No, Hoodie, 1, Preethi, S , United States (US), 1295 Charleston road, Mountain v...)</span>
                <span class="method-start">69405 ms</span>
              </div> <!-- test-method -->
              <div class="test-method">
                <span class="method-name">executeAuth(Preethi, PreeThi_7, No, Hoodie, 1, Preethi, S , United States (US), 1295 Charleston road, Mountain v...)</span>
                <span class="method-start">82126 ms</span>
              </div> <!-- test-method -->
              <div class="test-method">
                <img src="failed.png">
                </img>
                <span class="method-name">executeAuth(Preethi, PreeThi_7, No, Hoodie, 1, Preethi, S , United States (US), 1295 Charleston road, Mountain v...)</span>
                <span class="method-start">94423 ms</span>
              </div> <!-- test-method -->
              <div class="test-method">
                <span class="method-name">executeAuth(Preethi, PreeThi_7, No, Hoodie, 1, Preethi, S , United States (US), 1295 Charleston road, Mountain v...)</span>
                <span class="method-start">113139 ms</span>
              </div> <!-- test-method -->
              <div class="test-method">
                <span class="method-name">executeAuth(Preethi, PreeThi_7, No, Hoodie, 1, Preethi, S , United States (US), 1295 Charleston road, Mountain v...)</span>
                <span class="method-start">127736 ms</span>
              </div> <!-- test-method -->
              <div class="test-method">
                <span class="method-name">executeAuth(Preethi, PreeThi_7, No, Hoodie, 1, Preethi, S , United States (US), 1295 Charleston road, Mountain v...)</span>
                <span class="method-start">141373 ms</span>
              </div> <!-- test-method -->
              <div class="test-method">
                <span class="method-name">executeAuth(Preethi, PreeThi_7, No, Hoodie, 1, Preethi, S , United States (US), 1295 Charleston road, Mountain v...)</span>
                <span class="method-start">153979 ms</span>
              </div> <!-- test-method -->
              <div class="test-method">
                <img src="failed.png">
                </img>
                <span class="method-name">executeAuth(Preethi, PreeThi_7, No, Hoodie, 1, Preethi, S , United States (US), 1295 Charleston road, Mountain v...)</span>
                <span class="method-start">166674 ms</span>
              </div> <!-- test-method -->
              <div class="configuration-test before">
                <span class="method-name">init(org.testng.TestRunner@13662609)</span>
                <span class="method-start">179005 ms</span>
              </div> <!-- configuration-test before -->
              <div class="test-method">
                <span class="method-name">executeAuthCapture(Preethi, PreeThi_7, No, Hoodie, 1, Preethi, S , United States (US), 1295 Charleston road, Mountain v...)</span>
                <span class="method-start">181042 ms</span>
              </div> <!-- test-method -->
              <div class="test-method">
                <span class="method-name">executeAuthCapture(Preethi, PreeThi_7, No, Hoodie, 1, Preethi, S , United States (US), 1295 Charleston road, Mountain v...)</span>
                <span class="method-start">192992 ms</span>
              </div> <!-- test-method -->
              <div class="test-method">
                <span class="method-name">executeAuthCapture(Preethi, PreeThi_7, No, Hoodie, 1, Preethi, S , United States (US), 1295 Charleston road, Mountain v...)</span>
                <span class="method-start">204417 ms</span>
              </div> <!-- test-method -->
              <div class="test-method">
                <span class="method-name">executeAuthCapture(Preethi, PreeThi_7, No, Hoodie, 1, Preethi, S , United States (US), 1295 Charleston road, Mountain v...)</span>
                <span class="method-start">218860 ms</span>
              </div> <!-- test-method -->
              <div class="test-method">
                <img src="failed.png">
                </img>
                <span class="method-name">executeAuthCapture(Preethi, PreeThi_7, No, Hoodie, 1, Preethi, S , United States (US), 1295 Charleston road, Mountain v...)</span>
                <span class="method-start">230787 ms</span>
              </div> <!-- test-method -->
              <div class="test-method">
                <span class="method-name">executeAuthCapture(Preethi, PreeThi_7, No, Hoodie, 1, Preethi, S , United States (US), 1295 Charleston road, Mountain v...)</span>
                <span class="method-start">244234 ms</span>
              </div> <!-- test-method -->
              <div class="test-method">
                <span class="method-name">executeAuthCapture(Preethi, PreeThi_7, No, Hoodie, 1, Preethi, S , United States (US), 1295 Charleston road, Mountain v...)</span>
                <span class="method-start">255297 ms</span>
              </div> <!-- test-method -->
              <div class="test-method">
                <span class="method-name">executeAuthCapture(Preethi, PreeThi_7, No, Hoodie, 1, Preethi, S , United States (US), 1295 Charleston road, Mountain v...)</span>
                <span class="method-start">266382 ms</span>
              </div> <!-- test-method -->
              <div class="test-method">
                <span class="method-name">executeAuthCapture(Preethi, PreeThi_7, No, Hoodie, 1, Preethi, S , United States (US), 1295 Charleston road, Mountain v...)</span>
                <span class="method-start">279459 ms</span>
              </div> <!-- test-method -->
              <div class="test-method">
                <img src="failed.png">
                </img>
                <span class="method-name">executeAuthCapture(Preethi, PreeThi_7, No, Hoodie, 1, Preethi, S , United States (US), 1295 Charleston road, Mountain v...)</span>
                <span class="method-start">292662 ms</span>
              </div> <!-- test-method -->
          </div> <!-- main-panel-content rounded-window-bottom -->
        </div> <!-- panel -->
      </div> <!-- main-panel-root -->
    </div> <!-- wrapper -->
  </body>
<script type="text/javascript" src="testng-reports2.js"></script>
</html>
