<?xml version="1.0" encoding="UTF-8"?>
<testng-results retried="16" ignored="36" total="56" passed="0" failed="4" skipped="0">
  <reporter-output>
    <line>
      <![CDATA[executeAuth starts]]>
    </line>
    <line>
      <![CDATA[executeAuth starts]]>
    </line>
    <line>
      <![CDATA[executeAuth starts]]>
    </line>
    <line>
      <![CDATA[executeAuth starts]]>
    </line>
    <line>
      <![CDATA[executeAuth starts]]>
    </line>
    <line>
      <![CDATA[executeAuth failed]]>
    </line>
    <line>
      <![CDATA[executeAuth starts]]>
    </line>
    <line>
      <![CDATA[executeAuth starts]]>
    </line>
    <line>
      <![CDATA[executeAuth starts]]>
    </line>
    <line>
      <![CDATA[executeAuth starts]]>
    </line>
    <line>
      <![CDATA[executeAuth starts]]>
    </line>
    <line>
      <![CDATA[executeAuth failed]]>
    </line>
    <line>
      <![CDATA[CreditCardAuth finished]]>
    </line>
    <line>
      <![CDATA[executeAuthCapture starts]]>
    </line>
    <line>
      <![CDATA[executeAuthCapture starts]]>
    </line>
    <line>
      <![CDATA[executeAuthCapture starts]]>
    </line>
    <line>
      <![CDATA[executeAuthCapture starts]]>
    </line>
    <line>
      <![CDATA[executeAuthCapture starts]]>
    </line>
    <line>
      <![CDATA[executeAuthCapture failed]]>
    </line>
    <line>
      <![CDATA[executeAuthCapture starts]]>
    </line>
    <line>
      <![CDATA[executeAuthCapture starts]]>
    </line>
    <line>
      <![CDATA[executeAuthCapture starts]]>
    </line>
    <line>
      <![CDATA[executeAuthCapture starts]]>
    </line>
    <line>
      <![CDATA[executeAuthCapture starts]]>
    </line>
    <line>
      <![CDATA[executeAuthCapture failed]]>
    </line>
  </reporter-output>
  <suite started-at="2024-09-19T11:40:28 IST" name="CreditCardSanity" finished-at="2024-09-19T11:45:32 IST" duration-ms="304510">
    <groups>
    </groups>
    <test started-at="2024-09-19T11:40:28 IST" name="CreditCardAuth" finished-at="2024-09-19T11:43:27 IST" duration-ms="178856">
      <class name="com.cybersource.test.woocommerce.CreditCard">
        <test-method is-config="true" signature="init(org.testng.ITestContext)[pri:0, instance:com.cybersource.test.woocommerce.CreditCard@7b4c50bc]" started-at="2024-09-19T11:40:28 IST" name="init" finished-at="2024-09-19T11:40:30 IST" duration-ms="2033" status="PASS">
          <params>
            <param index="0">
              <value>
                <![CDATA[org.testng.TestRunner@6294e4a6]]>
              </value>
            </param>
          </params>
          <reporter-output>
          </reporter-output>
        </test-method> <!-- init -->
        <test-method retried="true" signature="executeAuth(java.lang.String,java.lang.String,java.lang.String,java.lang.String,java.lang.String,java.lang.String,java.lang.String,java.lang.String,java.lang.String,java.lang.String,java.lang.String,java.lang.String,java.lang.String,java.lang.String,java.lang.String,java.lang.String,java.lang.String,java.lang.String,java.lang.String,java.lang.String,java.lang.String,java.lang.String,java.lang.String,java.lang.String,java.lang.String,java.lang.String,java.lang.String,java.lang.String,java.lang.String,java.lang.String)[pri:0, instance:com.cybersource.test.woocommerce.CreditCard@7b4c50bc]" started-at="2024-09-19T11:40:31 IST" name="executeAuth" data-provider="getData" finished-at="2024-09-19T11:41:17 IST" duration-ms="46124" status="SKIP">
          <params>
            <param index="0">
              <value>
                <![CDATA[Preethi]]>
              </value>
            </param>
            <param index="1">
              <value>
                <![CDATA[PreeThi_7]]>
              </value>
            </param>
            <param index="2">
              <value>
                <![CDATA[No]]>
              </value>
            </param>
            <param index="3">
              <value>
                <![CDATA[Hoodie]]>
              </value>
            </param>
            <param index="4">
              <value>
                <![CDATA[1]]>
              </value>
            </param>
            <param index="5">
              <value>
                <![CDATA[Preethi]]>
              </value>
            </param>
            <param index="6">
              <value>
                <![CDATA[S ]]>
              </value>
            </param>
            <param index="7">
              <value>
                <![CDATA[United States (US)]]>
              </value>
            </param>
            <param index="8">
              <value>
                <![CDATA[1295 Charleston road]]>
              </value>
            </param>
            <param index="9">
              <value>
                <![CDATA[Mountain view]]>
              </value>
            </param>
            <param index="10">
              <value>
                <![CDATA[California]]>
              </value>
            </param>
            <param index="11">
              <value>
                <![CDATA[94340]]>
              </value>
            </param>
            <param index="12">
              <value>
                <![CDATA[7036346568]]>
              </value>
            </param>
            <param index="13">
              <value>
                <![CDATA[test@email.com]]>
              </value>
            </param>
            <param index="14">
              <value>
                <![CDATA[No]]>
              </value>
            </param>
            <param index="15">
              <value>
                <![CDATA[Preethi]]>
              </value>
            </param>
            <param index="16">
              <value>
                <![CDATA[S ]]>
              </value>
            </param>
            <param index="17">
              <value>
                <![CDATA[United Kingdom (UK)]]>
              </value>
            </param>
            <param index="18">
              <value>
                <![CDATA[123 KV Road]]>
              </value>
            </param>
            <param index="19">
              <value>
                <![CDATA[Mountain View]]>
              </value>
            </param>
            <param index="20">
              <value>
                <![CDATA[WF12 0DE]]>
              </value>
            </param>
            <param index="21">
              <value>
                <![CDATA[4111111111111111]]>
              </value>
            </param>
            <param index="22">
              <value>
                <![CDATA[123]]>
              </value>
            </param>
            <param index="23">
              <value>
                <![CDATA[03]]>
              </value>
            </param>
            <param index="24">
              <value>
                <![CDATA[25]]>
              </value>
            </param>
            <param index="25">
              <value>
                <![CDATA[Auth]]>
              </value>
            </param>
            <param index="26">
              <value>
                <![CDATA[No]]>
              </value>
            </param>
            <param index="27">
              <value>
                <![CDATA[wiproltd]]>
              </value>
            </param>
            <param index="28">
              <value>
                <![CDATA[madhan123]]>
              </value>
            </param>
            <param index="29">
              <value>
                <![CDATA[!Tester464]]>
              </value>
            </param>
          </params>
          <exception class="org.openqa.selenium.NoSuchElementException">
            <message>
              <![CDATA[no such element: Unable to locate element: {"method":"css selector","selector":"#billing_first_name"}
  (Session info: chrome=129.0.6668.59)
For documentation on this error, please visit: https://selenium.dev/exceptions/#no_such_element
Build info: version: '4.1.2', revision: '9a5a329c5a'
System info: host: 'C02HF63LQ6L5', ip: 'fe80:0:0:0:1003:81f0:33e2:f752%en0', os.name: 'Mac OS X', os.arch: 'x86_64', os.version: '10.16', java.version: '15.0.2'
Driver info: org.openqa.selenium.chrome.ChromeDriver
Command: [4dcc2c1a58b8b7eb4f94ca03a85b9c52, findElement {using=id, value=billing_first_name}]
Capabilities {acceptInsecureCerts: false, browserName: chrome, browserVersion: 129.0.6668.59, chrome: {chromedriverVersion: 129.0.6668.58 (81a06fb873a9..., userDataDir: /var/folders/25/16fzy7t11dn...}, fedcm:accounts: true, goog:chromeOptions: {debuggerAddress: localhost:59474}, javascriptEnabled: true, networkConnectionEnabled: false, pageLoadStrategy: normal, platform: MAC, platformName: MAC, proxy: Proxy(), se:cdp: ws://localhost:59474/devtoo..., se:cdpVersion: 129.0.6668.59, setWindowRect: true, strictFileInteractability: false, timeouts: {implicit: 0, pageLoad: 300000, script: 30000}, unhandledPromptBehavior: dismiss and notify, webauthn:extension:credBlob: true, webauthn:extension:largeBlob: true, webauthn:extension:minPinLength: true, webauthn:extension:prf: true, webauthn:virtualAuthenticators: true}
Session ID: 4dcc2c1a58b8b7eb4f94ca03a85b9c52]]>
            </message>
            <full-stacktrace>
              <![CDATA[org.openqa.selenium.NoSuchElementException: no such element: Unable to locate element: {"method":"css selector","selector":"#billing_first_name"}
  (Session info: chrome=129.0.6668.59)
For documentation on this error, please visit: https://selenium.dev/exceptions/#no_such_element
Build info: version: '4.1.2', revision: '9a5a329c5a'
System info: host: 'C02HF63LQ6L5', ip: 'fe80:0:0:0:1003:81f0:33e2:f752%en0', os.name: 'Mac OS X', os.arch: 'x86_64', os.version: '10.16', java.version: '15.0.2'
Driver info: org.openqa.selenium.chrome.ChromeDriver
Command: [4dcc2c1a58b8b7eb4f94ca03a85b9c52, findElement {using=id, value=billing_first_name}]
Capabilities {acceptInsecureCerts: false, browserName: chrome, browserVersion: 129.0.6668.59, chrome: {chromedriverVersion: 129.0.6668.58 (81a06fb873a9..., userDataDir: /var/folders/25/16fzy7t11dn...}, fedcm:accounts: true, goog:chromeOptions: {debuggerAddress: localhost:59474}, javascriptEnabled: true, networkConnectionEnabled: false, pageLoadStrategy: normal, platform: MAC, platformName: MAC, proxy: Proxy(), se:cdp: ws://localhost:59474/devtoo..., se:cdpVersion: 129.0.6668.59, setWindowRect: true, strictFileInteractability: false, timeouts: {implicit: 0, pageLoad: 300000, script: 30000}, unhandledPromptBehavior: dismiss and notify, webauthn:extension:credBlob: true, webauthn:extension:largeBlob: true, webauthn:extension:minPinLength: true, webauthn:extension:prf: true, webauthn:virtualAuthenticators: true}
Session ID: 4dcc2c1a58b8b7eb4f94ca03a85b9c52
at java.base/jdk.internal.reflect.NativeConstructorAccessorImpl.newInstance0(Native Method)
at java.base/jdk.internal.reflect.NativeConstructorAccessorImpl.newInstance(NativeConstructorAccessorImpl.java:64)
at java.base/jdk.internal.reflect.DelegatingConstructorAccessorImpl.newInstance(DelegatingConstructorAccessorImpl.java:45)
at java.base/java.lang.reflect.Constructor.newInstanceWithCaller(Constructor.java:500)
at java.base/java.lang.reflect.Constructor.newInstance(Constructor.java:481)
at org.openqa.selenium.remote.codec.w3c.W3CHttpResponseCodec.createException(W3CHttpResponseCodec.java:200)
at org.openqa.selenium.remote.codec.w3c.W3CHttpResponseCodec.decode(W3CHttpResponseCodec.java:133)
at org.openqa.selenium.remote.codec.w3c.W3CHttpResponseCodec.decode(W3CHttpResponseCodec.java:53)
at org.openqa.selenium.remote.HttpCommandExecutor.execute(HttpCommandExecutor.java:184)
at org.openqa.selenium.remote.service.DriverCommandExecutor.invokeExecute(DriverCommandExecutor.java:167)
at org.openqa.selenium.remote.service.DriverCommandExecutor.execute(DriverCommandExecutor.java:142)
at org.openqa.selenium.remote.RemoteWebDriver.execute(RemoteWebDriver.java:558)
at org.openqa.selenium.remote.ElementLocation$ElementFinder$2.findElement(ElementLocation.java:162)
at org.openqa.selenium.remote.ElementLocation.findElement(ElementLocation.java:60)
at org.openqa.selenium.remote.RemoteWebDriver.findElement(RemoteWebDriver.java:382)
at org.openqa.selenium.remote.RemoteWebDriver.findElement(RemoteWebDriver.java:374)
at com.cybersource.test.util.CommonUtil.findElementById(CommonUtil.java:1018)
at com.cybersource.test.util.CommonUtil.frontOfficeBillingAddress(CommonUtil.java:2382)
at com.cybersource.test.woocommerce.CreditCard.executeAuth(CreditCard.java:499)
at java.base/jdk.internal.reflect.NativeMethodAccessorImpl.invoke0(Native Method)
at java.base/jdk.internal.reflect.NativeMethodAccessorImpl.invoke(NativeMethodAccessorImpl.java:64)
at java.base/jdk.internal.reflect.DelegatingMethodAccessorImpl.invoke(DelegatingMethodAccessorImpl.java:43)
at java.base/java.lang.reflect.Method.invoke(Method.java:564)
at org.testng.internal.MethodInvocationHelper.invokeMethod(MethodInvocationHelper.java:133)
at org.testng.internal.TestInvoker.invokeMethod(TestInvoker.java:598)
at org.testng.internal.TestInvoker.invokeTestMethod(TestInvoker.java:173)
at org.testng.internal.MethodRunner.runInSequence(MethodRunner.java:46)
at org.testng.internal.TestInvoker$MethodInvocationAgent.invoke(TestInvoker.java:824)
at org.testng.internal.TestInvoker.invokeTestMethods(TestInvoker.java:146)
at org.testng.internal.TestMethodWorker.invokeTestMethods(TestMethodWorker.java:146)
at org.testng.internal.TestMethodWorker.run(TestMethodWorker.java:128)
at java.base/java.util.ArrayList.forEach(ArrayList.java:1511)
at org.testng.TestRunner.privateRun(TestRunner.java:794)
at org.testng.TestRunner.run(TestRunner.java:596)
at org.testng.SuiteRunner.runTest(SuiteRunner.java:377)
at org.testng.SuiteRunner.runSequentially(SuiteRunner.java:371)
at org.testng.SuiteRunner.privateRun(SuiteRunner.java:332)
at org.testng.SuiteRunner.run(SuiteRunner.java:276)
at org.testng.SuiteRunnerWorker.runSuite(SuiteRunnerWorker.java:53)
at org.testng.SuiteRunnerWorker.run(SuiteRunnerWorker.java:96)
at org.testng.TestNG.runSuitesSequentially(TestNG.java:1212)
at org.testng.TestNG.runSuitesLocally(TestNG.java:1134)
at org.testng.TestNG.runSuites(TestNG.java:1063)
at org.testng.TestNG.run(TestNG.java:1031)
at org.testng.remote.AbstractRemoteTestNG.run(AbstractRemoteTestNG.java:115)
at org.testng.remote.RemoteTestNG.initAndRun(RemoteTestNG.java:251)
at org.testng.remote.RemoteTestNG.main(RemoteTestNG.java:77)
]]>
            </full-stacktrace>
          </exception> <!-- org.openqa.selenium.NoSuchElementException -->
          <reporter-output>
            <line>
              <![CDATA[executeAuth starts]]>
            </line>
          </reporter-output>
        </test-method> <!-- executeAuth -->
        <test-method retried="true" signature="executeAuth(java.lang.String,java.lang.String,java.lang.String,java.lang.String,java.lang.String,java.lang.String,java.lang.String,java.lang.String,java.lang.String,java.lang.String,java.lang.String,java.lang.String,java.lang.String,java.lang.String,java.lang.String,java.lang.String,java.lang.String,java.lang.String,java.lang.String,java.lang.String,java.lang.String,java.lang.String,java.lang.String,java.lang.String,java.lang.String,java.lang.String,java.lang.String,java.lang.String,java.lang.String,java.lang.String)[pri:0, instance:com.cybersource.test.woocommerce.CreditCard@7b4c50bc]" started-at="2024-09-19T11:41:17 IST" name="executeAuth" data-provider="getData" finished-at="2024-09-19T11:41:37 IST" duration-ms="19851" status="SKIP">
          <params>
            <param index="0">
              <value>
                <![CDATA[Preethi]]>
              </value>
            </param>
            <param index="1">
              <value>
                <![CDATA[PreeThi_7]]>
              </value>
            </param>
            <param index="2">
              <value>
                <![CDATA[No]]>
              </value>
            </param>
            <param index="3">
              <value>
                <![CDATA[Hoodie]]>
              </value>
            </param>
            <param index="4">
              <value>
                <![CDATA[1]]>
              </value>
            </param>
            <param index="5">
              <value>
                <![CDATA[Preethi]]>
              </value>
            </param>
            <param index="6">
              <value>
                <![CDATA[S ]]>
              </value>
            </param>
            <param index="7">
              <value>
                <![CDATA[United States (US)]]>
              </value>
            </param>
            <param index="8">
              <value>
                <![CDATA[1295 Charleston road]]>
              </value>
            </param>
            <param index="9">
              <value>
                <![CDATA[Mountain view]]>
              </value>
            </param>
            <param index="10">
              <value>
                <![CDATA[California]]>
              </value>
            </param>
            <param index="11">
              <value>
                <![CDATA[94340]]>
              </value>
            </param>
            <param index="12">
              <value>
                <![CDATA[7036346568]]>
              </value>
            </param>
            <param index="13">
              <value>
                <![CDATA[test@email.com]]>
              </value>
            </param>
            <param index="14">
              <value>
                <![CDATA[No]]>
              </value>
            </param>
            <param index="15">
              <value>
                <![CDATA[Preethi]]>
              </value>
            </param>
            <param index="16">
              <value>
                <![CDATA[S ]]>
              </value>
            </param>
            <param index="17">
              <value>
                <![CDATA[United Kingdom (UK)]]>
              </value>
            </param>
            <param index="18">
              <value>
                <![CDATA[123 KV Road]]>
              </value>
            </param>
            <param index="19">
              <value>
                <![CDATA[Mountain View]]>
              </value>
            </param>
            <param index="20">
              <value>
                <![CDATA[WF12 0DE]]>
              </value>
            </param>
            <param index="21">
              <value>
                <![CDATA[4111111111111111]]>
              </value>
            </param>
            <param index="22">
              <value>
                <![CDATA[123]]>
              </value>
            </param>
            <param index="23">
              <value>
                <![CDATA[03]]>
              </value>
            </param>
            <param index="24">
              <value>
                <![CDATA[25]]>
              </value>
            </param>
            <param index="25">
              <value>
                <![CDATA[Auth]]>
              </value>
            </param>
            <param index="26">
              <value>
                <![CDATA[No]]>
              </value>
            </param>
            <param index="27">
              <value>
                <![CDATA[wiproltd]]>
              </value>
            </param>
            <param index="28">
              <value>
                <![CDATA[madhan123]]>
              </value>
            </param>
            <param index="29">
              <value>
                <![CDATA[!Tester464]]>
              </value>
            </param>
          </params>
          <exception class="org.openqa.selenium.NoSuchElementException">
            <message>
              <![CDATA[no such element: Unable to locate element: {"method":"css selector","selector":"#billing_first_name"}
  (Session info: chrome=129.0.6668.59)
For documentation on this error, please visit: https://selenium.dev/exceptions/#no_such_element
Build info: version: '4.1.2', revision: '9a5a329c5a'
System info: host: 'C02HF63LQ6L5', ip: 'fe80:0:0:0:1003:81f0:33e2:f752%en0', os.name: 'Mac OS X', os.arch: 'x86_64', os.version: '10.16', java.version: '15.0.2'
Driver info: org.openqa.selenium.chrome.ChromeDriver
Command: [4dcc2c1a58b8b7eb4f94ca03a85b9c52, findElement {using=id, value=billing_first_name}]
Capabilities {acceptInsecureCerts: false, browserName: chrome, browserVersion: 129.0.6668.59, chrome: {chromedriverVersion: 129.0.6668.58 (81a06fb873a9..., userDataDir: /var/folders/25/16fzy7t11dn...}, fedcm:accounts: true, goog:chromeOptions: {debuggerAddress: localhost:59474}, javascriptEnabled: true, networkConnectionEnabled: false, pageLoadStrategy: normal, platform: MAC, platformName: MAC, proxy: Proxy(), se:cdp: ws://localhost:59474/devtoo..., se:cdpVersion: 129.0.6668.59, setWindowRect: true, strictFileInteractability: false, timeouts: {implicit: 0, pageLoad: 300000, script: 30000}, unhandledPromptBehavior: dismiss and notify, webauthn:extension:credBlob: true, webauthn:extension:largeBlob: true, webauthn:extension:minPinLength: true, webauthn:extension:prf: true, webauthn:virtualAuthenticators: true}
Session ID: 4dcc2c1a58b8b7eb4f94ca03a85b9c52]]>
            </message>
            <full-stacktrace>
              <![CDATA[org.openqa.selenium.NoSuchElementException: no such element: Unable to locate element: {"method":"css selector","selector":"#billing_first_name"}
  (Session info: chrome=129.0.6668.59)
For documentation on this error, please visit: https://selenium.dev/exceptions/#no_such_element
Build info: version: '4.1.2', revision: '9a5a329c5a'
System info: host: 'C02HF63LQ6L5', ip: 'fe80:0:0:0:1003:81f0:33e2:f752%en0', os.name: 'Mac OS X', os.arch: 'x86_64', os.version: '10.16', java.version: '15.0.2'
Driver info: org.openqa.selenium.chrome.ChromeDriver
Command: [4dcc2c1a58b8b7eb4f94ca03a85b9c52, findElement {using=id, value=billing_first_name}]
Capabilities {acceptInsecureCerts: false, browserName: chrome, browserVersion: 129.0.6668.59, chrome: {chromedriverVersion: 129.0.6668.58 (81a06fb873a9..., userDataDir: /var/folders/25/16fzy7t11dn...}, fedcm:accounts: true, goog:chromeOptions: {debuggerAddress: localhost:59474}, javascriptEnabled: true, networkConnectionEnabled: false, pageLoadStrategy: normal, platform: MAC, platformName: MAC, proxy: Proxy(), se:cdp: ws://localhost:59474/devtoo..., se:cdpVersion: 129.0.6668.59, setWindowRect: true, strictFileInteractability: false, timeouts: {implicit: 0, pageLoad: 300000, script: 30000}, unhandledPromptBehavior: dismiss and notify, webauthn:extension:credBlob: true, webauthn:extension:largeBlob: true, webauthn:extension:minPinLength: true, webauthn:extension:prf: true, webauthn:virtualAuthenticators: true}
Session ID: 4dcc2c1a58b8b7eb4f94ca03a85b9c52
at java.base/jdk.internal.reflect.NativeConstructorAccessorImpl.newInstance0(Native Method)
at java.base/jdk.internal.reflect.NativeConstructorAccessorImpl.newInstance(NativeConstructorAccessorImpl.java:64)
at java.base/jdk.internal.reflect.DelegatingConstructorAccessorImpl.newInstance(DelegatingConstructorAccessorImpl.java:45)
at java.base/java.lang.reflect.Constructor.newInstanceWithCaller(Constructor.java:500)
at java.base/java.lang.reflect.Constructor.newInstance(Constructor.java:481)
at org.openqa.selenium.remote.codec.w3c.W3CHttpResponseCodec.createException(W3CHttpResponseCodec.java:200)
at org.openqa.selenium.remote.codec.w3c.W3CHttpResponseCodec.decode(W3CHttpResponseCodec.java:133)
at org.openqa.selenium.remote.codec.w3c.W3CHttpResponseCodec.decode(W3CHttpResponseCodec.java:53)
at org.openqa.selenium.remote.HttpCommandExecutor.execute(HttpCommandExecutor.java:184)
at org.openqa.selenium.remote.service.DriverCommandExecutor.invokeExecute(DriverCommandExecutor.java:167)
at org.openqa.selenium.remote.service.DriverCommandExecutor.execute(DriverCommandExecutor.java:142)
at org.openqa.selenium.remote.RemoteWebDriver.execute(RemoteWebDriver.java:558)
at org.openqa.selenium.remote.ElementLocation$ElementFinder$2.findElement(ElementLocation.java:162)
at org.openqa.selenium.remote.ElementLocation.findElement(ElementLocation.java:60)
at org.openqa.selenium.remote.RemoteWebDriver.findElement(RemoteWebDriver.java:382)
at org.openqa.selenium.remote.RemoteWebDriver.findElement(RemoteWebDriver.java:374)
at com.cybersource.test.util.CommonUtil.findElementById(CommonUtil.java:1018)
at com.cybersource.test.util.CommonUtil.frontOfficeBillingAddress(CommonUtil.java:2382)
at com.cybersource.test.woocommerce.CreditCard.executeAuth(CreditCard.java:499)
at java.base/jdk.internal.reflect.NativeMethodAccessorImpl.invoke0(Native Method)
at java.base/jdk.internal.reflect.NativeMethodAccessorImpl.invoke(NativeMethodAccessorImpl.java:64)
at java.base/jdk.internal.reflect.DelegatingMethodAccessorImpl.invoke(DelegatingMethodAccessorImpl.java:43)
at java.base/java.lang.reflect.Method.invoke(Method.java:564)
at org.testng.internal.MethodInvocationHelper.invokeMethod(MethodInvocationHelper.java:133)
at org.testng.internal.TestInvoker.invokeMethod(TestInvoker.java:598)
at org.testng.internal.TestInvoker.retryFailed(TestInvoker.java:213)
at org.testng.internal.MethodRunner.runInSequence(MethodRunner.java:58)
at org.testng.internal.TestInvoker$MethodInvocationAgent.invoke(TestInvoker.java:824)
at org.testng.internal.TestInvoker.invokeTestMethods(TestInvoker.java:146)
at org.testng.internal.TestMethodWorker.invokeTestMethods(TestMethodWorker.java:146)
at org.testng.internal.TestMethodWorker.run(TestMethodWorker.java:128)
at java.base/java.util.ArrayList.forEach(ArrayList.java:1511)
at org.testng.TestRunner.privateRun(TestRunner.java:794)
at org.testng.TestRunner.run(TestRunner.java:596)
at org.testng.SuiteRunner.runTest(SuiteRunner.java:377)
at org.testng.SuiteRunner.runSequentially(SuiteRunner.java:371)
at org.testng.SuiteRunner.privateRun(SuiteRunner.java:332)
at org.testng.SuiteRunner.run(SuiteRunner.java:276)
at org.testng.SuiteRunnerWorker.runSuite(SuiteRunnerWorker.java:53)
at org.testng.SuiteRunnerWorker.run(SuiteRunnerWorker.java:96)
at org.testng.TestNG.runSuitesSequentially(TestNG.java:1212)
at org.testng.TestNG.runSuitesLocally(TestNG.java:1134)
at org.testng.TestNG.runSuites(TestNG.java:1063)
at org.testng.TestNG.run(TestNG.java:1031)
at org.testng.remote.AbstractRemoteTestNG.run(AbstractRemoteTestNG.java:115)
at org.testng.remote.RemoteTestNG.initAndRun(RemoteTestNG.java:251)
at org.testng.remote.RemoteTestNG.main(RemoteTestNG.java:77)
]]>
            </full-stacktrace>
          </exception> <!-- org.openqa.selenium.NoSuchElementException -->
          <reporter-output>
            <line>
              <![CDATA[executeAuth starts]]>
            </line>
          </reporter-output>
        </test-method> <!-- executeAuth -->
        <test-method retried="true" signature="executeAuth(java.lang.String,java.lang.String,java.lang.String,java.lang.String,java.lang.String,java.lang.String,java.lang.String,java.lang.String,java.lang.String,java.lang.String,java.lang.String,java.lang.String,java.lang.String,java.lang.String,java.lang.String,java.lang.String,java.lang.String,java.lang.String,java.lang.String,java.lang.String,java.lang.String,java.lang.String,java.lang.String,java.lang.String,java.lang.String,java.lang.String,java.lang.String,java.lang.String,java.lang.String,java.lang.String)[pri:0, instance:com.cybersource.test.woocommerce.CreditCard@7b4c50bc]" started-at="2024-09-19T11:41:37 IST" name="executeAuth" data-provider="getData" finished-at="2024-09-19T11:41:50 IST" duration-ms="12707" status="SKIP">
          <params>
            <param index="0">
              <value>
                <![CDATA[Preethi]]>
              </value>
            </param>
            <param index="1">
              <value>
                <![CDATA[PreeThi_7]]>
              </value>
            </param>
            <param index="2">
              <value>
                <![CDATA[No]]>
              </value>
            </param>
            <param index="3">
              <value>
                <![CDATA[Hoodie]]>
              </value>
            </param>
            <param index="4">
              <value>
                <![CDATA[1]]>
              </value>
            </param>
            <param index="5">
              <value>
                <![CDATA[Preethi]]>
              </value>
            </param>
            <param index="6">
              <value>
                <![CDATA[S ]]>
              </value>
            </param>
            <param index="7">
              <value>
                <![CDATA[United States (US)]]>
              </value>
            </param>
            <param index="8">
              <value>
                <![CDATA[1295 Charleston road]]>
              </value>
            </param>
            <param index="9">
              <value>
                <![CDATA[Mountain view]]>
              </value>
            </param>
            <param index="10">
              <value>
                <![CDATA[California]]>
              </value>
            </param>
            <param index="11">
              <value>
                <![CDATA[94340]]>
              </value>
            </param>
            <param index="12">
              <value>
                <![CDATA[7036346568]]>
              </value>
            </param>
            <param index="13">
              <value>
                <![CDATA[test@email.com]]>
              </value>
            </param>
            <param index="14">
              <value>
                <![CDATA[No]]>
              </value>
            </param>
            <param index="15">
              <value>
                <![CDATA[Preethi]]>
              </value>
            </param>
            <param index="16">
              <value>
                <![CDATA[S ]]>
              </value>
            </param>
            <param index="17">
              <value>
                <![CDATA[United Kingdom (UK)]]>
              </value>
            </param>
            <param index="18">
              <value>
                <![CDATA[123 KV Road]]>
              </value>
            </param>
            <param index="19">
              <value>
                <![CDATA[Mountain View]]>
              </value>
            </param>
            <param index="20">
              <value>
                <![CDATA[WF12 0DE]]>
              </value>
            </param>
            <param index="21">
              <value>
                <![CDATA[4111111111111111]]>
              </value>
            </param>
            <param index="22">
              <value>
                <![CDATA[123]]>
              </value>
            </param>
            <param index="23">
              <value>
                <![CDATA[03]]>
              </value>
            </param>
            <param index="24">
              <value>
                <![CDATA[25]]>
              </value>
            </param>
            <param index="25">
              <value>
                <![CDATA[Auth]]>
              </value>
            </param>
            <param index="26">
              <value>
                <![CDATA[No]]>
              </value>
            </param>
            <param index="27">
              <value>
                <![CDATA[wiproltd]]>
              </value>
            </param>
            <param index="28">
              <value>
                <![CDATA[madhan123]]>
              </value>
            </param>
            <param index="29">
              <value>
                <![CDATA[!Tester464]]>
              </value>
            </param>
          </params>
          <exception class="org.openqa.selenium.NoSuchElementException">
            <message>
              <![CDATA[no such element: Unable to locate element: {"method":"css selector","selector":"#billing_first_name"}
  (Session info: chrome=129.0.6668.59)
For documentation on this error, please visit: https://selenium.dev/exceptions/#no_such_element
Build info: version: '4.1.2', revision: '9a5a329c5a'
System info: host: 'C02HF63LQ6L5', ip: 'fe80:0:0:0:1003:81f0:33e2:f752%en0', os.name: 'Mac OS X', os.arch: 'x86_64', os.version: '10.16', java.version: '15.0.2'
Driver info: org.openqa.selenium.chrome.ChromeDriver
Command: [4dcc2c1a58b8b7eb4f94ca03a85b9c52, findElement {using=id, value=billing_first_name}]
Capabilities {acceptInsecureCerts: false, browserName: chrome, browserVersion: 129.0.6668.59, chrome: {chromedriverVersion: 129.0.6668.58 (81a06fb873a9..., userDataDir: /var/folders/25/16fzy7t11dn...}, fedcm:accounts: true, goog:chromeOptions: {debuggerAddress: localhost:59474}, javascriptEnabled: true, networkConnectionEnabled: false, pageLoadStrategy: normal, platform: MAC, platformName: MAC, proxy: Proxy(), se:cdp: ws://localhost:59474/devtoo..., se:cdpVersion: 129.0.6668.59, setWindowRect: true, strictFileInteractability: false, timeouts: {implicit: 0, pageLoad: 300000, script: 30000}, unhandledPromptBehavior: dismiss and notify, webauthn:extension:credBlob: true, webauthn:extension:largeBlob: true, webauthn:extension:minPinLength: true, webauthn:extension:prf: true, webauthn:virtualAuthenticators: true}
Session ID: 4dcc2c1a58b8b7eb4f94ca03a85b9c52]]>
            </message>
            <full-stacktrace>
              <![CDATA[org.openqa.selenium.NoSuchElementException: no such element: Unable to locate element: {"method":"css selector","selector":"#billing_first_name"}
  (Session info: chrome=129.0.6668.59)
For documentation on this error, please visit: https://selenium.dev/exceptions/#no_such_element
Build info: version: '4.1.2', revision: '9a5a329c5a'
System info: host: 'C02HF63LQ6L5', ip: 'fe80:0:0:0:1003:81f0:33e2:f752%en0', os.name: 'Mac OS X', os.arch: 'x86_64', os.version: '10.16', java.version: '15.0.2'
Driver info: org.openqa.selenium.chrome.ChromeDriver
Command: [4dcc2c1a58b8b7eb4f94ca03a85b9c52, findElement {using=id, value=billing_first_name}]
Capabilities {acceptInsecureCerts: false, browserName: chrome, browserVersion: 129.0.6668.59, chrome: {chromedriverVersion: 129.0.6668.58 (81a06fb873a9..., userDataDir: /var/folders/25/16fzy7t11dn...}, fedcm:accounts: true, goog:chromeOptions: {debuggerAddress: localhost:59474}, javascriptEnabled: true, networkConnectionEnabled: false, pageLoadStrategy: normal, platform: MAC, platformName: MAC, proxy: Proxy(), se:cdp: ws://localhost:59474/devtoo..., se:cdpVersion: 129.0.6668.59, setWindowRect: true, strictFileInteractability: false, timeouts: {implicit: 0, pageLoad: 300000, script: 30000}, unhandledPromptBehavior: dismiss and notify, webauthn:extension:credBlob: true, webauthn:extension:largeBlob: true, webauthn:extension:minPinLength: true, webauthn:extension:prf: true, webauthn:virtualAuthenticators: true}
Session ID: 4dcc2c1a58b8b7eb4f94ca03a85b9c52
at java.base/jdk.internal.reflect.NativeConstructorAccessorImpl.newInstance0(Native Method)
at java.base/jdk.internal.reflect.NativeConstructorAccessorImpl.newInstance(NativeConstructorAccessorImpl.java:64)
at java.base/jdk.internal.reflect.DelegatingConstructorAccessorImpl.newInstance(DelegatingConstructorAccessorImpl.java:45)
at java.base/java.lang.reflect.Constructor.newInstanceWithCaller(Constructor.java:500)
at java.base/java.lang.reflect.Constructor.newInstance(Constructor.java:481)
at org.openqa.selenium.remote.codec.w3c.W3CHttpResponseCodec.createException(W3CHttpResponseCodec.java:200)
at org.openqa.selenium.remote.codec.w3c.W3CHttpResponseCodec.decode(W3CHttpResponseCodec.java:133)
at org.openqa.selenium.remote.codec.w3c.W3CHttpResponseCodec.decode(W3CHttpResponseCodec.java:53)
at org.openqa.selenium.remote.HttpCommandExecutor.execute(HttpCommandExecutor.java:184)
at org.openqa.selenium.remote.service.DriverCommandExecutor.invokeExecute(DriverCommandExecutor.java:167)
at org.openqa.selenium.remote.service.DriverCommandExecutor.execute(DriverCommandExecutor.java:142)
at org.openqa.selenium.remote.RemoteWebDriver.execute(RemoteWebDriver.java:558)
at org.openqa.selenium.remote.ElementLocation$ElementFinder$2.findElement(ElementLocation.java:162)
at org.openqa.selenium.remote.ElementLocation.findElement(ElementLocation.java:60)
at org.openqa.selenium.remote.RemoteWebDriver.findElement(RemoteWebDriver.java:382)
at org.openqa.selenium.remote.RemoteWebDriver.findElement(RemoteWebDriver.java:374)
at com.cybersource.test.util.CommonUtil.findElementById(CommonUtil.java:1018)
at com.cybersource.test.util.CommonUtil.frontOfficeBillingAddress(CommonUtil.java:2382)
at com.cybersource.test.woocommerce.CreditCard.executeAuth(CreditCard.java:499)
at java.base/jdk.internal.reflect.NativeMethodAccessorImpl.invoke0(Native Method)
at java.base/jdk.internal.reflect.NativeMethodAccessorImpl.invoke(NativeMethodAccessorImpl.java:64)
at java.base/jdk.internal.reflect.DelegatingMethodAccessorImpl.invoke(DelegatingMethodAccessorImpl.java:43)
at java.base/java.lang.reflect.Method.invoke(Method.java:564)
at org.testng.internal.MethodInvocationHelper.invokeMethod(MethodInvocationHelper.java:133)
at org.testng.internal.TestInvoker.invokeMethod(TestInvoker.java:598)
at org.testng.internal.TestInvoker.retryFailed(TestInvoker.java:213)
at org.testng.internal.MethodRunner.runInSequence(MethodRunner.java:58)
at org.testng.internal.TestInvoker$MethodInvocationAgent.invoke(TestInvoker.java:824)
at org.testng.internal.TestInvoker.invokeTestMethods(TestInvoker.java:146)
at org.testng.internal.TestMethodWorker.invokeTestMethods(TestMethodWorker.java:146)
at org.testng.internal.TestMethodWorker.run(TestMethodWorker.java:128)
at java.base/java.util.ArrayList.forEach(ArrayList.java:1511)
at org.testng.TestRunner.privateRun(TestRunner.java:794)
at org.testng.TestRunner.run(TestRunner.java:596)
at org.testng.SuiteRunner.runTest(SuiteRunner.java:377)
at org.testng.SuiteRunner.runSequentially(SuiteRunner.java:371)
at org.testng.SuiteRunner.privateRun(SuiteRunner.java:332)
at org.testng.SuiteRunner.run(SuiteRunner.java:276)
at org.testng.SuiteRunnerWorker.runSuite(SuiteRunnerWorker.java:53)
at org.testng.SuiteRunnerWorker.run(SuiteRunnerWorker.java:96)
at org.testng.TestNG.runSuitesSequentially(TestNG.java:1212)
at org.testng.TestNG.runSuitesLocally(TestNG.java:1134)
at org.testng.TestNG.runSuites(TestNG.java:1063)
at org.testng.TestNG.run(TestNG.java:1031)
at org.testng.remote.AbstractRemoteTestNG.run(AbstractRemoteTestNG.java:115)
at org.testng.remote.RemoteTestNG.initAndRun(RemoteTestNG.java:251)
at org.testng.remote.RemoteTestNG.main(RemoteTestNG.java:77)
]]>
            </full-stacktrace>
          </exception> <!-- org.openqa.selenium.NoSuchElementException -->
          <reporter-output>
            <line>
              <![CDATA[executeAuth starts]]>
            </line>
          </reporter-output>
        </test-method> <!-- executeAuth -->
        <test-method retried="true" signature="executeAuth(java.lang.String,java.lang.String,java.lang.String,java.lang.String,java.lang.String,java.lang.String,java.lang.String,java.lang.String,java.lang.String,java.lang.String,java.lang.String,java.lang.String,java.lang.String,java.lang.String,java.lang.String,java.lang.String,java.lang.String,java.lang.String,java.lang.String,java.lang.String,java.lang.String,java.lang.String,java.lang.String,java.lang.String,java.lang.String,java.lang.String,java.lang.String,java.lang.String,java.lang.String,java.lang.String)[pri:0, instance:com.cybersource.test.woocommerce.CreditCard@7b4c50bc]" started-at="2024-09-19T11:41:50 IST" name="executeAuth" data-provider="getData" finished-at="2024-09-19T11:42:02 IST" duration-ms="12265" status="SKIP">
          <params>
            <param index="0">
              <value>
                <![CDATA[Preethi]]>
              </value>
            </param>
            <param index="1">
              <value>
                <![CDATA[PreeThi_7]]>
              </value>
            </param>
            <param index="2">
              <value>
                <![CDATA[No]]>
              </value>
            </param>
            <param index="3">
              <value>
                <![CDATA[Hoodie]]>
              </value>
            </param>
            <param index="4">
              <value>
                <![CDATA[1]]>
              </value>
            </param>
            <param index="5">
              <value>
                <![CDATA[Preethi]]>
              </value>
            </param>
            <param index="6">
              <value>
                <![CDATA[S ]]>
              </value>
            </param>
            <param index="7">
              <value>
                <![CDATA[United States (US)]]>
              </value>
            </param>
            <param index="8">
              <value>
                <![CDATA[1295 Charleston road]]>
              </value>
            </param>
            <param index="9">
              <value>
                <![CDATA[Mountain view]]>
              </value>
            </param>
            <param index="10">
              <value>
                <![CDATA[California]]>
              </value>
            </param>
            <param index="11">
              <value>
                <![CDATA[94340]]>
              </value>
            </param>
            <param index="12">
              <value>
                <![CDATA[7036346568]]>
              </value>
            </param>
            <param index="13">
              <value>
                <![CDATA[test@email.com]]>
              </value>
            </param>
            <param index="14">
              <value>
                <![CDATA[No]]>
              </value>
            </param>
            <param index="15">
              <value>
                <![CDATA[Preethi]]>
              </value>
            </param>
            <param index="16">
              <value>
                <![CDATA[S ]]>
              </value>
            </param>
            <param index="17">
              <value>
                <![CDATA[United Kingdom (UK)]]>
              </value>
            </param>
            <param index="18">
              <value>
                <![CDATA[123 KV Road]]>
              </value>
            </param>
            <param index="19">
              <value>
                <![CDATA[Mountain View]]>
              </value>
            </param>
            <param index="20">
              <value>
                <![CDATA[WF12 0DE]]>
              </value>
            </param>
            <param index="21">
              <value>
                <![CDATA[4111111111111111]]>
              </value>
            </param>
            <param index="22">
              <value>
                <![CDATA[123]]>
              </value>
            </param>
            <param index="23">
              <value>
                <![CDATA[03]]>
              </value>
            </param>
            <param index="24">
              <value>
                <![CDATA[25]]>
              </value>
            </param>
            <param index="25">
              <value>
                <![CDATA[Auth]]>
              </value>
            </param>
            <param index="26">
              <value>
                <![CDATA[No]]>
              </value>
            </param>
            <param index="27">
              <value>
                <![CDATA[wiproltd]]>
              </value>
            </param>
            <param index="28">
              <value>
                <![CDATA[madhan123]]>
              </value>
            </param>
            <param index="29">
              <value>
                <![CDATA[!Tester464]]>
              </value>
            </param>
          </params>
          <exception class="org.openqa.selenium.NoSuchElementException">
            <message>
              <![CDATA[no such element: Unable to locate element: {"method":"css selector","selector":"#billing_first_name"}
  (Session info: chrome=129.0.6668.59)
For documentation on this error, please visit: https://selenium.dev/exceptions/#no_such_element
Build info: version: '4.1.2', revision: '9a5a329c5a'
System info: host: 'C02HF63LQ6L5', ip: 'fe80:0:0:0:1003:81f0:33e2:f752%en0', os.name: 'Mac OS X', os.arch: 'x86_64', os.version: '10.16', java.version: '15.0.2'
Driver info: org.openqa.selenium.chrome.ChromeDriver
Command: [4dcc2c1a58b8b7eb4f94ca03a85b9c52, findElement {using=id, value=billing_first_name}]
Capabilities {acceptInsecureCerts: false, browserName: chrome, browserVersion: 129.0.6668.59, chrome: {chromedriverVersion: 129.0.6668.58 (81a06fb873a9..., userDataDir: /var/folders/25/16fzy7t11dn...}, fedcm:accounts: true, goog:chromeOptions: {debuggerAddress: localhost:59474}, javascriptEnabled: true, networkConnectionEnabled: false, pageLoadStrategy: normal, platform: MAC, platformName: MAC, proxy: Proxy(), se:cdp: ws://localhost:59474/devtoo..., se:cdpVersion: 129.0.6668.59, setWindowRect: true, strictFileInteractability: false, timeouts: {implicit: 0, pageLoad: 300000, script: 30000}, unhandledPromptBehavior: dismiss and notify, webauthn:extension:credBlob: true, webauthn:extension:largeBlob: true, webauthn:extension:minPinLength: true, webauthn:extension:prf: true, webauthn:virtualAuthenticators: true}
Session ID: 4dcc2c1a58b8b7eb4f94ca03a85b9c52]]>
            </message>
            <full-stacktrace>
              <![CDATA[org.openqa.selenium.NoSuchElementException: no such element: Unable to locate element: {"method":"css selector","selector":"#billing_first_name"}
  (Session info: chrome=129.0.6668.59)
For documentation on this error, please visit: https://selenium.dev/exceptions/#no_such_element
Build info: version: '4.1.2', revision: '9a5a329c5a'
System info: host: 'C02HF63LQ6L5', ip: 'fe80:0:0:0:1003:81f0:33e2:f752%en0', os.name: 'Mac OS X', os.arch: 'x86_64', os.version: '10.16', java.version: '15.0.2'
Driver info: org.openqa.selenium.chrome.ChromeDriver
Command: [4dcc2c1a58b8b7eb4f94ca03a85b9c52, findElement {using=id, value=billing_first_name}]
Capabilities {acceptInsecureCerts: false, browserName: chrome, browserVersion: 129.0.6668.59, chrome: {chromedriverVersion: 129.0.6668.58 (81a06fb873a9..., userDataDir: /var/folders/25/16fzy7t11dn...}, fedcm:accounts: true, goog:chromeOptions: {debuggerAddress: localhost:59474}, javascriptEnabled: true, networkConnectionEnabled: false, pageLoadStrategy: normal, platform: MAC, platformName: MAC, proxy: Proxy(), se:cdp: ws://localhost:59474/devtoo..., se:cdpVersion: 129.0.6668.59, setWindowRect: true, strictFileInteractability: false, timeouts: {implicit: 0, pageLoad: 300000, script: 30000}, unhandledPromptBehavior: dismiss and notify, webauthn:extension:credBlob: true, webauthn:extension:largeBlob: true, webauthn:extension:minPinLength: true, webauthn:extension:prf: true, webauthn:virtualAuthenticators: true}
Session ID: 4dcc2c1a58b8b7eb4f94ca03a85b9c52
at java.base/jdk.internal.reflect.NativeConstructorAccessorImpl.newInstance0(Native Method)
at java.base/jdk.internal.reflect.NativeConstructorAccessorImpl.newInstance(NativeConstructorAccessorImpl.java:64)
at java.base/jdk.internal.reflect.DelegatingConstructorAccessorImpl.newInstance(DelegatingConstructorAccessorImpl.java:45)
at java.base/java.lang.reflect.Constructor.newInstanceWithCaller(Constructor.java:500)
at java.base/java.lang.reflect.Constructor.newInstance(Constructor.java:481)
at org.openqa.selenium.remote.codec.w3c.W3CHttpResponseCodec.createException(W3CHttpResponseCodec.java:200)
at org.openqa.selenium.remote.codec.w3c.W3CHttpResponseCodec.decode(W3CHttpResponseCodec.java:133)
at org.openqa.selenium.remote.codec.w3c.W3CHttpResponseCodec.decode(W3CHttpResponseCodec.java:53)
at org.openqa.selenium.remote.HttpCommandExecutor.execute(HttpCommandExecutor.java:184)
at org.openqa.selenium.remote.service.DriverCommandExecutor.invokeExecute(DriverCommandExecutor.java:167)
at org.openqa.selenium.remote.service.DriverCommandExecutor.execute(DriverCommandExecutor.java:142)
at org.openqa.selenium.remote.RemoteWebDriver.execute(RemoteWebDriver.java:558)
at org.openqa.selenium.remote.ElementLocation$ElementFinder$2.findElement(ElementLocation.java:162)
at org.openqa.selenium.remote.ElementLocation.findElement(ElementLocation.java:60)
at org.openqa.selenium.remote.RemoteWebDriver.findElement(RemoteWebDriver.java:382)
at org.openqa.selenium.remote.RemoteWebDriver.findElement(RemoteWebDriver.java:374)
at com.cybersource.test.util.CommonUtil.findElementById(CommonUtil.java:1018)
at com.cybersource.test.util.CommonUtil.frontOfficeBillingAddress(CommonUtil.java:2382)
at com.cybersource.test.woocommerce.CreditCard.executeAuth(CreditCard.java:499)
at java.base/jdk.internal.reflect.NativeMethodAccessorImpl.invoke0(Native Method)
at java.base/jdk.internal.reflect.NativeMethodAccessorImpl.invoke(NativeMethodAccessorImpl.java:64)
at java.base/jdk.internal.reflect.DelegatingMethodAccessorImpl.invoke(DelegatingMethodAccessorImpl.java:43)
at java.base/java.lang.reflect.Method.invoke(Method.java:564)
at org.testng.internal.MethodInvocationHelper.invokeMethod(MethodInvocationHelper.java:133)
at org.testng.internal.TestInvoker.invokeMethod(TestInvoker.java:598)
at org.testng.internal.TestInvoker.retryFailed(TestInvoker.java:213)
at org.testng.internal.MethodRunner.runInSequence(MethodRunner.java:58)
at org.testng.internal.TestInvoker$MethodInvocationAgent.invoke(TestInvoker.java:824)
at org.testng.internal.TestInvoker.invokeTestMethods(TestInvoker.java:146)
at org.testng.internal.TestMethodWorker.invokeTestMethods(TestMethodWorker.java:146)
at org.testng.internal.TestMethodWorker.run(TestMethodWorker.java:128)
at java.base/java.util.ArrayList.forEach(ArrayList.java:1511)
at org.testng.TestRunner.privateRun(TestRunner.java:794)
at org.testng.TestRunner.run(TestRunner.java:596)
at org.testng.SuiteRunner.runTest(SuiteRunner.java:377)
at org.testng.SuiteRunner.runSequentially(SuiteRunner.java:371)
at org.testng.SuiteRunner.privateRun(SuiteRunner.java:332)
at org.testng.SuiteRunner.run(SuiteRunner.java:276)
at org.testng.SuiteRunnerWorker.runSuite(SuiteRunnerWorker.java:53)
at org.testng.SuiteRunnerWorker.run(SuiteRunnerWorker.java:96)
at org.testng.TestNG.runSuitesSequentially(TestNG.java:1212)
at org.testng.TestNG.runSuitesLocally(TestNG.java:1134)
at org.testng.TestNG.runSuites(TestNG.java:1063)
at org.testng.TestNG.run(TestNG.java:1031)
at org.testng.remote.AbstractRemoteTestNG.run(AbstractRemoteTestNG.java:115)
at org.testng.remote.RemoteTestNG.initAndRun(RemoteTestNG.java:251)
at org.testng.remote.RemoteTestNG.main(RemoteTestNG.java:77)
]]>
            </full-stacktrace>
          </exception> <!-- org.openqa.selenium.NoSuchElementException -->
          <reporter-output>
            <line>
              <![CDATA[executeAuth starts]]>
            </line>
          </reporter-output>
        </test-method> <!-- executeAuth -->
        <test-method signature="executeAuth(java.lang.String,java.lang.String,java.lang.String,java.lang.String,java.lang.String,java.lang.String,java.lang.String,java.lang.String,java.lang.String,java.lang.String,java.lang.String,java.lang.String,java.lang.String,java.lang.String,java.lang.String,java.lang.String,java.lang.String,java.lang.String,java.lang.String,java.lang.String,java.lang.String,java.lang.String,java.lang.String,java.lang.String,java.lang.String,java.lang.String,java.lang.String,java.lang.String,java.lang.String,java.lang.String)[pri:0, instance:com.cybersource.test.woocommerce.CreditCard@7b4c50bc]" started-at="2024-09-19T11:42:02 IST" name="executeAuth" data-provider="getData" finished-at="2024-09-19T11:42:13 IST" duration-ms="11117" status="FAIL">
          <params>
            <param index="0">
              <value>
                <![CDATA[Preethi]]>
              </value>
            </param>
            <param index="1">
              <value>
                <![CDATA[PreeThi_7]]>
              </value>
            </param>
            <param index="2">
              <value>
                <![CDATA[No]]>
              </value>
            </param>
            <param index="3">
              <value>
                <![CDATA[Hoodie]]>
              </value>
            </param>
            <param index="4">
              <value>
                <![CDATA[1]]>
              </value>
            </param>
            <param index="5">
              <value>
                <![CDATA[Preethi]]>
              </value>
            </param>
            <param index="6">
              <value>
                <![CDATA[S ]]>
              </value>
            </param>
            <param index="7">
              <value>
                <![CDATA[United States (US)]]>
              </value>
            </param>
            <param index="8">
              <value>
                <![CDATA[1295 Charleston road]]>
              </value>
            </param>
            <param index="9">
              <value>
                <![CDATA[Mountain view]]>
              </value>
            </param>
            <param index="10">
              <value>
                <![CDATA[California]]>
              </value>
            </param>
            <param index="11">
              <value>
                <![CDATA[94340]]>
              </value>
            </param>
            <param index="12">
              <value>
                <![CDATA[7036346568]]>
              </value>
            </param>
            <param index="13">
              <value>
                <![CDATA[test@email.com]]>
              </value>
            </param>
            <param index="14">
              <value>
                <![CDATA[No]]>
              </value>
            </param>
            <param index="15">
              <value>
                <![CDATA[Preethi]]>
              </value>
            </param>
            <param index="16">
              <value>
                <![CDATA[S ]]>
              </value>
            </param>
            <param index="17">
              <value>
                <![CDATA[United Kingdom (UK)]]>
              </value>
            </param>
            <param index="18">
              <value>
                <![CDATA[123 KV Road]]>
              </value>
            </param>
            <param index="19">
              <value>
                <![CDATA[Mountain View]]>
              </value>
            </param>
            <param index="20">
              <value>
                <![CDATA[WF12 0DE]]>
              </value>
            </param>
            <param index="21">
              <value>
                <![CDATA[4111111111111111]]>
              </value>
            </param>
            <param index="22">
              <value>
                <![CDATA[123]]>
              </value>
            </param>
            <param index="23">
              <value>
                <![CDATA[03]]>
              </value>
            </param>
            <param index="24">
              <value>
                <![CDATA[25]]>
              </value>
            </param>
            <param index="25">
              <value>
                <![CDATA[Auth]]>
              </value>
            </param>
            <param index="26">
              <value>
                <![CDATA[No]]>
              </value>
            </param>
            <param index="27">
              <value>
                <![CDATA[wiproltd]]>
              </value>
            </param>
            <param index="28">
              <value>
                <![CDATA[madhan123]]>
              </value>
            </param>
            <param index="29">
              <value>
                <![CDATA[!Tester464]]>
              </value>
            </param>
          </params>
          <exception class="org.openqa.selenium.NoSuchElementException">
            <message>
              <![CDATA[no such element: Unable to locate element: {"method":"css selector","selector":"#billing_first_name"}
  (Session info: chrome=129.0.6668.59)
For documentation on this error, please visit: https://selenium.dev/exceptions/#no_such_element
Build info: version: '4.1.2', revision: '9a5a329c5a'
System info: host: 'C02HF63LQ6L5', ip: 'fe80:0:0:0:1003:81f0:33e2:f752%en0', os.name: 'Mac OS X', os.arch: 'x86_64', os.version: '10.16', java.version: '15.0.2'
Driver info: org.openqa.selenium.chrome.ChromeDriver
Command: [4dcc2c1a58b8b7eb4f94ca03a85b9c52, findElement {using=id, value=billing_first_name}]
Capabilities {acceptInsecureCerts: false, browserName: chrome, browserVersion: 129.0.6668.59, chrome: {chromedriverVersion: 129.0.6668.58 (81a06fb873a9..., userDataDir: /var/folders/25/16fzy7t11dn...}, fedcm:accounts: true, goog:chromeOptions: {debuggerAddress: localhost:59474}, javascriptEnabled: true, networkConnectionEnabled: false, pageLoadStrategy: normal, platform: MAC, platformName: MAC, proxy: Proxy(), se:cdp: ws://localhost:59474/devtoo..., se:cdpVersion: 129.0.6668.59, setWindowRect: true, strictFileInteractability: false, timeouts: {implicit: 0, pageLoad: 300000, script: 30000}, unhandledPromptBehavior: dismiss and notify, webauthn:extension:credBlob: true, webauthn:extension:largeBlob: true, webauthn:extension:minPinLength: true, webauthn:extension:prf: true, webauthn:virtualAuthenticators: true}
Session ID: 4dcc2c1a58b8b7eb4f94ca03a85b9c52]]>
            </message>
            <full-stacktrace>
              <![CDATA[org.openqa.selenium.NoSuchElementException: no such element: Unable to locate element: {"method":"css selector","selector":"#billing_first_name"}
  (Session info: chrome=129.0.6668.59)
For documentation on this error, please visit: https://selenium.dev/exceptions/#no_such_element
Build info: version: '4.1.2', revision: '9a5a329c5a'
System info: host: 'C02HF63LQ6L5', ip: 'fe80:0:0:0:1003:81f0:33e2:f752%en0', os.name: 'Mac OS X', os.arch: 'x86_64', os.version: '10.16', java.version: '15.0.2'
Driver info: org.openqa.selenium.chrome.ChromeDriver
Command: [4dcc2c1a58b8b7eb4f94ca03a85b9c52, findElement {using=id, value=billing_first_name}]
Capabilities {acceptInsecureCerts: false, browserName: chrome, browserVersion: 129.0.6668.59, chrome: {chromedriverVersion: 129.0.6668.58 (81a06fb873a9..., userDataDir: /var/folders/25/16fzy7t11dn...}, fedcm:accounts: true, goog:chromeOptions: {debuggerAddress: localhost:59474}, javascriptEnabled: true, networkConnectionEnabled: false, pageLoadStrategy: normal, platform: MAC, platformName: MAC, proxy: Proxy(), se:cdp: ws://localhost:59474/devtoo..., se:cdpVersion: 129.0.6668.59, setWindowRect: true, strictFileInteractability: false, timeouts: {implicit: 0, pageLoad: 300000, script: 30000}, unhandledPromptBehavior: dismiss and notify, webauthn:extension:credBlob: true, webauthn:extension:largeBlob: true, webauthn:extension:minPinLength: true, webauthn:extension:prf: true, webauthn:virtualAuthenticators: true}
Session ID: 4dcc2c1a58b8b7eb4f94ca03a85b9c52
at java.base/jdk.internal.reflect.NativeConstructorAccessorImpl.newInstance0(Native Method)
at java.base/jdk.internal.reflect.NativeConstructorAccessorImpl.newInstance(NativeConstructorAccessorImpl.java:64)
at java.base/jdk.internal.reflect.DelegatingConstructorAccessorImpl.newInstance(DelegatingConstructorAccessorImpl.java:45)
at java.base/java.lang.reflect.Constructor.newInstanceWithCaller(Constructor.java:500)
at java.base/java.lang.reflect.Constructor.newInstance(Constructor.java:481)
at org.openqa.selenium.remote.codec.w3c.W3CHttpResponseCodec.createException(W3CHttpResponseCodec.java:200)
at org.openqa.selenium.remote.codec.w3c.W3CHttpResponseCodec.decode(W3CHttpResponseCodec.java:133)
at org.openqa.selenium.remote.codec.w3c.W3CHttpResponseCodec.decode(W3CHttpResponseCodec.java:53)
at org.openqa.selenium.remote.HttpCommandExecutor.execute(HttpCommandExecutor.java:184)
at org.openqa.selenium.remote.service.DriverCommandExecutor.invokeExecute(DriverCommandExecutor.java:167)
at org.openqa.selenium.remote.service.DriverCommandExecutor.execute(DriverCommandExecutor.java:142)
at org.openqa.selenium.remote.RemoteWebDriver.execute(RemoteWebDriver.java:558)
at org.openqa.selenium.remote.ElementLocation$ElementFinder$2.findElement(ElementLocation.java:162)
at org.openqa.selenium.remote.ElementLocation.findElement(ElementLocation.java:60)
at org.openqa.selenium.remote.RemoteWebDriver.findElement(RemoteWebDriver.java:382)
at org.openqa.selenium.remote.RemoteWebDriver.findElement(RemoteWebDriver.java:374)
at com.cybersource.test.util.CommonUtil.findElementById(CommonUtil.java:1018)
at com.cybersource.test.util.CommonUtil.frontOfficeBillingAddress(CommonUtil.java:2382)
at com.cybersource.test.woocommerce.CreditCard.executeAuth(CreditCard.java:499)
at java.base/jdk.internal.reflect.NativeMethodAccessorImpl.invoke0(Native Method)
at java.base/jdk.internal.reflect.NativeMethodAccessorImpl.invoke(NativeMethodAccessorImpl.java:64)
at java.base/jdk.internal.reflect.DelegatingMethodAccessorImpl.invoke(DelegatingMethodAccessorImpl.java:43)
at java.base/java.lang.reflect.Method.invoke(Method.java:564)
at org.testng.internal.MethodInvocationHelper.invokeMethod(MethodInvocationHelper.java:133)
at org.testng.internal.TestInvoker.invokeMethod(TestInvoker.java:598)
at org.testng.internal.TestInvoker.retryFailed(TestInvoker.java:213)
at org.testng.internal.MethodRunner.runInSequence(MethodRunner.java:58)
at org.testng.internal.TestInvoker$MethodInvocationAgent.invoke(TestInvoker.java:824)
at org.testng.internal.TestInvoker.invokeTestMethods(TestInvoker.java:146)
at org.testng.internal.TestMethodWorker.invokeTestMethods(TestMethodWorker.java:146)
at org.testng.internal.TestMethodWorker.run(TestMethodWorker.java:128)
at java.base/java.util.ArrayList.forEach(ArrayList.java:1511)
at org.testng.TestRunner.privateRun(TestRunner.java:794)
at org.testng.TestRunner.run(TestRunner.java:596)
at org.testng.SuiteRunner.runTest(SuiteRunner.java:377)
at org.testng.SuiteRunner.runSequentially(SuiteRunner.java:371)
at org.testng.SuiteRunner.privateRun(SuiteRunner.java:332)
at org.testng.SuiteRunner.run(SuiteRunner.java:276)
at org.testng.SuiteRunnerWorker.runSuite(SuiteRunnerWorker.java:53)
at org.testng.SuiteRunnerWorker.run(SuiteRunnerWorker.java:96)
at org.testng.TestNG.runSuitesSequentially(TestNG.java:1212)
at org.testng.TestNG.runSuitesLocally(TestNG.java:1134)
at org.testng.TestNG.runSuites(TestNG.java:1063)
at org.testng.TestNG.run(TestNG.java:1031)
at org.testng.remote.AbstractRemoteTestNG.run(AbstractRemoteTestNG.java:115)
at org.testng.remote.RemoteTestNG.initAndRun(RemoteTestNG.java:251)
at org.testng.remote.RemoteTestNG.main(RemoteTestNG.java:77)
]]>
            </full-stacktrace>
          </exception> <!-- org.openqa.selenium.NoSuchElementException -->
          <reporter-output>
            <line>
              <![CDATA[executeAuth starts]]>
            </line>
            <line>
              <![CDATA[executeAuth failed]]>
            </line>
          </reporter-output>
        </test-method> <!-- executeAuth -->
        <test-method retried="true" signature="executeAuth(java.lang.String,java.lang.String,java.lang.String,java.lang.String,java.lang.String,java.lang.String,java.lang.String,java.lang.String,java.lang.String,java.lang.String,java.lang.String,java.lang.String,java.lang.String,java.lang.String,java.lang.String,java.lang.String,java.lang.String,java.lang.String,java.lang.String,java.lang.String,java.lang.String,java.lang.String,java.lang.String,java.lang.String,java.lang.String,java.lang.String,java.lang.String,java.lang.String,java.lang.String,java.lang.String)[pri:0, instance:com.cybersource.test.woocommerce.CreditCard@7b4c50bc]" started-at="2024-09-19T11:42:21 IST" name="executeAuth" data-provider="getData" finished-at="2024-09-19T11:42:36 IST" duration-ms="14574" status="SKIP">
          <params>
            <param index="0">
              <value>
                <![CDATA[Preethi]]>
              </value>
            </param>
            <param index="1">
              <value>
                <![CDATA[PreeThi_7]]>
              </value>
            </param>
            <param index="2">
              <value>
                <![CDATA[No]]>
              </value>
            </param>
            <param index="3">
              <value>
                <![CDATA[Hoodie]]>
              </value>
            </param>
            <param index="4">
              <value>
                <![CDATA[1]]>
              </value>
            </param>
            <param index="5">
              <value>
                <![CDATA[Preethi]]>
              </value>
            </param>
            <param index="6">
              <value>
                <![CDATA[S ]]>
              </value>
            </param>
            <param index="7">
              <value>
                <![CDATA[United States (US)]]>
              </value>
            </param>
            <param index="8">
              <value>
                <![CDATA[1295 Charleston road]]>
              </value>
            </param>
            <param index="9">
              <value>
                <![CDATA[Mountain view]]>
              </value>
            </param>
            <param index="10">
              <value>
                <![CDATA[California]]>
              </value>
            </param>
            <param index="11">
              <value>
                <![CDATA[94340]]>
              </value>
            </param>
            <param index="12">
              <value>
                <![CDATA[7036346568]]>
              </value>
            </param>
            <param index="13">
              <value>
                <![CDATA[test@email.com]]>
              </value>
            </param>
            <param index="14">
              <value>
                <![CDATA[No]]>
              </value>
            </param>
            <param index="15">
              <value>
                <![CDATA[Preethi]]>
              </value>
            </param>
            <param index="16">
              <value>
                <![CDATA[S ]]>
              </value>
            </param>
            <param index="17">
              <value>
                <![CDATA[United Kingdom (UK)]]>
              </value>
            </param>
            <param index="18">
              <value>
                <![CDATA[123 KV Road]]>
              </value>
            </param>
            <param index="19">
              <value>
                <![CDATA[Mountain View]]>
              </value>
            </param>
            <param index="20">
              <value>
                <![CDATA[WF12 0DE]]>
              </value>
            </param>
            <param index="21">
              <value>
                <![CDATA[4111111111111111]]>
              </value>
            </param>
            <param index="22">
              <value>
                <![CDATA[123]]>
              </value>
            </param>
            <param index="23">
              <value>
                <![CDATA[03]]>
              </value>
            </param>
            <param index="24">
              <value>
                <![CDATA[25]]>
              </value>
            </param>
            <param index="25">
              <value>
                <![CDATA[Capture]]>
              </value>
            </param>
            <param index="26">
              <value>
                <![CDATA[No]]>
              </value>
            </param>
            <param index="27">
              <value>
                <![CDATA[wiproltd]]>
              </value>
            </param>
            <param index="28">
              <value>
                <![CDATA[madhan123]]>
              </value>
            </param>
            <param index="29">
              <value>
                <![CDATA[!Tester464]]>
              </value>
            </param>
          </params>
          <exception class="org.openqa.selenium.NoSuchElementException">
            <message>
              <![CDATA[no such element: Unable to locate element: {"method":"css selector","selector":"#billing_first_name"}
  (Session info: chrome=129.0.6668.59)
For documentation on this error, please visit: https://selenium.dev/exceptions/#no_such_element
Build info: version: '4.1.2', revision: '9a5a329c5a'
System info: host: 'C02HF63LQ6L5', ip: 'fe80:0:0:0:1003:81f0:33e2:f752%en0', os.name: 'Mac OS X', os.arch: 'x86_64', os.version: '10.16', java.version: '15.0.2'
Driver info: org.openqa.selenium.chrome.ChromeDriver
Command: [4dcc2c1a58b8b7eb4f94ca03a85b9c52, findElement {using=id, value=billing_first_name}]
Capabilities {acceptInsecureCerts: false, browserName: chrome, browserVersion: 129.0.6668.59, chrome: {chromedriverVersion: 129.0.6668.58 (81a06fb873a9..., userDataDir: /var/folders/25/16fzy7t11dn...}, fedcm:accounts: true, goog:chromeOptions: {debuggerAddress: localhost:59474}, javascriptEnabled: true, networkConnectionEnabled: false, pageLoadStrategy: normal, platform: MAC, platformName: MAC, proxy: Proxy(), se:cdp: ws://localhost:59474/devtoo..., se:cdpVersion: 129.0.6668.59, setWindowRect: true, strictFileInteractability: false, timeouts: {implicit: 0, pageLoad: 300000, script: 30000}, unhandledPromptBehavior: dismiss and notify, webauthn:extension:credBlob: true, webauthn:extension:largeBlob: true, webauthn:extension:minPinLength: true, webauthn:extension:prf: true, webauthn:virtualAuthenticators: true}
Session ID: 4dcc2c1a58b8b7eb4f94ca03a85b9c52]]>
            </message>
            <full-stacktrace>
              <![CDATA[org.openqa.selenium.NoSuchElementException: no such element: Unable to locate element: {"method":"css selector","selector":"#billing_first_name"}
  (Session info: chrome=129.0.6668.59)
For documentation on this error, please visit: https://selenium.dev/exceptions/#no_such_element
Build info: version: '4.1.2', revision: '9a5a329c5a'
System info: host: 'C02HF63LQ6L5', ip: 'fe80:0:0:0:1003:81f0:33e2:f752%en0', os.name: 'Mac OS X', os.arch: 'x86_64', os.version: '10.16', java.version: '15.0.2'
Driver info: org.openqa.selenium.chrome.ChromeDriver
Command: [4dcc2c1a58b8b7eb4f94ca03a85b9c52, findElement {using=id, value=billing_first_name}]
Capabilities {acceptInsecureCerts: false, browserName: chrome, browserVersion: 129.0.6668.59, chrome: {chromedriverVersion: 129.0.6668.58 (81a06fb873a9..., userDataDir: /var/folders/25/16fzy7t11dn...}, fedcm:accounts: true, goog:chromeOptions: {debuggerAddress: localhost:59474}, javascriptEnabled: true, networkConnectionEnabled: false, pageLoadStrategy: normal, platform: MAC, platformName: MAC, proxy: Proxy(), se:cdp: ws://localhost:59474/devtoo..., se:cdpVersion: 129.0.6668.59, setWindowRect: true, strictFileInteractability: false, timeouts: {implicit: 0, pageLoad: 300000, script: 30000}, unhandledPromptBehavior: dismiss and notify, webauthn:extension:credBlob: true, webauthn:extension:largeBlob: true, webauthn:extension:minPinLength: true, webauthn:extension:prf: true, webauthn:virtualAuthenticators: true}
Session ID: 4dcc2c1a58b8b7eb4f94ca03a85b9c52
at java.base/jdk.internal.reflect.NativeConstructorAccessorImpl.newInstance0(Native Method)
at java.base/jdk.internal.reflect.NativeConstructorAccessorImpl.newInstance(NativeConstructorAccessorImpl.java:64)
at java.base/jdk.internal.reflect.DelegatingConstructorAccessorImpl.newInstance(DelegatingConstructorAccessorImpl.java:45)
at java.base/java.lang.reflect.Constructor.newInstanceWithCaller(Constructor.java:500)
at java.base/java.lang.reflect.Constructor.newInstance(Constructor.java:481)
at org.openqa.selenium.remote.codec.w3c.W3CHttpResponseCodec.createException(W3CHttpResponseCodec.java:200)
at org.openqa.selenium.remote.codec.w3c.W3CHttpResponseCodec.decode(W3CHttpResponseCodec.java:133)
at org.openqa.selenium.remote.codec.w3c.W3CHttpResponseCodec.decode(W3CHttpResponseCodec.java:53)
at org.openqa.selenium.remote.HttpCommandExecutor.execute(HttpCommandExecutor.java:184)
at org.openqa.selenium.remote.service.DriverCommandExecutor.invokeExecute(DriverCommandExecutor.java:167)
at org.openqa.selenium.remote.service.DriverCommandExecutor.execute(DriverCommandExecutor.java:142)
at org.openqa.selenium.remote.RemoteWebDriver.execute(RemoteWebDriver.java:558)
at org.openqa.selenium.remote.ElementLocation$ElementFinder$2.findElement(ElementLocation.java:162)
at org.openqa.selenium.remote.ElementLocation.findElement(ElementLocation.java:60)
at org.openqa.selenium.remote.RemoteWebDriver.findElement(RemoteWebDriver.java:382)
at org.openqa.selenium.remote.RemoteWebDriver.findElement(RemoteWebDriver.java:374)
at com.cybersource.test.util.CommonUtil.findElementById(CommonUtil.java:1018)
at com.cybersource.test.util.CommonUtil.frontOfficeBillingAddress(CommonUtil.java:2382)
at com.cybersource.test.woocommerce.CreditCard.executeAuth(CreditCard.java:499)
at java.base/jdk.internal.reflect.NativeMethodAccessorImpl.invoke0(Native Method)
at java.base/jdk.internal.reflect.NativeMethodAccessorImpl.invoke(NativeMethodAccessorImpl.java:64)
at java.base/jdk.internal.reflect.DelegatingMethodAccessorImpl.invoke(DelegatingMethodAccessorImpl.java:43)
at java.base/java.lang.reflect.Method.invoke(Method.java:564)
at org.testng.internal.MethodInvocationHelper.invokeMethod(MethodInvocationHelper.java:133)
at org.testng.internal.TestInvoker.invokeMethod(TestInvoker.java:598)
at org.testng.internal.TestInvoker.invokeTestMethod(TestInvoker.java:173)
at org.testng.internal.MethodRunner.runInSequence(MethodRunner.java:46)
at org.testng.internal.TestInvoker$MethodInvocationAgent.invoke(TestInvoker.java:824)
at org.testng.internal.TestInvoker.invokeTestMethods(TestInvoker.java:146)
at org.testng.internal.TestMethodWorker.invokeTestMethods(TestMethodWorker.java:146)
at org.testng.internal.TestMethodWorker.run(TestMethodWorker.java:128)
at java.base/java.util.ArrayList.forEach(ArrayList.java:1511)
at org.testng.TestRunner.privateRun(TestRunner.java:794)
at org.testng.TestRunner.run(TestRunner.java:596)
at org.testng.SuiteRunner.runTest(SuiteRunner.java:377)
at org.testng.SuiteRunner.runSequentially(SuiteRunner.java:371)
at org.testng.SuiteRunner.privateRun(SuiteRunner.java:332)
at org.testng.SuiteRunner.run(SuiteRunner.java:276)
at org.testng.SuiteRunnerWorker.runSuite(SuiteRunnerWorker.java:53)
at org.testng.SuiteRunnerWorker.run(SuiteRunnerWorker.java:96)
at org.testng.TestNG.runSuitesSequentially(TestNG.java:1212)
at org.testng.TestNG.runSuitesLocally(TestNG.java:1134)
at org.testng.TestNG.runSuites(TestNG.java:1063)
at org.testng.TestNG.run(TestNG.java:1031)
at org.testng.remote.AbstractRemoteTestNG.run(AbstractRemoteTestNG.java:115)
at org.testng.remote.RemoteTestNG.initAndRun(RemoteTestNG.java:251)
at org.testng.remote.RemoteTestNG.main(RemoteTestNG.java:77)
]]>
            </full-stacktrace>
          </exception> <!-- org.openqa.selenium.NoSuchElementException -->
          <reporter-output>
            <line>
              <![CDATA[executeAuth starts]]>
            </line>
          </reporter-output>
        </test-method> <!-- executeAuth -->
        <test-method retried="true" signature="executeAuth(java.lang.String,java.lang.String,java.lang.String,java.lang.String,java.lang.String,java.lang.String,java.lang.String,java.lang.String,java.lang.String,java.lang.String,java.lang.String,java.lang.String,java.lang.String,java.lang.String,java.lang.String,java.lang.String,java.lang.String,java.lang.String,java.lang.String,java.lang.String,java.lang.String,java.lang.String,java.lang.String,java.lang.String,java.lang.String,java.lang.String,java.lang.String,java.lang.String,java.lang.String,java.lang.String)[pri:0, instance:com.cybersource.test.woocommerce.CreditCard@7b4c50bc]" started-at="2024-09-19T11:42:36 IST" name="executeAuth" data-provider="getData" finished-at="2024-09-19T11:42:49 IST" duration-ms="13586" status="SKIP">
          <params>
            <param index="0">
              <value>
                <![CDATA[Preethi]]>
              </value>
            </param>
            <param index="1">
              <value>
                <![CDATA[PreeThi_7]]>
              </value>
            </param>
            <param index="2">
              <value>
                <![CDATA[No]]>
              </value>
            </param>
            <param index="3">
              <value>
                <![CDATA[Hoodie]]>
              </value>
            </param>
            <param index="4">
              <value>
                <![CDATA[1]]>
              </value>
            </param>
            <param index="5">
              <value>
                <![CDATA[Preethi]]>
              </value>
            </param>
            <param index="6">
              <value>
                <![CDATA[S ]]>
              </value>
            </param>
            <param index="7">
              <value>
                <![CDATA[United States (US)]]>
              </value>
            </param>
            <param index="8">
              <value>
                <![CDATA[1295 Charleston road]]>
              </value>
            </param>
            <param index="9">
              <value>
                <![CDATA[Mountain view]]>
              </value>
            </param>
            <param index="10">
              <value>
                <![CDATA[California]]>
              </value>
            </param>
            <param index="11">
              <value>
                <![CDATA[94340]]>
              </value>
            </param>
            <param index="12">
              <value>
                <![CDATA[7036346568]]>
              </value>
            </param>
            <param index="13">
              <value>
                <![CDATA[test@email.com]]>
              </value>
            </param>
            <param index="14">
              <value>
                <![CDATA[No]]>
              </value>
            </param>
            <param index="15">
              <value>
                <![CDATA[Preethi]]>
              </value>
            </param>
            <param index="16">
              <value>
                <![CDATA[S ]]>
              </value>
            </param>
            <param index="17">
              <value>
                <![CDATA[United Kingdom (UK)]]>
              </value>
            </param>
            <param index="18">
              <value>
                <![CDATA[123 KV Road]]>
              </value>
            </param>
            <param index="19">
              <value>
                <![CDATA[Mountain View]]>
              </value>
            </param>
            <param index="20">
              <value>
                <![CDATA[WF12 0DE]]>
              </value>
            </param>
            <param index="21">
              <value>
                <![CDATA[4111111111111111]]>
              </value>
            </param>
            <param index="22">
              <value>
                <![CDATA[123]]>
              </value>
            </param>
            <param index="23">
              <value>
                <![CDATA[03]]>
              </value>
            </param>
            <param index="24">
              <value>
                <![CDATA[25]]>
              </value>
            </param>
            <param index="25">
              <value>
                <![CDATA[Capture]]>
              </value>
            </param>
            <param index="26">
              <value>
                <![CDATA[No]]>
              </value>
            </param>
            <param index="27">
              <value>
                <![CDATA[wiproltd]]>
              </value>
            </param>
            <param index="28">
              <value>
                <![CDATA[madhan123]]>
              </value>
            </param>
            <param index="29">
              <value>
                <![CDATA[!Tester464]]>
              </value>
            </param>
          </params>
          <exception class="org.openqa.selenium.NoSuchElementException">
            <message>
              <![CDATA[no such element: Unable to locate element: {"method":"css selector","selector":"#billing_first_name"}
  (Session info: chrome=129.0.6668.59)
For documentation on this error, please visit: https://selenium.dev/exceptions/#no_such_element
Build info: version: '4.1.2', revision: '9a5a329c5a'
System info: host: 'C02HF63LQ6L5', ip: 'fe80:0:0:0:1003:81f0:33e2:f752%en0', os.name: 'Mac OS X', os.arch: 'x86_64', os.version: '10.16', java.version: '15.0.2'
Driver info: org.openqa.selenium.chrome.ChromeDriver
Command: [4dcc2c1a58b8b7eb4f94ca03a85b9c52, findElement {using=id, value=billing_first_name}]
Capabilities {acceptInsecureCerts: false, browserName: chrome, browserVersion: 129.0.6668.59, chrome: {chromedriverVersion: 129.0.6668.58 (81a06fb873a9..., userDataDir: /var/folders/25/16fzy7t11dn...}, fedcm:accounts: true, goog:chromeOptions: {debuggerAddress: localhost:59474}, javascriptEnabled: true, networkConnectionEnabled: false, pageLoadStrategy: normal, platform: MAC, platformName: MAC, proxy: Proxy(), se:cdp: ws://localhost:59474/devtoo..., se:cdpVersion: 129.0.6668.59, setWindowRect: true, strictFileInteractability: false, timeouts: {implicit: 0, pageLoad: 300000, script: 30000}, unhandledPromptBehavior: dismiss and notify, webauthn:extension:credBlob: true, webauthn:extension:largeBlob: true, webauthn:extension:minPinLength: true, webauthn:extension:prf: true, webauthn:virtualAuthenticators: true}
Session ID: 4dcc2c1a58b8b7eb4f94ca03a85b9c52]]>
            </message>
            <full-stacktrace>
              <![CDATA[org.openqa.selenium.NoSuchElementException: no such element: Unable to locate element: {"method":"css selector","selector":"#billing_first_name"}
  (Session info: chrome=129.0.6668.59)
For documentation on this error, please visit: https://selenium.dev/exceptions/#no_such_element
Build info: version: '4.1.2', revision: '9a5a329c5a'
System info: host: 'C02HF63LQ6L5', ip: 'fe80:0:0:0:1003:81f0:33e2:f752%en0', os.name: 'Mac OS X', os.arch: 'x86_64', os.version: '10.16', java.version: '15.0.2'
Driver info: org.openqa.selenium.chrome.ChromeDriver
Command: [4dcc2c1a58b8b7eb4f94ca03a85b9c52, findElement {using=id, value=billing_first_name}]
Capabilities {acceptInsecureCerts: false, browserName: chrome, browserVersion: 129.0.6668.59, chrome: {chromedriverVersion: 129.0.6668.58 (81a06fb873a9..., userDataDir: /var/folders/25/16fzy7t11dn...}, fedcm:accounts: true, goog:chromeOptions: {debuggerAddress: localhost:59474}, javascriptEnabled: true, networkConnectionEnabled: false, pageLoadStrategy: normal, platform: MAC, platformName: MAC, proxy: Proxy(), se:cdp: ws://localhost:59474/devtoo..., se:cdpVersion: 129.0.6668.59, setWindowRect: true, strictFileInteractability: false, timeouts: {implicit: 0, pageLoad: 300000, script: 30000}, unhandledPromptBehavior: dismiss and notify, webauthn:extension:credBlob: true, webauthn:extension:largeBlob: true, webauthn:extension:minPinLength: true, webauthn:extension:prf: true, webauthn:virtualAuthenticators: true}
Session ID: 4dcc2c1a58b8b7eb4f94ca03a85b9c52
at java.base/jdk.internal.reflect.NativeConstructorAccessorImpl.newInstance0(Native Method)
at java.base/jdk.internal.reflect.NativeConstructorAccessorImpl.newInstance(NativeConstructorAccessorImpl.java:64)
at java.base/jdk.internal.reflect.DelegatingConstructorAccessorImpl.newInstance(DelegatingConstructorAccessorImpl.java:45)
at java.base/java.lang.reflect.Constructor.newInstanceWithCaller(Constructor.java:500)
at java.base/java.lang.reflect.Constructor.newInstance(Constructor.java:481)
at org.openqa.selenium.remote.codec.w3c.W3CHttpResponseCodec.createException(W3CHttpResponseCodec.java:200)
at org.openqa.selenium.remote.codec.w3c.W3CHttpResponseCodec.decode(W3CHttpResponseCodec.java:133)
at org.openqa.selenium.remote.codec.w3c.W3CHttpResponseCodec.decode(W3CHttpResponseCodec.java:53)
at org.openqa.selenium.remote.HttpCommandExecutor.execute(HttpCommandExecutor.java:184)
at org.openqa.selenium.remote.service.DriverCommandExecutor.invokeExecute(DriverCommandExecutor.java:167)
at org.openqa.selenium.remote.service.DriverCommandExecutor.execute(DriverCommandExecutor.java:142)
at org.openqa.selenium.remote.RemoteWebDriver.execute(RemoteWebDriver.java:558)
at org.openqa.selenium.remote.ElementLocation$ElementFinder$2.findElement(ElementLocation.java:162)
at org.openqa.selenium.remote.ElementLocation.findElement(ElementLocation.java:60)
at org.openqa.selenium.remote.RemoteWebDriver.findElement(RemoteWebDriver.java:382)
at org.openqa.selenium.remote.RemoteWebDriver.findElement(RemoteWebDriver.java:374)
at com.cybersource.test.util.CommonUtil.findElementById(CommonUtil.java:1018)
at com.cybersource.test.util.CommonUtil.frontOfficeBillingAddress(CommonUtil.java:2382)
at com.cybersource.test.woocommerce.CreditCard.executeAuth(CreditCard.java:499)
at java.base/jdk.internal.reflect.NativeMethodAccessorImpl.invoke0(Native Method)
at java.base/jdk.internal.reflect.NativeMethodAccessorImpl.invoke(NativeMethodAccessorImpl.java:64)
at java.base/jdk.internal.reflect.DelegatingMethodAccessorImpl.invoke(DelegatingMethodAccessorImpl.java:43)
at java.base/java.lang.reflect.Method.invoke(Method.java:564)
at org.testng.internal.MethodInvocationHelper.invokeMethod(MethodInvocationHelper.java:133)
at org.testng.internal.TestInvoker.invokeMethod(TestInvoker.java:598)
at org.testng.internal.TestInvoker.retryFailed(TestInvoker.java:213)
at org.testng.internal.MethodRunner.runInSequence(MethodRunner.java:58)
at org.testng.internal.TestInvoker$MethodInvocationAgent.invoke(TestInvoker.java:824)
at org.testng.internal.TestInvoker.invokeTestMethods(TestInvoker.java:146)
at org.testng.internal.TestMethodWorker.invokeTestMethods(TestMethodWorker.java:146)
at org.testng.internal.TestMethodWorker.run(TestMethodWorker.java:128)
at java.base/java.util.ArrayList.forEach(ArrayList.java:1511)
at org.testng.TestRunner.privateRun(TestRunner.java:794)
at org.testng.TestRunner.run(TestRunner.java:596)
at org.testng.SuiteRunner.runTest(SuiteRunner.java:377)
at org.testng.SuiteRunner.runSequentially(SuiteRunner.java:371)
at org.testng.SuiteRunner.privateRun(SuiteRunner.java:332)
at org.testng.SuiteRunner.run(SuiteRunner.java:276)
at org.testng.SuiteRunnerWorker.runSuite(SuiteRunnerWorker.java:53)
at org.testng.SuiteRunnerWorker.run(SuiteRunnerWorker.java:96)
at org.testng.TestNG.runSuitesSequentially(TestNG.java:1212)
at org.testng.TestNG.runSuitesLocally(TestNG.java:1134)
at org.testng.TestNG.runSuites(TestNG.java:1063)
at org.testng.TestNG.run(TestNG.java:1031)
at org.testng.remote.AbstractRemoteTestNG.run(AbstractRemoteTestNG.java:115)
at org.testng.remote.RemoteTestNG.initAndRun(RemoteTestNG.java:251)
at org.testng.remote.RemoteTestNG.main(RemoteTestNG.java:77)
]]>
            </full-stacktrace>
          </exception> <!-- org.openqa.selenium.NoSuchElementException -->
          <reporter-output>
            <line>
              <![CDATA[executeAuth starts]]>
            </line>
          </reporter-output>
        </test-method> <!-- executeAuth -->
        <test-method retried="true" signature="executeAuth(java.lang.String,java.lang.String,java.lang.String,java.lang.String,java.lang.String,java.lang.String,java.lang.String,java.lang.String,java.lang.String,java.lang.String,java.lang.String,java.lang.String,java.lang.String,java.lang.String,java.lang.String,java.lang.String,java.lang.String,java.lang.String,java.lang.String,java.lang.String,java.lang.String,java.lang.String,java.lang.String,java.lang.String,java.lang.String,java.lang.String,java.lang.String,java.lang.String,java.lang.String,java.lang.String)[pri:0, instance:com.cybersource.test.woocommerce.CreditCard@7b4c50bc]" started-at="2024-09-19T11:42:49 IST" name="executeAuth" data-provider="getData" finished-at="2024-09-19T11:43:02 IST" duration-ms="12586" status="SKIP">
          <params>
            <param index="0">
              <value>
                <![CDATA[Preethi]]>
              </value>
            </param>
            <param index="1">
              <value>
                <![CDATA[PreeThi_7]]>
              </value>
            </param>
            <param index="2">
              <value>
                <![CDATA[No]]>
              </value>
            </param>
            <param index="3">
              <value>
                <![CDATA[Hoodie]]>
              </value>
            </param>
            <param index="4">
              <value>
                <![CDATA[1]]>
              </value>
            </param>
            <param index="5">
              <value>
                <![CDATA[Preethi]]>
              </value>
            </param>
            <param index="6">
              <value>
                <![CDATA[S ]]>
              </value>
            </param>
            <param index="7">
              <value>
                <![CDATA[United States (US)]]>
              </value>
            </param>
            <param index="8">
              <value>
                <![CDATA[1295 Charleston road]]>
              </value>
            </param>
            <param index="9">
              <value>
                <![CDATA[Mountain view]]>
              </value>
            </param>
            <param index="10">
              <value>
                <![CDATA[California]]>
              </value>
            </param>
            <param index="11">
              <value>
                <![CDATA[94340]]>
              </value>
            </param>
            <param index="12">
              <value>
                <![CDATA[7036346568]]>
              </value>
            </param>
            <param index="13">
              <value>
                <![CDATA[test@email.com]]>
              </value>
            </param>
            <param index="14">
              <value>
                <![CDATA[No]]>
              </value>
            </param>
            <param index="15">
              <value>
                <![CDATA[Preethi]]>
              </value>
            </param>
            <param index="16">
              <value>
                <![CDATA[S ]]>
              </value>
            </param>
            <param index="17">
              <value>
                <![CDATA[United Kingdom (UK)]]>
              </value>
            </param>
            <param index="18">
              <value>
                <![CDATA[123 KV Road]]>
              </value>
            </param>
            <param index="19">
              <value>
                <![CDATA[Mountain View]]>
              </value>
            </param>
            <param index="20">
              <value>
                <![CDATA[WF12 0DE]]>
              </value>
            </param>
            <param index="21">
              <value>
                <![CDATA[4111111111111111]]>
              </value>
            </param>
            <param index="22">
              <value>
                <![CDATA[123]]>
              </value>
            </param>
            <param index="23">
              <value>
                <![CDATA[03]]>
              </value>
            </param>
            <param index="24">
              <value>
                <![CDATA[25]]>
              </value>
            </param>
            <param index="25">
              <value>
                <![CDATA[Capture]]>
              </value>
            </param>
            <param index="26">
              <value>
                <![CDATA[No]]>
              </value>
            </param>
            <param index="27">
              <value>
                <![CDATA[wiproltd]]>
              </value>
            </param>
            <param index="28">
              <value>
                <![CDATA[madhan123]]>
              </value>
            </param>
            <param index="29">
              <value>
                <![CDATA[!Tester464]]>
              </value>
            </param>
          </params>
          <exception class="org.openqa.selenium.NoSuchElementException">
            <message>
              <![CDATA[no such element: Unable to locate element: {"method":"css selector","selector":"#billing_first_name"}
  (Session info: chrome=129.0.6668.59)
For documentation on this error, please visit: https://selenium.dev/exceptions/#no_such_element
Build info: version: '4.1.2', revision: '9a5a329c5a'
System info: host: 'C02HF63LQ6L5', ip: 'fe80:0:0:0:1003:81f0:33e2:f752%en0', os.name: 'Mac OS X', os.arch: 'x86_64', os.version: '10.16', java.version: '15.0.2'
Driver info: org.openqa.selenium.chrome.ChromeDriver
Command: [4dcc2c1a58b8b7eb4f94ca03a85b9c52, findElement {using=id, value=billing_first_name}]
Capabilities {acceptInsecureCerts: false, browserName: chrome, browserVersion: 129.0.6668.59, chrome: {chromedriverVersion: 129.0.6668.58 (81a06fb873a9..., userDataDir: /var/folders/25/16fzy7t11dn...}, fedcm:accounts: true, goog:chromeOptions: {debuggerAddress: localhost:59474}, javascriptEnabled: true, networkConnectionEnabled: false, pageLoadStrategy: normal, platform: MAC, platformName: MAC, proxy: Proxy(), se:cdp: ws://localhost:59474/devtoo..., se:cdpVersion: 129.0.6668.59, setWindowRect: true, strictFileInteractability: false, timeouts: {implicit: 0, pageLoad: 300000, script: 30000}, unhandledPromptBehavior: dismiss and notify, webauthn:extension:credBlob: true, webauthn:extension:largeBlob: true, webauthn:extension:minPinLength: true, webauthn:extension:prf: true, webauthn:virtualAuthenticators: true}
Session ID: 4dcc2c1a58b8b7eb4f94ca03a85b9c52]]>
            </message>
            <full-stacktrace>
              <![CDATA[org.openqa.selenium.NoSuchElementException: no such element: Unable to locate element: {"method":"css selector","selector":"#billing_first_name"}
  (Session info: chrome=129.0.6668.59)
For documentation on this error, please visit: https://selenium.dev/exceptions/#no_such_element
Build info: version: '4.1.2', revision: '9a5a329c5a'
System info: host: 'C02HF63LQ6L5', ip: 'fe80:0:0:0:1003:81f0:33e2:f752%en0', os.name: 'Mac OS X', os.arch: 'x86_64', os.version: '10.16', java.version: '15.0.2'
Driver info: org.openqa.selenium.chrome.ChromeDriver
Command: [4dcc2c1a58b8b7eb4f94ca03a85b9c52, findElement {using=id, value=billing_first_name}]
Capabilities {acceptInsecureCerts: false, browserName: chrome, browserVersion: 129.0.6668.59, chrome: {chromedriverVersion: 129.0.6668.58 (81a06fb873a9..., userDataDir: /var/folders/25/16fzy7t11dn...}, fedcm:accounts: true, goog:chromeOptions: {debuggerAddress: localhost:59474}, javascriptEnabled: true, networkConnectionEnabled: false, pageLoadStrategy: normal, platform: MAC, platformName: MAC, proxy: Proxy(), se:cdp: ws://localhost:59474/devtoo..., se:cdpVersion: 129.0.6668.59, setWindowRect: true, strictFileInteractability: false, timeouts: {implicit: 0, pageLoad: 300000, script: 30000}, unhandledPromptBehavior: dismiss and notify, webauthn:extension:credBlob: true, webauthn:extension:largeBlob: true, webauthn:extension:minPinLength: true, webauthn:extension:prf: true, webauthn:virtualAuthenticators: true}
Session ID: 4dcc2c1a58b8b7eb4f94ca03a85b9c52
at java.base/jdk.internal.reflect.NativeConstructorAccessorImpl.newInstance0(Native Method)
at java.base/jdk.internal.reflect.NativeConstructorAccessorImpl.newInstance(NativeConstructorAccessorImpl.java:64)
at java.base/jdk.internal.reflect.DelegatingConstructorAccessorImpl.newInstance(DelegatingConstructorAccessorImpl.java:45)
at java.base/java.lang.reflect.Constructor.newInstanceWithCaller(Constructor.java:500)
at java.base/java.lang.reflect.Constructor.newInstance(Constructor.java:481)
at org.openqa.selenium.remote.codec.w3c.W3CHttpResponseCodec.createException(W3CHttpResponseCodec.java:200)
at org.openqa.selenium.remote.codec.w3c.W3CHttpResponseCodec.decode(W3CHttpResponseCodec.java:133)
at org.openqa.selenium.remote.codec.w3c.W3CHttpResponseCodec.decode(W3CHttpResponseCodec.java:53)
at org.openqa.selenium.remote.HttpCommandExecutor.execute(HttpCommandExecutor.java:184)
at org.openqa.selenium.remote.service.DriverCommandExecutor.invokeExecute(DriverCommandExecutor.java:167)
at org.openqa.selenium.remote.service.DriverCommandExecutor.execute(DriverCommandExecutor.java:142)
at org.openqa.selenium.remote.RemoteWebDriver.execute(RemoteWebDriver.java:558)
at org.openqa.selenium.remote.ElementLocation$ElementFinder$2.findElement(ElementLocation.java:162)
at org.openqa.selenium.remote.ElementLocation.findElement(ElementLocation.java:60)
at org.openqa.selenium.remote.RemoteWebDriver.findElement(RemoteWebDriver.java:382)
at org.openqa.selenium.remote.RemoteWebDriver.findElement(RemoteWebDriver.java:374)
at com.cybersource.test.util.CommonUtil.findElementById(CommonUtil.java:1018)
at com.cybersource.test.util.CommonUtil.frontOfficeBillingAddress(CommonUtil.java:2382)
at com.cybersource.test.woocommerce.CreditCard.executeAuth(CreditCard.java:499)
at java.base/jdk.internal.reflect.NativeMethodAccessorImpl.invoke0(Native Method)
at java.base/jdk.internal.reflect.NativeMethodAccessorImpl.invoke(NativeMethodAccessorImpl.java:64)
at java.base/jdk.internal.reflect.DelegatingMethodAccessorImpl.invoke(DelegatingMethodAccessorImpl.java:43)
at java.base/java.lang.reflect.Method.invoke(Method.java:564)
at org.testng.internal.MethodInvocationHelper.invokeMethod(MethodInvocationHelper.java:133)
at org.testng.internal.TestInvoker.invokeMethod(TestInvoker.java:598)
at org.testng.internal.TestInvoker.retryFailed(TestInvoker.java:213)
at org.testng.internal.MethodRunner.runInSequence(MethodRunner.java:58)
at org.testng.internal.TestInvoker$MethodInvocationAgent.invoke(TestInvoker.java:824)
at org.testng.internal.TestInvoker.invokeTestMethods(TestInvoker.java:146)
at org.testng.internal.TestMethodWorker.invokeTestMethods(TestMethodWorker.java:146)
at org.testng.internal.TestMethodWorker.run(TestMethodWorker.java:128)
at java.base/java.util.ArrayList.forEach(ArrayList.java:1511)
at org.testng.TestRunner.privateRun(TestRunner.java:794)
at org.testng.TestRunner.run(TestRunner.java:596)
at org.testng.SuiteRunner.runTest(SuiteRunner.java:377)
at org.testng.SuiteRunner.runSequentially(SuiteRunner.java:371)
at org.testng.SuiteRunner.privateRun(SuiteRunner.java:332)
at org.testng.SuiteRunner.run(SuiteRunner.java:276)
at org.testng.SuiteRunnerWorker.runSuite(SuiteRunnerWorker.java:53)
at org.testng.SuiteRunnerWorker.run(SuiteRunnerWorker.java:96)
at org.testng.TestNG.runSuitesSequentially(TestNG.java:1212)
at org.testng.TestNG.runSuitesLocally(TestNG.java:1134)
at org.testng.TestNG.runSuites(TestNG.java:1063)
at org.testng.TestNG.run(TestNG.java:1031)
at org.testng.remote.AbstractRemoteTestNG.run(AbstractRemoteTestNG.java:115)
at org.testng.remote.RemoteTestNG.initAndRun(RemoteTestNG.java:251)
at org.testng.remote.RemoteTestNG.main(RemoteTestNG.java:77)
]]>
            </full-stacktrace>
          </exception> <!-- org.openqa.selenium.NoSuchElementException -->
          <reporter-output>
            <line>
              <![CDATA[executeAuth starts]]>
            </line>
          </reporter-output>
        </test-method> <!-- executeAuth -->
        <test-method retried="true" signature="executeAuth(java.lang.String,java.lang.String,java.lang.String,java.lang.String,java.lang.String,java.lang.String,java.lang.String,java.lang.String,java.lang.String,java.lang.String,java.lang.String,java.lang.String,java.lang.String,java.lang.String,java.lang.String,java.lang.String,java.lang.String,java.lang.String,java.lang.String,java.lang.String,java.lang.String,java.lang.String,java.lang.String,java.lang.String,java.lang.String,java.lang.String,java.lang.String,java.lang.String,java.lang.String,java.lang.String)[pri:0, instance:com.cybersource.test.woocommerce.CreditCard@7b4c50bc]" started-at="2024-09-19T11:43:02 IST" name="executeAuth" data-provider="getData" finished-at="2024-09-19T11:43:15 IST" duration-ms="12661" status="SKIP">
          <params>
            <param index="0">
              <value>
                <![CDATA[Preethi]]>
              </value>
            </param>
            <param index="1">
              <value>
                <![CDATA[PreeThi_7]]>
              </value>
            </param>
            <param index="2">
              <value>
                <![CDATA[No]]>
              </value>
            </param>
            <param index="3">
              <value>
                <![CDATA[Hoodie]]>
              </value>
            </param>
            <param index="4">
              <value>
                <![CDATA[1]]>
              </value>
            </param>
            <param index="5">
              <value>
                <![CDATA[Preethi]]>
              </value>
            </param>
            <param index="6">
              <value>
                <![CDATA[S ]]>
              </value>
            </param>
            <param index="7">
              <value>
                <![CDATA[United States (US)]]>
              </value>
            </param>
            <param index="8">
              <value>
                <![CDATA[1295 Charleston road]]>
              </value>
            </param>
            <param index="9">
              <value>
                <![CDATA[Mountain view]]>
              </value>
            </param>
            <param index="10">
              <value>
                <![CDATA[California]]>
              </value>
            </param>
            <param index="11">
              <value>
                <![CDATA[94340]]>
              </value>
            </param>
            <param index="12">
              <value>
                <![CDATA[7036346568]]>
              </value>
            </param>
            <param index="13">
              <value>
                <![CDATA[test@email.com]]>
              </value>
            </param>
            <param index="14">
              <value>
                <![CDATA[No]]>
              </value>
            </param>
            <param index="15">
              <value>
                <![CDATA[Preethi]]>
              </value>
            </param>
            <param index="16">
              <value>
                <![CDATA[S ]]>
              </value>
            </param>
            <param index="17">
              <value>
                <![CDATA[United Kingdom (UK)]]>
              </value>
            </param>
            <param index="18">
              <value>
                <![CDATA[123 KV Road]]>
              </value>
            </param>
            <param index="19">
              <value>
                <![CDATA[Mountain View]]>
              </value>
            </param>
            <param index="20">
              <value>
                <![CDATA[WF12 0DE]]>
              </value>
            </param>
            <param index="21">
              <value>
                <![CDATA[4111111111111111]]>
              </value>
            </param>
            <param index="22">
              <value>
                <![CDATA[123]]>
              </value>
            </param>
            <param index="23">
              <value>
                <![CDATA[03]]>
              </value>
            </param>
            <param index="24">
              <value>
                <![CDATA[25]]>
              </value>
            </param>
            <param index="25">
              <value>
                <![CDATA[Capture]]>
              </value>
            </param>
            <param index="26">
              <value>
                <![CDATA[No]]>
              </value>
            </param>
            <param index="27">
              <value>
                <![CDATA[wiproltd]]>
              </value>
            </param>
            <param index="28">
              <value>
                <![CDATA[madhan123]]>
              </value>
            </param>
            <param index="29">
              <value>
                <![CDATA[!Tester464]]>
              </value>
            </param>
          </params>
          <exception class="org.openqa.selenium.NoSuchElementException">
            <message>
              <![CDATA[no such element: Unable to locate element: {"method":"css selector","selector":"#billing_first_name"}
  (Session info: chrome=129.0.6668.59)
For documentation on this error, please visit: https://selenium.dev/exceptions/#no_such_element
Build info: version: '4.1.2', revision: '9a5a329c5a'
System info: host: 'C02HF63LQ6L5', ip: 'fe80:0:0:0:1003:81f0:33e2:f752%en0', os.name: 'Mac OS X', os.arch: 'x86_64', os.version: '10.16', java.version: '15.0.2'
Driver info: org.openqa.selenium.chrome.ChromeDriver
Command: [4dcc2c1a58b8b7eb4f94ca03a85b9c52, findElement {using=id, value=billing_first_name}]
Capabilities {acceptInsecureCerts: false, browserName: chrome, browserVersion: 129.0.6668.59, chrome: {chromedriverVersion: 129.0.6668.58 (81a06fb873a9..., userDataDir: /var/folders/25/16fzy7t11dn...}, fedcm:accounts: true, goog:chromeOptions: {debuggerAddress: localhost:59474}, javascriptEnabled: true, networkConnectionEnabled: false, pageLoadStrategy: normal, platform: MAC, platformName: MAC, proxy: Proxy(), se:cdp: ws://localhost:59474/devtoo..., se:cdpVersion: 129.0.6668.59, setWindowRect: true, strictFileInteractability: false, timeouts: {implicit: 0, pageLoad: 300000, script: 30000}, unhandledPromptBehavior: dismiss and notify, webauthn:extension:credBlob: true, webauthn:extension:largeBlob: true, webauthn:extension:minPinLength: true, webauthn:extension:prf: true, webauthn:virtualAuthenticators: true}
Session ID: 4dcc2c1a58b8b7eb4f94ca03a85b9c52]]>
            </message>
            <full-stacktrace>
              <![CDATA[org.openqa.selenium.NoSuchElementException: no such element: Unable to locate element: {"method":"css selector","selector":"#billing_first_name"}
  (Session info: chrome=129.0.6668.59)
For documentation on this error, please visit: https://selenium.dev/exceptions/#no_such_element
Build info: version: '4.1.2', revision: '9a5a329c5a'
System info: host: 'C02HF63LQ6L5', ip: 'fe80:0:0:0:1003:81f0:33e2:f752%en0', os.name: 'Mac OS X', os.arch: 'x86_64', os.version: '10.16', java.version: '15.0.2'
Driver info: org.openqa.selenium.chrome.ChromeDriver
Command: [4dcc2c1a58b8b7eb4f94ca03a85b9c52, findElement {using=id, value=billing_first_name}]
Capabilities {acceptInsecureCerts: false, browserName: chrome, browserVersion: 129.0.6668.59, chrome: {chromedriverVersion: 129.0.6668.58 (81a06fb873a9..., userDataDir: /var/folders/25/16fzy7t11dn...}, fedcm:accounts: true, goog:chromeOptions: {debuggerAddress: localhost:59474}, javascriptEnabled: true, networkConnectionEnabled: false, pageLoadStrategy: normal, platform: MAC, platformName: MAC, proxy: Proxy(), se:cdp: ws://localhost:59474/devtoo..., se:cdpVersion: 129.0.6668.59, setWindowRect: true, strictFileInteractability: false, timeouts: {implicit: 0, pageLoad: 300000, script: 30000}, unhandledPromptBehavior: dismiss and notify, webauthn:extension:credBlob: true, webauthn:extension:largeBlob: true, webauthn:extension:minPinLength: true, webauthn:extension:prf: true, webauthn:virtualAuthenticators: true}
Session ID: 4dcc2c1a58b8b7eb4f94ca03a85b9c52
at java.base/jdk.internal.reflect.NativeConstructorAccessorImpl.newInstance0(Native Method)
at java.base/jdk.internal.reflect.NativeConstructorAccessorImpl.newInstance(NativeConstructorAccessorImpl.java:64)
at java.base/jdk.internal.reflect.DelegatingConstructorAccessorImpl.newInstance(DelegatingConstructorAccessorImpl.java:45)
at java.base/java.lang.reflect.Constructor.newInstanceWithCaller(Constructor.java:500)
at java.base/java.lang.reflect.Constructor.newInstance(Constructor.java:481)
at org.openqa.selenium.remote.codec.w3c.W3CHttpResponseCodec.createException(W3CHttpResponseCodec.java:200)
at org.openqa.selenium.remote.codec.w3c.W3CHttpResponseCodec.decode(W3CHttpResponseCodec.java:133)
at org.openqa.selenium.remote.codec.w3c.W3CHttpResponseCodec.decode(W3CHttpResponseCodec.java:53)
at org.openqa.selenium.remote.HttpCommandExecutor.execute(HttpCommandExecutor.java:184)
at org.openqa.selenium.remote.service.DriverCommandExecutor.invokeExecute(DriverCommandExecutor.java:167)
at org.openqa.selenium.remote.service.DriverCommandExecutor.execute(DriverCommandExecutor.java:142)
at org.openqa.selenium.remote.RemoteWebDriver.execute(RemoteWebDriver.java:558)
at org.openqa.selenium.remote.ElementLocation$ElementFinder$2.findElement(ElementLocation.java:162)
at org.openqa.selenium.remote.ElementLocation.findElement(ElementLocation.java:60)
at org.openqa.selenium.remote.RemoteWebDriver.findElement(RemoteWebDriver.java:382)
at org.openqa.selenium.remote.RemoteWebDriver.findElement(RemoteWebDriver.java:374)
at com.cybersource.test.util.CommonUtil.findElementById(CommonUtil.java:1018)
at com.cybersource.test.util.CommonUtil.frontOfficeBillingAddress(CommonUtil.java:2382)
at com.cybersource.test.woocommerce.CreditCard.executeAuth(CreditCard.java:499)
at java.base/jdk.internal.reflect.NativeMethodAccessorImpl.invoke0(Native Method)
at java.base/jdk.internal.reflect.NativeMethodAccessorImpl.invoke(NativeMethodAccessorImpl.java:64)
at java.base/jdk.internal.reflect.DelegatingMethodAccessorImpl.invoke(DelegatingMethodAccessorImpl.java:43)
at java.base/java.lang.reflect.Method.invoke(Method.java:564)
at org.testng.internal.MethodInvocationHelper.invokeMethod(MethodInvocationHelper.java:133)
at org.testng.internal.TestInvoker.invokeMethod(TestInvoker.java:598)
at org.testng.internal.TestInvoker.retryFailed(TestInvoker.java:213)
at org.testng.internal.MethodRunner.runInSequence(MethodRunner.java:58)
at org.testng.internal.TestInvoker$MethodInvocationAgent.invoke(TestInvoker.java:824)
at org.testng.internal.TestInvoker.invokeTestMethods(TestInvoker.java:146)
at org.testng.internal.TestMethodWorker.invokeTestMethods(TestMethodWorker.java:146)
at org.testng.internal.TestMethodWorker.run(TestMethodWorker.java:128)
at java.base/java.util.ArrayList.forEach(ArrayList.java:1511)
at org.testng.TestRunner.privateRun(TestRunner.java:794)
at org.testng.TestRunner.run(TestRunner.java:596)
at org.testng.SuiteRunner.runTest(SuiteRunner.java:377)
at org.testng.SuiteRunner.runSequentially(SuiteRunner.java:371)
at org.testng.SuiteRunner.privateRun(SuiteRunner.java:332)
at org.testng.SuiteRunner.run(SuiteRunner.java:276)
at org.testng.SuiteRunnerWorker.runSuite(SuiteRunnerWorker.java:53)
at org.testng.SuiteRunnerWorker.run(SuiteRunnerWorker.java:96)
at org.testng.TestNG.runSuitesSequentially(TestNG.java:1212)
at org.testng.TestNG.runSuitesLocally(TestNG.java:1134)
at org.testng.TestNG.runSuites(TestNG.java:1063)
at org.testng.TestNG.run(TestNG.java:1031)
at org.testng.remote.AbstractRemoteTestNG.run(AbstractRemoteTestNG.java:115)
at org.testng.remote.RemoteTestNG.initAndRun(RemoteTestNG.java:251)
at org.testng.remote.RemoteTestNG.main(RemoteTestNG.java:77)
]]>
            </full-stacktrace>
          </exception> <!-- org.openqa.selenium.NoSuchElementException -->
          <reporter-output>
            <line>
              <![CDATA[executeAuth starts]]>
            </line>
          </reporter-output>
        </test-method> <!-- executeAuth -->
        <test-method signature="executeAuth(java.lang.String,java.lang.String,java.lang.String,java.lang.String,java.lang.String,java.lang.String,java.lang.String,java.lang.String,java.lang.String,java.lang.String,java.lang.String,java.lang.String,java.lang.String,java.lang.String,java.lang.String,java.lang.String,java.lang.String,java.lang.String,java.lang.String,java.lang.String,java.lang.String,java.lang.String,java.lang.String,java.lang.String,java.lang.String,java.lang.String,java.lang.String,java.lang.String,java.lang.String,java.lang.String)[pri:0, instance:com.cybersource.test.woocommerce.CreditCard@7b4c50bc]" started-at="2024-09-19T11:43:15 IST" name="executeAuth" data-provider="getData" finished-at="2024-09-19T11:43:26 IST" duration-ms="11513" status="FAIL">
          <params>
            <param index="0">
              <value>
                <![CDATA[Preethi]]>
              </value>
            </param>
            <param index="1">
              <value>
                <![CDATA[PreeThi_7]]>
              </value>
            </param>
            <param index="2">
              <value>
                <![CDATA[No]]>
              </value>
            </param>
            <param index="3">
              <value>
                <![CDATA[Hoodie]]>
              </value>
            </param>
            <param index="4">
              <value>
                <![CDATA[1]]>
              </value>
            </param>
            <param index="5">
              <value>
                <![CDATA[Preethi]]>
              </value>
            </param>
            <param index="6">
              <value>
                <![CDATA[S ]]>
              </value>
            </param>
            <param index="7">
              <value>
                <![CDATA[United States (US)]]>
              </value>
            </param>
            <param index="8">
              <value>
                <![CDATA[1295 Charleston road]]>
              </value>
            </param>
            <param index="9">
              <value>
                <![CDATA[Mountain view]]>
              </value>
            </param>
            <param index="10">
              <value>
                <![CDATA[California]]>
              </value>
            </param>
            <param index="11">
              <value>
                <![CDATA[94340]]>
              </value>
            </param>
            <param index="12">
              <value>
                <![CDATA[7036346568]]>
              </value>
            </param>
            <param index="13">
              <value>
                <![CDATA[test@email.com]]>
              </value>
            </param>
            <param index="14">
              <value>
                <![CDATA[No]]>
              </value>
            </param>
            <param index="15">
              <value>
                <![CDATA[Preethi]]>
              </value>
            </param>
            <param index="16">
              <value>
                <![CDATA[S ]]>
              </value>
            </param>
            <param index="17">
              <value>
                <![CDATA[United Kingdom (UK)]]>
              </value>
            </param>
            <param index="18">
              <value>
                <![CDATA[123 KV Road]]>
              </value>
            </param>
            <param index="19">
              <value>
                <![CDATA[Mountain View]]>
              </value>
            </param>
            <param index="20">
              <value>
                <![CDATA[WF12 0DE]]>
              </value>
            </param>
            <param index="21">
              <value>
                <![CDATA[4111111111111111]]>
              </value>
            </param>
            <param index="22">
              <value>
                <![CDATA[123]]>
              </value>
            </param>
            <param index="23">
              <value>
                <![CDATA[03]]>
              </value>
            </param>
            <param index="24">
              <value>
                <![CDATA[25]]>
              </value>
            </param>
            <param index="25">
              <value>
                <![CDATA[Capture]]>
              </value>
            </param>
            <param index="26">
              <value>
                <![CDATA[No]]>
              </value>
            </param>
            <param index="27">
              <value>
                <![CDATA[wiproltd]]>
              </value>
            </param>
            <param index="28">
              <value>
                <![CDATA[madhan123]]>
              </value>
            </param>
            <param index="29">
              <value>
                <![CDATA[!Tester464]]>
              </value>
            </param>
          </params>
          <exception class="org.openqa.selenium.NoSuchElementException">
            <message>
              <![CDATA[no such element: Unable to locate element: {"method":"css selector","selector":"#billing_first_name"}
  (Session info: chrome=129.0.6668.59)
For documentation on this error, please visit: https://selenium.dev/exceptions/#no_such_element
Build info: version: '4.1.2', revision: '9a5a329c5a'
System info: host: 'C02HF63LQ6L5', ip: 'fe80:0:0:0:1003:81f0:33e2:f752%en0', os.name: 'Mac OS X', os.arch: 'x86_64', os.version: '10.16', java.version: '15.0.2'
Driver info: org.openqa.selenium.chrome.ChromeDriver
Command: [4dcc2c1a58b8b7eb4f94ca03a85b9c52, findElement {using=id, value=billing_first_name}]
Capabilities {acceptInsecureCerts: false, browserName: chrome, browserVersion: 129.0.6668.59, chrome: {chromedriverVersion: 129.0.6668.58 (81a06fb873a9..., userDataDir: /var/folders/25/16fzy7t11dn...}, fedcm:accounts: true, goog:chromeOptions: {debuggerAddress: localhost:59474}, javascriptEnabled: true, networkConnectionEnabled: false, pageLoadStrategy: normal, platform: MAC, platformName: MAC, proxy: Proxy(), se:cdp: ws://localhost:59474/devtoo..., se:cdpVersion: 129.0.6668.59, setWindowRect: true, strictFileInteractability: false, timeouts: {implicit: 0, pageLoad: 300000, script: 30000}, unhandledPromptBehavior: dismiss and notify, webauthn:extension:credBlob: true, webauthn:extension:largeBlob: true, webauthn:extension:minPinLength: true, webauthn:extension:prf: true, webauthn:virtualAuthenticators: true}
Session ID: 4dcc2c1a58b8b7eb4f94ca03a85b9c52]]>
            </message>
            <full-stacktrace>
              <![CDATA[org.openqa.selenium.NoSuchElementException: no such element: Unable to locate element: {"method":"css selector","selector":"#billing_first_name"}
  (Session info: chrome=129.0.6668.59)
For documentation on this error, please visit: https://selenium.dev/exceptions/#no_such_element
Build info: version: '4.1.2', revision: '9a5a329c5a'
System info: host: 'C02HF63LQ6L5', ip: 'fe80:0:0:0:1003:81f0:33e2:f752%en0', os.name: 'Mac OS X', os.arch: 'x86_64', os.version: '10.16', java.version: '15.0.2'
Driver info: org.openqa.selenium.chrome.ChromeDriver
Command: [4dcc2c1a58b8b7eb4f94ca03a85b9c52, findElement {using=id, value=billing_first_name}]
Capabilities {acceptInsecureCerts: false, browserName: chrome, browserVersion: 129.0.6668.59, chrome: {chromedriverVersion: 129.0.6668.58 (81a06fb873a9..., userDataDir: /var/folders/25/16fzy7t11dn...}, fedcm:accounts: true, goog:chromeOptions: {debuggerAddress: localhost:59474}, javascriptEnabled: true, networkConnectionEnabled: false, pageLoadStrategy: normal, platform: MAC, platformName: MAC, proxy: Proxy(), se:cdp: ws://localhost:59474/devtoo..., se:cdpVersion: 129.0.6668.59, setWindowRect: true, strictFileInteractability: false, timeouts: {implicit: 0, pageLoad: 300000, script: 30000}, unhandledPromptBehavior: dismiss and notify, webauthn:extension:credBlob: true, webauthn:extension:largeBlob: true, webauthn:extension:minPinLength: true, webauthn:extension:prf: true, webauthn:virtualAuthenticators: true}
Session ID: 4dcc2c1a58b8b7eb4f94ca03a85b9c52
at java.base/jdk.internal.reflect.NativeConstructorAccessorImpl.newInstance0(Native Method)
at java.base/jdk.internal.reflect.NativeConstructorAccessorImpl.newInstance(NativeConstructorAccessorImpl.java:64)
at java.base/jdk.internal.reflect.DelegatingConstructorAccessorImpl.newInstance(DelegatingConstructorAccessorImpl.java:45)
at java.base/java.lang.reflect.Constructor.newInstanceWithCaller(Constructor.java:500)
at java.base/java.lang.reflect.Constructor.newInstance(Constructor.java:481)
at org.openqa.selenium.remote.codec.w3c.W3CHttpResponseCodec.createException(W3CHttpResponseCodec.java:200)
at org.openqa.selenium.remote.codec.w3c.W3CHttpResponseCodec.decode(W3CHttpResponseCodec.java:133)
at org.openqa.selenium.remote.codec.w3c.W3CHttpResponseCodec.decode(W3CHttpResponseCodec.java:53)
at org.openqa.selenium.remote.HttpCommandExecutor.execute(HttpCommandExecutor.java:184)
at org.openqa.selenium.remote.service.DriverCommandExecutor.invokeExecute(DriverCommandExecutor.java:167)
at org.openqa.selenium.remote.service.DriverCommandExecutor.execute(DriverCommandExecutor.java:142)
at org.openqa.selenium.remote.RemoteWebDriver.execute(RemoteWebDriver.java:558)
at org.openqa.selenium.remote.ElementLocation$ElementFinder$2.findElement(ElementLocation.java:162)
at org.openqa.selenium.remote.ElementLocation.findElement(ElementLocation.java:60)
at org.openqa.selenium.remote.RemoteWebDriver.findElement(RemoteWebDriver.java:382)
at org.openqa.selenium.remote.RemoteWebDriver.findElement(RemoteWebDriver.java:374)
at com.cybersource.test.util.CommonUtil.findElementById(CommonUtil.java:1018)
at com.cybersource.test.util.CommonUtil.frontOfficeBillingAddress(CommonUtil.java:2382)
at com.cybersource.test.woocommerce.CreditCard.executeAuth(CreditCard.java:499)
at java.base/jdk.internal.reflect.NativeMethodAccessorImpl.invoke0(Native Method)
at java.base/jdk.internal.reflect.NativeMethodAccessorImpl.invoke(NativeMethodAccessorImpl.java:64)
at java.base/jdk.internal.reflect.DelegatingMethodAccessorImpl.invoke(DelegatingMethodAccessorImpl.java:43)
at java.base/java.lang.reflect.Method.invoke(Method.java:564)
at org.testng.internal.MethodInvocationHelper.invokeMethod(MethodInvocationHelper.java:133)
at org.testng.internal.TestInvoker.invokeMethod(TestInvoker.java:598)
at org.testng.internal.TestInvoker.retryFailed(TestInvoker.java:213)
at org.testng.internal.MethodRunner.runInSequence(MethodRunner.java:58)
at org.testng.internal.TestInvoker$MethodInvocationAgent.invoke(TestInvoker.java:824)
at org.testng.internal.TestInvoker.invokeTestMethods(TestInvoker.java:146)
at org.testng.internal.TestMethodWorker.invokeTestMethods(TestMethodWorker.java:146)
at org.testng.internal.TestMethodWorker.run(TestMethodWorker.java:128)
at java.base/java.util.ArrayList.forEach(ArrayList.java:1511)
at org.testng.TestRunner.privateRun(TestRunner.java:794)
at org.testng.TestRunner.run(TestRunner.java:596)
at org.testng.SuiteRunner.runTest(SuiteRunner.java:377)
at org.testng.SuiteRunner.runSequentially(SuiteRunner.java:371)
at org.testng.SuiteRunner.privateRun(SuiteRunner.java:332)
at org.testng.SuiteRunner.run(SuiteRunner.java:276)
at org.testng.SuiteRunnerWorker.runSuite(SuiteRunnerWorker.java:53)
at org.testng.SuiteRunnerWorker.run(SuiteRunnerWorker.java:96)
at org.testng.TestNG.runSuitesSequentially(TestNG.java:1212)
at org.testng.TestNG.runSuitesLocally(TestNG.java:1134)
at org.testng.TestNG.runSuites(TestNG.java:1063)
at org.testng.TestNG.run(TestNG.java:1031)
at org.testng.remote.AbstractRemoteTestNG.run(AbstractRemoteTestNG.java:115)
at org.testng.remote.RemoteTestNG.initAndRun(RemoteTestNG.java:251)
at org.testng.remote.RemoteTestNG.main(RemoteTestNG.java:77)
]]>
            </full-stacktrace>
          </exception> <!-- org.openqa.selenium.NoSuchElementException -->
          <reporter-output>
            <line>
              <![CDATA[executeAuth starts]]>
            </line>
            <line>
              <![CDATA[executeAuth failed]]>
            </line>
          </reporter-output>
        </test-method> <!-- executeAuth -->
      </class> <!-- com.cybersource.test.woocommerce.CreditCard -->
    </test> <!-- CreditCardAuth -->
    <test started-at="2024-09-19T11:43:27 IST" name="CreditCardCaptue" finished-at="2024-09-19T11:45:32 IST" duration-ms="125503">
      <class name="com.cybersource.test.woocommerce.CreditCard">
        <test-method is-config="true" signature="init(org.testng.ITestContext)[pri:0, instance:com.cybersource.test.woocommerce.CreditCard@5d908d47]" started-at="2024-09-19T11:43:27 IST" name="init" finished-at="2024-09-19T11:43:29 IST" duration-ms="2029" status="PASS">
          <params>
            <param index="0">
              <value>
                <![CDATA[org.testng.TestRunner@13662609]]>
              </value>
            </param>
          </params>
          <reporter-output>
          </reporter-output>
        </test-method> <!-- init -->
        <test-method retried="true" signature="executeAuthCapture(java.lang.String,java.lang.String,java.lang.String,java.lang.String,java.lang.String,java.lang.String,java.lang.String,java.lang.String,java.lang.String,java.lang.String,java.lang.String,java.lang.String,java.lang.String,java.lang.String,java.lang.String,java.lang.String,java.lang.String,java.lang.String,java.lang.String,java.lang.String,java.lang.String,java.lang.String,java.lang.String,java.lang.String,java.lang.String,java.lang.String,java.lang.String,java.lang.String,java.lang.String,java.lang.String)[pri:0, instance:com.cybersource.test.woocommerce.CreditCard@5d908d47]" started-at="2024-09-19T11:43:29 IST" name="executeAuthCapture" data-provider="getData" finished-at="2024-09-19T11:43:41 IST" duration-ms="11927" status="SKIP">
          <params>
            <param index="0">
              <value>
                <![CDATA[Preethi]]>
              </value>
            </param>
            <param index="1">
              <value>
                <![CDATA[PreeThi_7]]>
              </value>
            </param>
            <param index="2">
              <value>
                <![CDATA[No]]>
              </value>
            </param>
            <param index="3">
              <value>
                <![CDATA[Hoodie]]>
              </value>
            </param>
            <param index="4">
              <value>
                <![CDATA[1]]>
              </value>
            </param>
            <param index="5">
              <value>
                <![CDATA[Preethi]]>
              </value>
            </param>
            <param index="6">
              <value>
                <![CDATA[S ]]>
              </value>
            </param>
            <param index="7">
              <value>
                <![CDATA[United States (US)]]>
              </value>
            </param>
            <param index="8">
              <value>
                <![CDATA[1295 Charleston road]]>
              </value>
            </param>
            <param index="9">
              <value>
                <![CDATA[Mountain view]]>
              </value>
            </param>
            <param index="10">
              <value>
                <![CDATA[California]]>
              </value>
            </param>
            <param index="11">
              <value>
                <![CDATA[94340]]>
              </value>
            </param>
            <param index="12">
              <value>
                <![CDATA[7036346568]]>
              </value>
            </param>
            <param index="13">
              <value>
                <![CDATA[test@email.com]]>
              </value>
            </param>
            <param index="14">
              <value>
                <![CDATA[No]]>
              </value>
            </param>
            <param index="15">
              <value>
                <![CDATA[Preethi]]>
              </value>
            </param>
            <param index="16">
              <value>
                <![CDATA[S ]]>
              </value>
            </param>
            <param index="17">
              <value>
                <![CDATA[United Kingdom (UK)]]>
              </value>
            </param>
            <param index="18">
              <value>
                <![CDATA[123 KV Road]]>
              </value>
            </param>
            <param index="19">
              <value>
                <![CDATA[Mountain View]]>
              </value>
            </param>
            <param index="20">
              <value>
                <![CDATA[WF12 0DE]]>
              </value>
            </param>
            <param index="21">
              <value>
                <![CDATA[4111111111111111]]>
              </value>
            </param>
            <param index="22">
              <value>
                <![CDATA[123]]>
              </value>
            </param>
            <param index="23">
              <value>
                <![CDATA[03]]>
              </value>
            </param>
            <param index="24">
              <value>
                <![CDATA[25]]>
              </value>
            </param>
            <param index="25">
              <value>
                <![CDATA[Auth]]>
              </value>
            </param>
            <param index="26">
              <value>
                <![CDATA[No]]>
              </value>
            </param>
            <param index="27">
              <value>
                <![CDATA[wiproltd]]>
              </value>
            </param>
            <param index="28">
              <value>
                <![CDATA[madhan123]]>
              </value>
            </param>
            <param index="29">
              <value>
                <![CDATA[!Tester464]]>
              </value>
            </param>
          </params>
          <exception class="org.openqa.selenium.NoSuchElementException">
            <message>
              <![CDATA[no such element: Unable to locate element: {"method":"css selector","selector":"#billing_first_name"}
  (Session info: chrome=129.0.6668.59)
For documentation on this error, please visit: https://selenium.dev/exceptions/#no_such_element
Build info: version: '4.1.2', revision: '9a5a329c5a'
System info: host: 'C02HF63LQ6L5', ip: 'fe80:0:0:0:1003:81f0:33e2:f752%en0', os.name: 'Mac OS X', os.arch: 'x86_64', os.version: '10.16', java.version: '15.0.2'
Driver info: org.openqa.selenium.chrome.ChromeDriver
Command: [4dcc2c1a58b8b7eb4f94ca03a85b9c52, findElement {using=id, value=billing_first_name}]
Capabilities {acceptInsecureCerts: false, browserName: chrome, browserVersion: 129.0.6668.59, chrome: {chromedriverVersion: 129.0.6668.58 (81a06fb873a9..., userDataDir: /var/folders/25/16fzy7t11dn...}, fedcm:accounts: true, goog:chromeOptions: {debuggerAddress: localhost:59474}, javascriptEnabled: true, networkConnectionEnabled: false, pageLoadStrategy: normal, platform: MAC, platformName: MAC, proxy: Proxy(), se:cdp: ws://localhost:59474/devtoo..., se:cdpVersion: 129.0.6668.59, setWindowRect: true, strictFileInteractability: false, timeouts: {implicit: 0, pageLoad: 300000, script: 30000}, unhandledPromptBehavior: dismiss and notify, webauthn:extension:credBlob: true, webauthn:extension:largeBlob: true, webauthn:extension:minPinLength: true, webauthn:extension:prf: true, webauthn:virtualAuthenticators: true}
Session ID: 4dcc2c1a58b8b7eb4f94ca03a85b9c52]]>
            </message>
            <full-stacktrace>
              <![CDATA[org.openqa.selenium.NoSuchElementException: no such element: Unable to locate element: {"method":"css selector","selector":"#billing_first_name"}
  (Session info: chrome=129.0.6668.59)
For documentation on this error, please visit: https://selenium.dev/exceptions/#no_such_element
Build info: version: '4.1.2', revision: '9a5a329c5a'
System info: host: 'C02HF63LQ6L5', ip: 'fe80:0:0:0:1003:81f0:33e2:f752%en0', os.name: 'Mac OS X', os.arch: 'x86_64', os.version: '10.16', java.version: '15.0.2'
Driver info: org.openqa.selenium.chrome.ChromeDriver
Command: [4dcc2c1a58b8b7eb4f94ca03a85b9c52, findElement {using=id, value=billing_first_name}]
Capabilities {acceptInsecureCerts: false, browserName: chrome, browserVersion: 129.0.6668.59, chrome: {chromedriverVersion: 129.0.6668.58 (81a06fb873a9..., userDataDir: /var/folders/25/16fzy7t11dn...}, fedcm:accounts: true, goog:chromeOptions: {debuggerAddress: localhost:59474}, javascriptEnabled: true, networkConnectionEnabled: false, pageLoadStrategy: normal, platform: MAC, platformName: MAC, proxy: Proxy(), se:cdp: ws://localhost:59474/devtoo..., se:cdpVersion: 129.0.6668.59, setWindowRect: true, strictFileInteractability: false, timeouts: {implicit: 0, pageLoad: 300000, script: 30000}, unhandledPromptBehavior: dismiss and notify, webauthn:extension:credBlob: true, webauthn:extension:largeBlob: true, webauthn:extension:minPinLength: true, webauthn:extension:prf: true, webauthn:virtualAuthenticators: true}
Session ID: 4dcc2c1a58b8b7eb4f94ca03a85b9c52
at java.base/jdk.internal.reflect.NativeConstructorAccessorImpl.newInstance0(Native Method)
at java.base/jdk.internal.reflect.NativeConstructorAccessorImpl.newInstance(NativeConstructorAccessorImpl.java:64)
at java.base/jdk.internal.reflect.DelegatingConstructorAccessorImpl.newInstance(DelegatingConstructorAccessorImpl.java:45)
at java.base/java.lang.reflect.Constructor.newInstanceWithCaller(Constructor.java:500)
at java.base/java.lang.reflect.Constructor.newInstance(Constructor.java:481)
at org.openqa.selenium.remote.codec.w3c.W3CHttpResponseCodec.createException(W3CHttpResponseCodec.java:200)
at org.openqa.selenium.remote.codec.w3c.W3CHttpResponseCodec.decode(W3CHttpResponseCodec.java:133)
at org.openqa.selenium.remote.codec.w3c.W3CHttpResponseCodec.decode(W3CHttpResponseCodec.java:53)
at org.openqa.selenium.remote.HttpCommandExecutor.execute(HttpCommandExecutor.java:184)
at org.openqa.selenium.remote.service.DriverCommandExecutor.invokeExecute(DriverCommandExecutor.java:167)
at org.openqa.selenium.remote.service.DriverCommandExecutor.execute(DriverCommandExecutor.java:142)
at org.openqa.selenium.remote.RemoteWebDriver.execute(RemoteWebDriver.java:558)
at org.openqa.selenium.remote.ElementLocation$ElementFinder$2.findElement(ElementLocation.java:162)
at org.openqa.selenium.remote.ElementLocation.findElement(ElementLocation.java:60)
at org.openqa.selenium.remote.RemoteWebDriver.findElement(RemoteWebDriver.java:382)
at org.openqa.selenium.remote.RemoteWebDriver.findElement(RemoteWebDriver.java:374)
at com.cybersource.test.util.CommonUtil.findElementById(CommonUtil.java:1018)
at com.cybersource.test.util.CommonUtil.frontOfficeBillingAddress(CommonUtil.java:2382)
at com.cybersource.test.woocommerce.CreditCard.executeAuth(CreditCard.java:499)
at com.cybersource.test.woocommerce.CreditCard.executeAuthCapture(CreditCard.java:167)
at java.base/jdk.internal.reflect.NativeMethodAccessorImpl.invoke0(Native Method)
at java.base/jdk.internal.reflect.NativeMethodAccessorImpl.invoke(NativeMethodAccessorImpl.java:64)
at java.base/jdk.internal.reflect.DelegatingMethodAccessorImpl.invoke(DelegatingMethodAccessorImpl.java:43)
at java.base/java.lang.reflect.Method.invoke(Method.java:564)
at org.testng.internal.MethodInvocationHelper.invokeMethod(MethodInvocationHelper.java:133)
at org.testng.internal.TestInvoker.invokeMethod(TestInvoker.java:598)
at org.testng.internal.TestInvoker.invokeTestMethod(TestInvoker.java:173)
at org.testng.internal.MethodRunner.runInSequence(MethodRunner.java:46)
at org.testng.internal.TestInvoker$MethodInvocationAgent.invoke(TestInvoker.java:824)
at org.testng.internal.TestInvoker.invokeTestMethods(TestInvoker.java:146)
at org.testng.internal.TestMethodWorker.invokeTestMethods(TestMethodWorker.java:146)
at org.testng.internal.TestMethodWorker.run(TestMethodWorker.java:128)
at java.base/java.util.ArrayList.forEach(ArrayList.java:1511)
at org.testng.TestRunner.privateRun(TestRunner.java:794)
at org.testng.TestRunner.run(TestRunner.java:596)
at org.testng.SuiteRunner.runTest(SuiteRunner.java:377)
at org.testng.SuiteRunner.runSequentially(SuiteRunner.java:371)
at org.testng.SuiteRunner.privateRun(SuiteRunner.java:332)
at org.testng.SuiteRunner.run(SuiteRunner.java:276)
at org.testng.SuiteRunnerWorker.runSuite(SuiteRunnerWorker.java:53)
at org.testng.SuiteRunnerWorker.run(SuiteRunnerWorker.java:96)
at org.testng.TestNG.runSuitesSequentially(TestNG.java:1212)
at org.testng.TestNG.runSuitesLocally(TestNG.java:1134)
at org.testng.TestNG.runSuites(TestNG.java:1063)
at org.testng.TestNG.run(TestNG.java:1031)
at org.testng.remote.AbstractRemoteTestNG.run(AbstractRemoteTestNG.java:115)
at org.testng.remote.RemoteTestNG.initAndRun(RemoteTestNG.java:251)
at org.testng.remote.RemoteTestNG.main(RemoteTestNG.java:77)
]]>
            </full-stacktrace>
          </exception> <!-- org.openqa.selenium.NoSuchElementException -->
          <reporter-output>
            <line>
              <![CDATA[executeAuthCapture starts]]>
            </line>
          </reporter-output>
        </test-method> <!-- executeAuthCapture -->
        <test-method retried="true" signature="executeAuthCapture(java.lang.String,java.lang.String,java.lang.String,java.lang.String,java.lang.String,java.lang.String,java.lang.String,java.lang.String,java.lang.String,java.lang.String,java.lang.String,java.lang.String,java.lang.String,java.lang.String,java.lang.String,java.lang.String,java.lang.String,java.lang.String,java.lang.String,java.lang.String,java.lang.String,java.lang.String,java.lang.String,java.lang.String,java.lang.String,java.lang.String,java.lang.String,java.lang.String,java.lang.String,java.lang.String)[pri:0, instance:com.cybersource.test.woocommerce.CreditCard@5d908d47]" started-at="2024-09-19T11:43:41 IST" name="executeAuthCapture" data-provider="getData" finished-at="2024-09-19T11:43:52 IST" duration-ms="11413" status="SKIP">
          <params>
            <param index="0">
              <value>
                <![CDATA[Preethi]]>
              </value>
            </param>
            <param index="1">
              <value>
                <![CDATA[PreeThi_7]]>
              </value>
            </param>
            <param index="2">
              <value>
                <![CDATA[No]]>
              </value>
            </param>
            <param index="3">
              <value>
                <![CDATA[Hoodie]]>
              </value>
            </param>
            <param index="4">
              <value>
                <![CDATA[1]]>
              </value>
            </param>
            <param index="5">
              <value>
                <![CDATA[Preethi]]>
              </value>
            </param>
            <param index="6">
              <value>
                <![CDATA[S ]]>
              </value>
            </param>
            <param index="7">
              <value>
                <![CDATA[United States (US)]]>
              </value>
            </param>
            <param index="8">
              <value>
                <![CDATA[1295 Charleston road]]>
              </value>
            </param>
            <param index="9">
              <value>
                <![CDATA[Mountain view]]>
              </value>
            </param>
            <param index="10">
              <value>
                <![CDATA[California]]>
              </value>
            </param>
            <param index="11">
              <value>
                <![CDATA[94340]]>
              </value>
            </param>
            <param index="12">
              <value>
                <![CDATA[7036346568]]>
              </value>
            </param>
            <param index="13">
              <value>
                <![CDATA[test@email.com]]>
              </value>
            </param>
            <param index="14">
              <value>
                <![CDATA[No]]>
              </value>
            </param>
            <param index="15">
              <value>
                <![CDATA[Preethi]]>
              </value>
            </param>
            <param index="16">
              <value>
                <![CDATA[S ]]>
              </value>
            </param>
            <param index="17">
              <value>
                <![CDATA[United Kingdom (UK)]]>
              </value>
            </param>
            <param index="18">
              <value>
                <![CDATA[123 KV Road]]>
              </value>
            </param>
            <param index="19">
              <value>
                <![CDATA[Mountain View]]>
              </value>
            </param>
            <param index="20">
              <value>
                <![CDATA[WF12 0DE]]>
              </value>
            </param>
            <param index="21">
              <value>
                <![CDATA[4111111111111111]]>
              </value>
            </param>
            <param index="22">
              <value>
                <![CDATA[123]]>
              </value>
            </param>
            <param index="23">
              <value>
                <![CDATA[03]]>
              </value>
            </param>
            <param index="24">
              <value>
                <![CDATA[25]]>
              </value>
            </param>
            <param index="25">
              <value>
                <![CDATA[Auth]]>
              </value>
            </param>
            <param index="26">
              <value>
                <![CDATA[No]]>
              </value>
            </param>
            <param index="27">
              <value>
                <![CDATA[wiproltd]]>
              </value>
            </param>
            <param index="28">
              <value>
                <![CDATA[madhan123]]>
              </value>
            </param>
            <param index="29">
              <value>
                <![CDATA[!Tester464]]>
              </value>
            </param>
          </params>
          <exception class="org.openqa.selenium.NoSuchElementException">
            <message>
              <![CDATA[no such element: Unable to locate element: {"method":"css selector","selector":"#billing_first_name"}
  (Session info: chrome=129.0.6668.59)
For documentation on this error, please visit: https://selenium.dev/exceptions/#no_such_element
Build info: version: '4.1.2', revision: '9a5a329c5a'
System info: host: 'C02HF63LQ6L5', ip: 'fe80:0:0:0:1003:81f0:33e2:f752%en0', os.name: 'Mac OS X', os.arch: 'x86_64', os.version: '10.16', java.version: '15.0.2'
Driver info: org.openqa.selenium.chrome.ChromeDriver
Command: [4dcc2c1a58b8b7eb4f94ca03a85b9c52, findElement {using=id, value=billing_first_name}]
Capabilities {acceptInsecureCerts: false, browserName: chrome, browserVersion: 129.0.6668.59, chrome: {chromedriverVersion: 129.0.6668.58 (81a06fb873a9..., userDataDir: /var/folders/25/16fzy7t11dn...}, fedcm:accounts: true, goog:chromeOptions: {debuggerAddress: localhost:59474}, javascriptEnabled: true, networkConnectionEnabled: false, pageLoadStrategy: normal, platform: MAC, platformName: MAC, proxy: Proxy(), se:cdp: ws://localhost:59474/devtoo..., se:cdpVersion: 129.0.6668.59, setWindowRect: true, strictFileInteractability: false, timeouts: {implicit: 0, pageLoad: 300000, script: 30000}, unhandledPromptBehavior: dismiss and notify, webauthn:extension:credBlob: true, webauthn:extension:largeBlob: true, webauthn:extension:minPinLength: true, webauthn:extension:prf: true, webauthn:virtualAuthenticators: true}
Session ID: 4dcc2c1a58b8b7eb4f94ca03a85b9c52]]>
            </message>
            <full-stacktrace>
              <![CDATA[org.openqa.selenium.NoSuchElementException: no such element: Unable to locate element: {"method":"css selector","selector":"#billing_first_name"}
  (Session info: chrome=129.0.6668.59)
For documentation on this error, please visit: https://selenium.dev/exceptions/#no_such_element
Build info: version: '4.1.2', revision: '9a5a329c5a'
System info: host: 'C02HF63LQ6L5', ip: 'fe80:0:0:0:1003:81f0:33e2:f752%en0', os.name: 'Mac OS X', os.arch: 'x86_64', os.version: '10.16', java.version: '15.0.2'
Driver info: org.openqa.selenium.chrome.ChromeDriver
Command: [4dcc2c1a58b8b7eb4f94ca03a85b9c52, findElement {using=id, value=billing_first_name}]
Capabilities {acceptInsecureCerts: false, browserName: chrome, browserVersion: 129.0.6668.59, chrome: {chromedriverVersion: 129.0.6668.58 (81a06fb873a9..., userDataDir: /var/folders/25/16fzy7t11dn...}, fedcm:accounts: true, goog:chromeOptions: {debuggerAddress: localhost:59474}, javascriptEnabled: true, networkConnectionEnabled: false, pageLoadStrategy: normal, platform: MAC, platformName: MAC, proxy: Proxy(), se:cdp: ws://localhost:59474/devtoo..., se:cdpVersion: 129.0.6668.59, setWindowRect: true, strictFileInteractability: false, timeouts: {implicit: 0, pageLoad: 300000, script: 30000}, unhandledPromptBehavior: dismiss and notify, webauthn:extension:credBlob: true, webauthn:extension:largeBlob: true, webauthn:extension:minPinLength: true, webauthn:extension:prf: true, webauthn:virtualAuthenticators: true}
Session ID: 4dcc2c1a58b8b7eb4f94ca03a85b9c52
at java.base/jdk.internal.reflect.NativeConstructorAccessorImpl.newInstance0(Native Method)
at java.base/jdk.internal.reflect.NativeConstructorAccessorImpl.newInstance(NativeConstructorAccessorImpl.java:64)
at java.base/jdk.internal.reflect.DelegatingConstructorAccessorImpl.newInstance(DelegatingConstructorAccessorImpl.java:45)
at java.base/java.lang.reflect.Constructor.newInstanceWithCaller(Constructor.java:500)
at java.base/java.lang.reflect.Constructor.newInstance(Constructor.java:481)
at org.openqa.selenium.remote.codec.w3c.W3CHttpResponseCodec.createException(W3CHttpResponseCodec.java:200)
at org.openqa.selenium.remote.codec.w3c.W3CHttpResponseCodec.decode(W3CHttpResponseCodec.java:133)
at org.openqa.selenium.remote.codec.w3c.W3CHttpResponseCodec.decode(W3CHttpResponseCodec.java:53)
at org.openqa.selenium.remote.HttpCommandExecutor.execute(HttpCommandExecutor.java:184)
at org.openqa.selenium.remote.service.DriverCommandExecutor.invokeExecute(DriverCommandExecutor.java:167)
at org.openqa.selenium.remote.service.DriverCommandExecutor.execute(DriverCommandExecutor.java:142)
at org.openqa.selenium.remote.RemoteWebDriver.execute(RemoteWebDriver.java:558)
at org.openqa.selenium.remote.ElementLocation$ElementFinder$2.findElement(ElementLocation.java:162)
at org.openqa.selenium.remote.ElementLocation.findElement(ElementLocation.java:60)
at org.openqa.selenium.remote.RemoteWebDriver.findElement(RemoteWebDriver.java:382)
at org.openqa.selenium.remote.RemoteWebDriver.findElement(RemoteWebDriver.java:374)
at com.cybersource.test.util.CommonUtil.findElementById(CommonUtil.java:1018)
at com.cybersource.test.util.CommonUtil.frontOfficeBillingAddress(CommonUtil.java:2382)
at com.cybersource.test.woocommerce.CreditCard.executeAuth(CreditCard.java:499)
at com.cybersource.test.woocommerce.CreditCard.executeAuthCapture(CreditCard.java:167)
at java.base/jdk.internal.reflect.NativeMethodAccessorImpl.invoke0(Native Method)
at java.base/jdk.internal.reflect.NativeMethodAccessorImpl.invoke(NativeMethodAccessorImpl.java:64)
at java.base/jdk.internal.reflect.DelegatingMethodAccessorImpl.invoke(DelegatingMethodAccessorImpl.java:43)
at java.base/java.lang.reflect.Method.invoke(Method.java:564)
at org.testng.internal.MethodInvocationHelper.invokeMethod(MethodInvocationHelper.java:133)
at org.testng.internal.TestInvoker.invokeMethod(TestInvoker.java:598)
at org.testng.internal.TestInvoker.retryFailed(TestInvoker.java:213)
at org.testng.internal.MethodRunner.runInSequence(MethodRunner.java:58)
at org.testng.internal.TestInvoker$MethodInvocationAgent.invoke(TestInvoker.java:824)
at org.testng.internal.TestInvoker.invokeTestMethods(TestInvoker.java:146)
at org.testng.internal.TestMethodWorker.invokeTestMethods(TestMethodWorker.java:146)
at org.testng.internal.TestMethodWorker.run(TestMethodWorker.java:128)
at java.base/java.util.ArrayList.forEach(ArrayList.java:1511)
at org.testng.TestRunner.privateRun(TestRunner.java:794)
at org.testng.TestRunner.run(TestRunner.java:596)
at org.testng.SuiteRunner.runTest(SuiteRunner.java:377)
at org.testng.SuiteRunner.runSequentially(SuiteRunner.java:371)
at org.testng.SuiteRunner.privateRun(SuiteRunner.java:332)
at org.testng.SuiteRunner.run(SuiteRunner.java:276)
at org.testng.SuiteRunnerWorker.runSuite(SuiteRunnerWorker.java:53)
at org.testng.SuiteRunnerWorker.run(SuiteRunnerWorker.java:96)
at org.testng.TestNG.runSuitesSequentially(TestNG.java:1212)
at org.testng.TestNG.runSuitesLocally(TestNG.java:1134)
at org.testng.TestNG.runSuites(TestNG.java:1063)
at org.testng.TestNG.run(TestNG.java:1031)
at org.testng.remote.AbstractRemoteTestNG.run(AbstractRemoteTestNG.java:115)
at org.testng.remote.RemoteTestNG.initAndRun(RemoteTestNG.java:251)
at org.testng.remote.RemoteTestNG.main(RemoteTestNG.java:77)
]]>
            </full-stacktrace>
          </exception> <!-- org.openqa.selenium.NoSuchElementException -->
          <reporter-output>
            <line>
              <![CDATA[executeAuthCapture starts]]>
            </line>
          </reporter-output>
        </test-method> <!-- executeAuthCapture -->
        <test-method retried="true" signature="executeAuthCapture(java.lang.String,java.lang.String,java.lang.String,java.lang.String,java.lang.String,java.lang.String,java.lang.String,java.lang.String,java.lang.String,java.lang.String,java.lang.String,java.lang.String,java.lang.String,java.lang.String,java.lang.String,java.lang.String,java.lang.String,java.lang.String,java.lang.String,java.lang.String,java.lang.String,java.lang.String,java.lang.String,java.lang.String,java.lang.String,java.lang.String,java.lang.String,java.lang.String,java.lang.String,java.lang.String)[pri:0, instance:com.cybersource.test.woocommerce.CreditCard@5d908d47]" started-at="2024-09-19T11:43:52 IST" name="executeAuthCapture" data-provider="getData" finished-at="2024-09-19T11:44:07 IST" duration-ms="14413" status="SKIP">
          <params>
            <param index="0">
              <value>
                <![CDATA[Preethi]]>
              </value>
            </param>
            <param index="1">
              <value>
                <![CDATA[PreeThi_7]]>
              </value>
            </param>
            <param index="2">
              <value>
                <![CDATA[No]]>
              </value>
            </param>
            <param index="3">
              <value>
                <![CDATA[Hoodie]]>
              </value>
            </param>
            <param index="4">
              <value>
                <![CDATA[1]]>
              </value>
            </param>
            <param index="5">
              <value>
                <![CDATA[Preethi]]>
              </value>
            </param>
            <param index="6">
              <value>
                <![CDATA[S ]]>
              </value>
            </param>
            <param index="7">
              <value>
                <![CDATA[United States (US)]]>
              </value>
            </param>
            <param index="8">
              <value>
                <![CDATA[1295 Charleston road]]>
              </value>
            </param>
            <param index="9">
              <value>
                <![CDATA[Mountain view]]>
              </value>
            </param>
            <param index="10">
              <value>
                <![CDATA[California]]>
              </value>
            </param>
            <param index="11">
              <value>
                <![CDATA[94340]]>
              </value>
            </param>
            <param index="12">
              <value>
                <![CDATA[7036346568]]>
              </value>
            </param>
            <param index="13">
              <value>
                <![CDATA[test@email.com]]>
              </value>
            </param>
            <param index="14">
              <value>
                <![CDATA[No]]>
              </value>
            </param>
            <param index="15">
              <value>
                <![CDATA[Preethi]]>
              </value>
            </param>
            <param index="16">
              <value>
                <![CDATA[S ]]>
              </value>
            </param>
            <param index="17">
              <value>
                <![CDATA[United Kingdom (UK)]]>
              </value>
            </param>
            <param index="18">
              <value>
                <![CDATA[123 KV Road]]>
              </value>
            </param>
            <param index="19">
              <value>
                <![CDATA[Mountain View]]>
              </value>
            </param>
            <param index="20">
              <value>
                <![CDATA[WF12 0DE]]>
              </value>
            </param>
            <param index="21">
              <value>
                <![CDATA[4111111111111111]]>
              </value>
            </param>
            <param index="22">
              <value>
                <![CDATA[123]]>
              </value>
            </param>
            <param index="23">
              <value>
                <![CDATA[03]]>
              </value>
            </param>
            <param index="24">
              <value>
                <![CDATA[25]]>
              </value>
            </param>
            <param index="25">
              <value>
                <![CDATA[Auth]]>
              </value>
            </param>
            <param index="26">
              <value>
                <![CDATA[No]]>
              </value>
            </param>
            <param index="27">
              <value>
                <![CDATA[wiproltd]]>
              </value>
            </param>
            <param index="28">
              <value>
                <![CDATA[madhan123]]>
              </value>
            </param>
            <param index="29">
              <value>
                <![CDATA[!Tester464]]>
              </value>
            </param>
          </params>
          <exception class="org.openqa.selenium.NoSuchElementException">
            <message>
              <![CDATA[no such element: Unable to locate element: {"method":"css selector","selector":"#billing_first_name"}
  (Session info: chrome=129.0.6668.59)
For documentation on this error, please visit: https://selenium.dev/exceptions/#no_such_element
Build info: version: '4.1.2', revision: '9a5a329c5a'
System info: host: 'C02HF63LQ6L5', ip: 'fe80:0:0:0:1003:81f0:33e2:f752%en0', os.name: 'Mac OS X', os.arch: 'x86_64', os.version: '10.16', java.version: '15.0.2'
Driver info: org.openqa.selenium.chrome.ChromeDriver
Command: [4dcc2c1a58b8b7eb4f94ca03a85b9c52, findElement {using=id, value=billing_first_name}]
Capabilities {acceptInsecureCerts: false, browserName: chrome, browserVersion: 129.0.6668.59, chrome: {chromedriverVersion: 129.0.6668.58 (81a06fb873a9..., userDataDir: /var/folders/25/16fzy7t11dn...}, fedcm:accounts: true, goog:chromeOptions: {debuggerAddress: localhost:59474}, javascriptEnabled: true, networkConnectionEnabled: false, pageLoadStrategy: normal, platform: MAC, platformName: MAC, proxy: Proxy(), se:cdp: ws://localhost:59474/devtoo..., se:cdpVersion: 129.0.6668.59, setWindowRect: true, strictFileInteractability: false, timeouts: {implicit: 0, pageLoad: 300000, script: 30000}, unhandledPromptBehavior: dismiss and notify, webauthn:extension:credBlob: true, webauthn:extension:largeBlob: true, webauthn:extension:minPinLength: true, webauthn:extension:prf: true, webauthn:virtualAuthenticators: true}
Session ID: 4dcc2c1a58b8b7eb4f94ca03a85b9c52]]>
            </message>
            <full-stacktrace>
              <![CDATA[org.openqa.selenium.NoSuchElementException: no such element: Unable to locate element: {"method":"css selector","selector":"#billing_first_name"}
  (Session info: chrome=129.0.6668.59)
For documentation on this error, please visit: https://selenium.dev/exceptions/#no_such_element
Build info: version: '4.1.2', revision: '9a5a329c5a'
System info: host: 'C02HF63LQ6L5', ip: 'fe80:0:0:0:1003:81f0:33e2:f752%en0', os.name: 'Mac OS X', os.arch: 'x86_64', os.version: '10.16', java.version: '15.0.2'
Driver info: org.openqa.selenium.chrome.ChromeDriver
Command: [4dcc2c1a58b8b7eb4f94ca03a85b9c52, findElement {using=id, value=billing_first_name}]
Capabilities {acceptInsecureCerts: false, browserName: chrome, browserVersion: 129.0.6668.59, chrome: {chromedriverVersion: 129.0.6668.58 (81a06fb873a9..., userDataDir: /var/folders/25/16fzy7t11dn...}, fedcm:accounts: true, goog:chromeOptions: {debuggerAddress: localhost:59474}, javascriptEnabled: true, networkConnectionEnabled: false, pageLoadStrategy: normal, platform: MAC, platformName: MAC, proxy: Proxy(), se:cdp: ws://localhost:59474/devtoo..., se:cdpVersion: 129.0.6668.59, setWindowRect: true, strictFileInteractability: false, timeouts: {implicit: 0, pageLoad: 300000, script: 30000}, unhandledPromptBehavior: dismiss and notify, webauthn:extension:credBlob: true, webauthn:extension:largeBlob: true, webauthn:extension:minPinLength: true, webauthn:extension:prf: true, webauthn:virtualAuthenticators: true}
Session ID: 4dcc2c1a58b8b7eb4f94ca03a85b9c52
at java.base/jdk.internal.reflect.NativeConstructorAccessorImpl.newInstance0(Native Method)
at java.base/jdk.internal.reflect.NativeConstructorAccessorImpl.newInstance(NativeConstructorAccessorImpl.java:64)
at java.base/jdk.internal.reflect.DelegatingConstructorAccessorImpl.newInstance(DelegatingConstructorAccessorImpl.java:45)
at java.base/java.lang.reflect.Constructor.newInstanceWithCaller(Constructor.java:500)
at java.base/java.lang.reflect.Constructor.newInstance(Constructor.java:481)
at org.openqa.selenium.remote.codec.w3c.W3CHttpResponseCodec.createException(W3CHttpResponseCodec.java:200)
at org.openqa.selenium.remote.codec.w3c.W3CHttpResponseCodec.decode(W3CHttpResponseCodec.java:133)
at org.openqa.selenium.remote.codec.w3c.W3CHttpResponseCodec.decode(W3CHttpResponseCodec.java:53)
at org.openqa.selenium.remote.HttpCommandExecutor.execute(HttpCommandExecutor.java:184)
at org.openqa.selenium.remote.service.DriverCommandExecutor.invokeExecute(DriverCommandExecutor.java:167)
at org.openqa.selenium.remote.service.DriverCommandExecutor.execute(DriverCommandExecutor.java:142)
at org.openqa.selenium.remote.RemoteWebDriver.execute(RemoteWebDriver.java:558)
at org.openqa.selenium.remote.ElementLocation$ElementFinder$2.findElement(ElementLocation.java:162)
at org.openqa.selenium.remote.ElementLocation.findElement(ElementLocation.java:60)
at org.openqa.selenium.remote.RemoteWebDriver.findElement(RemoteWebDriver.java:382)
at org.openqa.selenium.remote.RemoteWebDriver.findElement(RemoteWebDriver.java:374)
at com.cybersource.test.util.CommonUtil.findElementById(CommonUtil.java:1018)
at com.cybersource.test.util.CommonUtil.frontOfficeBillingAddress(CommonUtil.java:2382)
at com.cybersource.test.woocommerce.CreditCard.executeAuth(CreditCard.java:499)
at com.cybersource.test.woocommerce.CreditCard.executeAuthCapture(CreditCard.java:167)
at java.base/jdk.internal.reflect.NativeMethodAccessorImpl.invoke0(Native Method)
at java.base/jdk.internal.reflect.NativeMethodAccessorImpl.invoke(NativeMethodAccessorImpl.java:64)
at java.base/jdk.internal.reflect.DelegatingMethodAccessorImpl.invoke(DelegatingMethodAccessorImpl.java:43)
at java.base/java.lang.reflect.Method.invoke(Method.java:564)
at org.testng.internal.MethodInvocationHelper.invokeMethod(MethodInvocationHelper.java:133)
at org.testng.internal.TestInvoker.invokeMethod(TestInvoker.java:598)
at org.testng.internal.TestInvoker.retryFailed(TestInvoker.java:213)
at org.testng.internal.MethodRunner.runInSequence(MethodRunner.java:58)
at org.testng.internal.TestInvoker$MethodInvocationAgent.invoke(TestInvoker.java:824)
at org.testng.internal.TestInvoker.invokeTestMethods(TestInvoker.java:146)
at org.testng.internal.TestMethodWorker.invokeTestMethods(TestMethodWorker.java:146)
at org.testng.internal.TestMethodWorker.run(TestMethodWorker.java:128)
at java.base/java.util.ArrayList.forEach(ArrayList.java:1511)
at org.testng.TestRunner.privateRun(TestRunner.java:794)
at org.testng.TestRunner.run(TestRunner.java:596)
at org.testng.SuiteRunner.runTest(SuiteRunner.java:377)
at org.testng.SuiteRunner.runSequentially(SuiteRunner.java:371)
at org.testng.SuiteRunner.privateRun(SuiteRunner.java:332)
at org.testng.SuiteRunner.run(SuiteRunner.java:276)
at org.testng.SuiteRunnerWorker.runSuite(SuiteRunnerWorker.java:53)
at org.testng.SuiteRunnerWorker.run(SuiteRunnerWorker.java:96)
at org.testng.TestNG.runSuitesSequentially(TestNG.java:1212)
at org.testng.TestNG.runSuitesLocally(TestNG.java:1134)
at org.testng.TestNG.runSuites(TestNG.java:1063)
at org.testng.TestNG.run(TestNG.java:1031)
at org.testng.remote.AbstractRemoteTestNG.run(AbstractRemoteTestNG.java:115)
at org.testng.remote.RemoteTestNG.initAndRun(RemoteTestNG.java:251)
at org.testng.remote.RemoteTestNG.main(RemoteTestNG.java:77)
]]>
            </full-stacktrace>
          </exception> <!-- org.openqa.selenium.NoSuchElementException -->
          <reporter-output>
            <line>
              <![CDATA[executeAuthCapture starts]]>
            </line>
          </reporter-output>
        </test-method> <!-- executeAuthCapture -->
        <test-method retried="true" signature="executeAuthCapture(java.lang.String,java.lang.String,java.lang.String,java.lang.String,java.lang.String,java.lang.String,java.lang.String,java.lang.String,java.lang.String,java.lang.String,java.lang.String,java.lang.String,java.lang.String,java.lang.String,java.lang.String,java.lang.String,java.lang.String,java.lang.String,java.lang.String,java.lang.String,java.lang.String,java.lang.String,java.lang.String,java.lang.String,java.lang.String,java.lang.String,java.lang.String,java.lang.String,java.lang.String,java.lang.String)[pri:0, instance:com.cybersource.test.woocommerce.CreditCard@5d908d47]" started-at="2024-09-19T11:44:07 IST" name="executeAuthCapture" data-provider="getData" finished-at="2024-09-19T11:44:19 IST" duration-ms="11916" status="SKIP">
          <params>
            <param index="0">
              <value>
                <![CDATA[Preethi]]>
              </value>
            </param>
            <param index="1">
              <value>
                <![CDATA[PreeThi_7]]>
              </value>
            </param>
            <param index="2">
              <value>
                <![CDATA[No]]>
              </value>
            </param>
            <param index="3">
              <value>
                <![CDATA[Hoodie]]>
              </value>
            </param>
            <param index="4">
              <value>
                <![CDATA[1]]>
              </value>
            </param>
            <param index="5">
              <value>
                <![CDATA[Preethi]]>
              </value>
            </param>
            <param index="6">
              <value>
                <![CDATA[S ]]>
              </value>
            </param>
            <param index="7">
              <value>
                <![CDATA[United States (US)]]>
              </value>
            </param>
            <param index="8">
              <value>
                <![CDATA[1295 Charleston road]]>
              </value>
            </param>
            <param index="9">
              <value>
                <![CDATA[Mountain view]]>
              </value>
            </param>
            <param index="10">
              <value>
                <![CDATA[California]]>
              </value>
            </param>
            <param index="11">
              <value>
                <![CDATA[94340]]>
              </value>
            </param>
            <param index="12">
              <value>
                <![CDATA[7036346568]]>
              </value>
            </param>
            <param index="13">
              <value>
                <![CDATA[test@email.com]]>
              </value>
            </param>
            <param index="14">
              <value>
                <![CDATA[No]]>
              </value>
            </param>
            <param index="15">
              <value>
                <![CDATA[Preethi]]>
              </value>
            </param>
            <param index="16">
              <value>
                <![CDATA[S ]]>
              </value>
            </param>
            <param index="17">
              <value>
                <![CDATA[United Kingdom (UK)]]>
              </value>
            </param>
            <param index="18">
              <value>
                <![CDATA[123 KV Road]]>
              </value>
            </param>
            <param index="19">
              <value>
                <![CDATA[Mountain View]]>
              </value>
            </param>
            <param index="20">
              <value>
                <![CDATA[WF12 0DE]]>
              </value>
            </param>
            <param index="21">
              <value>
                <![CDATA[4111111111111111]]>
              </value>
            </param>
            <param index="22">
              <value>
                <![CDATA[123]]>
              </value>
            </param>
            <param index="23">
              <value>
                <![CDATA[03]]>
              </value>
            </param>
            <param index="24">
              <value>
                <![CDATA[25]]>
              </value>
            </param>
            <param index="25">
              <value>
                <![CDATA[Auth]]>
              </value>
            </param>
            <param index="26">
              <value>
                <![CDATA[No]]>
              </value>
            </param>
            <param index="27">
              <value>
                <![CDATA[wiproltd]]>
              </value>
            </param>
            <param index="28">
              <value>
                <![CDATA[madhan123]]>
              </value>
            </param>
            <param index="29">
              <value>
                <![CDATA[!Tester464]]>
              </value>
            </param>
          </params>
          <exception class="org.openqa.selenium.NoSuchElementException">
            <message>
              <![CDATA[no such element: Unable to locate element: {"method":"css selector","selector":"#billing_first_name"}
  (Session info: chrome=129.0.6668.59)
For documentation on this error, please visit: https://selenium.dev/exceptions/#no_such_element
Build info: version: '4.1.2', revision: '9a5a329c5a'
System info: host: 'C02HF63LQ6L5', ip: 'fe80:0:0:0:1003:81f0:33e2:f752%en0', os.name: 'Mac OS X', os.arch: 'x86_64', os.version: '10.16', java.version: '15.0.2'
Driver info: org.openqa.selenium.chrome.ChromeDriver
Command: [4dcc2c1a58b8b7eb4f94ca03a85b9c52, findElement {using=id, value=billing_first_name}]
Capabilities {acceptInsecureCerts: false, browserName: chrome, browserVersion: 129.0.6668.59, chrome: {chromedriverVersion: 129.0.6668.58 (81a06fb873a9..., userDataDir: /var/folders/25/16fzy7t11dn...}, fedcm:accounts: true, goog:chromeOptions: {debuggerAddress: localhost:59474}, javascriptEnabled: true, networkConnectionEnabled: false, pageLoadStrategy: normal, platform: MAC, platformName: MAC, proxy: Proxy(), se:cdp: ws://localhost:59474/devtoo..., se:cdpVersion: 129.0.6668.59, setWindowRect: true, strictFileInteractability: false, timeouts: {implicit: 0, pageLoad: 300000, script: 30000}, unhandledPromptBehavior: dismiss and notify, webauthn:extension:credBlob: true, webauthn:extension:largeBlob: true, webauthn:extension:minPinLength: true, webauthn:extension:prf: true, webauthn:virtualAuthenticators: true}
Session ID: 4dcc2c1a58b8b7eb4f94ca03a85b9c52]]>
            </message>
            <full-stacktrace>
              <![CDATA[org.openqa.selenium.NoSuchElementException: no such element: Unable to locate element: {"method":"css selector","selector":"#billing_first_name"}
  (Session info: chrome=129.0.6668.59)
For documentation on this error, please visit: https://selenium.dev/exceptions/#no_such_element
Build info: version: '4.1.2', revision: '9a5a329c5a'
System info: host: 'C02HF63LQ6L5', ip: 'fe80:0:0:0:1003:81f0:33e2:f752%en0', os.name: 'Mac OS X', os.arch: 'x86_64', os.version: '10.16', java.version: '15.0.2'
Driver info: org.openqa.selenium.chrome.ChromeDriver
Command: [4dcc2c1a58b8b7eb4f94ca03a85b9c52, findElement {using=id, value=billing_first_name}]
Capabilities {acceptInsecureCerts: false, browserName: chrome, browserVersion: 129.0.6668.59, chrome: {chromedriverVersion: 129.0.6668.58 (81a06fb873a9..., userDataDir: /var/folders/25/16fzy7t11dn...}, fedcm:accounts: true, goog:chromeOptions: {debuggerAddress: localhost:59474}, javascriptEnabled: true, networkConnectionEnabled: false, pageLoadStrategy: normal, platform: MAC, platformName: MAC, proxy: Proxy(), se:cdp: ws://localhost:59474/devtoo..., se:cdpVersion: 129.0.6668.59, setWindowRect: true, strictFileInteractability: false, timeouts: {implicit: 0, pageLoad: 300000, script: 30000}, unhandledPromptBehavior: dismiss and notify, webauthn:extension:credBlob: true, webauthn:extension:largeBlob: true, webauthn:extension:minPinLength: true, webauthn:extension:prf: true, webauthn:virtualAuthenticators: true}
Session ID: 4dcc2c1a58b8b7eb4f94ca03a85b9c52
at java.base/jdk.internal.reflect.NativeConstructorAccessorImpl.newInstance0(Native Method)
at java.base/jdk.internal.reflect.NativeConstructorAccessorImpl.newInstance(NativeConstructorAccessorImpl.java:64)
at java.base/jdk.internal.reflect.DelegatingConstructorAccessorImpl.newInstance(DelegatingConstructorAccessorImpl.java:45)
at java.base/java.lang.reflect.Constructor.newInstanceWithCaller(Constructor.java:500)
at java.base/java.lang.reflect.Constructor.newInstance(Constructor.java:481)
at org.openqa.selenium.remote.codec.w3c.W3CHttpResponseCodec.createException(W3CHttpResponseCodec.java:200)
at org.openqa.selenium.remote.codec.w3c.W3CHttpResponseCodec.decode(W3CHttpResponseCodec.java:133)
at org.openqa.selenium.remote.codec.w3c.W3CHttpResponseCodec.decode(W3CHttpResponseCodec.java:53)
at org.openqa.selenium.remote.HttpCommandExecutor.execute(HttpCommandExecutor.java:184)
at org.openqa.selenium.remote.service.DriverCommandExecutor.invokeExecute(DriverCommandExecutor.java:167)
at org.openqa.selenium.remote.service.DriverCommandExecutor.execute(DriverCommandExecutor.java:142)
at org.openqa.selenium.remote.RemoteWebDriver.execute(RemoteWebDriver.java:558)
at org.openqa.selenium.remote.ElementLocation$ElementFinder$2.findElement(ElementLocation.java:162)
at org.openqa.selenium.remote.ElementLocation.findElement(ElementLocation.java:60)
at org.openqa.selenium.remote.RemoteWebDriver.findElement(RemoteWebDriver.java:382)
at org.openqa.selenium.remote.RemoteWebDriver.findElement(RemoteWebDriver.java:374)
at com.cybersource.test.util.CommonUtil.findElementById(CommonUtil.java:1018)
at com.cybersource.test.util.CommonUtil.frontOfficeBillingAddress(CommonUtil.java:2382)
at com.cybersource.test.woocommerce.CreditCard.executeAuth(CreditCard.java:499)
at com.cybersource.test.woocommerce.CreditCard.executeAuthCapture(CreditCard.java:167)
at java.base/jdk.internal.reflect.NativeMethodAccessorImpl.invoke0(Native Method)
at java.base/jdk.internal.reflect.NativeMethodAccessorImpl.invoke(NativeMethodAccessorImpl.java:64)
at java.base/jdk.internal.reflect.DelegatingMethodAccessorImpl.invoke(DelegatingMethodAccessorImpl.java:43)
at java.base/java.lang.reflect.Method.invoke(Method.java:564)
at org.testng.internal.MethodInvocationHelper.invokeMethod(MethodInvocationHelper.java:133)
at org.testng.internal.TestInvoker.invokeMethod(TestInvoker.java:598)
at org.testng.internal.TestInvoker.retryFailed(TestInvoker.java:213)
at org.testng.internal.MethodRunner.runInSequence(MethodRunner.java:58)
at org.testng.internal.TestInvoker$MethodInvocationAgent.invoke(TestInvoker.java:824)
at org.testng.internal.TestInvoker.invokeTestMethods(TestInvoker.java:146)
at org.testng.internal.TestMethodWorker.invokeTestMethods(TestMethodWorker.java:146)
at org.testng.internal.TestMethodWorker.run(TestMethodWorker.java:128)
at java.base/java.util.ArrayList.forEach(ArrayList.java:1511)
at org.testng.TestRunner.privateRun(TestRunner.java:794)
at org.testng.TestRunner.run(TestRunner.java:596)
at org.testng.SuiteRunner.runTest(SuiteRunner.java:377)
at org.testng.SuiteRunner.runSequentially(SuiteRunner.java:371)
at org.testng.SuiteRunner.privateRun(SuiteRunner.java:332)
at org.testng.SuiteRunner.run(SuiteRunner.java:276)
at org.testng.SuiteRunnerWorker.runSuite(SuiteRunnerWorker.java:53)
at org.testng.SuiteRunnerWorker.run(SuiteRunnerWorker.java:96)
at org.testng.TestNG.runSuitesSequentially(TestNG.java:1212)
at org.testng.TestNG.runSuitesLocally(TestNG.java:1134)
at org.testng.TestNG.runSuites(TestNG.java:1063)
at org.testng.TestNG.run(TestNG.java:1031)
at org.testng.remote.AbstractRemoteTestNG.run(AbstractRemoteTestNG.java:115)
at org.testng.remote.RemoteTestNG.initAndRun(RemoteTestNG.java:251)
at org.testng.remote.RemoteTestNG.main(RemoteTestNG.java:77)
]]>
            </full-stacktrace>
          </exception> <!-- org.openqa.selenium.NoSuchElementException -->
          <reporter-output>
            <line>
              <![CDATA[executeAuthCapture starts]]>
            </line>
          </reporter-output>
        </test-method> <!-- executeAuthCapture -->
        <test-method signature="executeAuthCapture(java.lang.String,java.lang.String,java.lang.String,java.lang.String,java.lang.String,java.lang.String,java.lang.String,java.lang.String,java.lang.String,java.lang.String,java.lang.String,java.lang.String,java.lang.String,java.lang.String,java.lang.String,java.lang.String,java.lang.String,java.lang.String,java.lang.String,java.lang.String,java.lang.String,java.lang.String,java.lang.String,java.lang.String,java.lang.String,java.lang.String,java.lang.String,java.lang.String,java.lang.String,java.lang.String)[pri:0, instance:com.cybersource.test.woocommerce.CreditCard@5d908d47]" started-at="2024-09-19T11:44:19 IST" name="executeAuthCapture" data-provider="getData" finished-at="2024-09-19T11:44:32 IST" duration-ms="13179" status="FAIL">
          <params>
            <param index="0">
              <value>
                <![CDATA[Preethi]]>
              </value>
            </param>
            <param index="1">
              <value>
                <![CDATA[PreeThi_7]]>
              </value>
            </param>
            <param index="2">
              <value>
                <![CDATA[No]]>
              </value>
            </param>
            <param index="3">
              <value>
                <![CDATA[Hoodie]]>
              </value>
            </param>
            <param index="4">
              <value>
                <![CDATA[1]]>
              </value>
            </param>
            <param index="5">
              <value>
                <![CDATA[Preethi]]>
              </value>
            </param>
            <param index="6">
              <value>
                <![CDATA[S ]]>
              </value>
            </param>
            <param index="7">
              <value>
                <![CDATA[United States (US)]]>
              </value>
            </param>
            <param index="8">
              <value>
                <![CDATA[1295 Charleston road]]>
              </value>
            </param>
            <param index="9">
              <value>
                <![CDATA[Mountain view]]>
              </value>
            </param>
            <param index="10">
              <value>
                <![CDATA[California]]>
              </value>
            </param>
            <param index="11">
              <value>
                <![CDATA[94340]]>
              </value>
            </param>
            <param index="12">
              <value>
                <![CDATA[7036346568]]>
              </value>
            </param>
            <param index="13">
              <value>
                <![CDATA[test@email.com]]>
              </value>
            </param>
            <param index="14">
              <value>
                <![CDATA[No]]>
              </value>
            </param>
            <param index="15">
              <value>
                <![CDATA[Preethi]]>
              </value>
            </param>
            <param index="16">
              <value>
                <![CDATA[S ]]>
              </value>
            </param>
            <param index="17">
              <value>
                <![CDATA[United Kingdom (UK)]]>
              </value>
            </param>
            <param index="18">
              <value>
                <![CDATA[123 KV Road]]>
              </value>
            </param>
            <param index="19">
              <value>
                <![CDATA[Mountain View]]>
              </value>
            </param>
            <param index="20">
              <value>
                <![CDATA[WF12 0DE]]>
              </value>
            </param>
            <param index="21">
              <value>
                <![CDATA[4111111111111111]]>
              </value>
            </param>
            <param index="22">
              <value>
                <![CDATA[123]]>
              </value>
            </param>
            <param index="23">
              <value>
                <![CDATA[03]]>
              </value>
            </param>
            <param index="24">
              <value>
                <![CDATA[25]]>
              </value>
            </param>
            <param index="25">
              <value>
                <![CDATA[Auth]]>
              </value>
            </param>
            <param index="26">
              <value>
                <![CDATA[No]]>
              </value>
            </param>
            <param index="27">
              <value>
                <![CDATA[wiproltd]]>
              </value>
            </param>
            <param index="28">
              <value>
                <![CDATA[madhan123]]>
              </value>
            </param>
            <param index="29">
              <value>
                <![CDATA[!Tester464]]>
              </value>
            </param>
          </params>
          <exception class="org.openqa.selenium.NoSuchElementException">
            <message>
              <![CDATA[no such element: Unable to locate element: {"method":"css selector","selector":"#billing_first_name"}
  (Session info: chrome=129.0.6668.59)
For documentation on this error, please visit: https://selenium.dev/exceptions/#no_such_element
Build info: version: '4.1.2', revision: '9a5a329c5a'
System info: host: 'C02HF63LQ6L5', ip: 'fe80:0:0:0:1003:81f0:33e2:f752%en0', os.name: 'Mac OS X', os.arch: 'x86_64', os.version: '10.16', java.version: '15.0.2'
Driver info: org.openqa.selenium.chrome.ChromeDriver
Command: [4dcc2c1a58b8b7eb4f94ca03a85b9c52, findElement {using=id, value=billing_first_name}]
Capabilities {acceptInsecureCerts: false, browserName: chrome, browserVersion: 129.0.6668.59, chrome: {chromedriverVersion: 129.0.6668.58 (81a06fb873a9..., userDataDir: /var/folders/25/16fzy7t11dn...}, fedcm:accounts: true, goog:chromeOptions: {debuggerAddress: localhost:59474}, javascriptEnabled: true, networkConnectionEnabled: false, pageLoadStrategy: normal, platform: MAC, platformName: MAC, proxy: Proxy(), se:cdp: ws://localhost:59474/devtoo..., se:cdpVersion: 129.0.6668.59, setWindowRect: true, strictFileInteractability: false, timeouts: {implicit: 0, pageLoad: 300000, script: 30000}, unhandledPromptBehavior: dismiss and notify, webauthn:extension:credBlob: true, webauthn:extension:largeBlob: true, webauthn:extension:minPinLength: true, webauthn:extension:prf: true, webauthn:virtualAuthenticators: true}
Session ID: 4dcc2c1a58b8b7eb4f94ca03a85b9c52]]>
            </message>
            <full-stacktrace>
              <![CDATA[org.openqa.selenium.NoSuchElementException: no such element: Unable to locate element: {"method":"css selector","selector":"#billing_first_name"}
  (Session info: chrome=129.0.6668.59)
For documentation on this error, please visit: https://selenium.dev/exceptions/#no_such_element
Build info: version: '4.1.2', revision: '9a5a329c5a'
System info: host: 'C02HF63LQ6L5', ip: 'fe80:0:0:0:1003:81f0:33e2:f752%en0', os.name: 'Mac OS X', os.arch: 'x86_64', os.version: '10.16', java.version: '15.0.2'
Driver info: org.openqa.selenium.chrome.ChromeDriver
Command: [4dcc2c1a58b8b7eb4f94ca03a85b9c52, findElement {using=id, value=billing_first_name}]
Capabilities {acceptInsecureCerts: false, browserName: chrome, browserVersion: 129.0.6668.59, chrome: {chromedriverVersion: 129.0.6668.58 (81a06fb873a9..., userDataDir: /var/folders/25/16fzy7t11dn...}, fedcm:accounts: true, goog:chromeOptions: {debuggerAddress: localhost:59474}, javascriptEnabled: true, networkConnectionEnabled: false, pageLoadStrategy: normal, platform: MAC, platformName: MAC, proxy: Proxy(), se:cdp: ws://localhost:59474/devtoo..., se:cdpVersion: 129.0.6668.59, setWindowRect: true, strictFileInteractability: false, timeouts: {implicit: 0, pageLoad: 300000, script: 30000}, unhandledPromptBehavior: dismiss and notify, webauthn:extension:credBlob: true, webauthn:extension:largeBlob: true, webauthn:extension:minPinLength: true, webauthn:extension:prf: true, webauthn:virtualAuthenticators: true}
Session ID: 4dcc2c1a58b8b7eb4f94ca03a85b9c52
at java.base/jdk.internal.reflect.NativeConstructorAccessorImpl.newInstance0(Native Method)
at java.base/jdk.internal.reflect.NativeConstructorAccessorImpl.newInstance(NativeConstructorAccessorImpl.java:64)
at java.base/jdk.internal.reflect.DelegatingConstructorAccessorImpl.newInstance(DelegatingConstructorAccessorImpl.java:45)
at java.base/java.lang.reflect.Constructor.newInstanceWithCaller(Constructor.java:500)
at java.base/java.lang.reflect.Constructor.newInstance(Constructor.java:481)
at org.openqa.selenium.remote.codec.w3c.W3CHttpResponseCodec.createException(W3CHttpResponseCodec.java:200)
at org.openqa.selenium.remote.codec.w3c.W3CHttpResponseCodec.decode(W3CHttpResponseCodec.java:133)
at org.openqa.selenium.remote.codec.w3c.W3CHttpResponseCodec.decode(W3CHttpResponseCodec.java:53)
at org.openqa.selenium.remote.HttpCommandExecutor.execute(HttpCommandExecutor.java:184)
at org.openqa.selenium.remote.service.DriverCommandExecutor.invokeExecute(DriverCommandExecutor.java:167)
at org.openqa.selenium.remote.service.DriverCommandExecutor.execute(DriverCommandExecutor.java:142)
at org.openqa.selenium.remote.RemoteWebDriver.execute(RemoteWebDriver.java:558)
at org.openqa.selenium.remote.ElementLocation$ElementFinder$2.findElement(ElementLocation.java:162)
at org.openqa.selenium.remote.ElementLocation.findElement(ElementLocation.java:60)
at org.openqa.selenium.remote.RemoteWebDriver.findElement(RemoteWebDriver.java:382)
at org.openqa.selenium.remote.RemoteWebDriver.findElement(RemoteWebDriver.java:374)
at com.cybersource.test.util.CommonUtil.findElementById(CommonUtil.java:1018)
at com.cybersource.test.util.CommonUtil.frontOfficeBillingAddress(CommonUtil.java:2382)
at com.cybersource.test.woocommerce.CreditCard.executeAuth(CreditCard.java:499)
at com.cybersource.test.woocommerce.CreditCard.executeAuthCapture(CreditCard.java:167)
at java.base/jdk.internal.reflect.NativeMethodAccessorImpl.invoke0(Native Method)
at java.base/jdk.internal.reflect.NativeMethodAccessorImpl.invoke(NativeMethodAccessorImpl.java:64)
at java.base/jdk.internal.reflect.DelegatingMethodAccessorImpl.invoke(DelegatingMethodAccessorImpl.java:43)
at java.base/java.lang.reflect.Method.invoke(Method.java:564)
at org.testng.internal.MethodInvocationHelper.invokeMethod(MethodInvocationHelper.java:133)
at org.testng.internal.TestInvoker.invokeMethod(TestInvoker.java:598)
at org.testng.internal.TestInvoker.retryFailed(TestInvoker.java:213)
at org.testng.internal.MethodRunner.runInSequence(MethodRunner.java:58)
at org.testng.internal.TestInvoker$MethodInvocationAgent.invoke(TestInvoker.java:824)
at org.testng.internal.TestInvoker.invokeTestMethods(TestInvoker.java:146)
at org.testng.internal.TestMethodWorker.invokeTestMethods(TestMethodWorker.java:146)
at org.testng.internal.TestMethodWorker.run(TestMethodWorker.java:128)
at java.base/java.util.ArrayList.forEach(ArrayList.java:1511)
at org.testng.TestRunner.privateRun(TestRunner.java:794)
at org.testng.TestRunner.run(TestRunner.java:596)
at org.testng.SuiteRunner.runTest(SuiteRunner.java:377)
at org.testng.SuiteRunner.runSequentially(SuiteRunner.java:371)
at org.testng.SuiteRunner.privateRun(SuiteRunner.java:332)
at org.testng.SuiteRunner.run(SuiteRunner.java:276)
at org.testng.SuiteRunnerWorker.runSuite(SuiteRunnerWorker.java:53)
at org.testng.SuiteRunnerWorker.run(SuiteRunnerWorker.java:96)
at org.testng.TestNG.runSuitesSequentially(TestNG.java:1212)
at org.testng.TestNG.runSuitesLocally(TestNG.java:1134)
at org.testng.TestNG.runSuites(TestNG.java:1063)
at org.testng.TestNG.run(TestNG.java:1031)
at org.testng.remote.AbstractRemoteTestNG.run(AbstractRemoteTestNG.java:115)
at org.testng.remote.RemoteTestNG.initAndRun(RemoteTestNG.java:251)
at org.testng.remote.RemoteTestNG.main(RemoteTestNG.java:77)
]]>
            </full-stacktrace>
          </exception> <!-- org.openqa.selenium.NoSuchElementException -->
          <reporter-output>
            <line>
              <![CDATA[executeAuthCapture starts]]>
            </line>
            <line>
              <![CDATA[executeAuthCapture failed]]>
            </line>
          </reporter-output>
        </test-method> <!-- executeAuthCapture -->
        <test-method retried="true" signature="executeAuthCapture(java.lang.String,java.lang.String,java.lang.String,java.lang.String,java.lang.String,java.lang.String,java.lang.String,java.lang.String,java.lang.String,java.lang.String,java.lang.String,java.lang.String,java.lang.String,java.lang.String,java.lang.String,java.lang.String,java.lang.String,java.lang.String,java.lang.String,java.lang.String,java.lang.String,java.lang.String,java.lang.String,java.lang.String,java.lang.String,java.lang.String,java.lang.String,java.lang.String,java.lang.String,java.lang.String)[pri:0, instance:com.cybersource.test.woocommerce.CreditCard@5d908d47]" started-at="2024-09-19T11:44:32 IST" name="executeAuthCapture" data-provider="getData" finished-at="2024-09-19T11:44:43 IST" duration-ms="11057" status="SKIP">
          <params>
            <param index="0">
              <value>
                <![CDATA[Preethi]]>
              </value>
            </param>
            <param index="1">
              <value>
                <![CDATA[PreeThi_7]]>
              </value>
            </param>
            <param index="2">
              <value>
                <![CDATA[No]]>
              </value>
            </param>
            <param index="3">
              <value>
                <![CDATA[Hoodie]]>
              </value>
            </param>
            <param index="4">
              <value>
                <![CDATA[1]]>
              </value>
            </param>
            <param index="5">
              <value>
                <![CDATA[Preethi]]>
              </value>
            </param>
            <param index="6">
              <value>
                <![CDATA[S ]]>
              </value>
            </param>
            <param index="7">
              <value>
                <![CDATA[United States (US)]]>
              </value>
            </param>
            <param index="8">
              <value>
                <![CDATA[1295 Charleston road]]>
              </value>
            </param>
            <param index="9">
              <value>
                <![CDATA[Mountain view]]>
              </value>
            </param>
            <param index="10">
              <value>
                <![CDATA[California]]>
              </value>
            </param>
            <param index="11">
              <value>
                <![CDATA[94340]]>
              </value>
            </param>
            <param index="12">
              <value>
                <![CDATA[7036346568]]>
              </value>
            </param>
            <param index="13">
              <value>
                <![CDATA[test@email.com]]>
              </value>
            </param>
            <param index="14">
              <value>
                <![CDATA[No]]>
              </value>
            </param>
            <param index="15">
              <value>
                <![CDATA[Preethi]]>
              </value>
            </param>
            <param index="16">
              <value>
                <![CDATA[S ]]>
              </value>
            </param>
            <param index="17">
              <value>
                <![CDATA[United Kingdom (UK)]]>
              </value>
            </param>
            <param index="18">
              <value>
                <![CDATA[123 KV Road]]>
              </value>
            </param>
            <param index="19">
              <value>
                <![CDATA[Mountain View]]>
              </value>
            </param>
            <param index="20">
              <value>
                <![CDATA[WF12 0DE]]>
              </value>
            </param>
            <param index="21">
              <value>
                <![CDATA[4111111111111111]]>
              </value>
            </param>
            <param index="22">
              <value>
                <![CDATA[123]]>
              </value>
            </param>
            <param index="23">
              <value>
                <![CDATA[03]]>
              </value>
            </param>
            <param index="24">
              <value>
                <![CDATA[25]]>
              </value>
            </param>
            <param index="25">
              <value>
                <![CDATA[Capture]]>
              </value>
            </param>
            <param index="26">
              <value>
                <![CDATA[No]]>
              </value>
            </param>
            <param index="27">
              <value>
                <![CDATA[wiproltd]]>
              </value>
            </param>
            <param index="28">
              <value>
                <![CDATA[madhan123]]>
              </value>
            </param>
            <param index="29">
              <value>
                <![CDATA[!Tester464]]>
              </value>
            </param>
          </params>
          <exception class="org.openqa.selenium.NoSuchElementException">
            <message>
              <![CDATA[no such element: Unable to locate element: {"method":"css selector","selector":"#billing_first_name"}
  (Session info: chrome=129.0.6668.59)
For documentation on this error, please visit: https://selenium.dev/exceptions/#no_such_element
Build info: version: '4.1.2', revision: '9a5a329c5a'
System info: host: 'C02HF63LQ6L5', ip: 'fe80:0:0:0:1003:81f0:33e2:f752%en0', os.name: 'Mac OS X', os.arch: 'x86_64', os.version: '10.16', java.version: '15.0.2'
Driver info: org.openqa.selenium.chrome.ChromeDriver
Command: [4dcc2c1a58b8b7eb4f94ca03a85b9c52, findElement {using=id, value=billing_first_name}]
Capabilities {acceptInsecureCerts: false, browserName: chrome, browserVersion: 129.0.6668.59, chrome: {chromedriverVersion: 129.0.6668.58 (81a06fb873a9..., userDataDir: /var/folders/25/16fzy7t11dn...}, fedcm:accounts: true, goog:chromeOptions: {debuggerAddress: localhost:59474}, javascriptEnabled: true, networkConnectionEnabled: false, pageLoadStrategy: normal, platform: MAC, platformName: MAC, proxy: Proxy(), se:cdp: ws://localhost:59474/devtoo..., se:cdpVersion: 129.0.6668.59, setWindowRect: true, strictFileInteractability: false, timeouts: {implicit: 0, pageLoad: 300000, script: 30000}, unhandledPromptBehavior: dismiss and notify, webauthn:extension:credBlob: true, webauthn:extension:largeBlob: true, webauthn:extension:minPinLength: true, webauthn:extension:prf: true, webauthn:virtualAuthenticators: true}
Session ID: 4dcc2c1a58b8b7eb4f94ca03a85b9c52]]>
            </message>
            <full-stacktrace>
              <![CDATA[org.openqa.selenium.NoSuchElementException: no such element: Unable to locate element: {"method":"css selector","selector":"#billing_first_name"}
  (Session info: chrome=129.0.6668.59)
For documentation on this error, please visit: https://selenium.dev/exceptions/#no_such_element
Build info: version: '4.1.2', revision: '9a5a329c5a'
System info: host: 'C02HF63LQ6L5', ip: 'fe80:0:0:0:1003:81f0:33e2:f752%en0', os.name: 'Mac OS X', os.arch: 'x86_64', os.version: '10.16', java.version: '15.0.2'
Driver info: org.openqa.selenium.chrome.ChromeDriver
Command: [4dcc2c1a58b8b7eb4f94ca03a85b9c52, findElement {using=id, value=billing_first_name}]
Capabilities {acceptInsecureCerts: false, browserName: chrome, browserVersion: 129.0.6668.59, chrome: {chromedriverVersion: 129.0.6668.58 (81a06fb873a9..., userDataDir: /var/folders/25/16fzy7t11dn...}, fedcm:accounts: true, goog:chromeOptions: {debuggerAddress: localhost:59474}, javascriptEnabled: true, networkConnectionEnabled: false, pageLoadStrategy: normal, platform: MAC, platformName: MAC, proxy: Proxy(), se:cdp: ws://localhost:59474/devtoo..., se:cdpVersion: 129.0.6668.59, setWindowRect: true, strictFileInteractability: false, timeouts: {implicit: 0, pageLoad: 300000, script: 30000}, unhandledPromptBehavior: dismiss and notify, webauthn:extension:credBlob: true, webauthn:extension:largeBlob: true, webauthn:extension:minPinLength: true, webauthn:extension:prf: true, webauthn:virtualAuthenticators: true}
Session ID: 4dcc2c1a58b8b7eb4f94ca03a85b9c52
at java.base/jdk.internal.reflect.NativeConstructorAccessorImpl.newInstance0(Native Method)
at java.base/jdk.internal.reflect.NativeConstructorAccessorImpl.newInstance(NativeConstructorAccessorImpl.java:64)
at java.base/jdk.internal.reflect.DelegatingConstructorAccessorImpl.newInstance(DelegatingConstructorAccessorImpl.java:45)
at java.base/java.lang.reflect.Constructor.newInstanceWithCaller(Constructor.java:500)
at java.base/java.lang.reflect.Constructor.newInstance(Constructor.java:481)
at org.openqa.selenium.remote.codec.w3c.W3CHttpResponseCodec.createException(W3CHttpResponseCodec.java:200)
at org.openqa.selenium.remote.codec.w3c.W3CHttpResponseCodec.decode(W3CHttpResponseCodec.java:133)
at org.openqa.selenium.remote.codec.w3c.W3CHttpResponseCodec.decode(W3CHttpResponseCodec.java:53)
at org.openqa.selenium.remote.HttpCommandExecutor.execute(HttpCommandExecutor.java:184)
at org.openqa.selenium.remote.service.DriverCommandExecutor.invokeExecute(DriverCommandExecutor.java:167)
at org.openqa.selenium.remote.service.DriverCommandExecutor.execute(DriverCommandExecutor.java:142)
at org.openqa.selenium.remote.RemoteWebDriver.execute(RemoteWebDriver.java:558)
at org.openqa.selenium.remote.ElementLocation$ElementFinder$2.findElement(ElementLocation.java:162)
at org.openqa.selenium.remote.ElementLocation.findElement(ElementLocation.java:60)
at org.openqa.selenium.remote.RemoteWebDriver.findElement(RemoteWebDriver.java:382)
at org.openqa.selenium.remote.RemoteWebDriver.findElement(RemoteWebDriver.java:374)
at com.cybersource.test.util.CommonUtil.findElementById(CommonUtil.java:1018)
at com.cybersource.test.util.CommonUtil.frontOfficeBillingAddress(CommonUtil.java:2382)
at com.cybersource.test.woocommerce.CreditCard.executeAuth(CreditCard.java:499)
at com.cybersource.test.woocommerce.CreditCard.executeAuthCapture(CreditCard.java:167)
at java.base/jdk.internal.reflect.NativeMethodAccessorImpl.invoke0(Native Method)
at java.base/jdk.internal.reflect.NativeMethodAccessorImpl.invoke(NativeMethodAccessorImpl.java:64)
at java.base/jdk.internal.reflect.DelegatingMethodAccessorImpl.invoke(DelegatingMethodAccessorImpl.java:43)
at java.base/java.lang.reflect.Method.invoke(Method.java:564)
at org.testng.internal.MethodInvocationHelper.invokeMethod(MethodInvocationHelper.java:133)
at org.testng.internal.TestInvoker.invokeMethod(TestInvoker.java:598)
at org.testng.internal.TestInvoker.invokeTestMethod(TestInvoker.java:173)
at org.testng.internal.MethodRunner.runInSequence(MethodRunner.java:46)
at org.testng.internal.TestInvoker$MethodInvocationAgent.invoke(TestInvoker.java:824)
at org.testng.internal.TestInvoker.invokeTestMethods(TestInvoker.java:146)
at org.testng.internal.TestMethodWorker.invokeTestMethods(TestMethodWorker.java:146)
at org.testng.internal.TestMethodWorker.run(TestMethodWorker.java:128)
at java.base/java.util.ArrayList.forEach(ArrayList.java:1511)
at org.testng.TestRunner.privateRun(TestRunner.java:794)
at org.testng.TestRunner.run(TestRunner.java:596)
at org.testng.SuiteRunner.runTest(SuiteRunner.java:377)
at org.testng.SuiteRunner.runSequentially(SuiteRunner.java:371)
at org.testng.SuiteRunner.privateRun(SuiteRunner.java:332)
at org.testng.SuiteRunner.run(SuiteRunner.java:276)
at org.testng.SuiteRunnerWorker.runSuite(SuiteRunnerWorker.java:53)
at org.testng.SuiteRunnerWorker.run(SuiteRunnerWorker.java:96)
at org.testng.TestNG.runSuitesSequentially(TestNG.java:1212)
at org.testng.TestNG.runSuitesLocally(TestNG.java:1134)
at org.testng.TestNG.runSuites(TestNG.java:1063)
at org.testng.TestNG.run(TestNG.java:1031)
at org.testng.remote.AbstractRemoteTestNG.run(AbstractRemoteTestNG.java:115)
at org.testng.remote.RemoteTestNG.initAndRun(RemoteTestNG.java:251)
at org.testng.remote.RemoteTestNG.main(RemoteTestNG.java:77)
]]>
            </full-stacktrace>
          </exception> <!-- org.openqa.selenium.NoSuchElementException -->
          <reporter-output>
            <line>
              <![CDATA[executeAuthCapture starts]]>
            </line>
          </reporter-output>
        </test-method> <!-- executeAuthCapture -->
        <test-method retried="true" signature="executeAuthCapture(java.lang.String,java.lang.String,java.lang.String,java.lang.String,java.lang.String,java.lang.String,java.lang.String,java.lang.String,java.lang.String,java.lang.String,java.lang.String,java.lang.String,java.lang.String,java.lang.String,java.lang.String,java.lang.String,java.lang.String,java.lang.String,java.lang.String,java.lang.String,java.lang.String,java.lang.String,java.lang.String,java.lang.String,java.lang.String,java.lang.String,java.lang.String,java.lang.String,java.lang.String,java.lang.String)[pri:0, instance:com.cybersource.test.woocommerce.CreditCard@5d908d47]" started-at="2024-09-19T11:44:43 IST" name="executeAuthCapture" data-provider="getData" finished-at="2024-09-19T11:44:54 IST" duration-ms="11071" status="SKIP">
          <params>
            <param index="0">
              <value>
                <![CDATA[Preethi]]>
              </value>
            </param>
            <param index="1">
              <value>
                <![CDATA[PreeThi_7]]>
              </value>
            </param>
            <param index="2">
              <value>
                <![CDATA[No]]>
              </value>
            </param>
            <param index="3">
              <value>
                <![CDATA[Hoodie]]>
              </value>
            </param>
            <param index="4">
              <value>
                <![CDATA[1]]>
              </value>
            </param>
            <param index="5">
              <value>
                <![CDATA[Preethi]]>
              </value>
            </param>
            <param index="6">
              <value>
                <![CDATA[S ]]>
              </value>
            </param>
            <param index="7">
              <value>
                <![CDATA[United States (US)]]>
              </value>
            </param>
            <param index="8">
              <value>
                <![CDATA[1295 Charleston road]]>
              </value>
            </param>
            <param index="9">
              <value>
                <![CDATA[Mountain view]]>
              </value>
            </param>
            <param index="10">
              <value>
                <![CDATA[California]]>
              </value>
            </param>
            <param index="11">
              <value>
                <![CDATA[94340]]>
              </value>
            </param>
            <param index="12">
              <value>
                <![CDATA[7036346568]]>
              </value>
            </param>
            <param index="13">
              <value>
                <![CDATA[test@email.com]]>
              </value>
            </param>
            <param index="14">
              <value>
                <![CDATA[No]]>
              </value>
            </param>
            <param index="15">
              <value>
                <![CDATA[Preethi]]>
              </value>
            </param>
            <param index="16">
              <value>
                <![CDATA[S ]]>
              </value>
            </param>
            <param index="17">
              <value>
                <![CDATA[United Kingdom (UK)]]>
              </value>
            </param>
            <param index="18">
              <value>
                <![CDATA[123 KV Road]]>
              </value>
            </param>
            <param index="19">
              <value>
                <![CDATA[Mountain View]]>
              </value>
            </param>
            <param index="20">
              <value>
                <![CDATA[WF12 0DE]]>
              </value>
            </param>
            <param index="21">
              <value>
                <![CDATA[4111111111111111]]>
              </value>
            </param>
            <param index="22">
              <value>
                <![CDATA[123]]>
              </value>
            </param>
            <param index="23">
              <value>
                <![CDATA[03]]>
              </value>
            </param>
            <param index="24">
              <value>
                <![CDATA[25]]>
              </value>
            </param>
            <param index="25">
              <value>
                <![CDATA[Capture]]>
              </value>
            </param>
            <param index="26">
              <value>
                <![CDATA[No]]>
              </value>
            </param>
            <param index="27">
              <value>
                <![CDATA[wiproltd]]>
              </value>
            </param>
            <param index="28">
              <value>
                <![CDATA[madhan123]]>
              </value>
            </param>
            <param index="29">
              <value>
                <![CDATA[!Tester464]]>
              </value>
            </param>
          </params>
          <exception class="org.openqa.selenium.NoSuchElementException">
            <message>
              <![CDATA[no such element: Unable to locate element: {"method":"css selector","selector":"#billing_first_name"}
  (Session info: chrome=129.0.6668.59)
For documentation on this error, please visit: https://selenium.dev/exceptions/#no_such_element
Build info: version: '4.1.2', revision: '9a5a329c5a'
System info: host: 'C02HF63LQ6L5', ip: 'fe80:0:0:0:1003:81f0:33e2:f752%en0', os.name: 'Mac OS X', os.arch: 'x86_64', os.version: '10.16', java.version: '15.0.2'
Driver info: org.openqa.selenium.chrome.ChromeDriver
Command: [4dcc2c1a58b8b7eb4f94ca03a85b9c52, findElement {using=id, value=billing_first_name}]
Capabilities {acceptInsecureCerts: false, browserName: chrome, browserVersion: 129.0.6668.59, chrome: {chromedriverVersion: 129.0.6668.58 (81a06fb873a9..., userDataDir: /var/folders/25/16fzy7t11dn...}, fedcm:accounts: true, goog:chromeOptions: {debuggerAddress: localhost:59474}, javascriptEnabled: true, networkConnectionEnabled: false, pageLoadStrategy: normal, platform: MAC, platformName: MAC, proxy: Proxy(), se:cdp: ws://localhost:59474/devtoo..., se:cdpVersion: 129.0.6668.59, setWindowRect: true, strictFileInteractability: false, timeouts: {implicit: 0, pageLoad: 300000, script: 30000}, unhandledPromptBehavior: dismiss and notify, webauthn:extension:credBlob: true, webauthn:extension:largeBlob: true, webauthn:extension:minPinLength: true, webauthn:extension:prf: true, webauthn:virtualAuthenticators: true}
Session ID: 4dcc2c1a58b8b7eb4f94ca03a85b9c52]]>
            </message>
            <full-stacktrace>
              <![CDATA[org.openqa.selenium.NoSuchElementException: no such element: Unable to locate element: {"method":"css selector","selector":"#billing_first_name"}
  (Session info: chrome=129.0.6668.59)
For documentation on this error, please visit: https://selenium.dev/exceptions/#no_such_element
Build info: version: '4.1.2', revision: '9a5a329c5a'
System info: host: 'C02HF63LQ6L5', ip: 'fe80:0:0:0:1003:81f0:33e2:f752%en0', os.name: 'Mac OS X', os.arch: 'x86_64', os.version: '10.16', java.version: '15.0.2'
Driver info: org.openqa.selenium.chrome.ChromeDriver
Command: [4dcc2c1a58b8b7eb4f94ca03a85b9c52, findElement {using=id, value=billing_first_name}]
Capabilities {acceptInsecureCerts: false, browserName: chrome, browserVersion: 129.0.6668.59, chrome: {chromedriverVersion: 129.0.6668.58 (81a06fb873a9..., userDataDir: /var/folders/25/16fzy7t11dn...}, fedcm:accounts: true, goog:chromeOptions: {debuggerAddress: localhost:59474}, javascriptEnabled: true, networkConnectionEnabled: false, pageLoadStrategy: normal, platform: MAC, platformName: MAC, proxy: Proxy(), se:cdp: ws://localhost:59474/devtoo..., se:cdpVersion: 129.0.6668.59, setWindowRect: true, strictFileInteractability: false, timeouts: {implicit: 0, pageLoad: 300000, script: 30000}, unhandledPromptBehavior: dismiss and notify, webauthn:extension:credBlob: true, webauthn:extension:largeBlob: true, webauthn:extension:minPinLength: true, webauthn:extension:prf: true, webauthn:virtualAuthenticators: true}
Session ID: 4dcc2c1a58b8b7eb4f94ca03a85b9c52
at jdk.internal.reflect.GeneratedConstructorAccessor32.newInstance(Unknown Source)
at java.base/jdk.internal.reflect.DelegatingConstructorAccessorImpl.newInstance(DelegatingConstructorAccessorImpl.java:45)
at java.base/java.lang.reflect.Constructor.newInstanceWithCaller(Constructor.java:500)
at java.base/java.lang.reflect.Constructor.newInstance(Constructor.java:481)
at org.openqa.selenium.remote.codec.w3c.W3CHttpResponseCodec.createException(W3CHttpResponseCodec.java:200)
at org.openqa.selenium.remote.codec.w3c.W3CHttpResponseCodec.decode(W3CHttpResponseCodec.java:133)
at org.openqa.selenium.remote.codec.w3c.W3CHttpResponseCodec.decode(W3CHttpResponseCodec.java:53)
at org.openqa.selenium.remote.HttpCommandExecutor.execute(HttpCommandExecutor.java:184)
at org.openqa.selenium.remote.service.DriverCommandExecutor.invokeExecute(DriverCommandExecutor.java:167)
at org.openqa.selenium.remote.service.DriverCommandExecutor.execute(DriverCommandExecutor.java:142)
at org.openqa.selenium.remote.RemoteWebDriver.execute(RemoteWebDriver.java:558)
at org.openqa.selenium.remote.ElementLocation$ElementFinder$2.findElement(ElementLocation.java:162)
at org.openqa.selenium.remote.ElementLocation.findElement(ElementLocation.java:60)
at org.openqa.selenium.remote.RemoteWebDriver.findElement(RemoteWebDriver.java:382)
at org.openqa.selenium.remote.RemoteWebDriver.findElement(RemoteWebDriver.java:374)
at com.cybersource.test.util.CommonUtil.findElementById(CommonUtil.java:1018)
at com.cybersource.test.util.CommonUtil.frontOfficeBillingAddress(CommonUtil.java:2382)
at com.cybersource.test.woocommerce.CreditCard.executeAuth(CreditCard.java:499)
at com.cybersource.test.woocommerce.CreditCard.executeAuthCapture(CreditCard.java:167)
at java.base/jdk.internal.reflect.NativeMethodAccessorImpl.invoke0(Native Method)
at java.base/jdk.internal.reflect.NativeMethodAccessorImpl.invoke(NativeMethodAccessorImpl.java:64)
at java.base/jdk.internal.reflect.DelegatingMethodAccessorImpl.invoke(DelegatingMethodAccessorImpl.java:43)
at java.base/java.lang.reflect.Method.invoke(Method.java:564)
at org.testng.internal.MethodInvocationHelper.invokeMethod(MethodInvocationHelper.java:133)
at org.testng.internal.TestInvoker.invokeMethod(TestInvoker.java:598)
at org.testng.internal.TestInvoker.retryFailed(TestInvoker.java:213)
at org.testng.internal.MethodRunner.runInSequence(MethodRunner.java:58)
at org.testng.internal.TestInvoker$MethodInvocationAgent.invoke(TestInvoker.java:824)
at org.testng.internal.TestInvoker.invokeTestMethods(TestInvoker.java:146)
at org.testng.internal.TestMethodWorker.invokeTestMethods(TestMethodWorker.java:146)
at org.testng.internal.TestMethodWorker.run(TestMethodWorker.java:128)
at java.base/java.util.ArrayList.forEach(ArrayList.java:1511)
at org.testng.TestRunner.privateRun(TestRunner.java:794)
at org.testng.TestRunner.run(TestRunner.java:596)
at org.testng.SuiteRunner.runTest(SuiteRunner.java:377)
at org.testng.SuiteRunner.runSequentially(SuiteRunner.java:371)
at org.testng.SuiteRunner.privateRun(SuiteRunner.java:332)
at org.testng.SuiteRunner.run(SuiteRunner.java:276)
at org.testng.SuiteRunnerWorker.runSuite(SuiteRunnerWorker.java:53)
at org.testng.SuiteRunnerWorker.run(SuiteRunnerWorker.java:96)
at org.testng.TestNG.runSuitesSequentially(TestNG.java:1212)
at org.testng.TestNG.runSuitesLocally(TestNG.java:1134)
at org.testng.TestNG.runSuites(TestNG.java:1063)
at org.testng.TestNG.run(TestNG.java:1031)
at org.testng.remote.AbstractRemoteTestNG.run(AbstractRemoteTestNG.java:115)
at org.testng.remote.RemoteTestNG.initAndRun(RemoteTestNG.java:251)
at org.testng.remote.RemoteTestNG.main(RemoteTestNG.java:77)
]]>
            </full-stacktrace>
          </exception> <!-- org.openqa.selenium.NoSuchElementException -->
          <reporter-output>
            <line>
              <![CDATA[executeAuthCapture starts]]>
            </line>
          </reporter-output>
        </test-method> <!-- executeAuthCapture -->
        <test-method retried="true" signature="executeAuthCapture(java.lang.String,java.lang.String,java.lang.String,java.lang.String,java.lang.String,java.lang.String,java.lang.String,java.lang.String,java.lang.String,java.lang.String,java.lang.String,java.lang.String,java.lang.String,java.lang.String,java.lang.String,java.lang.String,java.lang.String,java.lang.String,java.lang.String,java.lang.String,java.lang.String,java.lang.String,java.lang.String,java.lang.String,java.lang.String,java.lang.String,java.lang.String,java.lang.String,java.lang.String,java.lang.String)[pri:0, instance:com.cybersource.test.woocommerce.CreditCard@5d908d47]" started-at="2024-09-19T11:44:54 IST" name="executeAuthCapture" data-provider="getData" finished-at="2024-09-19T11:45:07 IST" duration-ms="13035" status="SKIP">
          <params>
            <param index="0">
              <value>
                <![CDATA[Preethi]]>
              </value>
            </param>
            <param index="1">
              <value>
                <![CDATA[PreeThi_7]]>
              </value>
            </param>
            <param index="2">
              <value>
                <![CDATA[No]]>
              </value>
            </param>
            <param index="3">
              <value>
                <![CDATA[Hoodie]]>
              </value>
            </param>
            <param index="4">
              <value>
                <![CDATA[1]]>
              </value>
            </param>
            <param index="5">
              <value>
                <![CDATA[Preethi]]>
              </value>
            </param>
            <param index="6">
              <value>
                <![CDATA[S ]]>
              </value>
            </param>
            <param index="7">
              <value>
                <![CDATA[United States (US)]]>
              </value>
            </param>
            <param index="8">
              <value>
                <![CDATA[1295 Charleston road]]>
              </value>
            </param>
            <param index="9">
              <value>
                <![CDATA[Mountain view]]>
              </value>
            </param>
            <param index="10">
              <value>
                <![CDATA[California]]>
              </value>
            </param>
            <param index="11">
              <value>
                <![CDATA[94340]]>
              </value>
            </param>
            <param index="12">
              <value>
                <![CDATA[7036346568]]>
              </value>
            </param>
            <param index="13">
              <value>
                <![CDATA[test@email.com]]>
              </value>
            </param>
            <param index="14">
              <value>
                <![CDATA[No]]>
              </value>
            </param>
            <param index="15">
              <value>
                <![CDATA[Preethi]]>
              </value>
            </param>
            <param index="16">
              <value>
                <![CDATA[S ]]>
              </value>
            </param>
            <param index="17">
              <value>
                <![CDATA[United Kingdom (UK)]]>
              </value>
            </param>
            <param index="18">
              <value>
                <![CDATA[123 KV Road]]>
              </value>
            </param>
            <param index="19">
              <value>
                <![CDATA[Mountain View]]>
              </value>
            </param>
            <param index="20">
              <value>
                <![CDATA[WF12 0DE]]>
              </value>
            </param>
            <param index="21">
              <value>
                <![CDATA[4111111111111111]]>
              </value>
            </param>
            <param index="22">
              <value>
                <![CDATA[123]]>
              </value>
            </param>
            <param index="23">
              <value>
                <![CDATA[03]]>
              </value>
            </param>
            <param index="24">
              <value>
                <![CDATA[25]]>
              </value>
            </param>
            <param index="25">
              <value>
                <![CDATA[Capture]]>
              </value>
            </param>
            <param index="26">
              <value>
                <![CDATA[No]]>
              </value>
            </param>
            <param index="27">
              <value>
                <![CDATA[wiproltd]]>
              </value>
            </param>
            <param index="28">
              <value>
                <![CDATA[madhan123]]>
              </value>
            </param>
            <param index="29">
              <value>
                <![CDATA[!Tester464]]>
              </value>
            </param>
          </params>
          <exception class="org.openqa.selenium.NoSuchElementException">
            <message>
              <![CDATA[no such element: Unable to locate element: {"method":"css selector","selector":"#billing_first_name"}
  (Session info: chrome=129.0.6668.59)
For documentation on this error, please visit: https://selenium.dev/exceptions/#no_such_element
Build info: version: '4.1.2', revision: '9a5a329c5a'
System info: host: 'C02HF63LQ6L5', ip: 'fe80:0:0:0:1003:81f0:33e2:f752%en0', os.name: 'Mac OS X', os.arch: 'x86_64', os.version: '10.16', java.version: '15.0.2'
Driver info: org.openqa.selenium.chrome.ChromeDriver
Command: [4dcc2c1a58b8b7eb4f94ca03a85b9c52, findElement {using=id, value=billing_first_name}]
Capabilities {acceptInsecureCerts: false, browserName: chrome, browserVersion: 129.0.6668.59, chrome: {chromedriverVersion: 129.0.6668.58 (81a06fb873a9..., userDataDir: /var/folders/25/16fzy7t11dn...}, fedcm:accounts: true, goog:chromeOptions: {debuggerAddress: localhost:59474}, javascriptEnabled: true, networkConnectionEnabled: false, pageLoadStrategy: normal, platform: MAC, platformName: MAC, proxy: Proxy(), se:cdp: ws://localhost:59474/devtoo..., se:cdpVersion: 129.0.6668.59, setWindowRect: true, strictFileInteractability: false, timeouts: {implicit: 0, pageLoad: 300000, script: 30000}, unhandledPromptBehavior: dismiss and notify, webauthn:extension:credBlob: true, webauthn:extension:largeBlob: true, webauthn:extension:minPinLength: true, webauthn:extension:prf: true, webauthn:virtualAuthenticators: true}
Session ID: 4dcc2c1a58b8b7eb4f94ca03a85b9c52]]>
            </message>
            <full-stacktrace>
              <![CDATA[org.openqa.selenium.NoSuchElementException: no such element: Unable to locate element: {"method":"css selector","selector":"#billing_first_name"}
  (Session info: chrome=129.0.6668.59)
For documentation on this error, please visit: https://selenium.dev/exceptions/#no_such_element
Build info: version: '4.1.2', revision: '9a5a329c5a'
System info: host: 'C02HF63LQ6L5', ip: 'fe80:0:0:0:1003:81f0:33e2:f752%en0', os.name: 'Mac OS X', os.arch: 'x86_64', os.version: '10.16', java.version: '15.0.2'
Driver info: org.openqa.selenium.chrome.ChromeDriver
Command: [4dcc2c1a58b8b7eb4f94ca03a85b9c52, findElement {using=id, value=billing_first_name}]
Capabilities {acceptInsecureCerts: false, browserName: chrome, browserVersion: 129.0.6668.59, chrome: {chromedriverVersion: 129.0.6668.58 (81a06fb873a9..., userDataDir: /var/folders/25/16fzy7t11dn...}, fedcm:accounts: true, goog:chromeOptions: {debuggerAddress: localhost:59474}, javascriptEnabled: true, networkConnectionEnabled: false, pageLoadStrategy: normal, platform: MAC, platformName: MAC, proxy: Proxy(), se:cdp: ws://localhost:59474/devtoo..., se:cdpVersion: 129.0.6668.59, setWindowRect: true, strictFileInteractability: false, timeouts: {implicit: 0, pageLoad: 300000, script: 30000}, unhandledPromptBehavior: dismiss and notify, webauthn:extension:credBlob: true, webauthn:extension:largeBlob: true, webauthn:extension:minPinLength: true, webauthn:extension:prf: true, webauthn:virtualAuthenticators: true}
Session ID: 4dcc2c1a58b8b7eb4f94ca03a85b9c52
at jdk.internal.reflect.GeneratedConstructorAccessor32.newInstance(Unknown Source)
at java.base/jdk.internal.reflect.DelegatingConstructorAccessorImpl.newInstance(DelegatingConstructorAccessorImpl.java:45)
at java.base/java.lang.reflect.Constructor.newInstanceWithCaller(Constructor.java:500)
at java.base/java.lang.reflect.Constructor.newInstance(Constructor.java:481)
at org.openqa.selenium.remote.codec.w3c.W3CHttpResponseCodec.createException(W3CHttpResponseCodec.java:200)
at org.openqa.selenium.remote.codec.w3c.W3CHttpResponseCodec.decode(W3CHttpResponseCodec.java:133)
at org.openqa.selenium.remote.codec.w3c.W3CHttpResponseCodec.decode(W3CHttpResponseCodec.java:53)
at org.openqa.selenium.remote.HttpCommandExecutor.execute(HttpCommandExecutor.java:184)
at org.openqa.selenium.remote.service.DriverCommandExecutor.invokeExecute(DriverCommandExecutor.java:167)
at org.openqa.selenium.remote.service.DriverCommandExecutor.execute(DriverCommandExecutor.java:142)
at org.openqa.selenium.remote.RemoteWebDriver.execute(RemoteWebDriver.java:558)
at org.openqa.selenium.remote.ElementLocation$ElementFinder$2.findElement(ElementLocation.java:162)
at org.openqa.selenium.remote.ElementLocation.findElement(ElementLocation.java:60)
at org.openqa.selenium.remote.RemoteWebDriver.findElement(RemoteWebDriver.java:382)
at org.openqa.selenium.remote.RemoteWebDriver.findElement(RemoteWebDriver.java:374)
at com.cybersource.test.util.CommonUtil.findElementById(CommonUtil.java:1018)
at com.cybersource.test.util.CommonUtil.frontOfficeBillingAddress(CommonUtil.java:2382)
at com.cybersource.test.woocommerce.CreditCard.executeAuth(CreditCard.java:499)
at com.cybersource.test.woocommerce.CreditCard.executeAuthCapture(CreditCard.java:167)
at java.base/jdk.internal.reflect.NativeMethodAccessorImpl.invoke0(Native Method)
at java.base/jdk.internal.reflect.NativeMethodAccessorImpl.invoke(NativeMethodAccessorImpl.java:64)
at java.base/jdk.internal.reflect.DelegatingMethodAccessorImpl.invoke(DelegatingMethodAccessorImpl.java:43)
at java.base/java.lang.reflect.Method.invoke(Method.java:564)
at org.testng.internal.MethodInvocationHelper.invokeMethod(MethodInvocationHelper.java:133)
at org.testng.internal.TestInvoker.invokeMethod(TestInvoker.java:598)
at org.testng.internal.TestInvoker.retryFailed(TestInvoker.java:213)
at org.testng.internal.MethodRunner.runInSequence(MethodRunner.java:58)
at org.testng.internal.TestInvoker$MethodInvocationAgent.invoke(TestInvoker.java:824)
at org.testng.internal.TestInvoker.invokeTestMethods(TestInvoker.java:146)
at org.testng.internal.TestMethodWorker.invokeTestMethods(TestMethodWorker.java:146)
at org.testng.internal.TestMethodWorker.run(TestMethodWorker.java:128)
at java.base/java.util.ArrayList.forEach(ArrayList.java:1511)
at org.testng.TestRunner.privateRun(TestRunner.java:794)
at org.testng.TestRunner.run(TestRunner.java:596)
at org.testng.SuiteRunner.runTest(SuiteRunner.java:377)
at org.testng.SuiteRunner.runSequentially(SuiteRunner.java:371)
at org.testng.SuiteRunner.privateRun(SuiteRunner.java:332)
at org.testng.SuiteRunner.run(SuiteRunner.java:276)
at org.testng.SuiteRunnerWorker.runSuite(SuiteRunnerWorker.java:53)
at org.testng.SuiteRunnerWorker.run(SuiteRunnerWorker.java:96)
at org.testng.TestNG.runSuitesSequentially(TestNG.java:1212)
at org.testng.TestNG.runSuitesLocally(TestNG.java:1134)
at org.testng.TestNG.runSuites(TestNG.java:1063)
at org.testng.TestNG.run(TestNG.java:1031)
at org.testng.remote.AbstractRemoteTestNG.run(AbstractRemoteTestNG.java:115)
at org.testng.remote.RemoteTestNG.initAndRun(RemoteTestNG.java:251)
at org.testng.remote.RemoteTestNG.main(RemoteTestNG.java:77)
]]>
            </full-stacktrace>
          </exception> <!-- org.openqa.selenium.NoSuchElementException -->
          <reporter-output>
            <line>
              <![CDATA[executeAuthCapture starts]]>
            </line>
          </reporter-output>
        </test-method> <!-- executeAuthCapture -->
        <test-method retried="true" signature="executeAuthCapture(java.lang.String,java.lang.String,java.lang.String,java.lang.String,java.lang.String,java.lang.String,java.lang.String,java.lang.String,java.lang.String,java.lang.String,java.lang.String,java.lang.String,java.lang.String,java.lang.String,java.lang.String,java.lang.String,java.lang.String,java.lang.String,java.lang.String,java.lang.String,java.lang.String,java.lang.String,java.lang.String,java.lang.String,java.lang.String,java.lang.String,java.lang.String,java.lang.String,java.lang.String,java.lang.String)[pri:0, instance:com.cybersource.test.woocommerce.CreditCard@5d908d47]" started-at="2024-09-19T11:45:07 IST" name="executeAuthCapture" data-provider="getData" finished-at="2024-09-19T11:45:21 IST" duration-ms="13197" status="SKIP">
          <params>
            <param index="0">
              <value>
                <![CDATA[Preethi]]>
              </value>
            </param>
            <param index="1">
              <value>
                <![CDATA[PreeThi_7]]>
              </value>
            </param>
            <param index="2">
              <value>
                <![CDATA[No]]>
              </value>
            </param>
            <param index="3">
              <value>
                <![CDATA[Hoodie]]>
              </value>
            </param>
            <param index="4">
              <value>
                <![CDATA[1]]>
              </value>
            </param>
            <param index="5">
              <value>
                <![CDATA[Preethi]]>
              </value>
            </param>
            <param index="6">
              <value>
                <![CDATA[S ]]>
              </value>
            </param>
            <param index="7">
              <value>
                <![CDATA[United States (US)]]>
              </value>
            </param>
            <param index="8">
              <value>
                <![CDATA[1295 Charleston road]]>
              </value>
            </param>
            <param index="9">
              <value>
                <![CDATA[Mountain view]]>
              </value>
            </param>
            <param index="10">
              <value>
                <![CDATA[California]]>
              </value>
            </param>
            <param index="11">
              <value>
                <![CDATA[94340]]>
              </value>
            </param>
            <param index="12">
              <value>
                <![CDATA[7036346568]]>
              </value>
            </param>
            <param index="13">
              <value>
                <![CDATA[test@email.com]]>
              </value>
            </param>
            <param index="14">
              <value>
                <![CDATA[No]]>
              </value>
            </param>
            <param index="15">
              <value>
                <![CDATA[Preethi]]>
              </value>
            </param>
            <param index="16">
              <value>
                <![CDATA[S ]]>
              </value>
            </param>
            <param index="17">
              <value>
                <![CDATA[United Kingdom (UK)]]>
              </value>
            </param>
            <param index="18">
              <value>
                <![CDATA[123 KV Road]]>
              </value>
            </param>
            <param index="19">
              <value>
                <![CDATA[Mountain View]]>
              </value>
            </param>
            <param index="20">
              <value>
                <![CDATA[WF12 0DE]]>
              </value>
            </param>
            <param index="21">
              <value>
                <![CDATA[4111111111111111]]>
              </value>
            </param>
            <param index="22">
              <value>
                <![CDATA[123]]>
              </value>
            </param>
            <param index="23">
              <value>
                <![CDATA[03]]>
              </value>
            </param>
            <param index="24">
              <value>
                <![CDATA[25]]>
              </value>
            </param>
            <param index="25">
              <value>
                <![CDATA[Capture]]>
              </value>
            </param>
            <param index="26">
              <value>
                <![CDATA[No]]>
              </value>
            </param>
            <param index="27">
              <value>
                <![CDATA[wiproltd]]>
              </value>
            </param>
            <param index="28">
              <value>
                <![CDATA[madhan123]]>
              </value>
            </param>
            <param index="29">
              <value>
                <![CDATA[!Tester464]]>
              </value>
            </param>
          </params>
          <exception class="org.openqa.selenium.NoSuchElementException">
            <message>
              <![CDATA[no such element: Unable to locate element: {"method":"css selector","selector":"#billing_first_name"}
  (Session info: chrome=129.0.6668.59)
For documentation on this error, please visit: https://selenium.dev/exceptions/#no_such_element
Build info: version: '4.1.2', revision: '9a5a329c5a'
System info: host: 'C02HF63LQ6L5', ip: 'fe80:0:0:0:1003:81f0:33e2:f752%en0', os.name: 'Mac OS X', os.arch: 'x86_64', os.version: '10.16', java.version: '15.0.2'
Driver info: org.openqa.selenium.chrome.ChromeDriver
Command: [4dcc2c1a58b8b7eb4f94ca03a85b9c52, findElement {using=id, value=billing_first_name}]
Capabilities {acceptInsecureCerts: false, browserName: chrome, browserVersion: 129.0.6668.59, chrome: {chromedriverVersion: 129.0.6668.58 (81a06fb873a9..., userDataDir: /var/folders/25/16fzy7t11dn...}, fedcm:accounts: true, goog:chromeOptions: {debuggerAddress: localhost:59474}, javascriptEnabled: true, networkConnectionEnabled: false, pageLoadStrategy: normal, platform: MAC, platformName: MAC, proxy: Proxy(), se:cdp: ws://localhost:59474/devtoo..., se:cdpVersion: 129.0.6668.59, setWindowRect: true, strictFileInteractability: false, timeouts: {implicit: 0, pageLoad: 300000, script: 30000}, unhandledPromptBehavior: dismiss and notify, webauthn:extension:credBlob: true, webauthn:extension:largeBlob: true, webauthn:extension:minPinLength: true, webauthn:extension:prf: true, webauthn:virtualAuthenticators: true}
Session ID: 4dcc2c1a58b8b7eb4f94ca03a85b9c52]]>
            </message>
            <full-stacktrace>
              <![CDATA[org.openqa.selenium.NoSuchElementException: no such element: Unable to locate element: {"method":"css selector","selector":"#billing_first_name"}
  (Session info: chrome=129.0.6668.59)
For documentation on this error, please visit: https://selenium.dev/exceptions/#no_such_element
Build info: version: '4.1.2', revision: '9a5a329c5a'
System info: host: 'C02HF63LQ6L5', ip: 'fe80:0:0:0:1003:81f0:33e2:f752%en0', os.name: 'Mac OS X', os.arch: 'x86_64', os.version: '10.16', java.version: '15.0.2'
Driver info: org.openqa.selenium.chrome.ChromeDriver
Command: [4dcc2c1a58b8b7eb4f94ca03a85b9c52, findElement {using=id, value=billing_first_name}]
Capabilities {acceptInsecureCerts: false, browserName: chrome, browserVersion: 129.0.6668.59, chrome: {chromedriverVersion: 129.0.6668.58 (81a06fb873a9..., userDataDir: /var/folders/25/16fzy7t11dn...}, fedcm:accounts: true, goog:chromeOptions: {debuggerAddress: localhost:59474}, javascriptEnabled: true, networkConnectionEnabled: false, pageLoadStrategy: normal, platform: MAC, platformName: MAC, proxy: Proxy(), se:cdp: ws://localhost:59474/devtoo..., se:cdpVersion: 129.0.6668.59, setWindowRect: true, strictFileInteractability: false, timeouts: {implicit: 0, pageLoad: 300000, script: 30000}, unhandledPromptBehavior: dismiss and notify, webauthn:extension:credBlob: true, webauthn:extension:largeBlob: true, webauthn:extension:minPinLength: true, webauthn:extension:prf: true, webauthn:virtualAuthenticators: true}
Session ID: 4dcc2c1a58b8b7eb4f94ca03a85b9c52
at jdk.internal.reflect.GeneratedConstructorAccessor32.newInstance(Unknown Source)
at java.base/jdk.internal.reflect.DelegatingConstructorAccessorImpl.newInstance(DelegatingConstructorAccessorImpl.java:45)
at java.base/java.lang.reflect.Constructor.newInstanceWithCaller(Constructor.java:500)
at java.base/java.lang.reflect.Constructor.newInstance(Constructor.java:481)
at org.openqa.selenium.remote.codec.w3c.W3CHttpResponseCodec.createException(W3CHttpResponseCodec.java:200)
at org.openqa.selenium.remote.codec.w3c.W3CHttpResponseCodec.decode(W3CHttpResponseCodec.java:133)
at org.openqa.selenium.remote.codec.w3c.W3CHttpResponseCodec.decode(W3CHttpResponseCodec.java:53)
at org.openqa.selenium.remote.HttpCommandExecutor.execute(HttpCommandExecutor.java:184)
at org.openqa.selenium.remote.service.DriverCommandExecutor.invokeExecute(DriverCommandExecutor.java:167)
at org.openqa.selenium.remote.service.DriverCommandExecutor.execute(DriverCommandExecutor.java:142)
at org.openqa.selenium.remote.RemoteWebDriver.execute(RemoteWebDriver.java:558)
at org.openqa.selenium.remote.ElementLocation$ElementFinder$2.findElement(ElementLocation.java:162)
at org.openqa.selenium.remote.ElementLocation.findElement(ElementLocation.java:60)
at org.openqa.selenium.remote.RemoteWebDriver.findElement(RemoteWebDriver.java:382)
at org.openqa.selenium.remote.RemoteWebDriver.findElement(RemoteWebDriver.java:374)
at com.cybersource.test.util.CommonUtil.findElementById(CommonUtil.java:1018)
at com.cybersource.test.util.CommonUtil.frontOfficeBillingAddress(CommonUtil.java:2382)
at com.cybersource.test.woocommerce.CreditCard.executeAuth(CreditCard.java:499)
at com.cybersource.test.woocommerce.CreditCard.executeAuthCapture(CreditCard.java:167)
at java.base/jdk.internal.reflect.NativeMethodAccessorImpl.invoke0(Native Method)
at java.base/jdk.internal.reflect.NativeMethodAccessorImpl.invoke(NativeMethodAccessorImpl.java:64)
at java.base/jdk.internal.reflect.DelegatingMethodAccessorImpl.invoke(DelegatingMethodAccessorImpl.java:43)
at java.base/java.lang.reflect.Method.invoke(Method.java:564)
at org.testng.internal.MethodInvocationHelper.invokeMethod(MethodInvocationHelper.java:133)
at org.testng.internal.TestInvoker.invokeMethod(TestInvoker.java:598)
at org.testng.internal.TestInvoker.retryFailed(TestInvoker.java:213)
at org.testng.internal.MethodRunner.runInSequence(MethodRunner.java:58)
at org.testng.internal.TestInvoker$MethodInvocationAgent.invoke(TestInvoker.java:824)
at org.testng.internal.TestInvoker.invokeTestMethods(TestInvoker.java:146)
at org.testng.internal.TestMethodWorker.invokeTestMethods(TestMethodWorker.java:146)
at org.testng.internal.TestMethodWorker.run(TestMethodWorker.java:128)
at java.base/java.util.ArrayList.forEach(ArrayList.java:1511)
at org.testng.TestRunner.privateRun(TestRunner.java:794)
at org.testng.TestRunner.run(TestRunner.java:596)
at org.testng.SuiteRunner.runTest(SuiteRunner.java:377)
at org.testng.SuiteRunner.runSequentially(SuiteRunner.java:371)
at org.testng.SuiteRunner.privateRun(SuiteRunner.java:332)
at org.testng.SuiteRunner.run(SuiteRunner.java:276)
at org.testng.SuiteRunnerWorker.runSuite(SuiteRunnerWorker.java:53)
at org.testng.SuiteRunnerWorker.run(SuiteRunnerWorker.java:96)
at org.testng.TestNG.runSuitesSequentially(TestNG.java:1212)
at org.testng.TestNG.runSuitesLocally(TestNG.java:1134)
at org.testng.TestNG.runSuites(TestNG.java:1063)
at org.testng.TestNG.run(TestNG.java:1031)
at org.testng.remote.AbstractRemoteTestNG.run(AbstractRemoteTestNG.java:115)
at org.testng.remote.RemoteTestNG.initAndRun(RemoteTestNG.java:251)
at org.testng.remote.RemoteTestNG.main(RemoteTestNG.java:77)
]]>
            </full-stacktrace>
          </exception> <!-- org.openqa.selenium.NoSuchElementException -->
          <reporter-output>
            <line>
              <![CDATA[executeAuthCapture starts]]>
            </line>
          </reporter-output>
        </test-method> <!-- executeAuthCapture -->
        <test-method signature="executeAuthCapture(java.lang.String,java.lang.String,java.lang.String,java.lang.String,java.lang.String,java.lang.String,java.lang.String,java.lang.String,java.lang.String,java.lang.String,java.lang.String,java.lang.String,java.lang.String,java.lang.String,java.lang.String,java.lang.String,java.lang.String,java.lang.String,java.lang.String,java.lang.String,java.lang.String,java.lang.String,java.lang.String,java.lang.String,java.lang.String,java.lang.String,java.lang.String,java.lang.String,java.lang.String,java.lang.String)[pri:0, instance:com.cybersource.test.woocommerce.CreditCard@5d908d47]" started-at="2024-09-19T11:45:21 IST" name="executeAuthCapture" data-provider="getData" finished-at="2024-09-19T11:45:32 IST" duration-ms="11582" status="FAIL">
          <params>
            <param index="0">
              <value>
                <![CDATA[Preethi]]>
              </value>
            </param>
            <param index="1">
              <value>
                <![CDATA[PreeThi_7]]>
              </value>
            </param>
            <param index="2">
              <value>
                <![CDATA[No]]>
              </value>
            </param>
            <param index="3">
              <value>
                <![CDATA[Hoodie]]>
              </value>
            </param>
            <param index="4">
              <value>
                <![CDATA[1]]>
              </value>
            </param>
            <param index="5">
              <value>
                <![CDATA[Preethi]]>
              </value>
            </param>
            <param index="6">
              <value>
                <![CDATA[S ]]>
              </value>
            </param>
            <param index="7">
              <value>
                <![CDATA[United States (US)]]>
              </value>
            </param>
            <param index="8">
              <value>
                <![CDATA[1295 Charleston road]]>
              </value>
            </param>
            <param index="9">
              <value>
                <![CDATA[Mountain view]]>
              </value>
            </param>
            <param index="10">
              <value>
                <![CDATA[California]]>
              </value>
            </param>
            <param index="11">
              <value>
                <![CDATA[94340]]>
              </value>
            </param>
            <param index="12">
              <value>
                <![CDATA[7036346568]]>
              </value>
            </param>
            <param index="13">
              <value>
                <![CDATA[test@email.com]]>
              </value>
            </param>
            <param index="14">
              <value>
                <![CDATA[No]]>
              </value>
            </param>
            <param index="15">
              <value>
                <![CDATA[Preethi]]>
              </value>
            </param>
            <param index="16">
              <value>
                <![CDATA[S ]]>
              </value>
            </param>
            <param index="17">
              <value>
                <![CDATA[United Kingdom (UK)]]>
              </value>
            </param>
            <param index="18">
              <value>
                <![CDATA[123 KV Road]]>
              </value>
            </param>
            <param index="19">
              <value>
                <![CDATA[Mountain View]]>
              </value>
            </param>
            <param index="20">
              <value>
                <![CDATA[WF12 0DE]]>
              </value>
            </param>
            <param index="21">
              <value>
                <![CDATA[4111111111111111]]>
              </value>
            </param>
            <param index="22">
              <value>
                <![CDATA[123]]>
              </value>
            </param>
            <param index="23">
              <value>
                <![CDATA[03]]>
              </value>
            </param>
            <param index="24">
              <value>
                <![CDATA[25]]>
              </value>
            </param>
            <param index="25">
              <value>
                <![CDATA[Capture]]>
              </value>
            </param>
            <param index="26">
              <value>
                <![CDATA[No]]>
              </value>
            </param>
            <param index="27">
              <value>
                <![CDATA[wiproltd]]>
              </value>
            </param>
            <param index="28">
              <value>
                <![CDATA[madhan123]]>
              </value>
            </param>
            <param index="29">
              <value>
                <![CDATA[!Tester464]]>
              </value>
            </param>
          </params>
          <exception class="org.openqa.selenium.NoSuchElementException">
            <message>
              <![CDATA[no such element: Unable to locate element: {"method":"css selector","selector":"#billing_first_name"}
  (Session info: chrome=129.0.6668.59)
For documentation on this error, please visit: https://selenium.dev/exceptions/#no_such_element
Build info: version: '4.1.2', revision: '9a5a329c5a'
System info: host: 'C02HF63LQ6L5', ip: 'fe80:0:0:0:1003:81f0:33e2:f752%en0', os.name: 'Mac OS X', os.arch: 'x86_64', os.version: '10.16', java.version: '15.0.2'
Driver info: org.openqa.selenium.chrome.ChromeDriver
Command: [4dcc2c1a58b8b7eb4f94ca03a85b9c52, findElement {using=id, value=billing_first_name}]
Capabilities {acceptInsecureCerts: false, browserName: chrome, browserVersion: 129.0.6668.59, chrome: {chromedriverVersion: 129.0.6668.58 (81a06fb873a9..., userDataDir: /var/folders/25/16fzy7t11dn...}, fedcm:accounts: true, goog:chromeOptions: {debuggerAddress: localhost:59474}, javascriptEnabled: true, networkConnectionEnabled: false, pageLoadStrategy: normal, platform: MAC, platformName: MAC, proxy: Proxy(), se:cdp: ws://localhost:59474/devtoo..., se:cdpVersion: 129.0.6668.59, setWindowRect: true, strictFileInteractability: false, timeouts: {implicit: 0, pageLoad: 300000, script: 30000}, unhandledPromptBehavior: dismiss and notify, webauthn:extension:credBlob: true, webauthn:extension:largeBlob: true, webauthn:extension:minPinLength: true, webauthn:extension:prf: true, webauthn:virtualAuthenticators: true}
Session ID: 4dcc2c1a58b8b7eb4f94ca03a85b9c52]]>
            </message>
            <full-stacktrace>
              <![CDATA[org.openqa.selenium.NoSuchElementException: no such element: Unable to locate element: {"method":"css selector","selector":"#billing_first_name"}
  (Session info: chrome=129.0.6668.59)
For documentation on this error, please visit: https://selenium.dev/exceptions/#no_such_element
Build info: version: '4.1.2', revision: '9a5a329c5a'
System info: host: 'C02HF63LQ6L5', ip: 'fe80:0:0:0:1003:81f0:33e2:f752%en0', os.name: 'Mac OS X', os.arch: 'x86_64', os.version: '10.16', java.version: '15.0.2'
Driver info: org.openqa.selenium.chrome.ChromeDriver
Command: [4dcc2c1a58b8b7eb4f94ca03a85b9c52, findElement {using=id, value=billing_first_name}]
Capabilities {acceptInsecureCerts: false, browserName: chrome, browserVersion: 129.0.6668.59, chrome: {chromedriverVersion: 129.0.6668.58 (81a06fb873a9..., userDataDir: /var/folders/25/16fzy7t11dn...}, fedcm:accounts: true, goog:chromeOptions: {debuggerAddress: localhost:59474}, javascriptEnabled: true, networkConnectionEnabled: false, pageLoadStrategy: normal, platform: MAC, platformName: MAC, proxy: Proxy(), se:cdp: ws://localhost:59474/devtoo..., se:cdpVersion: 129.0.6668.59, setWindowRect: true, strictFileInteractability: false, timeouts: {implicit: 0, pageLoad: 300000, script: 30000}, unhandledPromptBehavior: dismiss and notify, webauthn:extension:credBlob: true, webauthn:extension:largeBlob: true, webauthn:extension:minPinLength: true, webauthn:extension:prf: true, webauthn:virtualAuthenticators: true}
Session ID: 4dcc2c1a58b8b7eb4f94ca03a85b9c52
at jdk.internal.reflect.GeneratedConstructorAccessor32.newInstance(Unknown Source)
at java.base/jdk.internal.reflect.DelegatingConstructorAccessorImpl.newInstance(DelegatingConstructorAccessorImpl.java:45)
at java.base/java.lang.reflect.Constructor.newInstanceWithCaller(Constructor.java:500)
at java.base/java.lang.reflect.Constructor.newInstance(Constructor.java:481)
at org.openqa.selenium.remote.codec.w3c.W3CHttpResponseCodec.createException(W3CHttpResponseCodec.java:200)
at org.openqa.selenium.remote.codec.w3c.W3CHttpResponseCodec.decode(W3CHttpResponseCodec.java:133)
at org.openqa.selenium.remote.codec.w3c.W3CHttpResponseCodec.decode(W3CHttpResponseCodec.java:53)
at org.openqa.selenium.remote.HttpCommandExecutor.execute(HttpCommandExecutor.java:184)
at org.openqa.selenium.remote.service.DriverCommandExecutor.invokeExecute(DriverCommandExecutor.java:167)
at org.openqa.selenium.remote.service.DriverCommandExecutor.execute(DriverCommandExecutor.java:142)
at org.openqa.selenium.remote.RemoteWebDriver.execute(RemoteWebDriver.java:558)
at org.openqa.selenium.remote.ElementLocation$ElementFinder$2.findElement(ElementLocation.java:162)
at org.openqa.selenium.remote.ElementLocation.findElement(ElementLocation.java:60)
at org.openqa.selenium.remote.RemoteWebDriver.findElement(RemoteWebDriver.java:382)
at org.openqa.selenium.remote.RemoteWebDriver.findElement(RemoteWebDriver.java:374)
at com.cybersource.test.util.CommonUtil.findElementById(CommonUtil.java:1018)
at com.cybersource.test.util.CommonUtil.frontOfficeBillingAddress(CommonUtil.java:2382)
at com.cybersource.test.woocommerce.CreditCard.executeAuth(CreditCard.java:499)
at com.cybersource.test.woocommerce.CreditCard.executeAuthCapture(CreditCard.java:167)
at java.base/jdk.internal.reflect.NativeMethodAccessorImpl.invoke0(Native Method)
at java.base/jdk.internal.reflect.NativeMethodAccessorImpl.invoke(NativeMethodAccessorImpl.java:64)
at java.base/jdk.internal.reflect.DelegatingMethodAccessorImpl.invoke(DelegatingMethodAccessorImpl.java:43)
at java.base/java.lang.reflect.Method.invoke(Method.java:564)
at org.testng.internal.MethodInvocationHelper.invokeMethod(MethodInvocationHelper.java:133)
at org.testng.internal.TestInvoker.invokeMethod(TestInvoker.java:598)
at org.testng.internal.TestInvoker.retryFailed(TestInvoker.java:213)
at org.testng.internal.MethodRunner.runInSequence(MethodRunner.java:58)
at org.testng.internal.TestInvoker$MethodInvocationAgent.invoke(TestInvoker.java:824)
at org.testng.internal.TestInvoker.invokeTestMethods(TestInvoker.java:146)
at org.testng.internal.TestMethodWorker.invokeTestMethods(TestMethodWorker.java:146)
at org.testng.internal.TestMethodWorker.run(TestMethodWorker.java:128)
at java.base/java.util.ArrayList.forEach(ArrayList.java:1511)
at org.testng.TestRunner.privateRun(TestRunner.java:794)
at org.testng.TestRunner.run(TestRunner.java:596)
at org.testng.SuiteRunner.runTest(SuiteRunner.java:377)
at org.testng.SuiteRunner.runSequentially(SuiteRunner.java:371)
at org.testng.SuiteRunner.privateRun(SuiteRunner.java:332)
at org.testng.SuiteRunner.run(SuiteRunner.java:276)
at org.testng.SuiteRunnerWorker.runSuite(SuiteRunnerWorker.java:53)
at org.testng.SuiteRunnerWorker.run(SuiteRunnerWorker.java:96)
at org.testng.TestNG.runSuitesSequentially(TestNG.java:1212)
at org.testng.TestNG.runSuitesLocally(TestNG.java:1134)
at org.testng.TestNG.runSuites(TestNG.java:1063)
at org.testng.TestNG.run(TestNG.java:1031)
at org.testng.remote.AbstractRemoteTestNG.run(AbstractRemoteTestNG.java:115)
at org.testng.remote.RemoteTestNG.initAndRun(RemoteTestNG.java:251)
at org.testng.remote.RemoteTestNG.main(RemoteTestNG.java:77)
]]>
            </full-stacktrace>
          </exception> <!-- org.openqa.selenium.NoSuchElementException -->
          <reporter-output>
            <line>
              <![CDATA[executeAuthCapture starts]]>
            </line>
            <line>
              <![CDATA[executeAuthCapture failed]]>
            </line>
          </reporter-output>
        </test-method> <!-- executeAuthCapture -->
      </class> <!-- com.cybersource.test.woocommerce.CreditCard -->
    </test> <!-- CreditCardCaptue -->
  </suite> <!-- CreditCardSanity -->
</testng-results>
